[0.043s] Invoking command in '/home/holberton/ros2_ws/build/ros2_mapping': CMAKE_PREFIX_PATH=${CMAKE_PREFIX_PATH}:/home/holberton/ros2_ws/install/task1_solution:/home/holberton/ros2_ws/install/test_publisher:/home/holberton/ros2_ws/install/auto_nav:/opt/ros/humble /usr/bin/cmake --build /home/holberton/ros2_ws/build/ros2_mapping -- -j8 -l8
[0.749s] -- Found ament_cmake: 1.3.8 (/opt/ros/humble/share/ament_cmake/cmake)
[0.750s] -- Found ament_lint_auto: 0.12.10 (/opt/ros/humble/share/ament_lint_auto/cmake)
[0.750s] -- Added test 'flake8' to check Python code syntax and style conventions
[0.750s] -- Added test 'lint_cmake' to check CMake code style
[0.750s] -- Added test 'pep257' to check Python code against some of the docstring style conventions in PEP 257
[0.750s] -- Added test 'xmllint' to check XML markup files
[0.750s] -- Configuring done
[0.750s] -- Generating done
[0.750s] -- Build files have been written to: /home/holberton/ros2_ws/build/ros2_mapping
[1.152s] Invoked command in '/home/holberton/ros2_ws/build/ros2_mapping' returned '0': CMAKE_PREFIX_PATH=${CMAKE_PREFIX_PATH}:/home/holberton/ros2_ws/install/task1_solution:/home/holberton/ros2_ws/install/test_publisher:/home/holberton/ros2_ws/install/auto_nav:/opt/ros/humble /usr/bin/cmake --build /home/holberton/ros2_ws/build/ros2_mapping -- -j8 -l8
[1.213s] Invoking command in '/home/holberton/ros2_ws/build/ros2_mapping': CMAKE_PREFIX_PATH=${CMAKE_PREFIX_PATH}:/home/holberton/ros2_ws/install/task1_solution:/home/holberton/ros2_ws/install/test_publisher:/home/holberton/ros2_ws/install/auto_nav:/opt/ros/humble /usr/bin/cmake --install /home/holberton/ros2_ws/build/ros2_mapping
[1.220s] -- Install configuration: ""
[1.220s] -- Installing: /home/holberton/ros2_ws/install/ros2_mapping/share/ros2_mapping/launch
[1.220s] -- Installing: /home/holberton/ros2_ws/install/ros2_mapping/share/ros2_mapping/launch/online_async_launch.py
[1.222s] -- Up-to-date: /home/holberton/ros2_ws/install/ros2_mapping/share/ament_index/resource_index/package_run_dependencies/ros2_mapping
[1.225s] -- Installing: /home/holberton/ros2_ws/install/ros2_mapping/share/ament_index/resource_index/parent_prefix_path/ros2_mapping
[1.226s] -- Up-to-date: /home/holberton/ros2_ws/install/ros2_mapping/share/ros2_mapping/environment/ament_prefix_path.sh
[1.226s] -- Installing: /home/holberton/ros2_ws/install/ros2_mapping/share/ros2_mapping/environment/ament_prefix_path.dsv
[1.226s] -- Up-to-date: /home/holberton/ros2_ws/install/ros2_mapping/share/ros2_mapping/environment/path.sh
[1.226s] -- Installing: /home/holberton/ros2_ws/install/ros2_mapping/share/ros2_mapping/environment/path.dsv
[1.226s] -- Up-to-date: /home/holberton/ros2_ws/install/ros2_mapping/share/ros2_mapping/local_setup.bash
[1.226s] -- Up-to-date: /home/holberton/ros2_ws/install/ros2_mapping/share/ros2_mapping/local_setup.sh
[1.226s] -- Up-to-date: /home/holberton/ros2_ws/install/ros2_mapping/share/ros2_mapping/local_setup.zsh
[1.227s] -- Installing: /home/holberton/ros2_ws/install/ros2_mapping/share/ros2_mapping/local_setup.dsv
[1.227s] -- Installing: /home/holberton/ros2_ws/install/ros2_mapping/share/ros2_mapping/package.dsv
[1.227s] -- Up-to-date: /home/holberton/ros2_ws/install/ros2_mapping/share/ament_index/resource_index/packages/ros2_mapping
[1.227s] -- Up-to-date: /home/holberton/ros2_ws/install/ros2_mapping/share/ros2_mapping/cmake/ros2_mappingConfig.cmake
[1.228s] -- Up-to-date: /home/holberton/ros2_ws/install/ros2_mapping/share/ros2_mapping/cmake/ros2_mappingConfig-version.cmake
[1.228s] -- Up-to-date: /home/holberton/ros2_ws/install/ros2_mapping/share/ros2_mapping/package.xml
[1.233s] Invoked command in '/home/holberton/ros2_ws/build/ros2_mapping' returned '0': CMAKE_PREFIX_PATH=${CMAKE_PREFIX_PATH}:/home/holberton/ros2_ws/install/task1_solution:/home/holberton/ros2_ws/install/test_publisher:/home/holberton/ros2_ws/install/auto_nav:/opt/ros/humble /usr/bin/cmake --install /home/holberton/ros2_ws/build/ros2_mapping
