[5.298s] Invoking command in '/home/holberton/ros2_ws/src/auto_nav': PYTHONPATH=/home/holberton/ros2_ws/build/auto_nav/prefix_override:/home/holberton/ros2_ws/install/auto_nav/lib/python3.10/site-packages:${PYTHONPATH} /usr/bin/python3 -W ignore:setup.py install is deprecated setup.py egg_info --egg-base ../../build/auto_nav build --build-base /home/holberton/ros2_ws/build/auto_nav/build install --record /home/holberton/ros2_ws/build/auto_nav/install.log --single-version-externally-managed install_data
[6.605s] running egg_info
[6.609s] writing ../../build/auto_nav/auto_nav.egg-info/PKG-INFO
[6.611s] writing dependency_links to ../../build/auto_nav/auto_nav.egg-info/dependency_links.txt
[6.612s] writing entry points to ../../build/auto_nav/auto_nav.egg-info/entry_points.txt
[6.615s] writing requirements to ../../build/auto_nav/auto_nav.egg-info/requires.txt
[6.616s] writing top-level names to ../../build/auto_nav/auto_nav.egg-info/top_level.txt
[6.625s] reading manifest file '../../build/auto_nav/auto_nav.egg-info/SOURCES.txt'
[6.631s] writing manifest file '../../build/auto_nav/auto_nav.egg-info/SOURCES.txt'
[6.632s] running build
[6.633s] running build_py
[6.638s] running install
[6.638s] running install_lib
[6.643s] running install_data
[6.643s] running install_egg_info
[6.652s] removing '/home/holberton/ros2_ws/install/auto_nav/lib/python3.10/site-packages/auto_nav-0.0.0-py3.10.egg-info' (and everything under it)
[6.659s] Copying ../../build/auto_nav/auto_nav.egg-info to /home/holberton/ros2_ws/install/auto_nav/lib/python3.10/site-packages/auto_nav-0.0.0-py3.10.egg-info
[6.664s] running install_scripts
[6.776s] Installing auto_robot script to /home/holberton/ros2_ws/install/auto_nav/lib/auto_nav
[6.778s] writing list of installed files to '/home/holberton/ros2_ws/build/auto_nav/install.log'
[7.120s] Invoked command in '/home/holberton/ros2_ws/src/auto_nav' returned '0': PYTHONPATH=/home/holberton/ros2_ws/build/auto_nav/prefix_override:/home/holberton/ros2_ws/install/auto_nav/lib/python3.10/site-packages:${PYTHONPATH} /usr/bin/python3 -W ignore:setup.py install is deprecated setup.py egg_info --egg-base ../../build/auto_nav build --build-base /home/holberton/ros2_ws/build/auto_nav/build install --record /home/holberton/ros2_ws/build/auto_nav/install.log --single-version-externally-managed install_data
