[4.606s] Invoking command in '/home/holberton/ros2_ws/src/auto_nav': PYTHONPATH=/home/holberton/ros2_ws/build/auto_nav/prefix_override:/home/holberton/ros2_ws/install/auto_nav/lib/python3.10/site-packages:${PYTHONPATH} /usr/bin/python3 -W ignore:setup.py install is deprecated setup.py egg_info --egg-base ../../build/auto_nav build --build-base /home/holberton/ros2_ws/build/auto_nav/build install --record /home/holberton/ros2_ws/build/auto_nav/install.log --single-version-externally-managed install_data
[5.645s] running egg_info
[5.647s] writing ../../build/auto_nav/auto_nav.egg-info/PKG-INFO
[5.648s] writing dependency_links to ../../build/auto_nav/auto_nav.egg-info/dependency_links.txt
[5.651s] writing entry points to ../../build/auto_nav/auto_nav.egg-info/entry_points.txt
[5.651s] writing requirements to ../../build/auto_nav/auto_nav.egg-info/requires.txt
[5.653s] writing top-level names to ../../build/auto_nav/auto_nav.egg-info/top_level.txt
[5.715s] reading manifest file '../../build/auto_nav/auto_nav.egg-info/SOURCES.txt'
[5.718s] writing manifest file '../../build/auto_nav/auto_nav.egg-info/SOURCES.txt'
[5.725s] running build
[5.725s] running build_py
[5.741s] running install
[5.745s] running install_lib
[5.796s] running install_data
[5.797s] running install_egg_info
[5.898s] removing '/home/holberton/ros2_ws/install/auto_nav/lib/python3.10/site-packages/auto_nav-0.0.0-py3.10.egg-info' (and everything under it)
[5.898s] Copying ../../build/auto_nav/auto_nav.egg-info to /home/holberton/ros2_ws/install/auto_nav/lib/python3.10/site-packages/auto_nav-0.0.0-py3.10.egg-info
[5.898s] running install_scripts
[5.899s] Installing auto_robot script to /home/holberton/ros2_ws/install/auto_nav/lib/auto_nav
[5.899s] writing list of installed files to '/home/holberton/ros2_ws/build/auto_nav/install.log'
[6.074s] Invoked command in '/home/holberton/ros2_ws/src/auto_nav' returned '0': PYTHONPATH=/home/holberton/ros2_ws/build/auto_nav/prefix_override:/home/holberton/ros2_ws/install/auto_nav/lib/python3.10/site-packages:${PYTHONPATH} /usr/bin/python3 -W ignore:setup.py install is deprecated setup.py egg_info --egg-base ../../build/auto_nav build --build-base /home/holberton/ros2_ws/build/auto_nav/build install --record /home/holberton/ros2_ws/build/auto_nav/install.log --single-version-externally-managed install_data
