[7.711s] Invoking command in '/home/holberton/ros2_ws/src/auto_nav': PYTHONPATH=/home/holberton/ros2_ws/build/auto_nav/prefix_override:/home/holberton/ros2_ws/install/auto_nav/lib/python3.10/site-packages:${PYTHONPATH} /usr/bin/python3 -W ignore:setup.py install is deprecated setup.py egg_info --egg-base ../../build/auto_nav build --build-base /home/holberton/ros2_ws/build/auto_nav/build install --record /home/holberton/ros2_ws/build/auto_nav/install.log --single-version-externally-managed install_data
[8.027s] running egg_info
[8.028s] writing ../../build/auto_nav/auto_nav.egg-info/PKG-INFO
[8.059s] writing dependency_links to ../../build/auto_nav/auto_nav.egg-info/dependency_links.txt
[8.059s] writing entry points to ../../build/auto_nav/auto_nav.egg-info/entry_points.txt
[8.059s] writing requirements to ../../build/auto_nav/auto_nav.egg-info/requires.txt
[8.059s] writing top-level names to ../../build/auto_nav/auto_nav.egg-info/top_level.txt
[8.065s] reading manifest file '../../build/auto_nav/auto_nav.egg-info/SOURCES.txt'
[8.094s] writing manifest file '../../build/auto_nav/auto_nav.egg-info/SOURCES.txt'
[8.094s] running build
[8.094s] running build_py
[8.095s] running install
[8.096s] running install_lib
[8.098s] running install_data
[8.098s] running install_egg_info
[8.100s] removing '/home/holberton/ros2_ws/install/auto_nav/lib/python3.10/site-packages/auto_nav-0.0.0-py3.10.egg-info' (and everything under it)
[8.100s] Copying ../../build/auto_nav/auto_nav.egg-info to /home/holberton/ros2_ws/install/auto_nav/lib/python3.10/site-packages/auto_nav-0.0.0-py3.10.egg-info
[8.119s] running install_scripts
[8.144s] Installing auto_robot script to /home/holberton/ros2_ws/install/auto_nav/lib/auto_nav
[8.170s] writing list of installed files to '/home/holberton/ros2_ws/build/auto_nav/install.log'
[8.243s] Invoked command in '/home/holberton/ros2_ws/src/auto_nav' returned '0': PYTHONPATH=/home/holberton/ros2_ws/build/auto_nav/prefix_override:/home/holberton/ros2_ws/install/auto_nav/lib/python3.10/site-packages:${PYTHONPATH} /usr/bin/python3 -W ignore:setup.py install is deprecated setup.py egg_info --egg-base ../../build/auto_nav build --build-base /home/holberton/ros2_ws/build/auto_nav/build install --record /home/holberton/ros2_ws/build/auto_nav/install.log --single-version-externally-managed install_data
