-- Found ament_cmake: 1.3.8 (/opt/ros/humble/share/ament_cmake/cmake)
-- Override CMake install command with custom implementation using symlinks instead of copying resources
-- Configuring done
-- Generating done
-- Build files have been written to: /home/holberton/ros2_ws/build/parc_robot
-- Install configuration: ""
-- Execute custom install script
-- Symlinking: /home/holberton/ros2_ws/install/parc_robot/share/ament_index/resource_index/package_run_dependencies/parc_robot
-- Symlinking: /home/holberton/ros2_ws/install/parc_robot/share/ament_index/resource_index/parent_prefix_path/parc_robot
-- Symlinking: /home/holberton/ros2_ws/install/parc_robot/share/parc_robot/environment/ament_prefix_path.sh
-- Symlinking: /home/holberton/ros2_ws/install/parc_robot/share/parc_robot/environment/ament_prefix_path.dsv
-- Symlinking: /home/holberton/ros2_ws/install/parc_robot/share/parc_robot/environment/path.sh
-- Symlinking: /home/holberton/ros2_ws/install/parc_robot/share/parc_robot/environment/path.dsv
-- Symlinking: /home/holberton/ros2_ws/install/parc_robot/share/parc_robot/local_setup.bash
-- Symlinking: /home/holberton/ros2_ws/install/parc_robot/share/parc_robot/local_setup.sh
-- Symlinking: /home/holberton/ros2_ws/install/parc_robot/share/parc_robot/local_setup.zsh
-- Symlinking: /home/holberton/ros2_ws/install/parc_robot/share/parc_robot/local_setup.dsv
-- Symlinking: /home/holberton/ros2_ws/install/parc_robot/share/parc_robot/package.dsv
-- Symlinking: /home/holberton/ros2_ws/install/parc_robot/share/ament_index/resource_index/packages/parc_robot
-- Symlinking: /home/holberton/ros2_ws/install/parc_robot/share/parc_robot/cmake/parc_robotConfig.cmake
-- Symlinking: /home/holberton/ros2_ws/install/parc_robot/share/parc_robot/cmake/parc_robotConfig-version.cmake
-- Symlinking: /home/holberton/ros2_ws/install/parc_robot/share/parc_robot/package.xml
