[0.144s] Invoking command in '/home/holberton/ros2_ws/build/parc_robot': CMAKE_PREFIX_PATH=${CMAKE_PREFIX_PATH}:/home/holberton/ros2_ws/install/test_publisher:/home/holberton/ros2_ws/install/auto_nav:/opt/ros/humble /usr/bin/cmake /home/holberton/ros2_ws/src/parc_robot -DAMENT_CMAKE_SYMLINK_INSTALL=1 -DCMAKE_INSTALL_PREFIX=/home/holberton/ros2_ws/install/parc_robot
[0.301s] -- Found ament_cmake: 1.3.8 (/opt/ros/humble/share/ament_cmake/cmake)
[1.076s] -- Override CMake install command with custom implementation using symlinks instead of copying resources
[1.655s] -- Configuring done
[1.713s] -- Generating done
[1.718s] -- Build files have been written to: /home/holberton/ros2_ws/build/parc_robot
[1.813s] Invoked command in '/home/holberton/ros2_ws/build/parc_robot' returned '0': CMAKE_PREFIX_PATH=${CMAKE_PREFIX_PATH}:/home/holberton/ros2_ws/install/test_publisher:/home/holberton/ros2_ws/install/auto_nav:/opt/ros/humble /usr/bin/cmake /home/holberton/ros2_ws/src/parc_robot -DAMENT_CMAKE_SYMLINK_INSTALL=1 -DCMAKE_INSTALL_PREFIX=/home/holberton/ros2_ws/install/parc_robot
[1.825s] Invoking command in '/home/holberton/ros2_ws/build/parc_robot': CMAKE_PREFIX_PATH=${CMAKE_PREFIX_PATH}:/home/holberton/ros2_ws/install/test_publisher:/home/holberton/ros2_ws/install/auto_nav:/opt/ros/humble /usr/bin/cmake --build /home/holberton/ros2_ws/build/parc_robot -- -j8 -l8
[2.054s] Invoked command in '/home/holberton/ros2_ws/build/parc_robot' returned '0': CMAKE_PREFIX_PATH=${CMAKE_PREFIX_PATH}:/home/holberton/ros2_ws/install/test_publisher:/home/holberton/ros2_ws/install/auto_nav:/opt/ros/humble /usr/bin/cmake --build /home/holberton/ros2_ws/build/parc_robot -- -j8 -l8
[2.217s] Invoking command in '/home/holberton/ros2_ws/build/parc_robot': CMAKE_PREFIX_PATH=${CMAKE_PREFIX_PATH}:/home/holberton/ros2_ws/install/test_publisher:/home/holberton/ros2_ws/install/auto_nav:/opt/ros/humble /usr/bin/cmake --install /home/holberton/ros2_ws/build/parc_robot
[2.252s] -- Install configuration: ""
[2.253s] -- Execute custom install script
[2.255s] -- Symlinking: /home/holberton/ros2_ws/install/parc_robot/share/ament_index/resource_index/package_run_dependencies/parc_robot
[2.315s] -- Symlinking: /home/holberton/ros2_ws/install/parc_robot/share/ament_index/resource_index/parent_prefix_path/parc_robot
[2.364s] -- Symlinking: /home/holberton/ros2_ws/install/parc_robot/share/parc_robot/environment/ament_prefix_path.sh
[2.416s] -- Symlinking: /home/holberton/ros2_ws/install/parc_robot/share/parc_robot/environment/ament_prefix_path.dsv
[2.469s] -- Symlinking: /home/holberton/ros2_ws/install/parc_robot/share/parc_robot/environment/path.sh
[2.514s] -- Symlinking: /home/holberton/ros2_ws/install/parc_robot/share/parc_robot/environment/path.dsv
[2.582s] -- Symlinking: /home/holberton/ros2_ws/install/parc_robot/share/parc_robot/local_setup.bash
[2.638s] -- Symlinking: /home/holberton/ros2_ws/install/parc_robot/share/parc_robot/local_setup.sh
[2.693s] -- Symlinking: /home/holberton/ros2_ws/install/parc_robot/share/parc_robot/local_setup.zsh
[2.744s] -- Symlinking: /home/holberton/ros2_ws/install/parc_robot/share/parc_robot/local_setup.dsv
[2.804s] -- Symlinking: /home/holberton/ros2_ws/install/parc_robot/share/parc_robot/package.dsv
[2.865s] -- Symlinking: /home/holberton/ros2_ws/install/parc_robot/share/ament_index/resource_index/packages/parc_robot
[2.924s] -- Symlinking: /home/holberton/ros2_ws/install/parc_robot/share/parc_robot/cmake/parc_robotConfig.cmake
[2.978s] -- Symlinking: /home/holberton/ros2_ws/install/parc_robot/share/parc_robot/cmake/parc_robotConfig-version.cmake
[3.030s] -- Symlinking: /home/holberton/ros2_ws/install/parc_robot/share/parc_robot/package.xml
[3.090s] Invoked command in '/home/holberton/ros2_ws/build/parc_robot' returned '0': CMAKE_PREFIX_PATH=${CMAKE_PREFIX_PATH}:/home/holberton/ros2_ws/install/test_publisher:/home/holberton/ros2_ws/install/auto_nav:/opt/ros/humble /usr/bin/cmake --install /home/holberton/ros2_ws/build/parc_robot
