[0.033s] Invoking command in '/home/holberton/ros2_ws/build/ros2_mapping': CMAKE_PREFIX_PATH=${CMAKE_PREFIX_PATH}:/home/holberton/ros2_ws/install/test_publisher:/home/holberton/ros2_ws/install/task1_solution:/home/holberton/ros2_ws/install/auto_nav:/opt/ros/humble /usr/bin/cmake --build /home/holberton/ros2_ws/build/ros2_mapping -- -j8 -l8
[0.761s] Invoked command in '/home/holberton/ros2_ws/build/ros2_mapping' returned '0': CMAKE_PREFIX_PATH=${CMAKE_PREFIX_PATH}:/home/holberton/ros2_ws/install/test_publisher:/home/holberton/ros2_ws/install/task1_solution:/home/holberton/ros2_ws/install/auto_nav:/opt/ros/humble /usr/bin/cmake --build /home/holberton/ros2_ws/build/ros2_mapping -- -j8 -l8
[0.798s] Invoking command in '/home/holberton/ros2_ws/build/ros2_mapping': CMAKE_PREFIX_PATH=${CMAKE_PREFIX_PATH}:/home/holberton/ros2_ws/install/test_publisher:/home/holberton/ros2_ws/install/task1_solution:/home/holberton/ros2_ws/install/auto_nav:/opt/ros/humble /usr/bin/cmake --install /home/holberton/ros2_ws/build/ros2_mapping
[0.807s] -- Install configuration: ""
[0.808s] -- Up-to-date: /home/holberton/ros2_ws/install/ros2_mapping/share/ros2_mapping/launch
[0.808s] -- Up-to-date: /home/holberton/ros2_ws/install/ros2_mapping/share/ros2_mapping/launch/online_async_launch.py
[0.808s] -- Up-to-date: /home/holberton/ros2_ws/install/ros2_mapping/share/ament_index/resource_index/package_run_dependencies/ros2_mapping
[0.808s] -- Up-to-date: /home/holberton/ros2_ws/install/ros2_mapping/share/ament_index/resource_index/parent_prefix_path/ros2_mapping
[0.809s] -- Up-to-date: /home/holberton/ros2_ws/install/ros2_mapping/share/ros2_mapping/environment/ament_prefix_path.sh
[0.809s] -- Up-to-date: /home/holberton/ros2_ws/install/ros2_mapping/share/ros2_mapping/environment/ament_prefix_path.dsv
[0.809s] -- Up-to-date: /home/holberton/ros2_ws/install/ros2_mapping/share/ros2_mapping/environment/path.sh
[0.809s] -- Up-to-date: /home/holberton/ros2_ws/install/ros2_mapping/share/ros2_mapping/environment/path.dsv
[0.811s] -- Up-to-date: /home/holberton/ros2_ws/install/ros2_mapping/share/ros2_mapping/local_setup.bash
[0.811s] -- Up-to-date: /home/holberton/ros2_ws/install/ros2_mapping/share/ros2_mapping/local_setup.sh
[0.812s] -- Up-to-date: /home/holberton/ros2_ws/install/ros2_mapping/share/ros2_mapping/local_setup.zsh
[0.812s] -- Up-to-date: /home/holberton/ros2_ws/install/ros2_mapping/share/ros2_mapping/local_setup.dsv
[0.812s] -- Up-to-date: /home/holberton/ros2_ws/install/ros2_mapping/share/ros2_mapping/package.dsv
[0.814s] -- Up-to-date: /home/holberton/ros2_ws/install/ros2_mapping/share/ament_index/resource_index/packages/ros2_mapping
[0.814s] -- Up-to-date: /home/holberton/ros2_ws/install/ros2_mapping/share/ros2_mapping/cmake/ros2_mappingConfig.cmake
[0.815s] -- Up-to-date: /home/holberton/ros2_ws/install/ros2_mapping/share/ros2_mapping/cmake/ros2_mappingConfig-version.cmake
[0.815s] -- Up-to-date: /home/holberton/ros2_ws/install/ros2_mapping/share/ros2_mapping/package.xml
[0.820s] Invoked command in '/home/holberton/ros2_ws/build/ros2_mapping' returned '0': CMAKE_PREFIX_PATH=${CMAKE_PREFIX_PATH}:/home/holberton/ros2_ws/install/test_publisher:/home/holberton/ros2_ws/install/task1_solution:/home/holberton/ros2_ws/install/auto_nav:/opt/ros/humble /usr/bin/cmake --install /home/holberton/ros2_ws/build/ros2_mapping
