[0.055s] Invoking command in '/home/holberton/ros2_ws/build/parc_robot_bringup': CMAKE_PREFIX_PATH=/home/holberton/ros2_ws/install/parc_robot_interfaces:/home/holberton/ros2_ws/install/parc_robot_description:/home/holberton/ros2_ws/install/parc_robot_bringup:/home/holberton/ros2_ws/install/parc_robot:/home/holberton/ros2_ws/install/test_publisher:/home/holberton/ros2_ws/install/auto_nav:/opt/ros/humble /usr/bin/cmake --build /home/holberton/ros2_ws/build/parc_robot_bringup -- -j8 -l8
[0.358s] Built target ament_cmake_python_copy_parc_robot_bringup
[1.740s] running egg_info
[1.743s] writing parc_robot_bringup.egg-info/PKG-INFO
[1.746s] writing dependency_links to parc_robot_bringup.egg-info/dependency_links.txt
[1.747s] writing top-level names to parc_robot_bringup.egg-info/top_level.txt
[1.761s] reading manifest file 'parc_robot_bringup.egg-info/SOURCES.txt'
[1.763s] writing manifest file 'parc_robot_bringup.egg-info/SOURCES.txt'
[1.980s] Built target ament_cmake_python_build_parc_robot_bringup_egg
[2.029s] Invoked command in '/home/holberton/ros2_ws/build/parc_robot_bringup' returned '0': CMAKE_PREFIX_PATH=/home/holberton/ros2_ws/install/parc_robot_interfaces:/home/holberton/ros2_ws/install/parc_robot_description:/home/holberton/ros2_ws/install/parc_robot_bringup:/home/holberton/ros2_ws/install/parc_robot:/home/holberton/ros2_ws/install/test_publisher:/home/holberton/ros2_ws/install/auto_nav:/opt/ros/humble /usr/bin/cmake --build /home/holberton/ros2_ws/build/parc_robot_bringup -- -j8 -l8
[2.145s] Invoking command in '/home/holberton/ros2_ws/build/parc_robot_bringup': CMAKE_PREFIX_PATH=/home/holberton/ros2_ws/install/parc_robot_interfaces:/home/holberton/ros2_ws/install/parc_robot_description:/home/holberton/ros2_ws/install/parc_robot_bringup:/home/holberton/ros2_ws/install/parc_robot:/home/holberton/ros2_ws/install/test_publisher:/home/holberton/ros2_ws/install/auto_nav:/opt/ros/humble /usr/bin/cmake --install /home/holberton/ros2_ws/build/parc_robot_bringup
[2.190s] -- Install configuration: ""
[2.193s] -- Up-to-date: /home/holberton/ros2_ws/install/parc_robot_bringup/share/parc_robot_bringup/config
[2.199s] -- Up-to-date: /home/holberton/ros2_ws/install/parc_robot_bringup/share/parc_robot_bringup/config/gazebo_ros2_ctl_use_sim.yaml
[2.201s] -- Up-to-date: /home/holberton/ros2_ws/install/parc_robot_bringup/share/parc_robot_bringup/config/task1_route1_params.yaml
[2.201s] -- Up-to-date: /home/holberton/ros2_ws/install/parc_robot_bringup/share/parc_robot_bringup/config/route3_world_coordinates.yaml
[2.203s] -- Up-to-date: /home/holberton/ros2_ws/install/parc_robot_bringup/share/parc_robot_bringup/config/route2_world_coordinates.yaml
[2.204s] -- Up-to-date: /home/holberton/ros2_ws/install/parc_robot_bringup/share/parc_robot_bringup/config/task1_route3_params.yaml
[2.205s] -- Up-to-date: /home/holberton/ros2_ws/install/parc_robot_bringup/share/parc_robot_bringup/config/task1_route2_params.yaml
[2.209s] -- Up-to-date: /home/holberton/ros2_ws/install/parc_robot_bringup/share/parc_robot_bringup/config/gazebo_params.yaml
[2.211s] -- Up-to-date: /home/holberton/ros2_ws/install/parc_robot_bringup/share/parc_robot_bringup/config/controllers.yaml
[2.213s] -- Up-to-date: /home/holberton/ros2_ws/install/parc_robot_bringup/share/parc_robot_bringup/config/route1_world_coordinates.yaml
[2.214s] -- Up-to-date: /home/holberton/ros2_ws/install/parc_robot_bringup/share/parc_robot_bringup/launch
[2.221s] -- Up-to-date: /home/holberton/ros2_ws/install/parc_robot_bringup/share/parc_robot_bringup/launch/task2_launch.py
[2.224s] -- Up-to-date: /home/holberton/ros2_ws/install/parc_robot_bringup/share/parc_robot_bringup/launch/task1_launch.py
[2.225s] -- Up-to-date: /home/holberton/ros2_ws/install/parc_robot_bringup/share/parc_robot_bringup/models
[2.229s] -- Up-to-date: /home/holberton/ros2_ws/install/parc_robot_bringup/share/parc_robot_bringup/models/my_grass_plane
[2.230s] -- Up-to-date: /home/holberton/ros2_ws/install/parc_robot_bringup/share/parc_robot_bringup/models/my_grass_plane/model.config
[2.233s] -- Up-to-date: /home/holberton/ros2_ws/install/parc_robot_bringup/share/parc_robot_bringup/models/my_grass_plane/materials
[2.234s] -- Up-to-date: /home/holberton/ros2_ws/install/parc_robot_bringup/share/parc_robot_bringup/models/my_grass_plane/materials/scripts
[2.235s] -- Up-to-date: /home/holberton/ros2_ws/install/parc_robot_bringup/share/parc_robot_bringup/models/my_grass_plane/materials/scripts/my_grass_plane.material
[2.235s] -- Up-to-date: /home/holberton/ros2_ws/install/parc_robot_bringup/share/parc_robot_bringup/models/my_grass_plane/materials/textures
[2.236s] -- Up-to-date: /home/holberton/ros2_ws/install/parc_robot_bringup/share/parc_robot_bringup/models/my_grass_plane/materials/textures/grass_grid.png
[2.237s] -- Up-to-date: /home/holberton/ros2_ws/install/parc_robot_bringup/share/parc_robot_bringup/models/my_grass_plane/materials/textures/grass_color.jpg
[2.238s] -- Up-to-date: /home/holberton/ros2_ws/install/parc_robot_bringup/share/parc_robot_bringup/models/my_grass_plane/model.sdf
[2.239s] -- Up-to-date: /home/holberton/ros2_ws/install/parc_robot_bringup/share/parc_robot_bringup/models/tomato_23
[2.240s] -- Up-to-date: /home/holberton/ros2_ws/install/parc_robot_bringup/share/parc_robot_bringup/models/tomato_23/model.config
[2.242s] -- Up-to-date: /home/holberton/ros2_ws/install/parc_robot_bringup/share/parc_robot_bringup/models/tomato_23/materials
[2.243s] -- Up-to-date: /home/holberton/ros2_ws/install/parc_robot_bringup/share/parc_robot_bringup/models/tomato_23/materials/scripts
[2.244s] -- Up-to-date: /home/holberton/ros2_ws/install/parc_robot_bringup/share/parc_robot_bringup/models/tomato_23/materials/scripts/fruit3.material
[2.245s] -- Up-to-date: /home/holberton/ros2_ws/install/parc_robot_bringup/share/parc_robot_bringup/models/tomato_23/materials/scripts/fruit2.material
[2.246s] -- Up-to-date: /home/holberton/ros2_ws/install/parc_robot_bringup/share/parc_robot_bringup/models/tomato_23/materials/scripts/blossom1.material
[2.247s] -- Up-to-date: /home/holberton/ros2_ws/install/parc_robot_bringup/share/parc_robot_bringup/models/tomato_23/materials/scripts/fruit1.material
[2.247s] -- Up-to-date: /home/holberton/ros2_ws/install/parc_robot_bringup/share/parc_robot_bringup/models/tomato_23/materials/scripts/branch.material
[2.248s] -- Up-to-date: /home/holberton/ros2_ws/install/parc_robot_bringup/share/parc_robot_bringup/models/tomato_23/materials/scripts/blossom3.material
[2.249s] -- Up-to-date: /home/holberton/ros2_ws/install/parc_robot_bringup/share/parc_robot_bringup/models/tomato_23/materials/scripts/blossom2.material
[2.251s] -- Up-to-date: /home/holberton/ros2_ws/install/parc_robot_bringup/share/parc_robot_bringup/models/tomato_23/materials/scripts/leaf2.material
[2.254s] -- Up-to-date: /home/holberton/ros2_ws/install/parc_robot_bringup/share/parc_robot_bringup/models/tomato_23/materials/scripts/fruit4.material
[2.255s] -- Up-to-date: /home/holberton/ros2_ws/install/parc_robot_bringup/share/parc_robot_bringup/models/tomato_23/materials/scripts/leaf1.material
[2.256s] -- Up-to-date: /home/holberton/ros2_ws/install/parc_robot_bringup/share/parc_robot_bringup/models/tomato_23/materials/textures
[2.257s] -- Up-to-date: /home/holberton/ros2_ws/install/parc_robot_bringup/share/parc_robot_bringup/models/tomato_23/materials/textures/AG15blo3.png
[2.258s] -- Up-to-date: /home/holberton/ros2_ws/install/parc_robot_bringup/share/parc_robot_bringup/models/tomato_23/materials/textures/AG15frt1.png
[2.261s] -- Up-to-date: /home/holberton/ros2_ws/install/parc_robot_bringup/share/parc_robot_bringup/models/tomato_23/materials/textures/AG15brn1(copy).png
[2.263s] -- Up-to-date: /home/holberton/ros2_ws/install/parc_robot_bringup/share/parc_robot_bringup/models/tomato_23/materials/textures/AG15blo1.png
[2.267s] -- Up-to-date: /home/holberton/ros2_ws/install/parc_robot_bringup/share/parc_robot_bringup/models/tomato_23/materials/textures/AG15lef2.png
[2.268s] -- Up-to-date: /home/holberton/ros2_ws/install/parc_robot_bringup/share/parc_robot_bringup/models/tomato_23/materials/textures/AG15frt3.png
[2.268s] -- Up-to-date: /home/holberton/ros2_ws/install/parc_robot_bringup/share/parc_robot_bringup/models/tomato_23/materials/textures/AG15brn1.png
[2.269s] -- Up-to-date: /home/holberton/ros2_ws/install/parc_robot_bringup/share/parc_robot_bringup/models/tomato_23/materials/textures/AG15lef1.png
[2.270s] -- Up-to-date: /home/holberton/ros2_ws/install/parc_robot_bringup/share/parc_robot_bringup/models/tomato_23/materials/textures/AG15frt4.png
[2.271s] -- Up-to-date: /home/holberton/ros2_ws/install/parc_robot_bringup/share/parc_robot_bringup/models/tomato_23/materials/textures/AG15blo2.png
[2.272s] -- Up-to-date: /home/holberton/ros2_ws/install/parc_robot_bringup/share/parc_robot_bringup/models/tomato_23/materials/textures/AG15frt2.png
[2.272s] -- Up-to-date: /home/holberton/ros2_ws/install/parc_robot_bringup/share/parc_robot_bringup/models/tomato_23/model.sdf
[2.275s] -- Up-to-date: /home/holberton/ros2_ws/install/parc_robot_bringup/share/parc_robot_bringup/models/tomato_23/markers.json
[2.275s] -- Up-to-date: /home/holberton/ros2_ws/install/parc_robot_bringup/share/parc_robot_bringup/models/tomato_23/meshes
[2.276s] -- Up-to-date: /home/holberton/ros2_ws/install/parc_robot_bringup/share/parc_robot_bringup/models/tomato_23/meshes/.gitignore
[2.276s] -- Up-to-date: /home/holberton/ros2_ws/install/parc_robot_bringup/share/parc_robot_bringup/models/tomato_23/meshes/tomato.dae
[2.276s] -- Up-to-date: /home/holberton/ros2_ws/install/parc_robot_bringup/share/parc_robot_bringup/models/tomato_28
[2.276s] -- Up-to-date: /home/holberton/ros2_ws/install/parc_robot_bringup/share/parc_robot_bringup/models/tomato_28/model.config
[2.277s] -- Up-to-date: /home/holberton/ros2_ws/install/parc_robot_bringup/share/parc_robot_bringup/models/tomato_28/materials
[2.277s] -- Up-to-date: /home/holberton/ros2_ws/install/parc_robot_bringup/share/parc_robot_bringup/models/tomato_28/materials/scripts
[2.277s] -- Up-to-date: /home/holberton/ros2_ws/install/parc_robot_bringup/share/parc_robot_bringup/models/tomato_28/materials/scripts/fruit3.material
[2.277s] -- Up-to-date: /home/holberton/ros2_ws/install/parc_robot_bringup/share/parc_robot_bringup/models/tomato_28/materials/scripts/fruit2.material
[2.277s] -- Up-to-date: /home/holberton/ros2_ws/install/parc_robot_bringup/share/parc_robot_bringup/models/tomato_28/materials/scripts/blossom1.material
[2.277s] -- Up-to-date: /home/holberton/ros2_ws/install/parc_robot_bringup/share/parc_robot_bringup/models/tomato_28/materials/scripts/fruit1.material
[2.278s] -- Up-to-date: /home/holberton/ros2_ws/install/parc_robot_bringup/share/parc_robot_bringup/models/tomato_28/materials/scripts/branch.material
[2.278s] -- Up-to-date: /home/holberton/ros2_ws/install/parc_robot_bringup/share/parc_robot_bringup/models/tomato_28/materials/scripts/blossom3.material
[2.278s] -- Up-to-date: /home/holberton/ros2_ws/install/parc_robot_bringup/share/parc_robot_bringup/models/tomato_28/materials/scripts/blossom2.material
[2.278s] -- Up-to-date: /home/holberton/ros2_ws/install/parc_robot_bringup/share/parc_robot_bringup/models/tomato_28/materials/scripts/leaf2.material
[2.279s] -- Up-to-date: /home/holberton/ros2_ws/install/parc_robot_bringup/share/parc_robot_bringup/models/tomato_28/materials/scripts/fruit4.material
[2.280s] -- Up-to-date: /home/holberton/ros2_ws/install/parc_robot_bringup/share/parc_robot_bringup/models/tomato_28/materials/scripts/leaf1.material
[2.281s] -- Up-to-date: /home/holberton/ros2_ws/install/parc_robot_bringup/share/parc_robot_bringup/models/tomato_28/materials/textures
[2.281s] -- Up-to-date: /home/holberton/ros2_ws/install/parc_robot_bringup/share/parc_robot_bringup/models/tomato_28/materials/textures/AG15blo3.png
[2.282s] -- Up-to-date: /home/holberton/ros2_ws/install/parc_robot_bringup/share/parc_robot_bringup/models/tomato_28/materials/textures/AG15frt1.png
[2.283s] -- Up-to-date: /home/holberton/ros2_ws/install/parc_robot_bringup/share/parc_robot_bringup/models/tomato_28/materials/textures/AG15brn1(copy).png
[2.283s] -- Up-to-date: /home/holberton/ros2_ws/install/parc_robot_bringup/share/parc_robot_bringup/models/tomato_28/materials/textures/AG15blo1.png
[2.284s] -- Up-to-date: /home/holberton/ros2_ws/install/parc_robot_bringup/share/parc_robot_bringup/models/tomato_28/materials/textures/AG15lef2.png
[2.284s] -- Up-to-date: /home/holberton/ros2_ws/install/parc_robot_bringup/share/parc_robot_bringup/models/tomato_28/materials/textures/AG15frt3.png
[2.285s] -- Up-to-date: /home/holberton/ros2_ws/install/parc_robot_bringup/share/parc_robot_bringup/models/tomato_28/materials/textures/AG15brn1.png
[2.285s] -- Up-to-date: /home/holberton/ros2_ws/install/parc_robot_bringup/share/parc_robot_bringup/models/tomato_28/materials/textures/AG15lef1.png
[2.286s] -- Up-to-date: /home/holberton/ros2_ws/install/parc_robot_bringup/share/parc_robot_bringup/models/tomato_28/materials/textures/AG15frt4.png
[2.288s] -- Up-to-date: /home/holberton/ros2_ws/install/parc_robot_bringup/share/parc_robot_bringup/models/tomato_28/materials/textures/AG15blo2.png
[2.289s] -- Up-to-date: /home/holberton/ros2_ws/install/parc_robot_bringup/share/parc_robot_bringup/models/tomato_28/materials/textures/AG15frt2.png
[2.289s] -- Up-to-date: /home/holberton/ros2_ws/install/parc_robot_bringup/share/parc_robot_bringup/models/tomato_28/model.sdf
[2.290s] -- Up-to-date: /home/holberton/ros2_ws/install/parc_robot_bringup/share/parc_robot_bringup/models/tomato_28/markers.json
[2.291s] -- Up-to-date: /home/holberton/ros2_ws/install/parc_robot_bringup/share/parc_robot_bringup/models/tomato_28/meshes
[2.292s] -- Up-to-date: /home/holberton/ros2_ws/install/parc_robot_bringup/share/parc_robot_bringup/models/tomato_28/meshes/.gitignore
[2.292s] -- Up-to-date: /home/holberton/ros2_ws/install/parc_robot_bringup/share/parc_robot_bringup/models/tomato_28/meshes/tomato.dae
[2.294s] -- Up-to-date: /home/holberton/ros2_ws/install/parc_robot_bringup/share/parc_robot_bringup/models/tomato_18
[2.294s] -- Up-to-date: /home/holberton/ros2_ws/install/parc_robot_bringup/share/parc_robot_bringup/models/tomato_18/model.config
[2.295s] -- Up-to-date: /home/holberton/ros2_ws/install/parc_robot_bringup/share/parc_robot_bringup/models/tomato_18/materials
[2.295s] -- Up-to-date: /home/holberton/ros2_ws/install/parc_robot_bringup/share/parc_robot_bringup/models/tomato_18/materials/scripts
[2.296s] -- Up-to-date: /home/holberton/ros2_ws/install/parc_robot_bringup/share/parc_robot_bringup/models/tomato_18/materials/scripts/fruit3.material
[2.297s] -- Up-to-date: /home/holberton/ros2_ws/install/parc_robot_bringup/share/parc_robot_bringup/models/tomato_18/materials/scripts/fruit2.material
[2.298s] -- Up-to-date: /home/holberton/ros2_ws/install/parc_robot_bringup/share/parc_robot_bringup/models/tomato_18/materials/scripts/blossom1.material
[2.300s] -- Up-to-date: /home/holberton/ros2_ws/install/parc_robot_bringup/share/parc_robot_bringup/models/tomato_18/materials/scripts/fruit1.material
[2.301s] -- Up-to-date: /home/holberton/ros2_ws/install/parc_robot_bringup/share/parc_robot_bringup/models/tomato_18/materials/scripts/branch.material
[2.301s] -- Up-to-date: /home/holberton/ros2_ws/install/parc_robot_bringup/share/parc_robot_bringup/models/tomato_18/materials/scripts/blossom3.material
[2.302s] -- Up-to-date: /home/holberton/ros2_ws/install/parc_robot_bringup/share/parc_robot_bringup/models/tomato_18/materials/scripts/blossom2.material
[2.303s] -- Up-to-date: /home/holberton/ros2_ws/install/parc_robot_bringup/share/parc_robot_bringup/models/tomato_18/materials/scripts/leaf2.material
[2.311s] -- Up-to-date: /home/holberton/ros2_ws/install/parc_robot_bringup/share/parc_robot_bringup/models/tomato_18/materials/scripts/fruit4.material
[2.316s] -- Up-to-date: /home/holberton/ros2_ws/install/parc_robot_bringup/share/parc_robot_bringup/models/tomato_18/materials/scripts/leaf1.material
[2.317s] -- Up-to-date: /home/holberton/ros2_ws/install/parc_robot_bringup/share/parc_robot_bringup/models/tomato_18/materials/textures
[2.317s] -- Up-to-date: /home/holberton/ros2_ws/install/parc_robot_bringup/share/parc_robot_bringup/models/tomato_18/materials/textures/AG15blo3.png
[2.318s] -- Up-to-date: /home/holberton/ros2_ws/install/parc_robot_bringup/share/parc_robot_bringup/models/tomato_18/materials/textures/AG15frt1.png
[2.318s] -- Up-to-date: /home/holberton/ros2_ws/install/parc_robot_bringup/share/parc_robot_bringup/models/tomato_18/materials/textures/AG15brn1(copy).png
[2.319s] -- Up-to-date: /home/holberton/ros2_ws/install/parc_robot_bringup/share/parc_robot_bringup/models/tomato_18/materials/textures/AG15blo1.png
[2.321s] -- Up-to-date: /home/holberton/ros2_ws/install/parc_robot_bringup/share/parc_robot_bringup/models/tomato_18/materials/textures/AG15lef2.png
[2.321s] -- Up-to-date: /home/holberton/ros2_ws/install/parc_robot_bringup/share/parc_robot_bringup/models/tomato_18/materials/textures/AG15frt3.png
[2.321s] -- Up-to-date: /home/holberton/ros2_ws/install/parc_robot_bringup/share/parc_robot_bringup/models/tomato_18/materials/textures/AG15brn1.png
[2.321s] -- Up-to-date: /home/holberton/ros2_ws/install/parc_robot_bringup/share/parc_robot_bringup/models/tomato_18/materials/textures/AG15lef1.png
[2.321s] -- Up-to-date: /home/holberton/ros2_ws/install/parc_robot_bringup/share/parc_robot_bringup/models/tomato_18/materials/textures/AG15frt4.png
[2.322s] -- Up-to-date: /home/holberton/ros2_ws/install/parc_robot_bringup/share/parc_robot_bringup/models/tomato_18/materials/textures/AG15blo2.png
[2.322s] -- Up-to-date: /home/holberton/ros2_ws/install/parc_robot_bringup/share/parc_robot_bringup/models/tomato_18/materials/textures/AG15frt2.png
[2.322s] -- Up-to-date: /home/holberton/ros2_ws/install/parc_robot_bringup/share/parc_robot_bringup/models/tomato_18/model.sdf
[2.322s] -- Up-to-date: /home/holberton/ros2_ws/install/parc_robot_bringup/share/parc_robot_bringup/models/tomato_18/markers.json
[2.323s] -- Up-to-date: /home/holberton/ros2_ws/install/parc_robot_bringup/share/parc_robot_bringup/models/tomato_18/meshes
[2.323s] -- Up-to-date: /home/holberton/ros2_ws/install/parc_robot_bringup/share/parc_robot_bringup/models/tomato_18/meshes/.gitignore
[2.324s] -- Up-to-date: /home/holberton/ros2_ws/install/parc_robot_bringup/share/parc_robot_bringup/models/tomato_18/meshes/tomato.dae
[2.324s] -- Up-to-date: /home/holberton/ros2_ws/install/parc_robot_bringup/share/parc_robot_bringup/models/tomato_33
[2.325s] -- Up-to-date: /home/holberton/ros2_ws/install/parc_robot_bringup/share/parc_robot_bringup/models/tomato_33/model.config
[2.326s] -- Up-to-date: /home/holberton/ros2_ws/install/parc_robot_bringup/share/parc_robot_bringup/models/tomato_33/materials
[2.326s] -- Up-to-date: /home/holberton/ros2_ws/install/parc_robot_bringup/share/parc_robot_bringup/models/tomato_33/materials/scripts
[2.327s] -- Up-to-date: /home/holberton/ros2_ws/install/parc_robot_bringup/share/parc_robot_bringup/models/tomato_33/materials/scripts/fruit3.material
[2.327s] -- Up-to-date: /home/holberton/ros2_ws/install/parc_robot_bringup/share/parc_robot_bringup/models/tomato_33/materials/scripts/fruit2.material
[2.329s] -- Up-to-date: /home/holberton/ros2_ws/install/parc_robot_bringup/share/parc_robot_bringup/models/tomato_33/materials/scripts/blossom1.material
[2.329s] -- Up-to-date: /home/holberton/ros2_ws/install/parc_robot_bringup/share/parc_robot_bringup/models/tomato_33/materials/scripts/fruit1.material
[2.329s] -- Up-to-date: /home/holberton/ros2_ws/install/parc_robot_bringup/share/parc_robot_bringup/models/tomato_33/materials/scripts/branch.material
[2.329s] -- Up-to-date: /home/holberton/ros2_ws/install/parc_robot_bringup/share/parc_robot_bringup/models/tomato_33/materials/scripts/blossom3.material
[2.329s] -- Up-to-date: /home/holberton/ros2_ws/install/parc_robot_bringup/share/parc_robot_bringup/models/tomato_33/materials/scripts/blossom2.material
[2.329s] -- Up-to-date: /home/holberton/ros2_ws/install/parc_robot_bringup/share/parc_robot_bringup/models/tomato_33/materials/scripts/leaf2.material
[2.329s] -- Up-to-date: /home/holberton/ros2_ws/install/parc_robot_bringup/share/parc_robot_bringup/models/tomato_33/materials/scripts/fruit4.material
[2.330s] -- Up-to-date: /home/holberton/ros2_ws/install/parc_robot_bringup/share/parc_robot_bringup/models/tomato_33/materials/scripts/leaf1.material
[2.330s] -- Up-to-date: /home/holberton/ros2_ws/install/parc_robot_bringup/share/parc_robot_bringup/models/tomato_33/materials/textures
[2.330s] -- Up-to-date: /home/holberton/ros2_ws/install/parc_robot_bringup/share/parc_robot_bringup/models/tomato_33/materials/textures/AG15blo3.png
[2.330s] -- Up-to-date: /home/holberton/ros2_ws/install/parc_robot_bringup/share/parc_robot_bringup/models/tomato_33/materials/textures/AG15frt1.png
[2.330s] -- Up-to-date: /home/holberton/ros2_ws/install/parc_robot_bringup/share/parc_robot_bringup/models/tomato_33/materials/textures/AG15brn1(copy).png
[2.330s] -- Up-to-date: /home/holberton/ros2_ws/install/parc_robot_bringup/share/parc_robot_bringup/models/tomato_33/materials/textures/AG15blo1.png
[2.331s] -- Up-to-date: /home/holberton/ros2_ws/install/parc_robot_bringup/share/parc_robot_bringup/models/tomato_33/materials/textures/AG15lef2.png
[2.331s] -- Up-to-date: /home/holberton/ros2_ws/install/parc_robot_bringup/share/parc_robot_bringup/models/tomato_33/materials/textures/AG15frt3.png
[2.331s] -- Up-to-date: /home/holberton/ros2_ws/install/parc_robot_bringup/share/parc_robot_bringup/models/tomato_33/materials/textures/AG15brn1.png
[2.331s] -- Up-to-date: /home/holberton/ros2_ws/install/parc_robot_bringup/share/parc_robot_bringup/models/tomato_33/materials/textures/AG15lef1.png
[2.331s] -- Up-to-date: /home/holberton/ros2_ws/install/parc_robot_bringup/share/parc_robot_bringup/models/tomato_33/materials/textures/AG15frt4.png
[2.331s] -- Up-to-date: /home/holberton/ros2_ws/install/parc_robot_bringup/share/parc_robot_bringup/models/tomato_33/materials/textures/AG15blo2.png
[2.331s] -- Up-to-date: /home/holberton/ros2_ws/install/parc_robot_bringup/share/parc_robot_bringup/models/tomato_33/materials/textures/AG15frt2.png
[2.332s] -- Up-to-date: /home/holberton/ros2_ws/install/parc_robot_bringup/share/parc_robot_bringup/models/tomato_33/model.sdf
[2.332s] -- Up-to-date: /home/holberton/ros2_ws/install/parc_robot_bringup/share/parc_robot_bringup/models/tomato_33/markers.json
[2.332s] -- Up-to-date: /home/holberton/ros2_ws/install/parc_robot_bringup/share/parc_robot_bringup/models/tomato_33/meshes
[2.332s] -- Up-to-date: /home/holberton/ros2_ws/install/parc_robot_bringup/share/parc_robot_bringup/models/tomato_33/meshes/.gitignore
[2.332s] -- Up-to-date: /home/holberton/ros2_ws/install/parc_robot_bringup/share/parc_robot_bringup/models/tomato_33/meshes/tomato.dae
[2.336s] -- Up-to-date: /home/holberton/ros2_ws/install/parc_robot_bringup/share/parc_robot_bringup/models/tomato_27
[2.336s] -- Up-to-date: /home/holberton/ros2_ws/install/parc_robot_bringup/share/parc_robot_bringup/models/tomato_27/model.config
[2.337s] -- Up-to-date: /home/holberton/ros2_ws/install/parc_robot_bringup/share/parc_robot_bringup/models/tomato_27/materials
[2.337s] -- Up-to-date: /home/holberton/ros2_ws/install/parc_robot_bringup/share/parc_robot_bringup/models/tomato_27/materials/scripts
[2.338s] -- Up-to-date: /home/holberton/ros2_ws/install/parc_robot_bringup/share/parc_robot_bringup/models/tomato_27/materials/scripts/fruit3.material
[2.338s] -- Up-to-date: /home/holberton/ros2_ws/install/parc_robot_bringup/share/parc_robot_bringup/models/tomato_27/materials/scripts/fruit2.material
[2.338s] -- Up-to-date: /home/holberton/ros2_ws/install/parc_robot_bringup/share/parc_robot_bringup/models/tomato_27/materials/scripts/blossom1.material
[2.338s] -- Up-to-date: /home/holberton/ros2_ws/install/parc_robot_bringup/share/parc_robot_bringup/models/tomato_27/materials/scripts/fruit1.material
[2.340s] -- Up-to-date: /home/holberton/ros2_ws/install/parc_robot_bringup/share/parc_robot_bringup/models/tomato_27/materials/scripts/branch.material
[2.340s] -- Up-to-date: /home/holberton/ros2_ws/install/parc_robot_bringup/share/parc_robot_bringup/models/tomato_27/materials/scripts/blossom3.material
[2.342s] -- Up-to-date: /home/holberton/ros2_ws/install/parc_robot_bringup/share/parc_robot_bringup/models/tomato_27/materials/scripts/blossom2.material
[2.342s] -- Up-to-date: /home/holberton/ros2_ws/install/parc_robot_bringup/share/parc_robot_bringup/models/tomato_27/materials/scripts/leaf2.material
[2.343s] -- Up-to-date: /home/holberton/ros2_ws/install/parc_robot_bringup/share/parc_robot_bringup/models/tomato_27/materials/scripts/fruit4.material
[2.344s] -- Up-to-date: /home/holberton/ros2_ws/install/parc_robot_bringup/share/parc_robot_bringup/models/tomato_27/materials/scripts/leaf1.material
[2.344s] -- Up-to-date: /home/holberton/ros2_ws/install/parc_robot_bringup/share/parc_robot_bringup/models/tomato_27/materials/textures
[2.345s] -- Up-to-date: /home/holberton/ros2_ws/install/parc_robot_bringup/share/parc_robot_bringup/models/tomato_27/materials/textures/AG15blo3.png
[2.346s] -- Up-to-date: /home/holberton/ros2_ws/install/parc_robot_bringup/share/parc_robot_bringup/models/tomato_27/materials/textures/AG15frt1.png
[2.347s] -- Up-to-date: /home/holberton/ros2_ws/install/parc_robot_bringup/share/parc_robot_bringup/models/tomato_27/materials/textures/AG15brn1(copy).png
[2.348s] -- Up-to-date: /home/holberton/ros2_ws/install/parc_robot_bringup/share/parc_robot_bringup/models/tomato_27/materials/textures/AG15blo1.png
[2.348s] -- Up-to-date: /home/holberton/ros2_ws/install/parc_robot_bringup/share/parc_robot_bringup/models/tomato_27/materials/textures/AG15lef2.png
[2.349s] -- Up-to-date: /home/holberton/ros2_ws/install/parc_robot_bringup/share/parc_robot_bringup/models/tomato_27/materials/textures/AG15frt3.png
[2.349s] -- Up-to-date: /home/holberton/ros2_ws/install/parc_robot_bringup/share/parc_robot_bringup/models/tomato_27/materials/textures/AG15brn1.png
[2.349s] -- Up-to-date: /home/holberton/ros2_ws/install/parc_robot_bringup/share/parc_robot_bringup/models/tomato_27/materials/textures/AG15lef1.png
[2.349s] -- Up-to-date: /home/holberton/ros2_ws/install/parc_robot_bringup/share/parc_robot_bringup/models/tomato_27/materials/textures/AG15frt4.png
[2.349s] -- Up-to-date: /home/holberton/ros2_ws/install/parc_robot_bringup/share/parc_robot_bringup/models/tomato_27/materials/textures/AG15blo2.png
[2.349s] -- Up-to-date: /home/holberton/ros2_ws/install/parc_robot_bringup/share/parc_robot_bringup/models/tomato_27/materials/textures/AG15frt2.png
[2.349s] -- Up-to-date: /home/holberton/ros2_ws/install/parc_robot_bringup/share/parc_robot_bringup/models/tomato_27/model.sdf
[2.349s] -- Up-to-date: /home/holberton/ros2_ws/install/parc_robot_bringup/share/parc_robot_bringup/models/tomato_27/markers.json
[2.350s] -- Up-to-date: /home/holberton/ros2_ws/install/parc_robot_bringup/share/parc_robot_bringup/models/tomato_27/meshes
[2.350s] -- Up-to-date: /home/holberton/ros2_ws/install/parc_robot_bringup/share/parc_robot_bringup/models/tomato_27/meshes/.gitignore
[2.350s] -- Up-to-date: /home/holberton/ros2_ws/install/parc_robot_bringup/share/parc_robot_bringup/models/tomato_27/meshes/tomato.dae
[2.350s] -- Up-to-date: /home/holberton/ros2_ws/install/parc_robot_bringup/share/parc_robot_bringup/models/materials
[2.350s] -- Up-to-date: /home/holberton/ros2_ws/install/parc_robot_bringup/share/parc_robot_bringup/models/materials/textures
[2.350s] -- Up-to-date: /home/holberton/ros2_ws/install/parc_robot_bringup/share/parc_robot_bringup/models/materials/textures/grass_roughness.jpg
[2.350s] -- Up-to-date: /home/holberton/ros2_ws/install/parc_robot_bringup/share/parc_robot_bringup/models/materials/textures/plowed_soil.jpg
[2.350s] -- Up-to-date: /home/holberton/ros2_ws/install/parc_robot_bringup/share/parc_robot_bringup/models/materials/textures/fungus_diffusespecular.png
[2.351s] -- Up-to-date: /home/holberton/ros2_ws/install/parc_robot_bringup/share/parc_robot_bringup/models/materials/textures/grass_normal.jpg
[2.351s] -- Up-to-date: /home/holberton/ros2_ws/install/parc_robot_bringup/share/parc_robot_bringup/models/materials/textures/flat_normal.png
[2.351s] -- Up-to-date: /home/holberton/ros2_ws/install/parc_robot_bringup/share/parc_robot_bringup/models/materials/textures/dirt_diffusespecular.png
[2.351s] -- Up-to-date: /home/holberton/ros2_ws/install/parc_robot_bringup/share/parc_robot_bringup/models/materials/textures/grass_displacement.jpg
[2.351s] -- Up-to-date: /home/holberton/ros2_ws/install/parc_robot_bringup/share/parc_robot_bringup/models/materials/textures/grass_color.jpg
[2.351s] -- Up-to-date: /home/holberton/ros2_ws/install/parc_robot_bringup/share/parc_robot_bringup/models/goal_location
[2.351s] -- Up-to-date: /home/holberton/ros2_ws/install/parc_robot_bringup/share/parc_robot_bringup/models/goal_location/model.config
[2.351s] -- Up-to-date: /home/holberton/ros2_ws/install/parc_robot_bringup/share/parc_robot_bringup/models/goal_location/model.sdf
[2.351s] -- Up-to-date: /home/holberton/ros2_ws/install/parc_robot_bringup/share/parc_robot_bringup/models/tomato_32
[2.351s] -- Up-to-date: /home/holberton/ros2_ws/install/parc_robot_bringup/share/parc_robot_bringup/models/tomato_32/model.config
[2.351s] -- Up-to-date: /home/holberton/ros2_ws/install/parc_robot_bringup/share/parc_robot_bringup/models/tomato_32/materials
[2.352s] -- Up-to-date: /home/holberton/ros2_ws/install/parc_robot_bringup/share/parc_robot_bringup/models/tomato_32/materials/scripts
[2.352s] -- Up-to-date: /home/holberton/ros2_ws/install/parc_robot_bringup/share/parc_robot_bringup/models/tomato_32/materials/scripts/fruit3.material
[2.352s] -- Up-to-date: /home/holberton/ros2_ws/install/parc_robot_bringup/share/parc_robot_bringup/models/tomato_32/materials/scripts/fruit2.material
[2.352s] -- Up-to-date: /home/holberton/ros2_ws/install/parc_robot_bringup/share/parc_robot_bringup/models/tomato_32/materials/scripts/blossom1.material
[2.352s] -- Up-to-date: /home/holberton/ros2_ws/install/parc_robot_bringup/share/parc_robot_bringup/models/tomato_32/materials/scripts/fruit1.material
[2.352s] -- Up-to-date: /home/holberton/ros2_ws/install/parc_robot_bringup/share/parc_robot_bringup/models/tomato_32/materials/scripts/branch.material
[2.352s] -- Up-to-date: /home/holberton/ros2_ws/install/parc_robot_bringup/share/parc_robot_bringup/models/tomato_32/materials/scripts/blossom3.material
[2.352s] -- Up-to-date: /home/holberton/ros2_ws/install/parc_robot_bringup/share/parc_robot_bringup/models/tomato_32/materials/scripts/blossom2.material
[2.352s] -- Up-to-date: /home/holberton/ros2_ws/install/parc_robot_bringup/share/parc_robot_bringup/models/tomato_32/materials/scripts/leaf2.material
[2.352s] -- Up-to-date: /home/holberton/ros2_ws/install/parc_robot_bringup/share/parc_robot_bringup/models/tomato_32/materials/scripts/fruit4.material
[2.352s] -- Up-to-date: /home/holberton/ros2_ws/install/parc_robot_bringup/share/parc_robot_bringup/models/tomato_32/materials/scripts/leaf1.material
[2.352s] -- Up-to-date: /home/holberton/ros2_ws/install/parc_robot_bringup/share/parc_robot_bringup/models/tomato_32/materials/textures
[2.352s] -- Up-to-date: /home/holberton/ros2_ws/install/parc_robot_bringup/share/parc_robot_bringup/models/tomato_32/materials/textures/AG15blo3.png
[2.353s] -- Up-to-date: /home/holberton/ros2_ws/install/parc_robot_bringup/share/parc_robot_bringup/models/tomato_32/materials/textures/AG15frt1.png
[2.353s] -- Up-to-date: /home/holberton/ros2_ws/install/parc_robot_bringup/share/parc_robot_bringup/models/tomato_32/materials/textures/AG15brn1(copy).png
[2.353s] -- Up-to-date: /home/holberton/ros2_ws/install/parc_robot_bringup/share/parc_robot_bringup/models/tomato_32/materials/textures/AG15blo1.png
[2.353s] -- Up-to-date: /home/holberton/ros2_ws/install/parc_robot_bringup/share/parc_robot_bringup/models/tomato_32/materials/textures/AG15lef2.png
[2.353s] -- Up-to-date: /home/holberton/ros2_ws/install/parc_robot_bringup/share/parc_robot_bringup/models/tomato_32/materials/textures/AG15frt3.png
[2.354s] -- Up-to-date: /home/holberton/ros2_ws/install/parc_robot_bringup/share/parc_robot_bringup/models/tomato_32/materials/textures/AG15brn1.png
[2.354s] -- Up-to-date: /home/holberton/ros2_ws/install/parc_robot_bringup/share/parc_robot_bringup/models/tomato_32/materials/textures/AG15lef1.png
[2.360s] -- Up-to-date: /home/holberton/ros2_ws/install/parc_robot_bringup/share/parc_robot_bringup/models/tomato_32/materials/textures/AG15frt4.png
[2.360s] -- Up-to-date: /home/holberton/ros2_ws/install/parc_robot_bringup/share/parc_robot_bringup/models/tomato_32/materials/textures/AG15blo2.png
[2.361s] -- Up-to-date: /home/holberton/ros2_ws/install/parc_robot_bringup/share/parc_robot_bringup/models/tomato_32/materials/textures/AG15frt2.png
[2.362s] -- Up-to-date: /home/holberton/ros2_ws/install/parc_robot_bringup/share/parc_robot_bringup/models/tomato_32/model.sdf
[2.362s] -- Up-to-date: /home/holberton/ros2_ws/install/parc_robot_bringup/share/parc_robot_bringup/models/tomato_32/markers.json
[2.362s] -- Up-to-date: /home/holberton/ros2_ws/install/parc_robot_bringup/share/parc_robot_bringup/models/tomato_32/meshes
[2.363s] -- Up-to-date: /home/holberton/ros2_ws/install/parc_robot_bringup/share/parc_robot_bringup/models/tomato_32/meshes/.gitignore
[2.363s] -- Up-to-date: /home/holberton/ros2_ws/install/parc_robot_bringup/share/parc_robot_bringup/models/tomato_32/meshes/tomato.dae
[2.363s] -- Up-to-date: /home/holberton/ros2_ws/install/parc_robot_bringup/share/parc_robot_bringup/models/tomato_26
[2.363s] -- Up-to-date: /home/holberton/ros2_ws/install/parc_robot_bringup/share/parc_robot_bringup/models/tomato_26/model.config
[2.363s] -- Up-to-date: /home/holberton/ros2_ws/install/parc_robot_bringup/share/parc_robot_bringup/models/tomato_26/materials
[2.363s] -- Up-to-date: /home/holberton/ros2_ws/install/parc_robot_bringup/share/parc_robot_bringup/models/tomato_26/materials/scripts
[2.363s] -- Up-to-date: /home/holberton/ros2_ws/install/parc_robot_bringup/share/parc_robot_bringup/models/tomato_26/materials/scripts/fruit3.material
[2.364s] -- Up-to-date: /home/holberton/ros2_ws/install/parc_robot_bringup/share/parc_robot_bringup/models/tomato_26/materials/scripts/fruit2.material
[2.364s] -- Up-to-date: /home/holberton/ros2_ws/install/parc_robot_bringup/share/parc_robot_bringup/models/tomato_26/materials/scripts/blossom1.material
[2.364s] -- Up-to-date: /home/holberton/ros2_ws/install/parc_robot_bringup/share/parc_robot_bringup/models/tomato_26/materials/scripts/fruit1.material
[2.364s] -- Up-to-date: /home/holberton/ros2_ws/install/parc_robot_bringup/share/parc_robot_bringup/models/tomato_26/materials/scripts/branch.material
[2.365s] -- Up-to-date: /home/holberton/ros2_ws/install/parc_robot_bringup/share/parc_robot_bringup/models/tomato_26/materials/scripts/blossom3.material
[2.365s] -- Up-to-date: /home/holberton/ros2_ws/install/parc_robot_bringup/share/parc_robot_bringup/models/tomato_26/materials/scripts/blossom2.material
[2.365s] -- Up-to-date: /home/holberton/ros2_ws/install/parc_robot_bringup/share/parc_robot_bringup/models/tomato_26/materials/scripts/leaf2.material
[2.366s] -- Up-to-date: /home/holberton/ros2_ws/install/parc_robot_bringup/share/parc_robot_bringup/models/tomato_26/materials/scripts/fruit4.material
[2.366s] -- Up-to-date: /home/holberton/ros2_ws/install/parc_robot_bringup/share/parc_robot_bringup/models/tomato_26/materials/scripts/leaf1.material
[2.366s] -- Up-to-date: /home/holberton/ros2_ws/install/parc_robot_bringup/share/parc_robot_bringup/models/tomato_26/materials/textures
[2.366s] -- Up-to-date: /home/holberton/ros2_ws/install/parc_robot_bringup/share/parc_robot_bringup/models/tomato_26/materials/textures/AG15blo3.png
[2.366s] -- Up-to-date: /home/holberton/ros2_ws/install/parc_robot_bringup/share/parc_robot_bringup/models/tomato_26/materials/textures/AG15frt1.png
[2.366s] -- Up-to-date: /home/holberton/ros2_ws/install/parc_robot_bringup/share/parc_robot_bringup/models/tomato_26/materials/textures/AG15brn1(copy).png
[2.367s] -- Up-to-date: /home/holberton/ros2_ws/install/parc_robot_bringup/share/parc_robot_bringup/models/tomato_26/materials/textures/AG15blo1.png
[2.367s] -- Up-to-date: /home/holberton/ros2_ws/install/parc_robot_bringup/share/parc_robot_bringup/models/tomato_26/materials/textures/AG15lef2.png
[2.367s] -- Up-to-date: /home/holberton/ros2_ws/install/parc_robot_bringup/share/parc_robot_bringup/models/tomato_26/materials/textures/AG15frt3.png
[2.367s] -- Up-to-date: /home/holberton/ros2_ws/install/parc_robot_bringup/share/parc_robot_bringup/models/tomato_26/materials/textures/AG15brn1.png
[2.367s] -- Up-to-date: /home/holberton/ros2_ws/install/parc_robot_bringup/share/parc_robot_bringup/models/tomato_26/materials/textures/AG15lef1.png
[2.367s] -- Up-to-date: /home/holberton/ros2_ws/install/parc_robot_bringup/share/parc_robot_bringup/models/tomato_26/materials/textures/AG15frt4.png
[2.367s] -- Up-to-date: /home/holberton/ros2_ws/install/parc_robot_bringup/share/parc_robot_bringup/models/tomato_26/materials/textures/AG15blo2.png
[2.367s] -- Up-to-date: /home/holberton/ros2_ws/install/parc_robot_bringup/share/parc_robot_bringup/models/tomato_26/materials/textures/AG15frt2.png
[2.367s] -- Up-to-date: /home/holberton/ros2_ws/install/parc_robot_bringup/share/parc_robot_bringup/models/tomato_26/model.sdf
[2.367s] -- Up-to-date: /home/holberton/ros2_ws/install/parc_robot_bringup/share/parc_robot_bringup/models/tomato_26/markers.json
[2.367s] -- Up-to-date: /home/holberton/ros2_ws/install/parc_robot_bringup/share/parc_robot_bringup/models/tomato_26/meshes
[2.367s] -- Up-to-date: /home/holberton/ros2_ws/install/parc_robot_bringup/share/parc_robot_bringup/models/tomato_26/meshes/.gitignore
[2.367s] -- Up-to-date: /home/holberton/ros2_ws/install/parc_robot_bringup/share/parc_robot_bringup/models/tomato_26/meshes/tomato.dae
[2.368s] -- Up-to-date: /home/holberton/ros2_ws/install/parc_robot_bringup/share/parc_robot_bringup/models/tomato_9
[2.368s] -- Up-to-date: /home/holberton/ros2_ws/install/parc_robot_bringup/share/parc_robot_bringup/models/tomato_9/model.config
[2.368s] -- Up-to-date: /home/holberton/ros2_ws/install/parc_robot_bringup/share/parc_robot_bringup/models/tomato_9/materials
[2.368s] -- Up-to-date: /home/holberton/ros2_ws/install/parc_robot_bringup/share/parc_robot_bringup/models/tomato_9/materials/scripts
[2.368s] -- Up-to-date: /home/holberton/ros2_ws/install/parc_robot_bringup/share/parc_robot_bringup/models/tomato_9/materials/scripts/fruit3.material
[2.368s] -- Up-to-date: /home/holberton/ros2_ws/install/parc_robot_bringup/share/parc_robot_bringup/models/tomato_9/materials/scripts/fruit2.material
[2.368s] -- Up-to-date: /home/holberton/ros2_ws/install/parc_robot_bringup/share/parc_robot_bringup/models/tomato_9/materials/scripts/blossom1.material
[2.368s] -- Up-to-date: /home/holberton/ros2_ws/install/parc_robot_bringup/share/parc_robot_bringup/models/tomato_9/materials/scripts/fruit1.material
[2.368s] -- Up-to-date: /home/holberton/ros2_ws/install/parc_robot_bringup/share/parc_robot_bringup/models/tomato_9/materials/scripts/branch.material
[2.368s] -- Up-to-date: /home/holberton/ros2_ws/install/parc_robot_bringup/share/parc_robot_bringup/models/tomato_9/materials/scripts/blossom3.material
[2.368s] -- Up-to-date: /home/holberton/ros2_ws/install/parc_robot_bringup/share/parc_robot_bringup/models/tomato_9/materials/scripts/blossom2.material
[2.368s] -- Up-to-date: /home/holberton/ros2_ws/install/parc_robot_bringup/share/parc_robot_bringup/models/tomato_9/materials/scripts/leaf2.material
[2.368s] -- Up-to-date: /home/holberton/ros2_ws/install/parc_robot_bringup/share/parc_robot_bringup/models/tomato_9/materials/scripts/fruit4.material
[2.368s] -- Up-to-date: /home/holberton/ros2_ws/install/parc_robot_bringup/share/parc_robot_bringup/models/tomato_9/materials/scripts/leaf1.material
[2.368s] -- Up-to-date: /home/holberton/ros2_ws/install/parc_robot_bringup/share/parc_robot_bringup/models/tomato_9/materials/textures
[2.369s] -- Up-to-date: /home/holberton/ros2_ws/install/parc_robot_bringup/share/parc_robot_bringup/models/tomato_9/materials/textures/AG15blo3.png
[2.369s] -- Up-to-date: /home/holberton/ros2_ws/install/parc_robot_bringup/share/parc_robot_bringup/models/tomato_9/materials/textures/AG15frt1.png
[2.369s] -- Up-to-date: /home/holberton/ros2_ws/install/parc_robot_bringup/share/parc_robot_bringup/models/tomato_9/materials/textures/AG15brn1(copy).png
[2.369s] -- Up-to-date: /home/holberton/ros2_ws/install/parc_robot_bringup/share/parc_robot_bringup/models/tomato_9/materials/textures/AG15blo1.png
[2.369s] -- Up-to-date: /home/holberton/ros2_ws/install/parc_robot_bringup/share/parc_robot_bringup/models/tomato_9/materials/textures/AG15lef2.png
[2.369s] -- Up-to-date: /home/holberton/ros2_ws/install/parc_robot_bringup/share/parc_robot_bringup/models/tomato_9/materials/textures/AG15frt3.png
[2.369s] -- Up-to-date: /home/holberton/ros2_ws/install/parc_robot_bringup/share/parc_robot_bringup/models/tomato_9/materials/textures/AG15brn1.png
[2.369s] -- Up-to-date: /home/holberton/ros2_ws/install/parc_robot_bringup/share/parc_robot_bringup/models/tomato_9/materials/textures/AG15lef1.png
[2.369s] -- Up-to-date: /home/holberton/ros2_ws/install/parc_robot_bringup/share/parc_robot_bringup/models/tomato_9/materials/textures/AG15frt4.png
[2.369s] -- Up-to-date: /home/holberton/ros2_ws/install/parc_robot_bringup/share/parc_robot_bringup/models/tomato_9/materials/textures/AG15blo2.png
[2.369s] -- Up-to-date: /home/holberton/ros2_ws/install/parc_robot_bringup/share/parc_robot_bringup/models/tomato_9/materials/textures/AG15frt2.png
[2.369s] -- Up-to-date: /home/holberton/ros2_ws/install/parc_robot_bringup/share/parc_robot_bringup/models/tomato_9/model.sdf
[2.370s] -- Up-to-date: /home/holberton/ros2_ws/install/parc_robot_bringup/share/parc_robot_bringup/models/tomato_9/markers.json
[2.370s] -- Up-to-date: /home/holberton/ros2_ws/install/parc_robot_bringup/share/parc_robot_bringup/models/tomato_9/meshes
[2.370s] -- Up-to-date: /home/holberton/ros2_ws/install/parc_robot_bringup/share/parc_robot_bringup/models/tomato_9/meshes/.gitignore
[2.370s] -- Up-to-date: /home/holberton/ros2_ws/install/parc_robot_bringup/share/parc_robot_bringup/models/tomato_9/meshes/tomato.dae
[2.370s] -- Up-to-date: /home/holberton/ros2_ws/install/parc_robot_bringup/share/parc_robot_bringup/models/tomato_13
[2.370s] -- Up-to-date: /home/holberton/ros2_ws/install/parc_robot_bringup/share/parc_robot_bringup/models/tomato_13/model.config
[2.370s] -- Up-to-date: /home/holberton/ros2_ws/install/parc_robot_bringup/share/parc_robot_bringup/models/tomato_13/materials
[2.370s] -- Up-to-date: /home/holberton/ros2_ws/install/parc_robot_bringup/share/parc_robot_bringup/models/tomato_13/materials/scripts
[2.371s] -- Up-to-date: /home/holberton/ros2_ws/install/parc_robot_bringup/share/parc_robot_bringup/models/tomato_13/materials/scripts/fruit3.material
[2.371s] -- Up-to-date: /home/holberton/ros2_ws/install/parc_robot_bringup/share/parc_robot_bringup/models/tomato_13/materials/scripts/fruit2.material
[2.371s] -- Up-to-date: /home/holberton/ros2_ws/install/parc_robot_bringup/share/parc_robot_bringup/models/tomato_13/materials/scripts/blossom1.material
[2.371s] -- Up-to-date: /home/holberton/ros2_ws/install/parc_robot_bringup/share/parc_robot_bringup/models/tomato_13/materials/scripts/fruit1.material
[2.371s] -- Up-to-date: /home/holberton/ros2_ws/install/parc_robot_bringup/share/parc_robot_bringup/models/tomato_13/materials/scripts/branch.material
[2.371s] -- Up-to-date: /home/holberton/ros2_ws/install/parc_robot_bringup/share/parc_robot_bringup/models/tomato_13/materials/scripts/blossom3.material
[2.371s] -- Up-to-date: /home/holberton/ros2_ws/install/parc_robot_bringup/share/parc_robot_bringup/models/tomato_13/materials/scripts/blossom2.material
[2.371s] -- Up-to-date: /home/holberton/ros2_ws/install/parc_robot_bringup/share/parc_robot_bringup/models/tomato_13/materials/scripts/leaf2.material
[2.371s] -- Up-to-date: /home/holberton/ros2_ws/install/parc_robot_bringup/share/parc_robot_bringup/models/tomato_13/materials/scripts/fruit4.material
[2.371s] -- Up-to-date: /home/holberton/ros2_ws/install/parc_robot_bringup/share/parc_robot_bringup/models/tomato_13/materials/scripts/leaf1.material
[2.371s] -- Up-to-date: /home/holberton/ros2_ws/install/parc_robot_bringup/share/parc_robot_bringup/models/tomato_13/materials/textures
[2.372s] -- Up-to-date: /home/holberton/ros2_ws/install/parc_robot_bringup/share/parc_robot_bringup/models/tomato_13/materials/textures/AG15blo3.png
[2.372s] -- Up-to-date: /home/holberton/ros2_ws/install/parc_robot_bringup/share/parc_robot_bringup/models/tomato_13/materials/textures/AG15frt1.png
[2.372s] -- Up-to-date: /home/holberton/ros2_ws/install/parc_robot_bringup/share/parc_robot_bringup/models/tomato_13/materials/textures/AG15brn1(copy).png
[2.372s] -- Up-to-date: /home/holberton/ros2_ws/install/parc_robot_bringup/share/parc_robot_bringup/models/tomato_13/materials/textures/AG15blo1.png
[2.372s] -- Up-to-date: /home/holberton/ros2_ws/install/parc_robot_bringup/share/parc_robot_bringup/models/tomato_13/materials/textures/AG15lef2.png
[2.372s] -- Up-to-date: /home/holberton/ros2_ws/install/parc_robot_bringup/share/parc_robot_bringup/models/tomato_13/materials/textures/AG15frt3.png
[2.372s] -- Up-to-date: /home/holberton/ros2_ws/install/parc_robot_bringup/share/parc_robot_bringup/models/tomato_13/materials/textures/AG15brn1.png
[2.372s] -- Up-to-date: /home/holberton/ros2_ws/install/parc_robot_bringup/share/parc_robot_bringup/models/tomato_13/materials/textures/AG15lef1.png
[2.372s] -- Up-to-date: /home/holberton/ros2_ws/install/parc_robot_bringup/share/parc_robot_bringup/models/tomato_13/materials/textures/AG15frt4.png
[2.372s] -- Up-to-date: /home/holberton/ros2_ws/install/parc_robot_bringup/share/parc_robot_bringup/models/tomato_13/materials/textures/AG15blo2.png
[2.372s] -- Up-to-date: /home/holberton/ros2_ws/install/parc_robot_bringup/share/parc_robot_bringup/models/tomato_13/materials/textures/AG15frt2.png
[2.373s] -- Up-to-date: /home/holberton/ros2_ws/install/parc_robot_bringup/share/parc_robot_bringup/models/tomato_13/model.sdf
[2.373s] -- Up-to-date: /home/holberton/ros2_ws/install/parc_robot_bringup/share/parc_robot_bringup/models/tomato_13/markers.json
[2.373s] -- Up-to-date: /home/holberton/ros2_ws/install/parc_robot_bringup/share/parc_robot_bringup/models/tomato_13/meshes
[2.373s] -- Up-to-date: /home/holberton/ros2_ws/install/parc_robot_bringup/share/parc_robot_bringup/models/tomato_13/meshes/.gitignore
[2.373s] -- Up-to-date: /home/holberton/ros2_ws/install/parc_robot_bringup/share/parc_robot_bringup/models/tomato_13/meshes/tomato.dae
[2.373s] -- Up-to-date: /home/holberton/ros2_ws/install/parc_robot_bringup/share/parc_robot_bringup/models/peg
[2.373s] -- Up-to-date: /home/holberton/ros2_ws/install/parc_robot_bringup/share/parc_robot_bringup/models/peg/model.config
[2.373s] -- Up-to-date: /home/holberton/ros2_ws/install/parc_robot_bringup/share/parc_robot_bringup/models/peg/model.sdf
[2.373s] -- Up-to-date: /home/holberton/ros2_ws/install/parc_robot_bringup/share/parc_robot_bringup/models/tomato_34
[2.373s] -- Up-to-date: /home/holberton/ros2_ws/install/parc_robot_bringup/share/parc_robot_bringup/models/tomato_34/model.config
[2.374s] -- Up-to-date: /home/holberton/ros2_ws/install/parc_robot_bringup/share/parc_robot_bringup/models/tomato_34/materials
[2.374s] -- Up-to-date: /home/holberton/ros2_ws/install/parc_robot_bringup/share/parc_robot_bringup/models/tomato_34/materials/scripts
[2.374s] -- Up-to-date: /home/holberton/ros2_ws/install/parc_robot_bringup/share/parc_robot_bringup/models/tomato_34/materials/scripts/fruit3.material
[2.374s] -- Up-to-date: /home/holberton/ros2_ws/install/parc_robot_bringup/share/parc_robot_bringup/models/tomato_34/materials/scripts/fruit2.material
[2.374s] -- Up-to-date: /home/holberton/ros2_ws/install/parc_robot_bringup/share/parc_robot_bringup/models/tomato_34/materials/scripts/blossom1.material
[2.374s] -- Up-to-date: /home/holberton/ros2_ws/install/parc_robot_bringup/share/parc_robot_bringup/models/tomato_34/materials/scripts/fruit1.material
[2.374s] -- Up-to-date: /home/holberton/ros2_ws/install/parc_robot_bringup/share/parc_robot_bringup/models/tomato_34/materials/scripts/branch.material
[2.374s] -- Up-to-date: /home/holberton/ros2_ws/install/parc_robot_bringup/share/parc_robot_bringup/models/tomato_34/materials/scripts/blossom3.material
[2.374s] -- Up-to-date: /home/holberton/ros2_ws/install/parc_robot_bringup/share/parc_robot_bringup/models/tomato_34/materials/scripts/blossom2.material
[2.374s] -- Up-to-date: /home/holberton/ros2_ws/install/parc_robot_bringup/share/parc_robot_bringup/models/tomato_34/materials/scripts/leaf2.material
[2.374s] -- Up-to-date: /home/holberton/ros2_ws/install/parc_robot_bringup/share/parc_robot_bringup/models/tomato_34/materials/scripts/fruit4.material
[2.375s] -- Up-to-date: /home/holberton/ros2_ws/install/parc_robot_bringup/share/parc_robot_bringup/models/tomato_34/materials/scripts/leaf1.material
[2.375s] -- Up-to-date: /home/holberton/ros2_ws/install/parc_robot_bringup/share/parc_robot_bringup/models/tomato_34/materials/textures
[2.375s] -- Up-to-date: /home/holberton/ros2_ws/install/parc_robot_bringup/share/parc_robot_bringup/models/tomato_34/materials/textures/AG15blo3.png
[2.375s] -- Up-to-date: /home/holberton/ros2_ws/install/parc_robot_bringup/share/parc_robot_bringup/models/tomato_34/materials/textures/AG15frt1.png
[2.375s] -- Up-to-date: /home/holberton/ros2_ws/install/parc_robot_bringup/share/parc_robot_bringup/models/tomato_34/materials/textures/AG15brn1(copy).png
[2.375s] -- Up-to-date: /home/holberton/ros2_ws/install/parc_robot_bringup/share/parc_robot_bringup/models/tomato_34/materials/textures/AG15blo1.png
[2.375s] -- Up-to-date: /home/holberton/ros2_ws/install/parc_robot_bringup/share/parc_robot_bringup/models/tomato_34/materials/textures/AG15lef2.png
[2.376s] -- Up-to-date: /home/holberton/ros2_ws/install/parc_robot_bringup/share/parc_robot_bringup/models/tomato_34/materials/textures/AG15frt3.png
[2.376s] -- Up-to-date: /home/holberton/ros2_ws/install/parc_robot_bringup/share/parc_robot_bringup/models/tomato_34/materials/textures/AG15brn1.png
[2.376s] -- Up-to-date: /home/holberton/ros2_ws/install/parc_robot_bringup/share/parc_robot_bringup/models/tomato_34/materials/textures/AG15lef1.png
[2.376s] -- Up-to-date: /home/holberton/ros2_ws/install/parc_robot_bringup/share/parc_robot_bringup/models/tomato_34/materials/textures/AG15frt4.png
[2.376s] -- Up-to-date: /home/holberton/ros2_ws/install/parc_robot_bringup/share/parc_robot_bringup/models/tomato_34/materials/textures/AG15blo2.png
[2.376s] -- Up-to-date: /home/holberton/ros2_ws/install/parc_robot_bringup/share/parc_robot_bringup/models/tomato_34/materials/textures/AG15frt2.png
[2.376s] -- Up-to-date: /home/holberton/ros2_ws/install/parc_robot_bringup/share/parc_robot_bringup/models/tomato_34/model.sdf
[2.376s] -- Up-to-date: /home/holberton/ros2_ws/install/parc_robot_bringup/share/parc_robot_bringup/models/tomato_34/markers.json
[2.377s] -- Up-to-date: /home/holberton/ros2_ws/install/parc_robot_bringup/share/parc_robot_bringup/models/tomato_34/meshes
[2.377s] -- Up-to-date: /home/holberton/ros2_ws/install/parc_robot_bringup/share/parc_robot_bringup/models/tomato_34/meshes/.gitignore
[2.377s] -- Up-to-date: /home/holberton/ros2_ws/install/parc_robot_bringup/share/parc_robot_bringup/models/tomato_34/meshes/tomato.dae
[2.377s] -- Up-to-date: /home/holberton/ros2_ws/install/parc_robot_bringup/share/parc_robot_bringup/models/small_peg
[2.378s] -- Up-to-date: /home/holberton/ros2_ws/install/parc_robot_bringup/share/parc_robot_bringup/models/small_peg/model.config
[2.378s] -- Up-to-date: /home/holberton/ros2_ws/install/parc_robot_bringup/share/parc_robot_bringup/models/small_peg/model.sdf
[2.378s] -- Up-to-date: /home/holberton/ros2_ws/install/parc_robot_bringup/share/parc_robot_bringup/models/tomato_16
[2.378s] -- Up-to-date: /home/holberton/ros2_ws/install/parc_robot_bringup/share/parc_robot_bringup/models/tomato_16/model.config
[2.378s] -- Up-to-date: /home/holberton/ros2_ws/install/parc_robot_bringup/share/parc_robot_bringup/models/tomato_16/materials
[2.378s] -- Up-to-date: /home/holberton/ros2_ws/install/parc_robot_bringup/share/parc_robot_bringup/models/tomato_16/materials/scripts
[2.378s] -- Up-to-date: /home/holberton/ros2_ws/install/parc_robot_bringup/share/parc_robot_bringup/models/tomato_16/materials/scripts/fruit3.material
[2.378s] -- Up-to-date: /home/holberton/ros2_ws/install/parc_robot_bringup/share/parc_robot_bringup/models/tomato_16/materials/scripts/fruit2.material
[2.378s] -- Up-to-date: /home/holberton/ros2_ws/install/parc_robot_bringup/share/parc_robot_bringup/models/tomato_16/materials/scripts/blossom1.material
[2.378s] -- Up-to-date: /home/holberton/ros2_ws/install/parc_robot_bringup/share/parc_robot_bringup/models/tomato_16/materials/scripts/fruit1.material
[2.379s] -- Up-to-date: /home/holberton/ros2_ws/install/parc_robot_bringup/share/parc_robot_bringup/models/tomato_16/materials/scripts/branch.material
[2.379s] -- Up-to-date: /home/holberton/ros2_ws/install/parc_robot_bringup/share/parc_robot_bringup/models/tomato_16/materials/scripts/blossom3.material
[2.379s] -- Up-to-date: /home/holberton/ros2_ws/install/parc_robot_bringup/share/parc_robot_bringup/models/tomato_16/materials/scripts/blossom2.material
[2.379s] -- Up-to-date: /home/holberton/ros2_ws/install/parc_robot_bringup/share/parc_robot_bringup/models/tomato_16/materials/scripts/leaf2.material
[2.379s] -- Up-to-date: /home/holberton/ros2_ws/install/parc_robot_bringup/share/parc_robot_bringup/models/tomato_16/materials/scripts/fruit4.material
[2.379s] -- Up-to-date: /home/holberton/ros2_ws/install/parc_robot_bringup/share/parc_robot_bringup/models/tomato_16/materials/scripts/leaf1.material
[2.379s] -- Up-to-date: /home/holberton/ros2_ws/install/parc_robot_bringup/share/parc_robot_bringup/models/tomato_16/materials/textures
[2.380s] -- Up-to-date: /home/holberton/ros2_ws/install/parc_robot_bringup/share/parc_robot_bringup/models/tomato_16/materials/textures/AG15blo3.png
[2.380s] -- Up-to-date: /home/holberton/ros2_ws/install/parc_robot_bringup/share/parc_robot_bringup/models/tomato_16/materials/textures/AG15frt1.png
[2.380s] -- Up-to-date: /home/holberton/ros2_ws/install/parc_robot_bringup/share/parc_robot_bringup/models/tomato_16/materials/textures/AG15brn1(copy).png
[2.380s] -- Up-to-date: /home/holberton/ros2_ws/install/parc_robot_bringup/share/parc_robot_bringup/models/tomato_16/materials/textures/AG15blo1.png
[2.380s] -- Up-to-date: /home/holberton/ros2_ws/install/parc_robot_bringup/share/parc_robot_bringup/models/tomato_16/materials/textures/AG15lef2.png
[2.381s] -- Up-to-date: /home/holberton/ros2_ws/install/parc_robot_bringup/share/parc_robot_bringup/models/tomato_16/materials/textures/AG15frt3.png
[2.381s] -- Up-to-date: /home/holberton/ros2_ws/install/parc_robot_bringup/share/parc_robot_bringup/models/tomato_16/materials/textures/AG15brn1.png
[2.381s] -- Up-to-date: /home/holberton/ros2_ws/install/parc_robot_bringup/share/parc_robot_bringup/models/tomato_16/materials/textures/AG15lef1.png
[2.381s] -- Up-to-date: /home/holberton/ros2_ws/install/parc_robot_bringup/share/parc_robot_bringup/models/tomato_16/materials/textures/AG15frt4.png
[2.381s] -- Up-to-date: /home/holberton/ros2_ws/install/parc_robot_bringup/share/parc_robot_bringup/models/tomato_16/materials/textures/AG15blo2.png
[2.381s] -- Up-to-date: /home/holberton/ros2_ws/install/parc_robot_bringup/share/parc_robot_bringup/models/tomato_16/materials/textures/AG15frt2.png
[2.381s] -- Up-to-date: /home/holberton/ros2_ws/install/parc_robot_bringup/share/parc_robot_bringup/models/tomato_16/model.sdf
[2.381s] -- Up-to-date: /home/holberton/ros2_ws/install/parc_robot_bringup/share/parc_robot_bringup/models/tomato_16/markers.json
[2.381s] -- Up-to-date: /home/holberton/ros2_ws/install/parc_robot_bringup/share/parc_robot_bringup/models/tomato_16/meshes
[2.382s] -- Up-to-date: /home/holberton/ros2_ws/install/parc_robot_bringup/share/parc_robot_bringup/models/tomato_16/meshes/.gitignore
[2.382s] -- Up-to-date: /home/holberton/ros2_ws/install/parc_robot_bringup/share/parc_robot_bringup/models/tomato_16/meshes/tomato.dae
[2.382s] -- Up-to-date: /home/holberton/ros2_ws/install/parc_robot_bringup/share/parc_robot_bringup/models/tomato_44
[2.382s] -- Up-to-date: /home/holberton/ros2_ws/install/parc_robot_bringup/share/parc_robot_bringup/models/tomato_44/model.config
[2.382s] -- Up-to-date: /home/holberton/ros2_ws/install/parc_robot_bringup/share/parc_robot_bringup/models/tomato_44/materials
[2.382s] -- Up-to-date: /home/holberton/ros2_ws/install/parc_robot_bringup/share/parc_robot_bringup/models/tomato_44/materials/scripts
[2.382s] -- Up-to-date: /home/holberton/ros2_ws/install/parc_robot_bringup/share/parc_robot_bringup/models/tomato_44/materials/scripts/fruit3.material
[2.382s] -- Up-to-date: /home/holberton/ros2_ws/install/parc_robot_bringup/share/parc_robot_bringup/models/tomato_44/materials/scripts/fruit2.material
[2.382s] -- Up-to-date: /home/holberton/ros2_ws/install/parc_robot_bringup/share/parc_robot_bringup/models/tomato_44/materials/scripts/blossom1.material
[2.383s] -- Up-to-date: /home/holberton/ros2_ws/install/parc_robot_bringup/share/parc_robot_bringup/models/tomato_44/materials/scripts/fruit1.material
[2.383s] -- Up-to-date: /home/holberton/ros2_ws/install/parc_robot_bringup/share/parc_robot_bringup/models/tomato_44/materials/scripts/branch.material
[2.383s] -- Up-to-date: /home/holberton/ros2_ws/install/parc_robot_bringup/share/parc_robot_bringup/models/tomato_44/materials/scripts/blossom3.material
[2.383s] -- Up-to-date: /home/holberton/ros2_ws/install/parc_robot_bringup/share/parc_robot_bringup/models/tomato_44/materials/scripts/blossom2.material
[2.383s] -- Up-to-date: /home/holberton/ros2_ws/install/parc_robot_bringup/share/parc_robot_bringup/models/tomato_44/materials/scripts/leaf2.material
[2.384s] -- Up-to-date: /home/holberton/ros2_ws/install/parc_robot_bringup/share/parc_robot_bringup/models/tomato_44/materials/scripts/fruit4.material
[2.384s] -- Up-to-date: /home/holberton/ros2_ws/install/parc_robot_bringup/share/parc_robot_bringup/models/tomato_44/materials/scripts/leaf1.material
[2.384s] -- Up-to-date: /home/holberton/ros2_ws/install/parc_robot_bringup/share/parc_robot_bringup/models/tomato_44/materials/textures
[2.384s] -- Up-to-date: /home/holberton/ros2_ws/install/parc_robot_bringup/share/parc_robot_bringup/models/tomato_44/materials/textures/AG15blo3.png
[2.384s] -- Up-to-date: /home/holberton/ros2_ws/install/parc_robot_bringup/share/parc_robot_bringup/models/tomato_44/materials/textures/AG15frt1.png
[2.384s] -- Up-to-date: /home/holberton/ros2_ws/install/parc_robot_bringup/share/parc_robot_bringup/models/tomato_44/materials/textures/AG15brn1(copy).png
[2.384s] -- Up-to-date: /home/holberton/ros2_ws/install/parc_robot_bringup/share/parc_robot_bringup/models/tomato_44/materials/textures/AG15blo1.png
[2.384s] -- Up-to-date: /home/holberton/ros2_ws/install/parc_robot_bringup/share/parc_robot_bringup/models/tomato_44/materials/textures/AG15lef2.png
[2.384s] -- Up-to-date: /home/holberton/ros2_ws/install/parc_robot_bringup/share/parc_robot_bringup/models/tomato_44/materials/textures/AG15frt3.png
[2.384s] -- Up-to-date: /home/holberton/ros2_ws/install/parc_robot_bringup/share/parc_robot_bringup/models/tomato_44/materials/textures/AG15brn1.png
[2.384s] -- Up-to-date: /home/holberton/ros2_ws/install/parc_robot_bringup/share/parc_robot_bringup/models/tomato_44/materials/textures/AG15lef1.png
[2.385s] -- Up-to-date: /home/holberton/ros2_ws/install/parc_robot_bringup/share/parc_robot_bringup/models/tomato_44/materials/textures/AG15frt4.png
[2.385s] -- Up-to-date: /home/holberton/ros2_ws/install/parc_robot_bringup/share/parc_robot_bringup/models/tomato_44/materials/textures/AG15blo2.png
[2.385s] -- Up-to-date: /home/holberton/ros2_ws/install/parc_robot_bringup/share/parc_robot_bringup/models/tomato_44/materials/textures/AG15frt2.png
[2.385s] -- Up-to-date: /home/holberton/ros2_ws/install/parc_robot_bringup/share/parc_robot_bringup/models/tomato_44/model.sdf
[2.385s] -- Up-to-date: /home/holberton/ros2_ws/install/parc_robot_bringup/share/parc_robot_bringup/models/tomato_44/markers.json
[2.385s] -- Up-to-date: /home/holberton/ros2_ws/install/parc_robot_bringup/share/parc_robot_bringup/models/tomato_44/meshes
[2.385s] -- Up-to-date: /home/holberton/ros2_ws/install/parc_robot_bringup/share/parc_robot_bringup/models/tomato_44/meshes/.gitignore
[2.385s] -- Up-to-date: /home/holberton/ros2_ws/install/parc_robot_bringup/share/parc_robot_bringup/models/tomato_44/meshes/tomato.dae
[2.385s] -- Up-to-date: /home/holberton/ros2_ws/install/parc_robot_bringup/share/parc_robot_bringup/models/mud_box
[2.386s] -- Up-to-date: /home/holberton/ros2_ws/install/parc_robot_bringup/share/parc_robot_bringup/models/mud_box/model.config
[2.386s] -- Up-to-date: /home/holberton/ros2_ws/install/parc_robot_bringup/share/parc_robot_bringup/models/mud_box/materials
[2.386s] -- Up-to-date: /home/holberton/ros2_ws/install/parc_robot_bringup/share/parc_robot_bringup/models/mud_box/materials/scripts
[2.386s] -- Up-to-date: /home/holberton/ros2_ws/install/parc_robot_bringup/share/parc_robot_bringup/models/mud_box/materials/scripts/mud.material
[2.386s] -- Up-to-date: /home/holberton/ros2_ws/install/parc_robot_bringup/share/parc_robot_bringup/models/mud_box/materials/textures
[2.387s] -- Up-to-date: /home/holberton/ros2_ws/install/parc_robot_bringup/share/parc_robot_bringup/models/mud_box/materials/textures/mud_soft_leaves.png
[2.387s] -- Up-to-date: /home/holberton/ros2_ws/install/parc_robot_bringup/share/parc_robot_bringup/models/mud_box/model-1_4.sdf
[2.387s] -- Up-to-date: /home/holberton/ros2_ws/install/parc_robot_bringup/share/parc_robot_bringup/models/mud_box/model (copy).sdf
[2.387s] -- Up-to-date: /home/holberton/ros2_ws/install/parc_robot_bringup/share/parc_robot_bringup/models/mud_box/model.sdf
[2.387s] -- Up-to-date: /home/holberton/ros2_ws/install/parc_robot_bringup/share/parc_robot_bringup/rviz
[2.387s] -- Up-to-date: /home/holberton/ros2_ws/install/parc_robot_bringup/share/parc_robot_bringup/rviz/task1.rviz
[2.387s] -- Up-to-date: /home/holberton/ros2_ws/install/parc_robot_bringup/share/parc_robot_bringup/rviz/task2.rviz
[2.388s] -- Up-to-date: /home/holberton/ros2_ws/install/parc_robot_bringup/share/parc_robot_bringup/rviz/parc_robot_bringup.rviz
[2.388s] -- Up-to-date: /home/holberton/ros2_ws/install/parc_robot_bringup/share/parc_robot_bringup/worlds
[2.388s] -- Up-to-date: /home/holberton/ros2_ws/install/parc_robot_bringup/share/parc_robot_bringup/worlds/world1.world
[2.388s] -- Up-to-date: /home/holberton/ros2_ws/install/parc_robot_bringup/share/parc_robot_bringup/worlds/parc_task1.world
[2.388s] -- Up-to-date: /home/holberton/ros2_ws/install/parc_robot_bringup/share/parc_robot_bringup/worlds/world3.world
[2.388s] -- Up-to-date: /home/holberton/ros2_ws/install/parc_robot_bringup/share/parc_robot_bringup/worlds/world2.world
[2.389s] -- Up-to-date: /home/holberton/ros2_ws/install/parc_robot_bringup/share/parc_robot_bringup/environment/pythonpath.sh
[2.389s] -- Up-to-date: /home/holberton/ros2_ws/install/parc_robot_bringup/share/parc_robot_bringup/environment/pythonpath.dsv
[2.389s] -- Up-to-date: /home/holberton/ros2_ws/install/parc_robot_bringup/local/lib/python3.10/dist-packages/parc_robot_bringup-0.0.0-py3.10.egg-info
[2.389s] -- Installing: /home/holberton/ros2_ws/install/parc_robot_bringup/local/lib/python3.10/dist-packages/parc_robot_bringup-0.0.0-py3.10.egg-info/dependency_links.txt
[2.390s] -- Installing: /home/holberton/ros2_ws/install/parc_robot_bringup/local/lib/python3.10/dist-packages/parc_robot_bringup-0.0.0-py3.10.egg-info/PKG-INFO
[2.390s] -- Installing: /home/holberton/ros2_ws/install/parc_robot_bringup/local/lib/python3.10/dist-packages/parc_robot_bringup-0.0.0-py3.10.egg-info/top_level.txt
[2.390s] -- Installing: /home/holberton/ros2_ws/install/parc_robot_bringup/local/lib/python3.10/dist-packages/parc_robot_bringup-0.0.0-py3.10.egg-info/SOURCES.txt
[2.390s] -- Up-to-date: /home/holberton/ros2_ws/install/parc_robot_bringup/local/lib/python3.10/dist-packages/parc_robot_bringup
[2.390s] -- Up-to-date: /home/holberton/ros2_ws/install/parc_robot_bringup/local/lib/python3.10/dist-packages/parc_robot_bringup/gps2cartesian.py
[2.390s] -- Up-to-date: /home/holberton/ros2_ws/install/parc_robot_bringup/local/lib/python3.10/dist-packages/parc_robot_bringup/__init__.py
[2.424s] Listing '/home/holberton/ros2_ws/install/parc_robot_bringup/local/lib/python3.10/dist-packages/parc_robot_bringup'...
[2.490s] -- Up-to-date: /home/holberton/ros2_ws/install/parc_robot_bringup/lib/parc_robot_bringup/load_task1_params.py
[2.491s] -- Up-to-date: /home/holberton/ros2_ws/install/parc_robot_bringup/lib/parc_robot_bringup/parc_robot_route.py
[2.492s] -- Up-to-date: /home/holberton/ros2_ws/install/parc_robot_bringup/lib/parc_robot_bringup/parc_robot_nav.py
[2.493s] -- Up-to-date: /home/holberton/ros2_ws/install/parc_robot_bringup/share/ament_index/resource_index/package_run_dependencies/parc_robot_bringup
[2.494s] -- Up-to-date: /home/holberton/ros2_ws/install/parc_robot_bringup/share/ament_index/resource_index/parent_prefix_path/parc_robot_bringup
[2.494s] -- Up-to-date: /home/holberton/ros2_ws/install/parc_robot_bringup/share/parc_robot_bringup/environment/ament_prefix_path.sh
[2.494s] -- Up-to-date: /home/holberton/ros2_ws/install/parc_robot_bringup/share/parc_robot_bringup/environment/ament_prefix_path.dsv
[2.495s] -- Up-to-date: /home/holberton/ros2_ws/install/parc_robot_bringup/share/parc_robot_bringup/environment/path.sh
[2.495s] -- Up-to-date: /home/holberton/ros2_ws/install/parc_robot_bringup/share/parc_robot_bringup/environment/path.dsv
[2.495s] -- Up-to-date: /home/holberton/ros2_ws/install/parc_robot_bringup/share/parc_robot_bringup/local_setup.bash
[2.495s] -- Up-to-date: /home/holberton/ros2_ws/install/parc_robot_bringup/share/parc_robot_bringup/local_setup.sh
[2.495s] -- Up-to-date: /home/holberton/ros2_ws/install/parc_robot_bringup/share/parc_robot_bringup/local_setup.zsh
[2.495s] -- Up-to-date: /home/holberton/ros2_ws/install/parc_robot_bringup/share/parc_robot_bringup/local_setup.dsv
[2.495s] -- Installing: /home/holberton/ros2_ws/install/parc_robot_bringup/share/parc_robot_bringup/package.dsv
[2.495s] -- Up-to-date: /home/holberton/ros2_ws/install/parc_robot_bringup/share/ament_index/resource_index/packages/parc_robot_bringup
[2.496s] -- Up-to-date: /home/holberton/ros2_ws/install/parc_robot_bringup/share/parc_robot_bringup/cmake/parc_robot_bringupConfig.cmake
[2.496s] -- Up-to-date: /home/holberton/ros2_ws/install/parc_robot_bringup/share/parc_robot_bringup/cmake/parc_robot_bringupConfig-version.cmake
[2.496s] -- Up-to-date: /home/holberton/ros2_ws/install/parc_robot_bringup/share/parc_robot_bringup/package.xml
[2.511s] Invoked command in '/home/holberton/ros2_ws/build/parc_robot_bringup' returned '0': CMAKE_PREFIX_PATH=/home/holberton/ros2_ws/install/parc_robot_interfaces:/home/holberton/ros2_ws/install/parc_robot_description:/home/holberton/ros2_ws/install/parc_robot_bringup:/home/holberton/ros2_ws/install/parc_robot:/home/holberton/ros2_ws/install/test_publisher:/home/holberton/ros2_ws/install/auto_nav:/opt/ros/humble /usr/bin/cmake --install /home/holberton/ros2_ws/build/parc_robot_bringup
