[0.033s] Invoking command in '/home/holberton/ros2_ws/build/ros2_mapping': CMAKE_PREFIX_PATH=${CMAKE_PREFIX_PATH}:/home/holberton/ros2_ws/install/test_publisher:/home/holberton/ros2_ws/install/auto_nav:/opt/ros/humble /usr/bin/cmake /home/holberton/ros2_ws/src/ros2_mapping -DCMAKE_INSTALL_PREFIX=/home/holberton/ros2_ws/install/ros2_mapping
[0.390s] -- The C compiler identification is GNU 11.4.0
[0.390s] -- The CXX compiler identification is GNU 11.4.0
[0.391s] -- Detecting C compiler ABI info
[0.391s] -- Detecting C compiler ABI info - done
[0.391s] -- Check for working C compiler: /usr/bin/cc - skipped
[0.391s] -- Detecting C compile features
[0.391s] -- Detecting C compile features - done
[0.391s] -- Detecting CXX compiler ABI info
[0.398s] -- Detecting CXX compiler ABI info - done
[0.405s] -- Check for working CXX compiler: /usr/bin/c++ - skipped
[0.406s] -- Detecting CXX compile features
[0.406s] -- Detecting CXX compile features - done
[0.409s] -- Found ament_cmake: 1.3.8 (/opt/ros/humble/share/ament_cmake/cmake)
[0.536s] -- Found Python3: /usr/bin/python3 (found version "3.10.12") found components: Interpreter 
[0.669s] -- Found ament_lint_auto: 0.12.10 (/opt/ros/humble/share/ament_lint_auto/cmake)
[0.892s] -- Added test 'flake8' to check Python code syntax and style conventions
[0.893s] -- Added test 'lint_cmake' to check CMake code style
[0.893s] -- Added test 'pep257' to check Python code against some of the docstring style conventions in PEP 257
[0.895s] -- Added test 'xmllint' to check XML markup files
[0.897s] -- Configuring done
[0.901s] -- Generating done
[0.902s] -- Build files have been written to: /home/holberton/ros2_ws/build/ros2_mapping
[0.915s] Invoked command in '/home/holberton/ros2_ws/build/ros2_mapping' returned '0': CMAKE_PREFIX_PATH=${CMAKE_PREFIX_PATH}:/home/holberton/ros2_ws/install/test_publisher:/home/holberton/ros2_ws/install/auto_nav:/opt/ros/humble /usr/bin/cmake /home/holberton/ros2_ws/src/ros2_mapping -DCMAKE_INSTALL_PREFIX=/home/holberton/ros2_ws/install/ros2_mapping
[0.917s] Invoking command in '/home/holberton/ros2_ws/build/ros2_mapping': CMAKE_PREFIX_PATH=${CMAKE_PREFIX_PATH}:/home/holberton/ros2_ws/install/test_publisher:/home/holberton/ros2_ws/install/auto_nav:/opt/ros/humble /usr/bin/cmake --build /home/holberton/ros2_ws/build/ros2_mapping -- -j8 -l8
[0.959s] Invoked command in '/home/holberton/ros2_ws/build/ros2_mapping' returned '0': CMAKE_PREFIX_PATH=${CMAKE_PREFIX_PATH}:/home/holberton/ros2_ws/install/test_publisher:/home/holberton/ros2_ws/install/auto_nav:/opt/ros/humble /usr/bin/cmake --build /home/holberton/ros2_ws/build/ros2_mapping -- -j8 -l8
[0.984s] Invoking command in '/home/holberton/ros2_ws/build/ros2_mapping': CMAKE_PREFIX_PATH=${CMAKE_PREFIX_PATH}:/home/holberton/ros2_ws/install/test_publisher:/home/holberton/ros2_ws/install/auto_nav:/opt/ros/humble /usr/bin/cmake --install /home/holberton/ros2_ws/build/ros2_mapping
[0.991s] -- Install configuration: ""
[0.992s] -- Installing: /home/holberton/ros2_ws/install/ros2_mapping/share/$(PROJECT_NAME)/launch
[0.992s] -- Installing: /home/holberton/ros2_ws/install/ros2_mapping/share/$(PROJECT_NAME)/launch/online_async_launch.py
[0.992s] -- Installing: /home/holberton/ros2_ws/install/ros2_mapping/share/ament_index/resource_index/package_run_dependencies/ros2_mapping
[0.992s] -- Installing: /home/holberton/ros2_ws/install/ros2_mapping/share/ament_index/resource_index/parent_prefix_path/ros2_mapping
[0.992s] -- Installing: /home/holberton/ros2_ws/install/ros2_mapping/share/ros2_mapping/environment/ament_prefix_path.sh
[0.992s] -- Installing: /home/holberton/ros2_ws/install/ros2_mapping/share/ros2_mapping/environment/ament_prefix_path.dsv
[0.993s] -- Installing: /home/holberton/ros2_ws/install/ros2_mapping/share/ros2_mapping/environment/path.sh
[0.993s] -- Installing: /home/holberton/ros2_ws/install/ros2_mapping/share/ros2_mapping/environment/path.dsv
[0.993s] -- Installing: /home/holberton/ros2_ws/install/ros2_mapping/share/ros2_mapping/local_setup.bash
[0.993s] -- Installing: /home/holberton/ros2_ws/install/ros2_mapping/share/ros2_mapping/local_setup.sh
[0.993s] -- Installing: /home/holberton/ros2_ws/install/ros2_mapping/share/ros2_mapping/local_setup.zsh
[0.993s] -- Installing: /home/holberton/ros2_ws/install/ros2_mapping/share/ros2_mapping/local_setup.dsv
[0.993s] -- Installing: /home/holberton/ros2_ws/install/ros2_mapping/share/ros2_mapping/package.dsv
[0.994s] -- Installing: /home/holberton/ros2_ws/install/ros2_mapping/share/ament_index/resource_index/packages/ros2_mapping
[0.994s] -- Installing: /home/holberton/ros2_ws/install/ros2_mapping/share/ros2_mapping/cmake/ros2_mappingConfig.cmake
[0.994s] -- Installing: /home/holberton/ros2_ws/install/ros2_mapping/share/ros2_mapping/cmake/ros2_mappingConfig-version.cmake
[0.994s] -- Installing: /home/holberton/ros2_ws/install/ros2_mapping/share/ros2_mapping/package.xml
[0.997s] Invoked command in '/home/holberton/ros2_ws/build/ros2_mapping' returned '0': CMAKE_PREFIX_PATH=${CMAKE_PREFIX_PATH}:/home/holberton/ros2_ws/install/test_publisher:/home/holberton/ros2_ws/install/auto_nav:/opt/ros/humble /usr/bin/cmake --install /home/holberton/ros2_ws/build/ros2_mapping
