running egg_info
creating ../../build/task1_solution/task1_solution.egg-info
writing ../../build/task1_solution/task1_solution.egg-info/PKG-INFO
writing dependency_links to ../../build/task1_solution/task1_solution.egg-info/dependency_links.txt
writing entry points to ../../build/task1_solution/task1_solution.egg-info/entry_points.txt
writing requirements to ../../build/task1_solution/task1_solution.egg-info/requires.txt
writing top-level names to ../../build/task1_solution/task1_solution.egg-info/top_level.txt
writing manifest file '../../build/task1_solution/task1_solution.egg-info/SOURCES.txt'
reading manifest file '../../build/task1_solution/task1_solution.egg-info/SOURCES.txt'
writing manifest file '../../build/task1_solution/task1_solution.egg-info/SOURCES.txt'
running build
running build_py
creating /home/holberton/ros2_ws/build/task1_solution/build
creating /home/holberton/ros2_ws/build/task1_solution/build/lib
creating /home/holberton/ros2_ws/build/task1_solution/build/lib/task1_solution
copying task1_solution/__init__.py -> /home/holberton/ros2_ws/build/task1_solution/build/lib/task1_solution
running install
running install_lib
creating /home/holberton/ros2_ws/install/task1_solution/lib/python3.10/site-packages/task1_solution
copying /home/holberton/ros2_ws/build/task1_solution/build/lib/task1_solution/__init__.py -> /home/holberton/ros2_ws/install/task1_solution/lib/python3.10/site-packages/task1_solution
byte-compiling /home/holberton/ros2_ws/install/task1_solution/lib/python3.10/site-packages/task1_solution/__init__.py to __init__.cpython-310.pyc
running install_data
creating /home/holberton/ros2_ws/install/task1_solution/share/ament_index
creating /home/holberton/ros2_ws/install/task1_solution/share/ament_index/resource_index
creating /home/holberton/ros2_ws/install/task1_solution/share/ament_index/resource_index/packages
copying resource/task1_solution -> /home/holberton/ros2_ws/install/task1_solution/share/ament_index/resource_index/packages
copying package.xml -> /home/holberton/ros2_ws/install/task1_solution/share/task1_solution
running install_egg_info
Copying ../../build/task1_solution/task1_solution.egg-info to /home/holberton/ros2_ws/install/task1_solution/lib/python3.10/site-packages/task1_solution-0.0.0-py3.10.egg-info
running install_scripts
writing list of installed files to '/home/holberton/ros2_ws/build/task1_solution/install.log'
