[1.154s] Invoking command in '/home/holberton/ros2_ws/src/task1_solution': PYTHONPATH=/home/holberton/ros2_ws/build/task1_solution/prefix_override:/home/holberton/ros2_ws/install/task1_solution/lib/python3.10/site-packages:${PYTHONPATH} /usr/bin/python3 -W ignore:setup.py install is deprecated setup.py egg_info --egg-base ../../build/task1_solution build --build-base /home/holberton/ros2_ws/build/task1_solution/build install --record /home/holberton/ros2_ws/build/task1_solution/install.log --single-version-externally-managed install_data
[1.423s] running egg_info
[1.424s] creating ../../build/task1_solution/task1_solution.egg-info
[1.424s] writing ../../build/task1_solution/task1_solution.egg-info/PKG-INFO
[1.424s] writing dependency_links to ../../build/task1_solution/task1_solution.egg-info/dependency_links.txt
[1.424s] writing entry points to ../../build/task1_solution/task1_solution.egg-info/entry_points.txt
[1.424s] writing requirements to ../../build/task1_solution/task1_solution.egg-info/requires.txt
[1.425s] writing top-level names to ../../build/task1_solution/task1_solution.egg-info/top_level.txt
[1.425s] writing manifest file '../../build/task1_solution/task1_solution.egg-info/SOURCES.txt'
[1.427s] reading manifest file '../../build/task1_solution/task1_solution.egg-info/SOURCES.txt'
[1.428s] writing manifest file '../../build/task1_solution/task1_solution.egg-info/SOURCES.txt'
[1.428s] running build
[1.428s] running build_py
[1.428s] creating /home/holberton/ros2_ws/build/task1_solution/build
[1.428s] creating /home/holberton/ros2_ws/build/task1_solution/build/lib
[1.429s] creating /home/holberton/ros2_ws/build/task1_solution/build/lib/task1_solution
[1.429s] copying task1_solution/__init__.py -> /home/holberton/ros2_ws/build/task1_solution/build/lib/task1_solution
[1.429s] running install
[1.429s] running install_lib
[1.429s] creating /home/holberton/ros2_ws/install/task1_solution/lib/python3.10/site-packages/task1_solution
[1.429s] copying /home/holberton/ros2_ws/build/task1_solution/build/lib/task1_solution/__init__.py -> /home/holberton/ros2_ws/install/task1_solution/lib/python3.10/site-packages/task1_solution
[1.430s] byte-compiling /home/holberton/ros2_ws/install/task1_solution/lib/python3.10/site-packages/task1_solution/__init__.py to __init__.cpython-310.pyc
[1.430s] running install_data
[1.430s] creating /home/holberton/ros2_ws/install/task1_solution/share/ament_index
[1.430s] creating /home/holberton/ros2_ws/install/task1_solution/share/ament_index/resource_index
[1.430s] creating /home/holberton/ros2_ws/install/task1_solution/share/ament_index/resource_index/packages
[1.431s] copying resource/task1_solution -> /home/holberton/ros2_ws/install/task1_solution/share/ament_index/resource_index/packages
[1.431s] copying package.xml -> /home/holberton/ros2_ws/install/task1_solution/share/task1_solution
[1.431s] running install_egg_info
[1.432s] Copying ../../build/task1_solution/task1_solution.egg-info to /home/holberton/ros2_ws/install/task1_solution/lib/python3.10/site-packages/task1_solution-0.0.0-py3.10.egg-info
[1.433s] running install_scripts
[1.451s] writing list of installed files to '/home/holberton/ros2_ws/build/task1_solution/install.log'
[1.478s] Invoked command in '/home/holberton/ros2_ws/src/task1_solution' returned '0': PYTHONPATH=/home/holberton/ros2_ws/build/task1_solution/prefix_override:/home/holberton/ros2_ws/install/task1_solution/lib/python3.10/site-packages:${PYTHONPATH} /usr/bin/python3 -W ignore:setup.py install is deprecated setup.py egg_info --egg-base ../../build/task1_solution build --build-base /home/holberton/ros2_ws/build/task1_solution/build install --record /home/holberton/ros2_ws/build/task1_solution/install.log --single-version-externally-managed install_data
