[3.121s] DEBUG:colcon:Command line arguments: ['/usr/bin/colcon', 'build']
[3.121s] DEBUG:colcon:Parsed command line arguments: Namespace(log_base=None, log_level=None, verb_name='build', build_base='build', install_base='install', merge_install=False, symlink_install=False, test_result_base=None, continue_on_error=False, executor='parallel', parallel_workers=8, event_handlers=None, ignore_user_meta=False, metas=['./colcon.meta'], base_paths=['.'], packages_ignore=None, packages_ignore_regex=None, paths=None, packages_up_to=None, packages_up_to_regex=None, packages_above=None, packages_above_and_dependencies=None, packages_above_depth=None, packages_select_by_dep=None, packages_skip_by_dep=None, packages_skip_up_to=None, packages_select_build_failed=False, packages_skip_build_finished=False, packages_select_test_failures=False, packages_skip_test_passed=False, packages_select=None, packages_skip=None, packages_select_regex=None, packages_skip_regex=None, packages_start=None, packages_end=None, allow_overriding=[], cmake_args=None, cmake_target=None, cmake_target_skip_unavailable=False, cmake_clean_cache=False, cmake_clean_first=False, cmake_force_configure=False, ament_cmake_args=None, catkin_cmake_args=None, catkin_skip_building_tests=False, mixin_files=None, mixin=None, verb_parser=<colcon_mixin.mixin.mixin_argument.MixinArgumentDecorator object at 0x79970d64ebc0>, verb_extension=<colcon_core.verb.build.BuildVerb object at 0x79970d74b280>, main=<bound method BuildVerb.main of <colcon_core.verb.build.BuildVerb object at 0x79970d74b280>>, mixin_verb=('build',))
[6.921s] Level 1:colcon.colcon_core.package_discovery:discover_packages(colcon_meta) check parameters
[6.921s] Level 1:colcon.colcon_core.package_discovery:discover_packages(recursive) check parameters
[6.921s] Level 1:colcon.colcon_core.package_discovery:discover_packages(ignore) check parameters
[6.921s] Level 1:colcon.colcon_core.package_discovery:discover_packages(path) check parameters
[6.921s] Level 1:colcon.colcon_core.package_discovery:discover_packages(colcon_meta) discover
[6.922s] Level 1:colcon.colcon_core.package_discovery:discover_packages(recursive) discover
[6.922s] INFO:colcon.colcon_core.package_discovery:Crawling recursively for packages in '/home/holberton/ros2_ws'
[6.922s] Level 1:colcon.colcon_core.package_identification:_identify(.) by extensions ['ignore', 'ignore_ament_install']
[6.923s] Level 1:colcon.colcon_core.package_identification:_identify(.) by extension 'ignore'
[6.923s] Level 1:colcon.colcon_core.package_identification:_identify(.) by extension 'ignore_ament_install'
[6.923s] Level 1:colcon.colcon_core.package_identification:_identify(.) by extensions ['colcon_pkg']
[6.923s] Level 1:colcon.colcon_core.package_identification:_identify(.) by extension 'colcon_pkg'
[6.923s] Level 1:colcon.colcon_core.package_identification:_identify(.) by extensions ['colcon_meta']
[6.924s] Level 1:colcon.colcon_core.package_identification:_identify(.) by extension 'colcon_meta'
[6.924s] Level 1:colcon.colcon_core.package_identification:_identify(.) by extensions ['ros']
[6.924s] Level 1:colcon.colcon_core.package_identification:_identify(.) by extension 'ros'
[7.007s] Level 1:colcon.colcon_core.package_identification:_identify(.) by extensions ['cmake', 'python']
[7.007s] Level 1:colcon.colcon_core.package_identification:_identify(.) by extension 'cmake'
[7.008s] Level 1:colcon.colcon_core.package_identification:_identify(.) by extension 'python'
[7.008s] Level 1:colcon.colcon_core.package_identification:_identify(.) by extensions ['python_setup_py']
[7.008s] Level 1:colcon.colcon_core.package_identification:_identify(.) by extension 'python_setup_py'
[7.008s] Level 1:colcon.colcon_core.package_identification:_identify(build) by extensions ['ignore', 'ignore_ament_install']
[7.008s] Level 1:colcon.colcon_core.package_identification:_identify(build) by extension 'ignore'
[7.009s] Level 1:colcon.colcon_core.package_identification:_identify(build) ignored
[7.009s] Level 1:colcon.colcon_core.package_identification:_identify(install) by extensions ['ignore', 'ignore_ament_install']
[7.009s] Level 1:colcon.colcon_core.package_identification:_identify(install) by extension 'ignore'
[7.009s] Level 1:colcon.colcon_core.package_identification:_identify(install) ignored
[7.010s] Level 1:colcon.colcon_core.package_identification:_identify(log) by extensions ['ignore', 'ignore_ament_install']
[7.010s] Level 1:colcon.colcon_core.package_identification:_identify(log) by extension 'ignore'
[7.010s] Level 1:colcon.colcon_core.package_identification:_identify(log) ignored
[7.028s] Level 1:colcon.colcon_core.package_identification:_identify(src) by extensions ['ignore', 'ignore_ament_install']
[7.028s] Level 1:colcon.colcon_core.package_identification:_identify(src) by extension 'ignore'
[7.028s] Level 1:colcon.colcon_core.package_identification:_identify(src) by extension 'ignore_ament_install'
[7.028s] Level 1:colcon.colcon_core.package_identification:_identify(src) by extensions ['colcon_pkg']
[7.028s] Level 1:colcon.colcon_core.package_identification:_identify(src) by extension 'colcon_pkg'
[7.028s] Level 1:colcon.colcon_core.package_identification:_identify(src) by extensions ['colcon_meta']
[7.028s] Level 1:colcon.colcon_core.package_identification:_identify(src) by extension 'colcon_meta'
[7.029s] Level 1:colcon.colcon_core.package_identification:_identify(src) by extensions ['ros']
[7.029s] Level 1:colcon.colcon_core.package_identification:_identify(src) by extension 'ros'
[7.029s] Level 1:colcon.colcon_core.package_identification:_identify(src) by extensions ['cmake', 'python']
[7.029s] Level 1:colcon.colcon_core.package_identification:_identify(src) by extension 'cmake'
[7.029s] Level 1:colcon.colcon_core.package_identification:_identify(src) by extension 'python'
[7.029s] Level 1:colcon.colcon_core.package_identification:_identify(src) by extensions ['python_setup_py']
[7.029s] Level 1:colcon.colcon_core.package_identification:_identify(src) by extension 'python_setup_py'
[7.040s] Level 1:colcon.colcon_core.package_identification:_identify(src/auto_nav) by extensions ['ignore', 'ignore_ament_install']
[7.040s] Level 1:colcon.colcon_core.package_identification:_identify(src/auto_nav) by extension 'ignore'
[7.040s] Level 1:colcon.colcon_core.package_identification:_identify(src/auto_nav) by extension 'ignore_ament_install'
[7.040s] Level 1:colcon.colcon_core.package_identification:_identify(src/auto_nav) by extensions ['colcon_pkg']
[7.040s] Level 1:colcon.colcon_core.package_identification:_identify(src/auto_nav) by extension 'colcon_pkg'
[7.041s] Level 1:colcon.colcon_core.package_identification:_identify(src/auto_nav) by extensions ['colcon_meta']
[7.041s] Level 1:colcon.colcon_core.package_identification:_identify(src/auto_nav) by extension 'colcon_meta'
[7.041s] Level 1:colcon.colcon_core.package_identification:_identify(src/auto_nav) by extensions ['ros']
[7.041s] Level 1:colcon.colcon_core.package_identification:_identify(src/auto_nav) by extension 'ros'
[7.096s] DEBUG:colcon.colcon_core.package_identification:Package 'src/auto_nav' with type 'ros.ament_python' and name 'auto_nav'
[7.112s] Level 1:colcon.colcon_core.package_identification:_identify(src/parc_robot) by extensions ['ignore', 'ignore_ament_install']
[7.113s] Level 1:colcon.colcon_core.package_identification:_identify(src/parc_robot) by extension 'ignore'
[7.113s] Level 1:colcon.colcon_core.package_identification:_identify(src/parc_robot) by extension 'ignore_ament_install'
[7.113s] Level 1:colcon.colcon_core.package_identification:_identify(src/parc_robot) by extensions ['colcon_pkg']
[7.113s] Level 1:colcon.colcon_core.package_identification:_identify(src/parc_robot) by extension 'colcon_pkg'
[7.114s] Level 1:colcon.colcon_core.package_identification:_identify(src/parc_robot) by extensions ['colcon_meta']
[7.114s] Level 1:colcon.colcon_core.package_identification:_identify(src/parc_robot) by extension 'colcon_meta'
[7.114s] Level 1:colcon.colcon_core.package_identification:_identify(src/parc_robot) by extensions ['ros']
[7.114s] Level 1:colcon.colcon_core.package_identification:_identify(src/parc_robot) by extension 'ros'
[7.119s] DEBUG:colcon.colcon_core.package_identification:Package 'src/parc_robot' with type 'ros.ament_cmake' and name 'parc_robot'
[7.128s] Level 1:colcon.colcon_core.package_identification:_identify(src/parc_robot_bringup) by extensions ['ignore', 'ignore_ament_install']
[7.128s] Level 1:colcon.colcon_core.package_identification:_identify(src/parc_robot_bringup) by extension 'ignore'
[7.129s] Level 1:colcon.colcon_core.package_identification:_identify(src/parc_robot_bringup) by extension 'ignore_ament_install'
[7.129s] Level 1:colcon.colcon_core.package_identification:_identify(src/parc_robot_bringup) by extensions ['colcon_pkg']
[7.129s] Level 1:colcon.colcon_core.package_identification:_identify(src/parc_robot_bringup) by extension 'colcon_pkg'
[7.129s] Level 1:colcon.colcon_core.package_identification:_identify(src/parc_robot_bringup) by extensions ['colcon_meta']
[7.129s] Level 1:colcon.colcon_core.package_identification:_identify(src/parc_robot_bringup) by extension 'colcon_meta'
[7.130s] Level 1:colcon.colcon_core.package_identification:_identify(src/parc_robot_bringup) by extensions ['ros']
[7.130s] Level 1:colcon.colcon_core.package_identification:_identify(src/parc_robot_bringup) by extension 'ros'
[7.140s] DEBUG:colcon.colcon_core.package_identification:Package 'src/parc_robot_bringup' with type 'ros.ament_cmake' and name 'parc_robot_bringup'
[7.148s] Level 1:colcon.colcon_core.package_identification:_identify(src/parc_robot_description) by extensions ['ignore', 'ignore_ament_install']
[7.149s] Level 1:colcon.colcon_core.package_identification:_identify(src/parc_robot_description) by extension 'ignore'
[7.149s] Level 1:colcon.colcon_core.package_identification:_identify(src/parc_robot_description) by extension 'ignore_ament_install'
[7.149s] Level 1:colcon.colcon_core.package_identification:_identify(src/parc_robot_description) by extensions ['colcon_pkg']
[7.149s] Level 1:colcon.colcon_core.package_identification:_identify(src/parc_robot_description) by extension 'colcon_pkg'
[7.150s] Level 1:colcon.colcon_core.package_identification:_identify(src/parc_robot_description) by extensions ['colcon_meta']
[7.150s] Level 1:colcon.colcon_core.package_identification:_identify(src/parc_robot_description) by extension 'colcon_meta'
[7.150s] Level 1:colcon.colcon_core.package_identification:_identify(src/parc_robot_description) by extensions ['ros']
[7.150s] Level 1:colcon.colcon_core.package_identification:_identify(src/parc_robot_description) by extension 'ros'
[7.156s] DEBUG:colcon.colcon_core.package_identification:Package 'src/parc_robot_description' with type 'ros.ament_cmake' and name 'parc_robot_description'
[7.159s] Level 1:colcon.colcon_core.package_identification:_identify(src/parc_robot_interfaces) by extensions ['ignore', 'ignore_ament_install']
[7.160s] Level 1:colcon.colcon_core.package_identification:_identify(src/parc_robot_interfaces) by extension 'ignore'
[7.160s] Level 1:colcon.colcon_core.package_identification:_identify(src/parc_robot_interfaces) by extension 'ignore_ament_install'
[7.160s] Level 1:colcon.colcon_core.package_identification:_identify(src/parc_robot_interfaces) by extensions ['colcon_pkg']
[7.160s] Level 1:colcon.colcon_core.package_identification:_identify(src/parc_robot_interfaces) by extension 'colcon_pkg'
[7.161s] Level 1:colcon.colcon_core.package_identification:_identify(src/parc_robot_interfaces) by extensions ['colcon_meta']
[7.161s] Level 1:colcon.colcon_core.package_identification:_identify(src/parc_robot_interfaces) by extension 'colcon_meta'
[7.161s] Level 1:colcon.colcon_core.package_identification:_identify(src/parc_robot_interfaces) by extensions ['ros']
[7.161s] Level 1:colcon.colcon_core.package_identification:_identify(src/parc_robot_interfaces) by extension 'ros'
[7.164s] DEBUG:colcon.colcon_core.package_identification:Package 'src/parc_robot_interfaces' with type 'ros.ament_cmake' and name 'parc_robot_interfaces'
[7.165s] Level 1:colcon.colcon_core.package_identification:_identify(src/resources) by extensions ['ignore', 'ignore_ament_install']
[7.165s] Level 1:colcon.colcon_core.package_identification:_identify(src/resources) by extension 'ignore'
[7.165s] Level 1:colcon.colcon_core.package_identification:_identify(src/resources) by extension 'ignore_ament_install'
[7.166s] Level 1:colcon.colcon_core.package_identification:_identify(src/resources) by extensions ['colcon_pkg']
[7.166s] Level 1:colcon.colcon_core.package_identification:_identify(src/resources) by extension 'colcon_pkg'
[7.166s] Level 1:colcon.colcon_core.package_identification:_identify(src/resources) by extensions ['colcon_meta']
[7.166s] Level 1:colcon.colcon_core.package_identification:_identify(src/resources) by extension 'colcon_meta'
[7.166s] Level 1:colcon.colcon_core.package_identification:_identify(src/resources) by extensions ['ros']
[7.166s] Level 1:colcon.colcon_core.package_identification:_identify(src/resources) by extension 'ros'
[7.167s] Level 1:colcon.colcon_core.package_identification:_identify(src/resources) by extensions ['cmake', 'python']
[7.167s] Level 1:colcon.colcon_core.package_identification:_identify(src/resources) by extension 'cmake'
[7.167s] Level 1:colcon.colcon_core.package_identification:_identify(src/resources) by extension 'python'
[7.167s] Level 1:colcon.colcon_core.package_identification:_identify(src/resources) by extensions ['python_setup_py']
[7.167s] Level 1:colcon.colcon_core.package_identification:_identify(src/resources) by extension 'python_setup_py'
[7.180s] Level 1:colcon.colcon_core.package_identification:_identify(src/test_publisher) by extensions ['ignore', 'ignore_ament_install']
[7.181s] Level 1:colcon.colcon_core.package_identification:_identify(src/test_publisher) by extension 'ignore'
[7.181s] Level 1:colcon.colcon_core.package_identification:_identify(src/test_publisher) by extension 'ignore_ament_install'
[7.181s] Level 1:colcon.colcon_core.package_identification:_identify(src/test_publisher) by extensions ['colcon_pkg']
[7.182s] Level 1:colcon.colcon_core.package_identification:_identify(src/test_publisher) by extension 'colcon_pkg'
[7.182s] Level 1:colcon.colcon_core.package_identification:_identify(src/test_publisher) by extensions ['colcon_meta']
[7.182s] Level 1:colcon.colcon_core.package_identification:_identify(src/test_publisher) by extension 'colcon_meta'
[7.182s] Level 1:colcon.colcon_core.package_identification:_identify(src/test_publisher) by extensions ['ros']
[7.182s] Level 1:colcon.colcon_core.package_identification:_identify(src/test_publisher) by extension 'ros'
[7.193s] DEBUG:colcon.colcon_core.package_identification:Package 'src/test_publisher' with type 'ros.ament_python' and name 'test_publisher'
[7.193s] Level 1:colcon.colcon_core.package_discovery:discover_packages(recursive) using defaults
[7.193s] Level 1:colcon.colcon_core.package_discovery:discover_packages(ignore) discover
[7.193s] Level 1:colcon.colcon_core.package_discovery:discover_packages(ignore) using defaults
[7.194s] Level 1:colcon.colcon_core.package_discovery:discover_packages(path) discover
[7.194s] Level 1:colcon.colcon_core.package_discovery:discover_packages(path) using defaults
[7.511s] Level 1:colcon.colcon_core.package_discovery:discover_packages(prefix_path) check parameters
[7.511s] Level 1:colcon.colcon_core.package_discovery:discover_packages(prefix_path) discover
[7.521s] DEBUG:colcon.colcon_installed_package_information.package_discovery:Found 6 installed packages in /home/holberton/ros2_ws/install
[7.526s] DEBUG:colcon.colcon_installed_package_information.package_discovery:Found 288 installed packages in /opt/ros/humble
[7.532s] Level 1:colcon.colcon_core.package_discovery:discover_packages(prefix_path) using defaults
[7.764s] Level 5:colcon.colcon_core.verb:set package 'auto_nav' build argument 'cmake_args' from command line to 'None'
[7.764s] Level 5:colcon.colcon_core.verb:set package 'auto_nav' build argument 'cmake_target' from command line to 'None'
[7.764s] Level 5:colcon.colcon_core.verb:set package 'auto_nav' build argument 'cmake_target_skip_unavailable' from command line to 'False'
[7.764s] Level 5:colcon.colcon_core.verb:set package 'auto_nav' build argument 'cmake_clean_cache' from command line to 'False'
[7.765s] Level 5:colcon.colcon_core.verb:set package 'auto_nav' build argument 'cmake_clean_first' from command line to 'False'
[7.765s] Level 5:colcon.colcon_core.verb:set package 'auto_nav' build argument 'cmake_force_configure' from command line to 'False'
[7.765s] Level 5:colcon.colcon_core.verb:set package 'auto_nav' build argument 'ament_cmake_args' from command line to 'None'
[7.765s] Level 5:colcon.colcon_core.verb:set package 'auto_nav' build argument 'catkin_cmake_args' from command line to 'None'
[7.765s] Level 5:colcon.colcon_core.verb:set package 'auto_nav' build argument 'catkin_skip_building_tests' from command line to 'False'
[7.765s] DEBUG:colcon.colcon_core.verb:Building package 'auto_nav' with the following arguments: {'ament_cmake_args': None, 'build_base': '/home/holberton/ros2_ws/build/auto_nav', 'catkin_cmake_args': None, 'catkin_skip_building_tests': False, 'cmake_args': None, 'cmake_clean_cache': False, 'cmake_clean_first': False, 'cmake_force_configure': False, 'cmake_target': None, 'cmake_target_skip_unavailable': False, 'install_base': '/home/holberton/ros2_ws/install/auto_nav', 'merge_install': False, 'path': '/home/holberton/ros2_ws/src/auto_nav', 'symlink_install': False, 'test_result_base': None}
[7.765s] Level 5:colcon.colcon_core.verb:set package 'parc_robot' build argument 'cmake_args' from command line to 'None'
[7.765s] Level 5:colcon.colcon_core.verb:set package 'parc_robot' build argument 'cmake_target' from command line to 'None'
[7.765s] Level 5:colcon.colcon_core.verb:set package 'parc_robot' build argument 'cmake_target_skip_unavailable' from command line to 'False'
[7.765s] Level 5:colcon.colcon_core.verb:set package 'parc_robot' build argument 'cmake_clean_cache' from command line to 'False'
[7.765s] Level 5:colcon.colcon_core.verb:set package 'parc_robot' build argument 'cmake_clean_first' from command line to 'False'
[7.765s] Level 5:colcon.colcon_core.verb:set package 'parc_robot' build argument 'cmake_force_configure' from command line to 'False'
[7.765s] Level 5:colcon.colcon_core.verb:set package 'parc_robot' build argument 'ament_cmake_args' from command line to 'None'
[7.765s] Level 5:colcon.colcon_core.verb:set package 'parc_robot' build argument 'catkin_cmake_args' from command line to 'None'
[7.765s] Level 5:colcon.colcon_core.verb:set package 'parc_robot' build argument 'catkin_skip_building_tests' from command line to 'False'
[7.765s] DEBUG:colcon.colcon_core.verb:Building package 'parc_robot' with the following arguments: {'ament_cmake_args': None, 'build_base': '/home/holberton/ros2_ws/build/parc_robot', 'catkin_cmake_args': None, 'catkin_skip_building_tests': False, 'cmake_args': None, 'cmake_clean_cache': False, 'cmake_clean_first': False, 'cmake_force_configure': False, 'cmake_target': None, 'cmake_target_skip_unavailable': False, 'install_base': '/home/holberton/ros2_ws/install/parc_robot', 'merge_install': False, 'path': '/home/holberton/ros2_ws/src/parc_robot', 'symlink_install': False, 'test_result_base': None}
[7.766s] Level 5:colcon.colcon_core.verb:set package 'parc_robot_description' build argument 'cmake_args' from command line to 'None'
[7.766s] Level 5:colcon.colcon_core.verb:set package 'parc_robot_description' build argument 'cmake_target' from command line to 'None'
[7.766s] Level 5:colcon.colcon_core.verb:set package 'parc_robot_description' build argument 'cmake_target_skip_unavailable' from command line to 'False'
[7.766s] Level 5:colcon.colcon_core.verb:set package 'parc_robot_description' build argument 'cmake_clean_cache' from command line to 'False'
[7.766s] Level 5:colcon.colcon_core.verb:set package 'parc_robot_description' build argument 'cmake_clean_first' from command line to 'False'
[7.766s] Level 5:colcon.colcon_core.verb:set package 'parc_robot_description' build argument 'cmake_force_configure' from command line to 'False'
[7.766s] Level 5:colcon.colcon_core.verb:set package 'parc_robot_description' build argument 'ament_cmake_args' from command line to 'None'
[7.766s] Level 5:colcon.colcon_core.verb:set package 'parc_robot_description' build argument 'catkin_cmake_args' from command line to 'None'
[7.766s] Level 5:colcon.colcon_core.verb:set package 'parc_robot_description' build argument 'catkin_skip_building_tests' from command line to 'False'
[7.766s] DEBUG:colcon.colcon_core.verb:Building package 'parc_robot_description' with the following arguments: {'ament_cmake_args': None, 'build_base': '/home/holberton/ros2_ws/build/parc_robot_description', 'catkin_cmake_args': None, 'catkin_skip_building_tests': False, 'cmake_args': None, 'cmake_clean_cache': False, 'cmake_clean_first': False, 'cmake_force_configure': False, 'cmake_target': None, 'cmake_target_skip_unavailable': False, 'install_base': '/home/holberton/ros2_ws/install/parc_robot_description', 'merge_install': False, 'path': '/home/holberton/ros2_ws/src/parc_robot_description', 'symlink_install': False, 'test_result_base': None}
[7.766s] Level 5:colcon.colcon_core.verb:set package 'parc_robot_interfaces' build argument 'cmake_args' from command line to 'None'
[7.766s] Level 5:colcon.colcon_core.verb:set package 'parc_robot_interfaces' build argument 'cmake_target' from command line to 'None'
[7.766s] Level 5:colcon.colcon_core.verb:set package 'parc_robot_interfaces' build argument 'cmake_target_skip_unavailable' from command line to 'False'
[7.766s] Level 5:colcon.colcon_core.verb:set package 'parc_robot_interfaces' build argument 'cmake_clean_cache' from command line to 'False'
[7.766s] Level 5:colcon.colcon_core.verb:set package 'parc_robot_interfaces' build argument 'cmake_clean_first' from command line to 'False'
[7.766s] Level 5:colcon.colcon_core.verb:set package 'parc_robot_interfaces' build argument 'cmake_force_configure' from command line to 'False'
[7.766s] Level 5:colcon.colcon_core.verb:set package 'parc_robot_interfaces' build argument 'ament_cmake_args' from command line to 'None'
[7.766s] Level 5:colcon.colcon_core.verb:set package 'parc_robot_interfaces' build argument 'catkin_cmake_args' from command line to 'None'
[7.767s] Level 5:colcon.colcon_core.verb:set package 'parc_robot_interfaces' build argument 'catkin_skip_building_tests' from command line to 'False'
[7.767s] DEBUG:colcon.colcon_core.verb:Building package 'parc_robot_interfaces' with the following arguments: {'ament_cmake_args': None, 'build_base': '/home/holberton/ros2_ws/build/parc_robot_interfaces', 'catkin_cmake_args': None, 'catkin_skip_building_tests': False, 'cmake_args': None, 'cmake_clean_cache': False, 'cmake_clean_first': False, 'cmake_force_configure': False, 'cmake_target': None, 'cmake_target_skip_unavailable': False, 'install_base': '/home/holberton/ros2_ws/install/parc_robot_interfaces', 'merge_install': False, 'path': '/home/holberton/ros2_ws/src/parc_robot_interfaces', 'symlink_install': False, 'test_result_base': None}
[7.767s] Level 5:colcon.colcon_core.verb:set package 'test_publisher' build argument 'cmake_args' from command line to 'None'
[7.767s] Level 5:colcon.colcon_core.verb:set package 'test_publisher' build argument 'cmake_target' from command line to 'None'
[7.767s] Level 5:colcon.colcon_core.verb:set package 'test_publisher' build argument 'cmake_target_skip_unavailable' from command line to 'False'
[7.767s] Level 5:colcon.colcon_core.verb:set package 'test_publisher' build argument 'cmake_clean_cache' from command line to 'False'
[7.767s] Level 5:colcon.colcon_core.verb:set package 'test_publisher' build argument 'cmake_clean_first' from command line to 'False'
[7.767s] Level 5:colcon.colcon_core.verb:set package 'test_publisher' build argument 'cmake_force_configure' from command line to 'False'
[7.767s] Level 5:colcon.colcon_core.verb:set package 'test_publisher' build argument 'ament_cmake_args' from command line to 'None'
[7.767s] Level 5:colcon.colcon_core.verb:set package 'test_publisher' build argument 'catkin_cmake_args' from command line to 'None'
[7.767s] Level 5:colcon.colcon_core.verb:set package 'test_publisher' build argument 'catkin_skip_building_tests' from command line to 'False'
[7.767s] DEBUG:colcon.colcon_core.verb:Building package 'test_publisher' with the following arguments: {'ament_cmake_args': None, 'build_base': '/home/holberton/ros2_ws/build/test_publisher', 'catkin_cmake_args': None, 'catkin_skip_building_tests': False, 'cmake_args': None, 'cmake_clean_cache': False, 'cmake_clean_first': False, 'cmake_force_configure': False, 'cmake_target': None, 'cmake_target_skip_unavailable': False, 'install_base': '/home/holberton/ros2_ws/install/test_publisher', 'merge_install': False, 'path': '/home/holberton/ros2_ws/src/test_publisher', 'symlink_install': False, 'test_result_base': None}
[7.768s] Level 5:colcon.colcon_core.verb:set package 'parc_robot_bringup' build argument 'cmake_args' from command line to 'None'
[7.768s] Level 5:colcon.colcon_core.verb:set package 'parc_robot_bringup' build argument 'cmake_target' from command line to 'None'
[7.768s] Level 5:colcon.colcon_core.verb:set package 'parc_robot_bringup' build argument 'cmake_target_skip_unavailable' from command line to 'False'
[7.768s] Level 5:colcon.colcon_core.verb:set package 'parc_robot_bringup' build argument 'cmake_clean_cache' from command line to 'False'
[7.768s] Level 5:colcon.colcon_core.verb:set package 'parc_robot_bringup' build argument 'cmake_clean_first' from command line to 'False'
[7.768s] Level 5:colcon.colcon_core.verb:set package 'parc_robot_bringup' build argument 'cmake_force_configure' from command line to 'False'
[7.768s] Level 5:colcon.colcon_core.verb:set package 'parc_robot_bringup' build argument 'ament_cmake_args' from command line to 'None'
[7.768s] Level 5:colcon.colcon_core.verb:set package 'parc_robot_bringup' build argument 'catkin_cmake_args' from command line to 'None'
[7.768s] Level 5:colcon.colcon_core.verb:set package 'parc_robot_bringup' build argument 'catkin_skip_building_tests' from command line to 'False'
[7.768s] DEBUG:colcon.colcon_core.verb:Building package 'parc_robot_bringup' with the following arguments: {'ament_cmake_args': None, 'build_base': '/home/holberton/ros2_ws/build/parc_robot_bringup', 'catkin_cmake_args': None, 'catkin_skip_building_tests': False, 'cmake_args': None, 'cmake_clean_cache': False, 'cmake_clean_first': False, 'cmake_force_configure': False, 'cmake_target': None, 'cmake_target_skip_unavailable': False, 'install_base': '/home/holberton/ros2_ws/install/parc_robot_bringup', 'merge_install': False, 'path': '/home/holberton/ros2_ws/src/parc_robot_bringup', 'symlink_install': False, 'test_result_base': None}
[7.768s] INFO:colcon.colcon_core.executor:Executing jobs using 'parallel' executor
[7.769s] DEBUG:colcon.colcon_parallel_executor.executor.parallel:run_until_complete
[7.769s] INFO:colcon.colcon_ros.task.ament_cmake.build:Building ROS package in '/home/holberton/ros2_ws/src/parc_robot_description' with build type 'ament_cmake'
[7.769s] INFO:colcon.colcon_cmake.task.cmake.build:Building CMake package in '/home/holberton/ros2_ws/src/parc_robot_description'
[7.820s] INFO:colcon.colcon_core.plugin_system:Skipping extension 'colcon_core.shell.bat': Not used on non-Windows systems
[7.820s] INFO:colcon.colcon_core.shell:Skip shell extension 'powershell' for command environment: Not usable outside of PowerShell
[7.820s] DEBUG:colcon.colcon_core.shell:Skip shell extension 'dsv' for command environment
[7.837s] INFO:colcon.colcon_ros.task.ament_cmake.build:Building ROS package in '/home/holberton/ros2_ws/src/parc_robot_interfaces' with build type 'ament_cmake'
[7.837s] INFO:colcon.colcon_cmake.task.cmake.build:Building CMake package in '/home/holberton/ros2_ws/src/parc_robot_interfaces'
[7.838s] INFO:colcon.colcon_core.shell:Skip shell extension 'powershell' for command environment: Not usable outside of PowerShell
[7.838s] DEBUG:colcon.colcon_core.shell:Skip shell extension 'dsv' for command environment
[7.843s] INFO:colcon.colcon_ros.task.ament_python.build:Building ROS package in '/home/holberton/ros2_ws/src/auto_nav' with build type 'ament_python'
[7.844s] Level 1:colcon.colcon_core.shell:create_environment_hook('auto_nav', 'ament_prefix_path')
[7.844s] INFO:colcon.colcon_core.shell:Creating environment hook '/home/holberton/ros2_ws/install/auto_nav/share/auto_nav/hook/ament_prefix_path.ps1'
[7.863s] INFO:colcon.colcon_core.shell:Creating environment descriptor '/home/holberton/ros2_ws/install/auto_nav/share/auto_nav/hook/ament_prefix_path.dsv'
[7.864s] INFO:colcon.colcon_core.shell:Creating environment hook '/home/holberton/ros2_ws/install/auto_nav/share/auto_nav/hook/ament_prefix_path.sh'
[7.867s] INFO:colcon.colcon_core.shell:Skip shell extension 'powershell' for command environment: Not usable outside of PowerShell
[7.867s] DEBUG:colcon.colcon_core.shell:Skip shell extension 'dsv' for command environment
[7.877s] INFO:colcon.colcon_ros.task.ament_cmake.build:Building ROS package in '/home/holberton/ros2_ws/src/parc_robot' with build type 'ament_cmake'
[7.878s] INFO:colcon.colcon_cmake.task.cmake.build:Building CMake package in '/home/holberton/ros2_ws/src/parc_robot'
[7.879s] INFO:colcon.colcon_core.shell:Skip shell extension 'powershell' for command environment: Not usable outside of PowerShell
[7.879s] DEBUG:colcon.colcon_core.shell:Skip shell extension 'dsv' for command environment
[7.892s] INFO:colcon.colcon_ros.task.ament_python.build:Building ROS package in '/home/holberton/ros2_ws/src/test_publisher' with build type 'ament_python'
[7.892s] Level 1:colcon.colcon_core.shell:create_environment_hook('test_publisher', 'ament_prefix_path')
[7.893s] INFO:colcon.colcon_core.shell:Creating environment hook '/home/holberton/ros2_ws/install/test_publisher/share/test_publisher/hook/ament_prefix_path.ps1'
[7.894s] INFO:colcon.colcon_core.shell:Creating environment descriptor '/home/holberton/ros2_ws/install/test_publisher/share/test_publisher/hook/ament_prefix_path.dsv'
[7.894s] INFO:colcon.colcon_core.shell:Creating environment hook '/home/holberton/ros2_ws/install/test_publisher/share/test_publisher/hook/ament_prefix_path.sh'
[7.895s] INFO:colcon.colcon_core.shell:Skip shell extension 'powershell' for command environment: Not usable outside of PowerShell
[7.896s] DEBUG:colcon.colcon_core.shell:Skip shell extension 'dsv' for command environment
[7.931s] DEBUG:colcon.colcon_core.event_handler.log_command:Invoking command in '/home/holberton/ros2_ws/build/parc_robot_description': CMAKE_PREFIX_PATH=${CMAKE_PREFIX_PATH}:/home/holberton/ros2_ws/install/test_publisher:/home/holberton/ros2_ws/install/auto_nav:/opt/ros/humble /usr/bin/cmake --build /home/holberton/ros2_ws/build/parc_robot_description -- -j8 -l8
[8.060s] DEBUG:colcon.colcon_core.event_handler.log_command:Invoking command in '/home/holberton/ros2_ws/build/parc_robot_interfaces': CMAKE_PREFIX_PATH=${CMAKE_PREFIX_PATH}:/home/holberton/ros2_ws/install/test_publisher:/home/holberton/ros2_ws/install/auto_nav:/opt/ros/humble /usr/bin/cmake --build /home/holberton/ros2_ws/build/parc_robot_interfaces -- -j8 -l8
[8.559s] INFO:colcon.colcon_core.task.python.build:Building Python package in '/home/holberton/ros2_ws/src/auto_nav'
[8.560s] INFO:colcon.colcon_core.shell:Skip shell extension 'powershell' for command environment: Not usable outside of PowerShell
[8.560s] DEBUG:colcon.colcon_core.shell:Skip shell extension 'dsv' for command environment
[8.619s] DEBUG:colcon.colcon_core.event_handler.log_command:Invoking command in '/home/holberton/ros2_ws/build/parc_robot': CMAKE_PREFIX_PATH=${CMAKE_PREFIX_PATH}:/home/holberton/ros2_ws/install/test_publisher:/home/holberton/ros2_ws/install/auto_nav:/opt/ros/humble /usr/bin/cmake --build /home/holberton/ros2_ws/build/parc_robot -- -j8 -l8
[8.994s] INFO:colcon.colcon_core.task.python.build:Building Python package in '/home/holberton/ros2_ws/src/test_publisher'
[8.994s] INFO:colcon.colcon_core.shell:Skip shell extension 'powershell' for command environment: Not usable outside of PowerShell
[8.994s] DEBUG:colcon.colcon_core.shell:Skip shell extension 'dsv' for command environment
[9.036s] DEBUG:colcon.colcon_core.event_handler.log_command:Invoked command in '/home/holberton/ros2_ws/build/parc_robot_description' returned '0': CMAKE_PREFIX_PATH=${CMAKE_PREFIX_PATH}:/home/holberton/ros2_ws/install/test_publisher:/home/holberton/ros2_ws/install/auto_nav:/opt/ros/humble /usr/bin/cmake --build /home/holberton/ros2_ws/build/parc_robot_description -- -j8 -l8
[9.037s] DEBUG:colcon.colcon_core.event_handler.log_command:Invoked command in '/home/holberton/ros2_ws/build/parc_robot' returned '0': CMAKE_PREFIX_PATH=${CMAKE_PREFIX_PATH}:/home/holberton/ros2_ws/install/test_publisher:/home/holberton/ros2_ws/install/auto_nav:/opt/ros/humble /usr/bin/cmake --build /home/holberton/ros2_ws/build/parc_robot -- -j8 -l8
[9.066s] DEBUG:colcon.colcon_core.event_handler.log_command:Invoking command in '/home/holberton/ros2_ws/build/parc_robot_description': CMAKE_PREFIX_PATH=${CMAKE_PREFIX_PATH}:/home/holberton/ros2_ws/install/test_publisher:/home/holberton/ros2_ws/install/auto_nav:/opt/ros/humble /usr/bin/cmake --install /home/holberton/ros2_ws/build/parc_robot_description
[9.068s] DEBUG:colcon.colcon_core.event_handler.log_command:Invoking command in '/home/holberton/ros2_ws/build/parc_robot': CMAKE_PREFIX_PATH=${CMAKE_PREFIX_PATH}:/home/holberton/ros2_ws/install/test_publisher:/home/holberton/ros2_ws/install/auto_nav:/opt/ros/humble /usr/bin/cmake --install /home/holberton/ros2_ws/build/parc_robot
[9.320s] Level 1:colcon.colcon_core.environment:create_environment_scripts_only(parc_robot)
[9.321s] DEBUG:colcon.colcon_core.event_handler.log_command:Invoked command in '/home/holberton/ros2_ws/build/parc_robot' returned '0': CMAKE_PREFIX_PATH=${CMAKE_PREFIX_PATH}:/home/holberton/ros2_ws/install/test_publisher:/home/holberton/ros2_ws/install/auto_nav:/opt/ros/humble /usr/bin/cmake --install /home/holberton/ros2_ws/build/parc_robot
[9.746s] Level 1:colcon.colcon_core.environment:checking '/home/holberton/ros2_ws/install/parc_robot' for CMake module files
[9.747s] Level 1:colcon.colcon_core.environment:checking '/home/holberton/ros2_ws/install/parc_robot' for CMake config files
[9.748s] Level 1:colcon.colcon_core.shell:create_environment_hook('parc_robot', 'cmake_prefix_path')
[9.748s] INFO:colcon.colcon_core.shell:Creating environment hook '/home/holberton/ros2_ws/install/parc_robot/share/parc_robot/hook/cmake_prefix_path.ps1'
[9.749s] INFO:colcon.colcon_core.shell:Creating environment descriptor '/home/holberton/ros2_ws/install/parc_robot/share/parc_robot/hook/cmake_prefix_path.dsv'
[9.749s] INFO:colcon.colcon_core.shell:Creating environment hook '/home/holberton/ros2_ws/install/parc_robot/share/parc_robot/hook/cmake_prefix_path.sh'
[9.750s] Level 1:colcon.colcon_core.environment:checking '/home/holberton/ros2_ws/install/parc_robot/bin'
[9.750s] Level 1:colcon.colcon_core.environment:checking '/home/holberton/ros2_ws/install/parc_robot/lib/pkgconfig/parc_robot.pc'
[9.751s] Level 1:colcon.colcon_core.environment:checking '/home/holberton/ros2_ws/install/parc_robot/lib/python3.10/site-packages'
[9.751s] Level 1:colcon.colcon_core.environment:checking '/home/holberton/ros2_ws/install/parc_robot/bin'
[9.751s] INFO:colcon.colcon_core.shell:Creating package script '/home/holberton/ros2_ws/install/parc_robot/share/parc_robot/package.ps1'
[9.783s] INFO:colcon.colcon_core.shell:Creating package descriptor '/home/holberton/ros2_ws/install/parc_robot/share/parc_robot/package.dsv'
[9.821s] INFO:colcon.colcon_core.shell:Creating package script '/home/holberton/ros2_ws/install/parc_robot/share/parc_robot/package.sh'
[9.822s] INFO:colcon.colcon_core.shell:Creating package script '/home/holberton/ros2_ws/install/parc_robot/share/parc_robot/package.bash'
[9.924s] INFO:colcon.colcon_core.shell:Creating package script '/home/holberton/ros2_ws/install/parc_robot/share/parc_robot/package.zsh'
[9.937s] Level 1:colcon.colcon_core.environment:create_file_with_runtime_dependencies(/home/holberton/ros2_ws/install/parc_robot/share/colcon-core/packages/parc_robot)
[9.944s] Level 1:colcon.colcon_core.environment:create_environment_scripts_only(parc_robot_description)
[9.946s] Level 1:colcon.colcon_core.environment:checking '/home/holberton/ros2_ws/install/parc_robot_description' for CMake module files
[9.949s] DEBUG:colcon.colcon_core.event_handler.log_command:Invoked command in '/home/holberton/ros2_ws/build/parc_robot_description' returned '0': CMAKE_PREFIX_PATH=${CMAKE_PREFIX_PATH}:/home/holberton/ros2_ws/install/test_publisher:/home/holberton/ros2_ws/install/auto_nav:/opt/ros/humble /usr/bin/cmake --install /home/holberton/ros2_ws/build/parc_robot_description
[9.951s] Level 1:colcon.colcon_core.environment:checking '/home/holberton/ros2_ws/install/parc_robot_description' for CMake config files
[9.953s] Level 1:colcon.colcon_core.shell:create_environment_hook('parc_robot_description', 'cmake_prefix_path')
[9.954s] INFO:colcon.colcon_core.shell:Creating environment hook '/home/holberton/ros2_ws/install/parc_robot_description/share/parc_robot_description/hook/cmake_prefix_path.ps1'
[9.955s] INFO:colcon.colcon_core.shell:Creating environment descriptor '/home/holberton/ros2_ws/install/parc_robot_description/share/parc_robot_description/hook/cmake_prefix_path.dsv'
[9.955s] INFO:colcon.colcon_core.shell:Creating environment hook '/home/holberton/ros2_ws/install/parc_robot_description/share/parc_robot_description/hook/cmake_prefix_path.sh'
[9.957s] Level 1:colcon.colcon_core.environment:checking '/home/holberton/ros2_ws/install/parc_robot_description/bin'
[9.957s] Level 1:colcon.colcon_core.environment:checking '/home/holberton/ros2_ws/install/parc_robot_description/lib/pkgconfig/parc_robot_description.pc'
[9.957s] Level 1:colcon.colcon_core.environment:checking '/home/holberton/ros2_ws/install/parc_robot_description/lib/python3.10/site-packages'
[9.958s] Level 1:colcon.colcon_core.environment:checking '/home/holberton/ros2_ws/install/parc_robot_description/bin'
[9.959s] INFO:colcon.colcon_core.shell:Creating package script '/home/holberton/ros2_ws/install/parc_robot_description/share/parc_robot_description/package.ps1'
[9.959s] INFO:colcon.colcon_core.shell:Creating package descriptor '/home/holberton/ros2_ws/install/parc_robot_description/share/parc_robot_description/package.dsv'
[9.960s] INFO:colcon.colcon_core.shell:Creating package script '/home/holberton/ros2_ws/install/parc_robot_description/share/parc_robot_description/package.sh'
[9.961s] INFO:colcon.colcon_core.shell:Creating package script '/home/holberton/ros2_ws/install/parc_robot_description/share/parc_robot_description/package.bash'
[9.962s] INFO:colcon.colcon_core.shell:Creating package script '/home/holberton/ros2_ws/install/parc_robot_description/share/parc_robot_description/package.zsh'
[9.962s] Level 1:colcon.colcon_core.environment:create_file_with_runtime_dependencies(/home/holberton/ros2_ws/install/parc_robot_description/share/colcon-core/packages/parc_robot_description)
[9.982s] Level 1:colcon.colcon_core.environment:create_environment_scripts_only(parc_robot)
[9.982s] Level 1:colcon.colcon_core.environment:checking '/home/holberton/ros2_ws/install/parc_robot' for CMake module files
[9.983s] Level 1:colcon.colcon_core.environment:checking '/home/holberton/ros2_ws/install/parc_robot' for CMake config files
[9.983s] Level 1:colcon.colcon_core.shell:create_environment_hook('parc_robot', 'cmake_prefix_path')
[9.983s] INFO:colcon.colcon_core.shell:Creating environment hook '/home/holberton/ros2_ws/install/parc_robot/share/parc_robot/hook/cmake_prefix_path.ps1'
[9.984s] INFO:colcon.colcon_core.shell:Creating environment descriptor '/home/holberton/ros2_ws/install/parc_robot/share/parc_robot/hook/cmake_prefix_path.dsv'
[9.984s] INFO:colcon.colcon_core.shell:Creating environment hook '/home/holberton/ros2_ws/install/parc_robot/share/parc_robot/hook/cmake_prefix_path.sh'
[9.985s] Level 1:colcon.colcon_core.environment:checking '/home/holberton/ros2_ws/install/parc_robot/bin'
[9.985s] Level 1:colcon.colcon_core.environment:checking '/home/holberton/ros2_ws/install/parc_robot/lib/pkgconfig/parc_robot.pc'
[9.985s] Level 1:colcon.colcon_core.environment:checking '/home/holberton/ros2_ws/install/parc_robot/lib/python3.10/site-packages'
[9.985s] Level 1:colcon.colcon_core.environment:checking '/home/holberton/ros2_ws/install/parc_robot/bin'
[9.985s] INFO:colcon.colcon_core.shell:Creating package script '/home/holberton/ros2_ws/install/parc_robot/share/parc_robot/package.ps1'
[9.986s] INFO:colcon.colcon_core.shell:Creating package descriptor '/home/holberton/ros2_ws/install/parc_robot/share/parc_robot/package.dsv'
[9.987s] INFO:colcon.colcon_core.shell:Creating package script '/home/holberton/ros2_ws/install/parc_robot/share/parc_robot/package.sh'
[9.987s] INFO:colcon.colcon_core.shell:Creating package script '/home/holberton/ros2_ws/install/parc_robot/share/parc_robot/package.bash'
[9.989s] INFO:colcon.colcon_core.shell:Creating package script '/home/holberton/ros2_ws/install/parc_robot/share/parc_robot/package.zsh'
[9.989s] Level 1:colcon.colcon_core.environment:create_file_with_runtime_dependencies(/home/holberton/ros2_ws/install/parc_robot/share/colcon-core/packages/parc_robot)
[9.990s] Level 1:colcon.colcon_core.environment:create_environment_scripts_only(parc_robot_description)
[9.991s] Level 1:colcon.colcon_core.environment:checking '/home/holberton/ros2_ws/install/parc_robot_description' for CMake module files
[9.992s] Level 1:colcon.colcon_core.environment:checking '/home/holberton/ros2_ws/install/parc_robot_description' for CMake config files
[9.992s] Level 1:colcon.colcon_core.shell:create_environment_hook('parc_robot_description', 'cmake_prefix_path')
[9.992s] INFO:colcon.colcon_core.shell:Creating environment hook '/home/holberton/ros2_ws/install/parc_robot_description/share/parc_robot_description/hook/cmake_prefix_path.ps1'
[9.992s] INFO:colcon.colcon_core.shell:Creating environment descriptor '/home/holberton/ros2_ws/install/parc_robot_description/share/parc_robot_description/hook/cmake_prefix_path.dsv'
[9.993s] INFO:colcon.colcon_core.shell:Creating environment hook '/home/holberton/ros2_ws/install/parc_robot_description/share/parc_robot_description/hook/cmake_prefix_path.sh'
[9.993s] Level 1:colcon.colcon_core.environment:checking '/home/holberton/ros2_ws/install/parc_robot_description/bin'
[9.993s] Level 1:colcon.colcon_core.environment:checking '/home/holberton/ros2_ws/install/parc_robot_description/lib/pkgconfig/parc_robot_description.pc'
[9.993s] Level 1:colcon.colcon_core.environment:checking '/home/holberton/ros2_ws/install/parc_robot_description/lib/python3.10/site-packages'
[9.994s] Level 1:colcon.colcon_core.environment:checking '/home/holberton/ros2_ws/install/parc_robot_description/bin'
[9.994s] INFO:colcon.colcon_core.shell:Creating package script '/home/holberton/ros2_ws/install/parc_robot_description/share/parc_robot_description/package.ps1'
[9.994s] INFO:colcon.colcon_core.shell:Creating package descriptor '/home/holberton/ros2_ws/install/parc_robot_description/share/parc_robot_description/package.dsv'
[9.994s] INFO:colcon.colcon_core.shell:Creating package script '/home/holberton/ros2_ws/install/parc_robot_description/share/parc_robot_description/package.sh'
[9.995s] INFO:colcon.colcon_core.shell:Creating package script '/home/holberton/ros2_ws/install/parc_robot_description/share/parc_robot_description/package.bash'
[9.995s] INFO:colcon.colcon_core.shell:Creating package script '/home/holberton/ros2_ws/install/parc_robot_description/share/parc_robot_description/package.zsh'
[9.995s] Level 1:colcon.colcon_core.environment:create_file_with_runtime_dependencies(/home/holberton/ros2_ws/install/parc_robot_description/share/colcon-core/packages/parc_robot_description)
[10.368s] DEBUG:colcon.colcon_core.event_handler.log_command:Invoked command in '/home/holberton/ros2_ws/build/parc_robot_interfaces' returned '0': CMAKE_PREFIX_PATH=${CMAKE_PREFIX_PATH}:/home/holberton/ros2_ws/install/test_publisher:/home/holberton/ros2_ws/install/auto_nav:/opt/ros/humble /usr/bin/cmake --build /home/holberton/ros2_ws/build/parc_robot_interfaces -- -j8 -l8
[10.427s] DEBUG:colcon.colcon_core.event_handler.log_command:Invoking command in '/home/holberton/ros2_ws/build/parc_robot_interfaces': CMAKE_PREFIX_PATH=${CMAKE_PREFIX_PATH}:/home/holberton/ros2_ws/install/test_publisher:/home/holberton/ros2_ws/install/auto_nav:/opt/ros/humble /usr/bin/cmake --install /home/holberton/ros2_ws/build/parc_robot_interfaces
[10.960s] Level 1:colcon.colcon_core.environment:create_environment_scripts_only(parc_robot_interfaces)
[10.961s] Level 1:colcon.colcon_core.environment:checking '/home/holberton/ros2_ws/install/parc_robot_interfaces' for CMake module files
[10.963s] DEBUG:colcon.colcon_core.event_handler.log_command:Invoked command in '/home/holberton/ros2_ws/build/parc_robot_interfaces' returned '0': CMAKE_PREFIX_PATH=${CMAKE_PREFIX_PATH}:/home/holberton/ros2_ws/install/test_publisher:/home/holberton/ros2_ws/install/auto_nav:/opt/ros/humble /usr/bin/cmake --install /home/holberton/ros2_ws/build/parc_robot_interfaces
[10.965s] Level 1:colcon.colcon_core.environment:checking '/home/holberton/ros2_ws/install/parc_robot_interfaces' for CMake config files
[10.976s] Level 1:colcon.colcon_core.shell:create_environment_hook('parc_robot_interfaces', 'cmake_prefix_path')
[10.977s] INFO:colcon.colcon_core.shell:Creating environment hook '/home/holberton/ros2_ws/install/parc_robot_interfaces/share/parc_robot_interfaces/hook/cmake_prefix_path.ps1'
[10.978s] INFO:colcon.colcon_core.shell:Creating environment descriptor '/home/holberton/ros2_ws/install/parc_robot_interfaces/share/parc_robot_interfaces/hook/cmake_prefix_path.dsv'
[10.979s] INFO:colcon.colcon_core.shell:Creating environment hook '/home/holberton/ros2_ws/install/parc_robot_interfaces/share/parc_robot_interfaces/hook/cmake_prefix_path.sh'
[10.981s] Level 1:colcon.colcon_core.environment:checking '/home/holberton/ros2_ws/install/parc_robot_interfaces/lib'
[10.982s] Level 1:colcon.colcon_core.shell:create_environment_hook('parc_robot_interfaces', 'ld_library_path_lib')
[10.983s] INFO:colcon.colcon_core.shell:Creating environment hook '/home/holberton/ros2_ws/install/parc_robot_interfaces/share/parc_robot_interfaces/hook/ld_library_path_lib.ps1'
[10.984s] INFO:colcon.colcon_core.shell:Creating environment descriptor '/home/holberton/ros2_ws/install/parc_robot_interfaces/share/parc_robot_interfaces/hook/ld_library_path_lib.dsv'
[10.985s] INFO:colcon.colcon_core.shell:Creating environment hook '/home/holberton/ros2_ws/install/parc_robot_interfaces/share/parc_robot_interfaces/hook/ld_library_path_lib.sh'
[10.987s] Level 1:colcon.colcon_core.environment:checking '/home/holberton/ros2_ws/install/parc_robot_interfaces/bin'
[10.987s] Level 1:colcon.colcon_core.environment:checking '/home/holberton/ros2_ws/install/parc_robot_interfaces/lib/pkgconfig/parc_robot_interfaces.pc'
[10.988s] Level 1:colcon.colcon_core.environment:checking '/home/holberton/ros2_ws/install/parc_robot_interfaces/lib/python3.10/site-packages'
[10.989s] Level 1:colcon.colcon_core.environment:checking '/home/holberton/ros2_ws/install/parc_robot_interfaces/bin'
[10.990s] INFO:colcon.colcon_core.shell:Creating package script '/home/holberton/ros2_ws/install/parc_robot_interfaces/share/parc_robot_interfaces/package.ps1'
[10.992s] INFO:colcon.colcon_core.shell:Creating package descriptor '/home/holberton/ros2_ws/install/parc_robot_interfaces/share/parc_robot_interfaces/package.dsv'
[10.993s] INFO:colcon.colcon_core.shell:Creating package script '/home/holberton/ros2_ws/install/parc_robot_interfaces/share/parc_robot_interfaces/package.sh'
[10.994s] INFO:colcon.colcon_core.shell:Creating package script '/home/holberton/ros2_ws/install/parc_robot_interfaces/share/parc_robot_interfaces/package.bash'
[10.995s] INFO:colcon.colcon_core.shell:Creating package script '/home/holberton/ros2_ws/install/parc_robot_interfaces/share/parc_robot_interfaces/package.zsh'
[10.996s] Level 1:colcon.colcon_core.environment:create_file_with_runtime_dependencies(/home/holberton/ros2_ws/install/parc_robot_interfaces/share/colcon-core/packages/parc_robot_interfaces)
[11.063s] DEBUG:colcon.colcon_core.event_handler.log_command:Invoking command in '/home/holberton/ros2_ws/src/auto_nav': PYTHONPATH=/home/holberton/ros2_ws/build/auto_nav/prefix_override:/home/holberton/ros2_ws/install/auto_nav/lib/python3.10/site-packages:${PYTHONPATH} /usr/bin/python3 -W ignore:setup.py install is deprecated setup.py egg_info --egg-base ../../build/auto_nav build --build-base /home/holberton/ros2_ws/build/auto_nav/build install --record /home/holberton/ros2_ws/build/auto_nav/install.log --single-version-externally-managed install_data
[11.064s] DEBUG:colcon.colcon_core.event_handler.log_command:Invoking command in '/home/holberton/ros2_ws/src/test_publisher': PYTHONPATH=/home/holberton/ros2_ws/build/test_publisher/prefix_override:/home/holberton/ros2_ws/install/test_publisher/lib/python3.10/site-packages:${PYTHONPATH} /usr/bin/python3 -W ignore:setup.py install is deprecated setup.py egg_info --egg-base ../../build/test_publisher build --build-base /home/holberton/ros2_ws/build/test_publisher/build install --record /home/holberton/ros2_ws/build/test_publisher/install.log --single-version-externally-managed install_data
[11.070s] Level 1:colcon.colcon_core.environment:create_environment_scripts_only(parc_robot_interfaces)
[11.071s] Level 1:colcon.colcon_core.environment:checking '/home/holberton/ros2_ws/install/parc_robot_interfaces' for CMake module files
[11.072s] Level 1:colcon.colcon_core.environment:checking '/home/holberton/ros2_ws/install/parc_robot_interfaces' for CMake config files
[11.072s] Level 1:colcon.colcon_core.shell:create_environment_hook('parc_robot_interfaces', 'cmake_prefix_path')
[11.073s] INFO:colcon.colcon_core.shell:Creating environment hook '/home/holberton/ros2_ws/install/parc_robot_interfaces/share/parc_robot_interfaces/hook/cmake_prefix_path.ps1'
[11.073s] INFO:colcon.colcon_core.shell:Creating environment descriptor '/home/holberton/ros2_ws/install/parc_robot_interfaces/share/parc_robot_interfaces/hook/cmake_prefix_path.dsv'
[11.074s] INFO:colcon.colcon_core.shell:Creating environment hook '/home/holberton/ros2_ws/install/parc_robot_interfaces/share/parc_robot_interfaces/hook/cmake_prefix_path.sh'
[11.074s] Level 1:colcon.colcon_core.environment:checking '/home/holberton/ros2_ws/install/parc_robot_interfaces/lib'
[11.074s] Level 1:colcon.colcon_core.shell:create_environment_hook('parc_robot_interfaces', 'ld_library_path_lib')
[11.075s] INFO:colcon.colcon_core.shell:Creating environment hook '/home/holberton/ros2_ws/install/parc_robot_interfaces/share/parc_robot_interfaces/hook/ld_library_path_lib.ps1'
[11.075s] INFO:colcon.colcon_core.shell:Creating environment descriptor '/home/holberton/ros2_ws/install/parc_robot_interfaces/share/parc_robot_interfaces/hook/ld_library_path_lib.dsv'
[11.075s] INFO:colcon.colcon_core.shell:Creating environment hook '/home/holberton/ros2_ws/install/parc_robot_interfaces/share/parc_robot_interfaces/hook/ld_library_path_lib.sh'
[11.076s] Level 1:colcon.colcon_core.environment:checking '/home/holberton/ros2_ws/install/parc_robot_interfaces/bin'
[11.076s] Level 1:colcon.colcon_core.environment:checking '/home/holberton/ros2_ws/install/parc_robot_interfaces/lib/pkgconfig/parc_robot_interfaces.pc'
[11.076s] Level 1:colcon.colcon_core.environment:checking '/home/holberton/ros2_ws/install/parc_robot_interfaces/lib/python3.10/site-packages'
[11.077s] Level 1:colcon.colcon_core.environment:checking '/home/holberton/ros2_ws/install/parc_robot_interfaces/bin'
[11.077s] INFO:colcon.colcon_core.shell:Creating package script '/home/holberton/ros2_ws/install/parc_robot_interfaces/share/parc_robot_interfaces/package.ps1'
[11.078s] INFO:colcon.colcon_core.shell:Creating package descriptor '/home/holberton/ros2_ws/install/parc_robot_interfaces/share/parc_robot_interfaces/package.dsv'
[11.078s] INFO:colcon.colcon_core.shell:Creating package script '/home/holberton/ros2_ws/install/parc_robot_interfaces/share/parc_robot_interfaces/package.sh'
[11.079s] INFO:colcon.colcon_core.shell:Creating package script '/home/holberton/ros2_ws/install/parc_robot_interfaces/share/parc_robot_interfaces/package.bash'
[11.079s] INFO:colcon.colcon_core.shell:Creating package script '/home/holberton/ros2_ws/install/parc_robot_interfaces/share/parc_robot_interfaces/package.zsh'
[11.080s] Level 1:colcon.colcon_core.environment:create_file_with_runtime_dependencies(/home/holberton/ros2_ws/install/parc_robot_interfaces/share/colcon-core/packages/parc_robot_interfaces)
[11.080s] INFO:colcon.colcon_ros.task.ament_cmake.build:Building ROS package in '/home/holberton/ros2_ws/src/parc_robot_bringup' with build type 'ament_cmake'
[11.080s] INFO:colcon.colcon_cmake.task.cmake.build:Building CMake package in '/home/holberton/ros2_ws/src/parc_robot_bringup'
[11.081s] INFO:colcon.colcon_core.shell:Skip shell extension 'powershell' for command environment: Not usable outside of PowerShell
[11.081s] DEBUG:colcon.colcon_core.shell:Skip shell extension 'dsv' for command environment
[11.209s] DEBUG:colcon.colcon_core.event_handler.log_command:Invoking command in '/home/holberton/ros2_ws/build/parc_robot_bringup': CMAKE_PREFIX_PATH=/home/holberton/ros2_ws/install/parc_robot_interfaces:/home/holberton/ros2_ws/install/parc_robot_description:/home/holberton/ros2_ws/install/parc_robot_bringup:/home/holberton/ros2_ws/install/parc_robot:/home/holberton/ros2_ws/install/test_publisher:/home/holberton/ros2_ws/install/auto_nav:/opt/ros/humble /usr/bin/cmake --build /home/holberton/ros2_ws/build/parc_robot_bringup -- -j8 -l8
[11.512s] Level 1:colcon.colcon_core.environment:checking '/home/holberton/ros2_ws/install/auto_nav' for CMake module files
[11.513s] DEBUG:colcon.colcon_core.event_handler.log_command:Invoked command in '/home/holberton/ros2_ws/src/auto_nav' returned '0': PYTHONPATH=/home/holberton/ros2_ws/build/auto_nav/prefix_override:/home/holberton/ros2_ws/install/auto_nav/lib/python3.10/site-packages:${PYTHONPATH} /usr/bin/python3 -W ignore:setup.py install is deprecated setup.py egg_info --egg-base ../../build/auto_nav build --build-base /home/holberton/ros2_ws/build/auto_nav/build install --record /home/holberton/ros2_ws/build/auto_nav/install.log --single-version-externally-managed install_data
[11.513s] Level 1:colcon.colcon_core.environment:checking '/home/holberton/ros2_ws/install/auto_nav' for CMake config files
[11.514s] Level 1:colcon.colcon_core.environment:checking '/home/holberton/ros2_ws/install/auto_nav/lib'
[11.514s] Level 1:colcon.colcon_core.environment:checking '/home/holberton/ros2_ws/install/auto_nav/bin'
[11.514s] Level 1:colcon.colcon_core.environment:checking '/home/holberton/ros2_ws/install/auto_nav/lib/pkgconfig/auto_nav.pc'
[11.515s] Level 1:colcon.colcon_core.environment:checking '/home/holberton/ros2_ws/install/auto_nav/lib/python3.10/site-packages'
[11.515s] Level 1:colcon.colcon_core.shell:create_environment_hook('auto_nav', 'pythonpath')
[11.515s] INFO:colcon.colcon_core.shell:Creating environment hook '/home/holberton/ros2_ws/install/auto_nav/share/auto_nav/hook/pythonpath.ps1'
[11.515s] INFO:colcon.colcon_core.shell:Creating environment descriptor '/home/holberton/ros2_ws/install/auto_nav/share/auto_nav/hook/pythonpath.dsv'
[11.516s] INFO:colcon.colcon_core.shell:Creating environment hook '/home/holberton/ros2_ws/install/auto_nav/share/auto_nav/hook/pythonpath.sh'
[11.516s] Level 1:colcon.colcon_core.environment:checking '/home/holberton/ros2_ws/install/auto_nav/bin'
[11.516s] Level 1:colcon.colcon_core.environment:create_environment_scripts_only(auto_nav)
[11.516s] INFO:colcon.colcon_core.shell:Creating package script '/home/holberton/ros2_ws/install/auto_nav/share/auto_nav/package.ps1'
[11.517s] INFO:colcon.colcon_core.shell:Creating package descriptor '/home/holberton/ros2_ws/install/auto_nav/share/auto_nav/package.dsv'
[11.517s] INFO:colcon.colcon_core.shell:Creating package script '/home/holberton/ros2_ws/install/auto_nav/share/auto_nav/package.sh'
[11.517s] INFO:colcon.colcon_core.shell:Creating package script '/home/holberton/ros2_ws/install/auto_nav/share/auto_nav/package.bash'
[11.518s] INFO:colcon.colcon_core.shell:Creating package script '/home/holberton/ros2_ws/install/auto_nav/share/auto_nav/package.zsh'
[11.518s] Level 1:colcon.colcon_core.environment:create_file_with_runtime_dependencies(/home/holberton/ros2_ws/install/auto_nav/share/colcon-core/packages/auto_nav)
[11.529s] Level 1:colcon.colcon_core.environment:checking '/home/holberton/ros2_ws/install/test_publisher' for CMake module files
[11.529s] DEBUG:colcon.colcon_core.event_handler.log_command:Invoked command in '/home/holberton/ros2_ws/src/test_publisher' returned '0': PYTHONPATH=/home/holberton/ros2_ws/build/test_publisher/prefix_override:/home/holberton/ros2_ws/install/test_publisher/lib/python3.10/site-packages:${PYTHONPATH} /usr/bin/python3 -W ignore:setup.py install is deprecated setup.py egg_info --egg-base ../../build/test_publisher build --build-base /home/holberton/ros2_ws/build/test_publisher/build install --record /home/holberton/ros2_ws/build/test_publisher/install.log --single-version-externally-managed install_data
[11.530s] Level 1:colcon.colcon_core.environment:checking '/home/holberton/ros2_ws/install/test_publisher' for CMake config files
[11.530s] Level 1:colcon.colcon_core.environment:checking '/home/holberton/ros2_ws/install/test_publisher/lib'
[11.530s] Level 1:colcon.colcon_core.environment:checking '/home/holberton/ros2_ws/install/test_publisher/bin'
[11.531s] Level 1:colcon.colcon_core.environment:checking '/home/holberton/ros2_ws/install/test_publisher/lib/pkgconfig/test_publisher.pc'
[11.531s] Level 1:colcon.colcon_core.environment:checking '/home/holberton/ros2_ws/install/test_publisher/lib/python3.10/site-packages'
[11.531s] Level 1:colcon.colcon_core.shell:create_environment_hook('test_publisher', 'pythonpath')
[11.531s] INFO:colcon.colcon_core.shell:Creating environment hook '/home/holberton/ros2_ws/install/test_publisher/share/test_publisher/hook/pythonpath.ps1'
[11.531s] INFO:colcon.colcon_core.shell:Creating environment descriptor '/home/holberton/ros2_ws/install/test_publisher/share/test_publisher/hook/pythonpath.dsv'
[11.532s] INFO:colcon.colcon_core.shell:Creating environment hook '/home/holberton/ros2_ws/install/test_publisher/share/test_publisher/hook/pythonpath.sh'
[11.532s] Level 1:colcon.colcon_core.environment:checking '/home/holberton/ros2_ws/install/test_publisher/bin'
[11.532s] Level 1:colcon.colcon_core.environment:create_environment_scripts_only(test_publisher)
[11.532s] INFO:colcon.colcon_core.shell:Creating package script '/home/holberton/ros2_ws/install/test_publisher/share/test_publisher/package.ps1'
[11.533s] INFO:colcon.colcon_core.shell:Creating package descriptor '/home/holberton/ros2_ws/install/test_publisher/share/test_publisher/package.dsv'
[11.533s] INFO:colcon.colcon_core.shell:Creating package script '/home/holberton/ros2_ws/install/test_publisher/share/test_publisher/package.sh'
[11.533s] INFO:colcon.colcon_core.shell:Creating package script '/home/holberton/ros2_ws/install/test_publisher/share/test_publisher/package.bash'
[11.533s] INFO:colcon.colcon_core.shell:Creating package script '/home/holberton/ros2_ws/install/test_publisher/share/test_publisher/package.zsh'
[11.534s] Level 1:colcon.colcon_core.environment:create_file_with_runtime_dependencies(/home/holberton/ros2_ws/install/test_publisher/share/colcon-core/packages/test_publisher)
[12.006s] DEBUG:colcon.colcon_core.event_handler.log_command:Invoked command in '/home/holberton/ros2_ws/build/parc_robot_bringup' returned '0': CMAKE_PREFIX_PATH=/home/holberton/ros2_ws/install/parc_robot_interfaces:/home/holberton/ros2_ws/install/parc_robot_description:/home/holberton/ros2_ws/install/parc_robot_bringup:/home/holberton/ros2_ws/install/parc_robot:/home/holberton/ros2_ws/install/test_publisher:/home/holberton/ros2_ws/install/auto_nav:/opt/ros/humble /usr/bin/cmake --build /home/holberton/ros2_ws/build/parc_robot_bringup -- -j8 -l8
[12.029s] DEBUG:colcon.colcon_core.event_handler.log_command:Invoking command in '/home/holberton/ros2_ws/build/parc_robot_bringup': CMAKE_PREFIX_PATH=/home/holberton/ros2_ws/install/parc_robot_interfaces:/home/holberton/ros2_ws/install/parc_robot_description:/home/holberton/ros2_ws/install/parc_robot_bringup:/home/holberton/ros2_ws/install/parc_robot:/home/holberton/ros2_ws/install/test_publisher:/home/holberton/ros2_ws/install/auto_nav:/opt/ros/humble /usr/bin/cmake --install /home/holberton/ros2_ws/build/parc_robot_bringup
[12.186s] Level 1:colcon.colcon_core.environment:create_environment_scripts_only(parc_robot_bringup)
[12.187s] Level 1:colcon.colcon_core.environment:checking '/home/holberton/ros2_ws/install/parc_robot_bringup' for CMake module files
[12.188s] DEBUG:colcon.colcon_core.event_handler.log_command:Invoked command in '/home/holberton/ros2_ws/build/parc_robot_bringup' returned '0': CMAKE_PREFIX_PATH=/home/holberton/ros2_ws/install/parc_robot_interfaces:/home/holberton/ros2_ws/install/parc_robot_description:/home/holberton/ros2_ws/install/parc_robot_bringup:/home/holberton/ros2_ws/install/parc_robot:/home/holberton/ros2_ws/install/test_publisher:/home/holberton/ros2_ws/install/auto_nav:/opt/ros/humble /usr/bin/cmake --install /home/holberton/ros2_ws/build/parc_robot_bringup
[12.189s] Level 1:colcon.colcon_core.environment:checking '/home/holberton/ros2_ws/install/parc_robot_bringup' for CMake config files
[12.189s] Level 1:colcon.colcon_core.shell:create_environment_hook('parc_robot_bringup', 'cmake_prefix_path')
[12.189s] INFO:colcon.colcon_core.shell:Creating environment hook '/home/holberton/ros2_ws/install/parc_robot_bringup/share/parc_robot_bringup/hook/cmake_prefix_path.ps1'
[12.190s] INFO:colcon.colcon_core.shell:Creating environment descriptor '/home/holberton/ros2_ws/install/parc_robot_bringup/share/parc_robot_bringup/hook/cmake_prefix_path.dsv'
[12.190s] INFO:colcon.colcon_core.shell:Creating environment hook '/home/holberton/ros2_ws/install/parc_robot_bringup/share/parc_robot_bringup/hook/cmake_prefix_path.sh'
[12.191s] Level 1:colcon.colcon_core.environment:checking '/home/holberton/ros2_ws/install/parc_robot_bringup/lib'
[12.191s] Level 1:colcon.colcon_core.environment:checking '/home/holberton/ros2_ws/install/parc_robot_bringup/bin'
[12.191s] Level 1:colcon.colcon_core.environment:checking '/home/holberton/ros2_ws/install/parc_robot_bringup/lib/pkgconfig/parc_robot_bringup.pc'
[12.192s] Level 1:colcon.colcon_core.environment:checking '/home/holberton/ros2_ws/install/parc_robot_bringup/lib/python3.10/site-packages'
[12.192s] Level 1:colcon.colcon_core.environment:checking '/home/holberton/ros2_ws/install/parc_robot_bringup/bin'
[12.192s] INFO:colcon.colcon_core.shell:Creating package script '/home/holberton/ros2_ws/install/parc_robot_bringup/share/parc_robot_bringup/package.ps1'
[12.193s] INFO:colcon.colcon_core.shell:Creating package descriptor '/home/holberton/ros2_ws/install/parc_robot_bringup/share/parc_robot_bringup/package.dsv'
[12.193s] INFO:colcon.colcon_core.shell:Creating package script '/home/holberton/ros2_ws/install/parc_robot_bringup/share/parc_robot_bringup/package.sh'
[12.194s] INFO:colcon.colcon_core.shell:Creating package script '/home/holberton/ros2_ws/install/parc_robot_bringup/share/parc_robot_bringup/package.bash'
[12.194s] INFO:colcon.colcon_core.shell:Creating package script '/home/holberton/ros2_ws/install/parc_robot_bringup/share/parc_robot_bringup/package.zsh'
[12.194s] Level 1:colcon.colcon_core.environment:create_file_with_runtime_dependencies(/home/holberton/ros2_ws/install/parc_robot_bringup/share/colcon-core/packages/parc_robot_bringup)
[12.230s] Level 1:colcon.colcon_core.environment:create_environment_scripts_only(parc_robot_bringup)
[12.231s] Level 1:colcon.colcon_core.environment:checking '/home/holberton/ros2_ws/install/parc_robot_bringup' for CMake module files
[12.232s] Level 1:colcon.colcon_core.environment:checking '/home/holberton/ros2_ws/install/parc_robot_bringup' for CMake config files
[12.232s] Level 1:colcon.colcon_core.shell:create_environment_hook('parc_robot_bringup', 'cmake_prefix_path')
[12.233s] INFO:colcon.colcon_core.shell:Creating environment hook '/home/holberton/ros2_ws/install/parc_robot_bringup/share/parc_robot_bringup/hook/cmake_prefix_path.ps1'
[12.233s] INFO:colcon.colcon_core.shell:Creating environment descriptor '/home/holberton/ros2_ws/install/parc_robot_bringup/share/parc_robot_bringup/hook/cmake_prefix_path.dsv'
[12.234s] INFO:colcon.colcon_core.shell:Creating environment hook '/home/holberton/ros2_ws/install/parc_robot_bringup/share/parc_robot_bringup/hook/cmake_prefix_path.sh'
[12.235s] Level 1:colcon.colcon_core.environment:checking '/home/holberton/ros2_ws/install/parc_robot_bringup/lib'
[12.235s] Level 1:colcon.colcon_core.environment:checking '/home/holberton/ros2_ws/install/parc_robot_bringup/bin'
[12.235s] Level 1:colcon.colcon_core.environment:checking '/home/holberton/ros2_ws/install/parc_robot_bringup/lib/pkgconfig/parc_robot_bringup.pc'
[12.235s] Level 1:colcon.colcon_core.environment:checking '/home/holberton/ros2_ws/install/parc_robot_bringup/lib/python3.10/site-packages'
[12.235s] Level 1:colcon.colcon_core.environment:checking '/home/holberton/ros2_ws/install/parc_robot_bringup/bin'
[12.236s] INFO:colcon.colcon_core.shell:Creating package script '/home/holberton/ros2_ws/install/parc_robot_bringup/share/parc_robot_bringup/package.ps1'
[12.236s] INFO:colcon.colcon_core.shell:Creating package descriptor '/home/holberton/ros2_ws/install/parc_robot_bringup/share/parc_robot_bringup/package.dsv'
[12.237s] INFO:colcon.colcon_core.shell:Creating package script '/home/holberton/ros2_ws/install/parc_robot_bringup/share/parc_robot_bringup/package.sh'
[12.238s] INFO:colcon.colcon_core.shell:Creating package script '/home/holberton/ros2_ws/install/parc_robot_bringup/share/parc_robot_bringup/package.bash'
[12.238s] INFO:colcon.colcon_core.shell:Creating package script '/home/holberton/ros2_ws/install/parc_robot_bringup/share/parc_robot_bringup/package.zsh'
[12.239s] Level 1:colcon.colcon_core.environment:create_file_with_runtime_dependencies(/home/holberton/ros2_ws/install/parc_robot_bringup/share/colcon-core/packages/parc_robot_bringup)
[12.239s] DEBUG:colcon.colcon_parallel_executor.executor.parallel:closing loop
[12.239s] DEBUG:colcon.colcon_parallel_executor.executor.parallel:loop closed
[12.240s] DEBUG:colcon.colcon_parallel_executor.executor.parallel:run_until_complete finished with '0'
[12.240s] DEBUG:colcon.colcon_core.event_reactor:joining thread
[12.292s] INFO:colcon.colcon_core.plugin_system:Skipping extension 'colcon_notification.desktop_notification.terminal_notifier': Not used on non-Darwin systems
[12.292s] INFO:colcon.colcon_core.plugin_system:Skipping extension 'colcon_notification.desktop_notification.win32': Not used on non-Windows systems
[12.293s] INFO:colcon.colcon_notification.desktop_notification:Sending desktop notification using 'notify2'
[12.346s] DEBUG:colcon.colcon_core.event_reactor:joined thread
[12.347s] INFO:colcon.colcon_core.shell:Creating prefix script '/home/holberton/ros2_ws/install/local_setup.ps1'
[12.371s] INFO:colcon.colcon_core.shell:Creating prefix util module '/home/holberton/ros2_ws/install/_local_setup_util_ps1.py'
[12.399s] INFO:colcon.colcon_core.shell:Creating prefix chain script '/home/holberton/ros2_ws/install/setup.ps1'
[12.404s] INFO:colcon.colcon_core.shell:Creating prefix script '/home/holberton/ros2_ws/install/local_setup.sh'
[12.406s] INFO:colcon.colcon_core.shell:Creating prefix util module '/home/holberton/ros2_ws/install/_local_setup_util_sh.py'
[12.407s] INFO:colcon.colcon_core.shell:Creating prefix chain script '/home/holberton/ros2_ws/install/setup.sh'
[12.412s] INFO:colcon.colcon_core.shell:Creating prefix script '/home/holberton/ros2_ws/install/local_setup.bash'
[12.414s] INFO:colcon.colcon_core.shell:Creating prefix chain script '/home/holberton/ros2_ws/install/setup.bash'
[12.419s] INFO:colcon.colcon_core.shell:Creating prefix script '/home/holberton/ros2_ws/install/local_setup.zsh'
[12.442s] INFO:colcon.colcon_core.shell:Creating prefix chain script '/home/holberton/ros2_ws/install/setup.zsh'
