[0.595s] DEBUG:colcon:Command line arguments: ['/usr/bin/colcon', 'build', '--symlink-install']
[0.596s] DEBUG:colcon:Parsed command line arguments: Namespace(log_base=None, log_level=None, verb_name='build', build_base='build', install_base='install', merge_install=False, symlink_install=True, test_result_base=None, continue_on_error=False, executor='parallel', parallel_workers=8, event_handlers=None, ignore_user_meta=False, metas=['./colcon.meta'], base_paths=['.'], packages_ignore=None, packages_ignore_regex=None, paths=None, packages_up_to=None, packages_up_to_regex=None, packages_above=None, packages_above_and_dependencies=None, packages_above_depth=None, packages_select_by_dep=None, packages_skip_by_dep=None, packages_skip_up_to=None, packages_select_build_failed=False, packages_skip_build_finished=False, packages_select_test_failures=False, packages_skip_test_passed=False, packages_select=None, packages_skip=None, packages_select_regex=None, packages_skip_regex=None, packages_start=None, packages_end=None, allow_overriding=[], cmake_args=None, cmake_target=None, cmake_target_skip_unavailable=False, cmake_clean_cache=False, cmake_clean_first=False, cmake_force_configure=False, ament_cmake_args=None, catkin_cmake_args=None, catkin_skip_building_tests=False, mixin_files=None, mixin=None, verb_parser=<colcon_mixin.mixin.mixin_argument.MixinArgumentDecorator object at 0x796b5e3428c0>, verb_extension=<colcon_core.verb.build.BuildVerb object at 0x796b5e442ef0>, main=<bound method BuildVerb.main of <colcon_core.verb.build.BuildVerb object at 0x796b5e442ef0>>, mixin_verb=('build',))
[1.293s] Level 1:colcon.colcon_core.package_discovery:discover_packages(colcon_meta) check parameters
[1.293s] Level 1:colcon.colcon_core.package_discovery:discover_packages(recursive) check parameters
[1.293s] Level 1:colcon.colcon_core.package_discovery:discover_packages(ignore) check parameters
[1.293s] Level 1:colcon.colcon_core.package_discovery:discover_packages(path) check parameters
[1.293s] Level 1:colcon.colcon_core.package_discovery:discover_packages(colcon_meta) discover
[1.294s] Level 1:colcon.colcon_core.package_discovery:discover_packages(recursive) discover
[1.294s] INFO:colcon.colcon_core.package_discovery:Crawling recursively for packages in '/home/holberton/ros2_ws'
[1.294s] Level 1:colcon.colcon_core.package_identification:_identify(.) by extensions ['ignore', 'ignore_ament_install']
[1.294s] Level 1:colcon.colcon_core.package_identification:_identify(.) by extension 'ignore'
[1.295s] Level 1:colcon.colcon_core.package_identification:_identify(.) by extension 'ignore_ament_install'
[1.295s] Level 1:colcon.colcon_core.package_identification:_identify(.) by extensions ['colcon_pkg']
[1.295s] Level 1:colcon.colcon_core.package_identification:_identify(.) by extension 'colcon_pkg'
[1.295s] Level 1:colcon.colcon_core.package_identification:_identify(.) by extensions ['colcon_meta']
[1.295s] Level 1:colcon.colcon_core.package_identification:_identify(.) by extension 'colcon_meta'
[1.295s] Level 1:colcon.colcon_core.package_identification:_identify(.) by extensions ['ros']
[1.295s] Level 1:colcon.colcon_core.package_identification:_identify(.) by extension 'ros'
[1.340s] Level 1:colcon.colcon_core.package_identification:_identify(.) by extensions ['cmake', 'python']
[1.340s] Level 1:colcon.colcon_core.package_identification:_identify(.) by extension 'cmake'
[1.340s] Level 1:colcon.colcon_core.package_identification:_identify(.) by extension 'python'
[1.340s] Level 1:colcon.colcon_core.package_identification:_identify(.) by extensions ['python_setup_py']
[1.340s] Level 1:colcon.colcon_core.package_identification:_identify(.) by extension 'python_setup_py'
[1.341s] Level 1:colcon.colcon_core.package_identification:_identify(build) by extensions ['ignore', 'ignore_ament_install']
[1.342s] Level 1:colcon.colcon_core.package_identification:_identify(build) by extension 'ignore'
[1.342s] Level 1:colcon.colcon_core.package_identification:_identify(build) ignored
[1.343s] Level 1:colcon.colcon_core.package_identification:_identify(install) by extensions ['ignore', 'ignore_ament_install']
[1.344s] Level 1:colcon.colcon_core.package_identification:_identify(install) by extension 'ignore'
[1.345s] Level 1:colcon.colcon_core.package_identification:_identify(install) ignored
[1.346s] Level 1:colcon.colcon_core.package_identification:_identify(log) by extensions ['ignore', 'ignore_ament_install']
[1.346s] Level 1:colcon.colcon_core.package_identification:_identify(log) by extension 'ignore'
[1.346s] Level 1:colcon.colcon_core.package_identification:_identify(log) ignored
[1.347s] Level 1:colcon.colcon_core.package_identification:_identify(src) by extensions ['ignore', 'ignore_ament_install']
[1.348s] Level 1:colcon.colcon_core.package_identification:_identify(src) by extension 'ignore'
[1.348s] Level 1:colcon.colcon_core.package_identification:_identify(src) by extension 'ignore_ament_install'
[1.348s] Level 1:colcon.colcon_core.package_identification:_identify(src) by extensions ['colcon_pkg']
[1.349s] Level 1:colcon.colcon_core.package_identification:_identify(src) by extension 'colcon_pkg'
[1.349s] Level 1:colcon.colcon_core.package_identification:_identify(src) by extensions ['colcon_meta']
[1.349s] Level 1:colcon.colcon_core.package_identification:_identify(src) by extension 'colcon_meta'
[1.349s] Level 1:colcon.colcon_core.package_identification:_identify(src) by extensions ['ros']
[1.349s] Level 1:colcon.colcon_core.package_identification:_identify(src) by extension 'ros'
[1.349s] Level 1:colcon.colcon_core.package_identification:_identify(src) by extensions ['cmake', 'python']
[1.350s] Level 1:colcon.colcon_core.package_identification:_identify(src) by extension 'cmake'
[1.350s] Level 1:colcon.colcon_core.package_identification:_identify(src) by extension 'python'
[1.350s] Level 1:colcon.colcon_core.package_identification:_identify(src) by extensions ['python_setup_py']
[1.350s] Level 1:colcon.colcon_core.package_identification:_identify(src) by extension 'python_setup_py'
[1.350s] Level 1:colcon.colcon_core.package_identification:_identify(src/build) by extensions ['ignore', 'ignore_ament_install']
[1.351s] Level 1:colcon.colcon_core.package_identification:_identify(src/build) by extension 'ignore'
[1.351s] Level 1:colcon.colcon_core.package_identification:_identify(src/build) ignored
[1.351s] Level 1:colcon.colcon_core.package_identification:_identify(src/install) by extensions ['ignore', 'ignore_ament_install']
[1.352s] Level 1:colcon.colcon_core.package_identification:_identify(src/install) by extension 'ignore'
[1.352s] Level 1:colcon.colcon_core.package_identification:_identify(src/install) ignored
[1.352s] Level 1:colcon.colcon_core.package_identification:_identify(src/log) by extensions ['ignore', 'ignore_ament_install']
[1.352s] Level 1:colcon.colcon_core.package_identification:_identify(src/log) by extension 'ignore'
[1.352s] Level 1:colcon.colcon_core.package_identification:_identify(src/log) ignored
[1.352s] Level 1:colcon.colcon_core.package_identification:_identify(src/parc_robot) by extensions ['ignore', 'ignore_ament_install']
[1.352s] Level 1:colcon.colcon_core.package_identification:_identify(src/parc_robot) by extension 'ignore'
[1.352s] Level 1:colcon.colcon_core.package_identification:_identify(src/parc_robot) by extension 'ignore_ament_install'
[1.353s] Level 1:colcon.colcon_core.package_identification:_identify(src/parc_robot) by extensions ['colcon_pkg']
[1.353s] Level 1:colcon.colcon_core.package_identification:_identify(src/parc_robot) by extension 'colcon_pkg'
[1.353s] Level 1:colcon.colcon_core.package_identification:_identify(src/parc_robot) by extensions ['colcon_meta']
[1.353s] Level 1:colcon.colcon_core.package_identification:_identify(src/parc_robot) by extension 'colcon_meta'
[1.353s] Level 1:colcon.colcon_core.package_identification:_identify(src/parc_robot) by extensions ['ros']
[1.353s] Level 1:colcon.colcon_core.package_identification:_identify(src/parc_robot) by extension 'ros'
[1.364s] DEBUG:colcon.colcon_core.package_identification:Package 'src/parc_robot' with type 'ros.ament_cmake' and name 'parc_robot'
[1.365s] Level 1:colcon.colcon_core.package_identification:_identify(src/parc_robot_bringup) by extensions ['ignore', 'ignore_ament_install']
[1.366s] Level 1:colcon.colcon_core.package_identification:_identify(src/parc_robot_bringup) by extension 'ignore'
[1.366s] Level 1:colcon.colcon_core.package_identification:_identify(src/parc_robot_bringup) by extension 'ignore_ament_install'
[1.366s] Level 1:colcon.colcon_core.package_identification:_identify(src/parc_robot_bringup) by extensions ['colcon_pkg']
[1.366s] Level 1:colcon.colcon_core.package_identification:_identify(src/parc_robot_bringup) by extension 'colcon_pkg'
[1.366s] Level 1:colcon.colcon_core.package_identification:_identify(src/parc_robot_bringup) by extensions ['colcon_meta']
[1.366s] Level 1:colcon.colcon_core.package_identification:_identify(src/parc_robot_bringup) by extension 'colcon_meta'
[1.366s] Level 1:colcon.colcon_core.package_identification:_identify(src/parc_robot_bringup) by extensions ['ros']
[1.366s] Level 1:colcon.colcon_core.package_identification:_identify(src/parc_robot_bringup) by extension 'ros'
[1.369s] DEBUG:colcon.colcon_core.package_identification:Package 'src/parc_robot_bringup' with type 'ros.ament_cmake' and name 'parc_robot_bringup'
[1.370s] Level 1:colcon.colcon_core.package_identification:_identify(src/parc_robot_description) by extensions ['ignore', 'ignore_ament_install']
[1.371s] Level 1:colcon.colcon_core.package_identification:_identify(src/parc_robot_description) by extension 'ignore'
[1.372s] Level 1:colcon.colcon_core.package_identification:_identify(src/parc_robot_description) by extension 'ignore_ament_install'
[1.372s] Level 1:colcon.colcon_core.package_identification:_identify(src/parc_robot_description) by extensions ['colcon_pkg']
[1.372s] Level 1:colcon.colcon_core.package_identification:_identify(src/parc_robot_description) by extension 'colcon_pkg'
[1.372s] Level 1:colcon.colcon_core.package_identification:_identify(src/parc_robot_description) by extensions ['colcon_meta']
[1.372s] Level 1:colcon.colcon_core.package_identification:_identify(src/parc_robot_description) by extension 'colcon_meta'
[1.372s] Level 1:colcon.colcon_core.package_identification:_identify(src/parc_robot_description) by extensions ['ros']
[1.373s] Level 1:colcon.colcon_core.package_identification:_identify(src/parc_robot_description) by extension 'ros'
[1.375s] DEBUG:colcon.colcon_core.package_identification:Package 'src/parc_robot_description' with type 'ros.ament_cmake' and name 'parc_robot_description'
[1.376s] Level 1:colcon.colcon_core.package_identification:_identify(src/parc_robot_interfaces) by extensions ['ignore', 'ignore_ament_install']
[1.377s] Level 1:colcon.colcon_core.package_identification:_identify(src/parc_robot_interfaces) by extension 'ignore'
[1.378s] Level 1:colcon.colcon_core.package_identification:_identify(src/parc_robot_interfaces) by extension 'ignore_ament_install'
[1.378s] Level 1:colcon.colcon_core.package_identification:_identify(src/parc_robot_interfaces) by extensions ['colcon_pkg']
[1.379s] Level 1:colcon.colcon_core.package_identification:_identify(src/parc_robot_interfaces) by extension 'colcon_pkg'
[1.380s] Level 1:colcon.colcon_core.package_identification:_identify(src/parc_robot_interfaces) by extensions ['colcon_meta']
[1.380s] Level 1:colcon.colcon_core.package_identification:_identify(src/parc_robot_interfaces) by extension 'colcon_meta'
[1.381s] Level 1:colcon.colcon_core.package_identification:_identify(src/parc_robot_interfaces) by extensions ['ros']
[1.382s] Level 1:colcon.colcon_core.package_identification:_identify(src/parc_robot_interfaces) by extension 'ros'
[1.385s] DEBUG:colcon.colcon_core.package_identification:Package 'src/parc_robot_interfaces' with type 'ros.ament_cmake' and name 'parc_robot_interfaces'
[1.386s] Level 1:colcon.colcon_core.package_identification:_identify(src/resources) by extensions ['ignore', 'ignore_ament_install']
[1.386s] Level 1:colcon.colcon_core.package_identification:_identify(src/resources) by extension 'ignore'
[1.386s] Level 1:colcon.colcon_core.package_identification:_identify(src/resources) by extension 'ignore_ament_install'
[1.386s] Level 1:colcon.colcon_core.package_identification:_identify(src/resources) by extensions ['colcon_pkg']
[1.386s] Level 1:colcon.colcon_core.package_identification:_identify(src/resources) by extension 'colcon_pkg'
[1.386s] Level 1:colcon.colcon_core.package_identification:_identify(src/resources) by extensions ['colcon_meta']
[1.387s] Level 1:colcon.colcon_core.package_identification:_identify(src/resources) by extension 'colcon_meta'
[1.387s] Level 1:colcon.colcon_core.package_identification:_identify(src/resources) by extensions ['ros']
[1.387s] Level 1:colcon.colcon_core.package_identification:_identify(src/resources) by extension 'ros'
[1.387s] Level 1:colcon.colcon_core.package_identification:_identify(src/resources) by extensions ['cmake', 'python']
[1.387s] Level 1:colcon.colcon_core.package_identification:_identify(src/resources) by extension 'cmake'
[1.387s] Level 1:colcon.colcon_core.package_identification:_identify(src/resources) by extension 'python'
[1.387s] Level 1:colcon.colcon_core.package_identification:_identify(src/resources) by extensions ['python_setup_py']
[1.387s] Level 1:colcon.colcon_core.package_identification:_identify(src/resources) by extension 'python_setup_py'
[1.387s] Level 1:colcon.colcon_core.package_identification:_identify(src/test_publisher) by extensions ['ignore', 'ignore_ament_install']
[1.388s] Level 1:colcon.colcon_core.package_identification:_identify(src/test_publisher) by extension 'ignore'
[1.388s] Level 1:colcon.colcon_core.package_identification:_identify(src/test_publisher) by extension 'ignore_ament_install'
[1.388s] Level 1:colcon.colcon_core.package_identification:_identify(src/test_publisher) by extensions ['colcon_pkg']
[1.388s] Level 1:colcon.colcon_core.package_identification:_identify(src/test_publisher) by extension 'colcon_pkg'
[1.388s] Level 1:colcon.colcon_core.package_identification:_identify(src/test_publisher) by extensions ['colcon_meta']
[1.389s] Level 1:colcon.colcon_core.package_identification:_identify(src/test_publisher) by extension 'colcon_meta'
[1.389s] Level 1:colcon.colcon_core.package_identification:_identify(src/test_publisher) by extensions ['ros']
[1.389s] Level 1:colcon.colcon_core.package_identification:_identify(src/test_publisher) by extension 'ros'
[1.391s] DEBUG:colcon.colcon_core.package_identification:Package 'src/test_publisher' with type 'ros.ament_python' and name 'test_publisher'
[1.392s] Level 1:colcon.colcon_core.package_discovery:discover_packages(recursive) using defaults
[1.392s] Level 1:colcon.colcon_core.package_discovery:discover_packages(ignore) discover
[1.392s] Level 1:colcon.colcon_core.package_discovery:discover_packages(ignore) using defaults
[1.392s] Level 1:colcon.colcon_core.package_discovery:discover_packages(path) discover
[1.392s] Level 1:colcon.colcon_core.package_discovery:discover_packages(path) using defaults
[1.597s] Level 1:colcon.colcon_core.package_discovery:discover_packages(prefix_path) check parameters
[1.597s] Level 1:colcon.colcon_core.package_discovery:discover_packages(prefix_path) discover
[1.612s] DEBUG:colcon.colcon_installed_package_information.package_discovery:Found 6 installed packages in /home/holberton/ros2_ws/install
[1.618s] DEBUG:colcon.colcon_installed_package_information.package_discovery:Found 244 installed packages in /opt/ros/humble
[1.622s] Level 1:colcon.colcon_core.package_discovery:discover_packages(prefix_path) using defaults
[1.731s] Level 5:colcon.colcon_core.verb:set package 'parc_robot' build argument 'cmake_args' from command line to 'None'
[1.732s] Level 5:colcon.colcon_core.verb:set package 'parc_robot' build argument 'cmake_target' from command line to 'None'
[1.732s] Level 5:colcon.colcon_core.verb:set package 'parc_robot' build argument 'cmake_target_skip_unavailable' from command line to 'False'
[1.732s] Level 5:colcon.colcon_core.verb:set package 'parc_robot' build argument 'cmake_clean_cache' from command line to 'False'
[1.732s] Level 5:colcon.colcon_core.verb:set package 'parc_robot' build argument 'cmake_clean_first' from command line to 'False'
[1.732s] Level 5:colcon.colcon_core.verb:set package 'parc_robot' build argument 'cmake_force_configure' from command line to 'False'
[1.732s] Level 5:colcon.colcon_core.verb:set package 'parc_robot' build argument 'ament_cmake_args' from command line to 'None'
[1.732s] Level 5:colcon.colcon_core.verb:set package 'parc_robot' build argument 'catkin_cmake_args' from command line to 'None'
[1.732s] Level 5:colcon.colcon_core.verb:set package 'parc_robot' build argument 'catkin_skip_building_tests' from command line to 'False'
[1.732s] DEBUG:colcon.colcon_core.verb:Building package 'parc_robot' with the following arguments: {'ament_cmake_args': None, 'build_base': '/home/holberton/ros2_ws/build/parc_robot', 'catkin_cmake_args': None, 'catkin_skip_building_tests': False, 'cmake_args': None, 'cmake_clean_cache': False, 'cmake_clean_first': False, 'cmake_force_configure': False, 'cmake_target': None, 'cmake_target_skip_unavailable': False, 'install_base': '/home/holberton/ros2_ws/install/parc_robot', 'merge_install': False, 'path': '/home/holberton/ros2_ws/src/parc_robot', 'symlink_install': True, 'test_result_base': None}
[1.735s] Level 5:colcon.colcon_core.verb:set package 'parc_robot_description' build argument 'cmake_args' from command line to 'None'
[1.735s] Level 5:colcon.colcon_core.verb:set package 'parc_robot_description' build argument 'cmake_target' from command line to 'None'
[1.736s] Level 5:colcon.colcon_core.verb:set package 'parc_robot_description' build argument 'cmake_target_skip_unavailable' from command line to 'False'
[1.736s] Level 5:colcon.colcon_core.verb:set package 'parc_robot_description' build argument 'cmake_clean_cache' from command line to 'False'
[1.736s] Level 5:colcon.colcon_core.verb:set package 'parc_robot_description' build argument 'cmake_clean_first' from command line to 'False'
[1.736s] Level 5:colcon.colcon_core.verb:set package 'parc_robot_description' build argument 'cmake_force_configure' from command line to 'False'
[1.736s] Level 5:colcon.colcon_core.verb:set package 'parc_robot_description' build argument 'ament_cmake_args' from command line to 'None'
[1.736s] Level 5:colcon.colcon_core.verb:set package 'parc_robot_description' build argument 'catkin_cmake_args' from command line to 'None'
[1.737s] Level 5:colcon.colcon_core.verb:set package 'parc_robot_description' build argument 'catkin_skip_building_tests' from command line to 'False'
[1.737s] DEBUG:colcon.colcon_core.verb:Building package 'parc_robot_description' with the following arguments: {'ament_cmake_args': None, 'build_base': '/home/holberton/ros2_ws/build/parc_robot_description', 'catkin_cmake_args': None, 'catkin_skip_building_tests': False, 'cmake_args': None, 'cmake_clean_cache': False, 'cmake_clean_first': False, 'cmake_force_configure': False, 'cmake_target': None, 'cmake_target_skip_unavailable': False, 'install_base': '/home/holberton/ros2_ws/install/parc_robot_description', 'merge_install': False, 'path': '/home/holberton/ros2_ws/src/parc_robot_description', 'symlink_install': True, 'test_result_base': None}
[1.740s] Level 5:colcon.colcon_core.verb:set package 'parc_robot_interfaces' build argument 'cmake_args' from command line to 'None'
[1.741s] Level 5:colcon.colcon_core.verb:set package 'parc_robot_interfaces' build argument 'cmake_target' from command line to 'None'
[1.741s] Level 5:colcon.colcon_core.verb:set package 'parc_robot_interfaces' build argument 'cmake_target_skip_unavailable' from command line to 'False'
[1.741s] Level 5:colcon.colcon_core.verb:set package 'parc_robot_interfaces' build argument 'cmake_clean_cache' from command line to 'False'
[1.741s] Level 5:colcon.colcon_core.verb:set package 'parc_robot_interfaces' build argument 'cmake_clean_first' from command line to 'False'
[1.741s] Level 5:colcon.colcon_core.verb:set package 'parc_robot_interfaces' build argument 'cmake_force_configure' from command line to 'False'
[1.741s] Level 5:colcon.colcon_core.verb:set package 'parc_robot_interfaces' build argument 'ament_cmake_args' from command line to 'None'
[1.741s] Level 5:colcon.colcon_core.verb:set package 'parc_robot_interfaces' build argument 'catkin_cmake_args' from command line to 'None'
[1.742s] Level 5:colcon.colcon_core.verb:set package 'parc_robot_interfaces' build argument 'catkin_skip_building_tests' from command line to 'False'
[1.742s] DEBUG:colcon.colcon_core.verb:Building package 'parc_robot_interfaces' with the following arguments: {'ament_cmake_args': None, 'build_base': '/home/holberton/ros2_ws/build/parc_robot_interfaces', 'catkin_cmake_args': None, 'catkin_skip_building_tests': False, 'cmake_args': None, 'cmake_clean_cache': False, 'cmake_clean_first': False, 'cmake_force_configure': False, 'cmake_target': None, 'cmake_target_skip_unavailable': False, 'install_base': '/home/holberton/ros2_ws/install/parc_robot_interfaces', 'merge_install': False, 'path': '/home/holberton/ros2_ws/src/parc_robot_interfaces', 'symlink_install': True, 'test_result_base': None}
[1.744s] Level 5:colcon.colcon_core.verb:set package 'test_publisher' build argument 'cmake_args' from command line to 'None'
[1.745s] Level 5:colcon.colcon_core.verb:set package 'test_publisher' build argument 'cmake_target' from command line to 'None'
[1.745s] Level 5:colcon.colcon_core.verb:set package 'test_publisher' build argument 'cmake_target_skip_unavailable' from command line to 'False'
[1.746s] Level 5:colcon.colcon_core.verb:set package 'test_publisher' build argument 'cmake_clean_cache' from command line to 'False'
[1.747s] Level 5:colcon.colcon_core.verb:set package 'test_publisher' build argument 'cmake_clean_first' from command line to 'False'
[1.747s] Level 5:colcon.colcon_core.verb:set package 'test_publisher' build argument 'cmake_force_configure' from command line to 'False'
[1.748s] Level 5:colcon.colcon_core.verb:set package 'test_publisher' build argument 'ament_cmake_args' from command line to 'None'
[1.749s] Level 5:colcon.colcon_core.verb:set package 'test_publisher' build argument 'catkin_cmake_args' from command line to 'None'
[1.749s] Level 5:colcon.colcon_core.verb:set package 'test_publisher' build argument 'catkin_skip_building_tests' from command line to 'False'
[1.750s] DEBUG:colcon.colcon_core.verb:Building package 'test_publisher' with the following arguments: {'ament_cmake_args': None, 'build_base': '/home/holberton/ros2_ws/build/test_publisher', 'catkin_cmake_args': None, 'catkin_skip_building_tests': False, 'cmake_args': None, 'cmake_clean_cache': False, 'cmake_clean_first': False, 'cmake_force_configure': False, 'cmake_target': None, 'cmake_target_skip_unavailable': False, 'install_base': '/home/holberton/ros2_ws/install/test_publisher', 'merge_install': False, 'path': '/home/holberton/ros2_ws/src/test_publisher', 'symlink_install': True, 'test_result_base': None}
[1.753s] Level 5:colcon.colcon_core.verb:set package 'parc_robot_bringup' build argument 'cmake_args' from command line to 'None'
[1.753s] Level 5:colcon.colcon_core.verb:set package 'parc_robot_bringup' build argument 'cmake_target' from command line to 'None'
[1.754s] Level 5:colcon.colcon_core.verb:set package 'parc_robot_bringup' build argument 'cmake_target_skip_unavailable' from command line to 'False'
[1.754s] Level 5:colcon.colcon_core.verb:set package 'parc_robot_bringup' build argument 'cmake_clean_cache' from command line to 'False'
[1.754s] Level 5:colcon.colcon_core.verb:set package 'parc_robot_bringup' build argument 'cmake_clean_first' from command line to 'False'
[1.754s] Level 5:colcon.colcon_core.verb:set package 'parc_robot_bringup' build argument 'cmake_force_configure' from command line to 'False'
[1.754s] Level 5:colcon.colcon_core.verb:set package 'parc_robot_bringup' build argument 'ament_cmake_args' from command line to 'None'
[1.754s] Level 5:colcon.colcon_core.verb:set package 'parc_robot_bringup' build argument 'catkin_cmake_args' from command line to 'None'
[1.754s] Level 5:colcon.colcon_core.verb:set package 'parc_robot_bringup' build argument 'catkin_skip_building_tests' from command line to 'False'
[1.755s] DEBUG:colcon.colcon_core.verb:Building package 'parc_robot_bringup' with the following arguments: {'ament_cmake_args': None, 'build_base': '/home/holberton/ros2_ws/build/parc_robot_bringup', 'catkin_cmake_args': None, 'catkin_skip_building_tests': False, 'cmake_args': None, 'cmake_clean_cache': False, 'cmake_clean_first': False, 'cmake_force_configure': False, 'cmake_target': None, 'cmake_target_skip_unavailable': False, 'install_base': '/home/holberton/ros2_ws/install/parc_robot_bringup', 'merge_install': False, 'path': '/home/holberton/ros2_ws/src/parc_robot_bringup', 'symlink_install': True, 'test_result_base': None}
[1.756s] INFO:colcon.colcon_core.executor:Executing jobs using 'parallel' executor
[1.764s] DEBUG:colcon.colcon_parallel_executor.executor.parallel:run_until_complete
[1.767s] INFO:colcon.colcon_ros.task.ament_cmake.build:Building ROS package in '/home/holberton/ros2_ws/src/parc_robot_description' with build type 'ament_cmake'
[1.768s] INFO:colcon.colcon_cmake.task.cmake.build:Building CMake package in '/home/holberton/ros2_ws/src/parc_robot_description'
[1.787s] INFO:colcon.colcon_core.plugin_system:Skipping extension 'colcon_core.shell.bat': Not used on non-Windows systems
[1.789s] INFO:colcon.colcon_core.shell:Skip shell extension 'powershell' for command environment: Not usable outside of PowerShell
[1.789s] DEBUG:colcon.colcon_core.shell:Skip shell extension 'dsv' for command environment
[1.815s] INFO:colcon.colcon_ros.task.ament_cmake.build:Building ROS package in '/home/holberton/ros2_ws/src/parc_robot_interfaces' with build type 'ament_cmake'
[1.817s] INFO:colcon.colcon_cmake.task.cmake.build:Building CMake package in '/home/holberton/ros2_ws/src/parc_robot_interfaces'
[1.821s] INFO:colcon.colcon_core.shell:Skip shell extension 'powershell' for command environment: Not usable outside of PowerShell
[1.822s] DEBUG:colcon.colcon_core.shell:Skip shell extension 'dsv' for command environment
[1.845s] INFO:colcon.colcon_ros.task.ament_cmake.build:Building ROS package in '/home/holberton/ros2_ws/src/parc_robot' with build type 'ament_cmake'
[1.846s] INFO:colcon.colcon_cmake.task.cmake.build:Building CMake package in '/home/holberton/ros2_ws/src/parc_robot'
[1.849s] INFO:colcon.colcon_core.shell:Skip shell extension 'powershell' for command environment: Not usable outside of PowerShell
[1.851s] DEBUG:colcon.colcon_core.shell:Skip shell extension 'dsv' for command environment
[1.874s] INFO:colcon.colcon_ros.task.ament_python.build:Building ROS package in '/home/holberton/ros2_ws/src/test_publisher' with build type 'ament_python'
[1.875s] Level 1:colcon.colcon_core.shell:create_environment_hook('test_publisher', 'ament_prefix_path')
[1.878s] INFO:colcon.colcon_core.shell:Creating environment hook '/home/holberton/ros2_ws/install/test_publisher/share/test_publisher/hook/ament_prefix_path.ps1'
[1.884s] INFO:colcon.colcon_core.shell:Creating environment descriptor '/home/holberton/ros2_ws/install/test_publisher/share/test_publisher/hook/ament_prefix_path.dsv'
[1.888s] INFO:colcon.colcon_core.shell:Creating environment hook '/home/holberton/ros2_ws/install/test_publisher/share/test_publisher/hook/ament_prefix_path.sh'
[1.896s] INFO:colcon.colcon_core.shell:Skip shell extension 'powershell' for command environment: Not usable outside of PowerShell
[1.897s] DEBUG:colcon.colcon_core.shell:Skip shell extension 'dsv' for command environment
[1.954s] DEBUG:colcon.colcon_core.event_handler.log_command:Invoking command in '/home/holberton/ros2_ws/build/parc_robot_description': CMAKE_PREFIX_PATH=${CMAKE_PREFIX_PATH}:/home/holberton/ros2_ws/install/test_publisher:/home/holberton/ros2_ws/install/auto_nav:/opt/ros/humble /usr/bin/cmake /home/holberton/ros2_ws/src/parc_robot_description -DAMENT_CMAKE_SYMLINK_INSTALL=1 -DCMAKE_INSTALL_PREFIX=/home/holberton/ros2_ws/install/parc_robot_description
[1.969s] DEBUG:colcon.colcon_core.event_handler.log_command:Invoking command in '/home/holberton/ros2_ws/build/parc_robot_interfaces': CMAKE_PREFIX_PATH=${CMAKE_PREFIX_PATH}:/home/holberton/ros2_ws/install/test_publisher:/home/holberton/ros2_ws/install/auto_nav:/opt/ros/humble /usr/bin/cmake /home/holberton/ros2_ws/src/parc_robot_interfaces -DAMENT_CMAKE_SYMLINK_INSTALL=1 -DCMAKE_INSTALL_PREFIX=/home/holberton/ros2_ws/install/parc_robot_interfaces
[1.997s] DEBUG:colcon.colcon_core.event_handler.log_command:Invoking command in '/home/holberton/ros2_ws/build/parc_robot': CMAKE_PREFIX_PATH=${CMAKE_PREFIX_PATH}:/home/holberton/ros2_ws/install/test_publisher:/home/holberton/ros2_ws/install/auto_nav:/opt/ros/humble /usr/bin/cmake /home/holberton/ros2_ws/src/parc_robot -DAMENT_CMAKE_SYMLINK_INSTALL=1 -DCMAKE_INSTALL_PREFIX=/home/holberton/ros2_ws/install/parc_robot
[3.639s] INFO:colcon.colcon_core.task.python.build:Building Python package in '/home/holberton/ros2_ws/src/test_publisher'
[3.641s] INFO:colcon.colcon_core.shell:Skip shell extension 'powershell' for command environment: Not usable outside of PowerShell
[3.642s] DEBUG:colcon.colcon_core.shell:Skip shell extension 'dsv' for command environment
[3.660s] DEBUG:colcon.colcon_core.event_handler.log_command:Invoked command in '/home/holberton/ros2_ws/build/parc_robot' returned '0': CMAKE_PREFIX_PATH=${CMAKE_PREFIX_PATH}:/home/holberton/ros2_ws/install/test_publisher:/home/holberton/ros2_ws/install/auto_nav:/opt/ros/humble /usr/bin/cmake /home/holberton/ros2_ws/src/parc_robot -DAMENT_CMAKE_SYMLINK_INSTALL=1 -DCMAKE_INSTALL_PREFIX=/home/holberton/ros2_ws/install/parc_robot
[3.673s] DEBUG:colcon.colcon_core.event_handler.log_command:Invoking command in '/home/holberton/ros2_ws/build/parc_robot': CMAKE_PREFIX_PATH=${CMAKE_PREFIX_PATH}:/home/holberton/ros2_ws/install/test_publisher:/home/holberton/ros2_ws/install/auto_nav:/opt/ros/humble /usr/bin/cmake --build /home/holberton/ros2_ws/build/parc_robot -- -j8 -l8
[3.901s] DEBUG:colcon.colcon_core.event_handler.log_command:Invoked command in '/home/holberton/ros2_ws/build/parc_robot' returned '0': CMAKE_PREFIX_PATH=${CMAKE_PREFIX_PATH}:/home/holberton/ros2_ws/install/test_publisher:/home/holberton/ros2_ws/install/auto_nav:/opt/ros/humble /usr/bin/cmake --build /home/holberton/ros2_ws/build/parc_robot -- -j8 -l8
[4.064s] DEBUG:colcon.colcon_core.event_handler.log_command:Invoking command in '/home/holberton/ros2_ws/build/parc_robot': CMAKE_PREFIX_PATH=${CMAKE_PREFIX_PATH}:/home/holberton/ros2_ws/install/test_publisher:/home/holberton/ros2_ws/install/auto_nav:/opt/ros/humble /usr/bin/cmake --install /home/holberton/ros2_ws/build/parc_robot
[4.152s] DEBUG:colcon.colcon_core.event_handler.log_command:Invoked command in '/home/holberton/ros2_ws/build/parc_robot_description' returned '0': CMAKE_PREFIX_PATH=${CMAKE_PREFIX_PATH}:/home/holberton/ros2_ws/install/test_publisher:/home/holberton/ros2_ws/install/auto_nav:/opt/ros/humble /usr/bin/cmake /home/holberton/ros2_ws/src/parc_robot_description -DAMENT_CMAKE_SYMLINK_INSTALL=1 -DCMAKE_INSTALL_PREFIX=/home/holberton/ros2_ws/install/parc_robot_description
[4.160s] DEBUG:colcon.colcon_core.event_handler.log_command:Invoking command in '/home/holberton/ros2_ws/build/parc_robot_description': CMAKE_PREFIX_PATH=${CMAKE_PREFIX_PATH}:/home/holberton/ros2_ws/install/test_publisher:/home/holberton/ros2_ws/install/auto_nav:/opt/ros/humble /usr/bin/cmake --build /home/holberton/ros2_ws/build/parc_robot_description -- -j8 -l8
[4.417s] DEBUG:colcon.colcon_core.event_handler.log_command:Invoked command in '/home/holberton/ros2_ws/build/parc_robot_description' returned '0': CMAKE_PREFIX_PATH=${CMAKE_PREFIX_PATH}:/home/holberton/ros2_ws/install/test_publisher:/home/holberton/ros2_ws/install/auto_nav:/opt/ros/humble /usr/bin/cmake --build /home/holberton/ros2_ws/build/parc_robot_description -- -j8 -l8
[4.541s] DEBUG:colcon.colcon_core.event_handler.log_command:Invoking command in '/home/holberton/ros2_ws/build/parc_robot_description': CMAKE_PREFIX_PATH=${CMAKE_PREFIX_PATH}:/home/holberton/ros2_ws/install/test_publisher:/home/holberton/ros2_ws/install/auto_nav:/opt/ros/humble /usr/bin/cmake --install /home/holberton/ros2_ws/build/parc_robot_description
[4.930s] Level 1:colcon.colcon_core.environment:create_environment_scripts_only(parc_robot)
[4.937s] DEBUG:colcon.colcon_core.event_handler.log_command:Invoked command in '/home/holberton/ros2_ws/build/parc_robot' returned '0': CMAKE_PREFIX_PATH=${CMAKE_PREFIX_PATH}:/home/holberton/ros2_ws/install/test_publisher:/home/holberton/ros2_ws/install/auto_nav:/opt/ros/humble /usr/bin/cmake --install /home/holberton/ros2_ws/build/parc_robot
[4.947s] Level 1:colcon.colcon_core.environment:checking '/home/holberton/ros2_ws/install/parc_robot' for CMake module files
[4.949s] Level 1:colcon.colcon_core.environment:checking '/home/holberton/ros2_ws/install/parc_robot' for CMake config files
[4.950s] Level 1:colcon.colcon_core.shell:create_environment_hook('parc_robot', 'cmake_prefix_path')
[4.952s] INFO:colcon.colcon_core.shell:Creating environment hook '/home/holberton/ros2_ws/install/parc_robot/share/parc_robot/hook/cmake_prefix_path.ps1'
[4.954s] INFO:colcon.colcon_core.shell:Creating environment descriptor '/home/holberton/ros2_ws/install/parc_robot/share/parc_robot/hook/cmake_prefix_path.dsv'
[4.956s] INFO:colcon.colcon_core.shell:Creating environment hook '/home/holberton/ros2_ws/install/parc_robot/share/parc_robot/hook/cmake_prefix_path.sh'
[4.959s] Level 1:colcon.colcon_core.environment:checking '/home/holberton/ros2_ws/install/parc_robot/bin'
[4.960s] Level 1:colcon.colcon_core.environment:checking '/home/holberton/ros2_ws/install/parc_robot/lib/pkgconfig/parc_robot.pc'
[4.960s] Level 1:colcon.colcon_core.environment:checking '/home/holberton/ros2_ws/install/parc_robot/lib/python3.10/site-packages'
[4.961s] Level 1:colcon.colcon_core.environment:checking '/home/holberton/ros2_ws/install/parc_robot/bin'
[4.965s] INFO:colcon.colcon_core.shell:Creating package script '/home/holberton/ros2_ws/install/parc_robot/share/parc_robot/package.ps1'
[4.970s] INFO:colcon.colcon_core.shell:Creating package descriptor '/home/holberton/ros2_ws/install/parc_robot/share/parc_robot/package.dsv'
[4.975s] INFO:colcon.colcon_core.shell:Creating package script '/home/holberton/ros2_ws/install/parc_robot/share/parc_robot/package.sh'
[4.979s] INFO:colcon.colcon_core.shell:Creating package script '/home/holberton/ros2_ws/install/parc_robot/share/parc_robot/package.bash'
[4.983s] INFO:colcon.colcon_core.shell:Creating package script '/home/holberton/ros2_ws/install/parc_robot/share/parc_robot/package.zsh'
[4.985s] Level 1:colcon.colcon_core.environment:create_file_with_runtime_dependencies(/home/holberton/ros2_ws/install/parc_robot/share/colcon-core/packages/parc_robot)
[5.123s] Level 1:colcon.colcon_core.environment:create_environment_scripts_only(parc_robot)
[5.125s] Level 1:colcon.colcon_core.environment:checking '/home/holberton/ros2_ws/install/parc_robot' for CMake module files
[5.128s] Level 1:colcon.colcon_core.environment:checking '/home/holberton/ros2_ws/install/parc_robot' for CMake config files
[5.130s] Level 1:colcon.colcon_core.shell:create_environment_hook('parc_robot', 'cmake_prefix_path')
[5.132s] INFO:colcon.colcon_core.shell:Creating environment hook '/home/holberton/ros2_ws/install/parc_robot/share/parc_robot/hook/cmake_prefix_path.ps1'
[5.136s] INFO:colcon.colcon_core.shell:Creating environment descriptor '/home/holberton/ros2_ws/install/parc_robot/share/parc_robot/hook/cmake_prefix_path.dsv'
[5.139s] INFO:colcon.colcon_core.shell:Creating environment hook '/home/holberton/ros2_ws/install/parc_robot/share/parc_robot/hook/cmake_prefix_path.sh'
[5.145s] Level 1:colcon.colcon_core.environment:checking '/home/holberton/ros2_ws/install/parc_robot/bin'
[5.146s] Level 1:colcon.colcon_core.environment:checking '/home/holberton/ros2_ws/install/parc_robot/lib/pkgconfig/parc_robot.pc'
[5.147s] Level 1:colcon.colcon_core.environment:checking '/home/holberton/ros2_ws/install/parc_robot/lib/python3.10/site-packages'
[5.149s] Level 1:colcon.colcon_core.environment:checking '/home/holberton/ros2_ws/install/parc_robot/bin'
[5.151s] INFO:colcon.colcon_core.shell:Creating package script '/home/holberton/ros2_ws/install/parc_robot/share/parc_robot/package.ps1'
[5.155s] INFO:colcon.colcon_core.shell:Creating package descriptor '/home/holberton/ros2_ws/install/parc_robot/share/parc_robot/package.dsv'
[5.158s] INFO:colcon.colcon_core.shell:Creating package script '/home/holberton/ros2_ws/install/parc_robot/share/parc_robot/package.sh'
[5.162s] INFO:colcon.colcon_core.shell:Creating package script '/home/holberton/ros2_ws/install/parc_robot/share/parc_robot/package.bash'
[5.164s] INFO:colcon.colcon_core.shell:Creating package script '/home/holberton/ros2_ws/install/parc_robot/share/parc_robot/package.zsh'
[5.167s] Level 1:colcon.colcon_core.environment:create_file_with_runtime_dependencies(/home/holberton/ros2_ws/install/parc_robot/share/colcon-core/packages/parc_robot)
[6.075s] DEBUG:colcon.colcon_core.task.python.build:While undoing a previous installation files outside the Python library path are being ignored: /home/holberton/ros2_ws/install/test_publisher/share/ament_index/resource_index/packages/test_publisher
[6.076s] DEBUG:colcon.colcon_core.task.python.build:While undoing a previous installation files outside the Python library path are being ignored: /home/holberton/ros2_ws/install/test_publisher/share/test_publisher/package.xml
[6.077s] DEBUG:colcon.colcon_core.task.python.build:While undoing a previous installation files outside the Python library path are being ignored: /home/holberton/ros2_ws/install/test_publisher/lib/test_publisher/move_robot
[6.089s] DEBUG:colcon.colcon_core.event_handler.log_command:Invoking command in '/home/holberton/ros2_ws/build/test_publisher': PYTHONPATH=/home/holberton/ros2_ws/build/test_publisher/prefix_override:/home/holberton/ros2_ws/install/test_publisher/lib/python3.10/site-packages:${PYTHONPATH} /usr/bin/python3 -W ignore:setup.py install is deprecated setup.py develop --editable --build-directory /home/holberton/ros2_ws/build/test_publisher/build --no-deps symlink_data --force
[6.967s] Level 1:colcon.colcon_core.environment:create_environment_scripts_only(parc_robot_description)
[6.970s] Level 1:colcon.colcon_core.environment:checking '/home/holberton/ros2_ws/install/parc_robot_description' for CMake module files
[6.974s] DEBUG:colcon.colcon_core.event_handler.log_command:Invoked command in '/home/holberton/ros2_ws/build/parc_robot_description' returned '0': CMAKE_PREFIX_PATH=${CMAKE_PREFIX_PATH}:/home/holberton/ros2_ws/install/test_publisher:/home/holberton/ros2_ws/install/auto_nav:/opt/ros/humble /usr/bin/cmake --install /home/holberton/ros2_ws/build/parc_robot_description
[6.975s] Level 1:colcon.colcon_core.environment:checking '/home/holberton/ros2_ws/install/parc_robot_description' for CMake config files
[6.977s] Level 1:colcon.colcon_core.shell:create_environment_hook('parc_robot_description', 'cmake_prefix_path')
[6.978s] INFO:colcon.colcon_core.shell:Creating environment hook '/home/holberton/ros2_ws/install/parc_robot_description/share/parc_robot_description/hook/cmake_prefix_path.ps1'
[6.980s] INFO:colcon.colcon_core.shell:Creating environment descriptor '/home/holberton/ros2_ws/install/parc_robot_description/share/parc_robot_description/hook/cmake_prefix_path.dsv'
[6.983s] INFO:colcon.colcon_core.shell:Creating environment hook '/home/holberton/ros2_ws/install/parc_robot_description/share/parc_robot_description/hook/cmake_prefix_path.sh'
[6.987s] Level 1:colcon.colcon_core.environment:checking '/home/holberton/ros2_ws/install/parc_robot_description/bin'
[6.988s] Level 1:colcon.colcon_core.environment:checking '/home/holberton/ros2_ws/install/parc_robot_description/lib/pkgconfig/parc_robot_description.pc'
[6.989s] Level 1:colcon.colcon_core.environment:checking '/home/holberton/ros2_ws/install/parc_robot_description/lib/python3.10/site-packages'
[6.991s] Level 1:colcon.colcon_core.environment:checking '/home/holberton/ros2_ws/install/parc_robot_description/bin'
[6.994s] INFO:colcon.colcon_core.shell:Creating package script '/home/holberton/ros2_ws/install/parc_robot_description/share/parc_robot_description/package.ps1'
[6.998s] INFO:colcon.colcon_core.shell:Creating package descriptor '/home/holberton/ros2_ws/install/parc_robot_description/share/parc_robot_description/package.dsv'
[7.001s] INFO:colcon.colcon_core.shell:Creating package script '/home/holberton/ros2_ws/install/parc_robot_description/share/parc_robot_description/package.sh'
[7.004s] INFO:colcon.colcon_core.shell:Creating package script '/home/holberton/ros2_ws/install/parc_robot_description/share/parc_robot_description/package.bash'
[7.006s] INFO:colcon.colcon_core.shell:Creating package script '/home/holberton/ros2_ws/install/parc_robot_description/share/parc_robot_description/package.zsh'
[7.010s] Level 1:colcon.colcon_core.environment:create_file_with_runtime_dependencies(/home/holberton/ros2_ws/install/parc_robot_description/share/colcon-core/packages/parc_robot_description)
[7.121s] Level 1:colcon.colcon_core.environment:create_environment_scripts_only(parc_robot_description)
[7.123s] Level 1:colcon.colcon_core.environment:checking '/home/holberton/ros2_ws/install/parc_robot_description' for CMake module files
[7.125s] Level 1:colcon.colcon_core.environment:checking '/home/holberton/ros2_ws/install/parc_robot_description' for CMake config files
[7.128s] Level 1:colcon.colcon_core.shell:create_environment_hook('parc_robot_description', 'cmake_prefix_path')
[7.129s] INFO:colcon.colcon_core.shell:Creating environment hook '/home/holberton/ros2_ws/install/parc_robot_description/share/parc_robot_description/hook/cmake_prefix_path.ps1'
[7.133s] INFO:colcon.colcon_core.shell:Creating environment descriptor '/home/holberton/ros2_ws/install/parc_robot_description/share/parc_robot_description/hook/cmake_prefix_path.dsv'
[7.136s] INFO:colcon.colcon_core.shell:Creating environment hook '/home/holberton/ros2_ws/install/parc_robot_description/share/parc_robot_description/hook/cmake_prefix_path.sh'
[7.141s] Level 1:colcon.colcon_core.environment:checking '/home/holberton/ros2_ws/install/parc_robot_description/bin'
[7.142s] Level 1:colcon.colcon_core.environment:checking '/home/holberton/ros2_ws/install/parc_robot_description/lib/pkgconfig/parc_robot_description.pc'
[7.143s] Level 1:colcon.colcon_core.environment:checking '/home/holberton/ros2_ws/install/parc_robot_description/lib/python3.10/site-packages'
[7.145s] Level 1:colcon.colcon_core.environment:checking '/home/holberton/ros2_ws/install/parc_robot_description/bin'
[7.147s] INFO:colcon.colcon_core.shell:Creating package script '/home/holberton/ros2_ws/install/parc_robot_description/share/parc_robot_description/package.ps1'
[7.152s] INFO:colcon.colcon_core.shell:Creating package descriptor '/home/holberton/ros2_ws/install/parc_robot_description/share/parc_robot_description/package.dsv'
[7.155s] INFO:colcon.colcon_core.shell:Creating package script '/home/holberton/ros2_ws/install/parc_robot_description/share/parc_robot_description/package.sh'
[7.161s] INFO:colcon.colcon_core.shell:Creating package script '/home/holberton/ros2_ws/install/parc_robot_description/share/parc_robot_description/package.bash'
[7.166s] INFO:colcon.colcon_core.shell:Creating package script '/home/holberton/ros2_ws/install/parc_robot_description/share/parc_robot_description/package.zsh'
[7.171s] Level 1:colcon.colcon_core.environment:create_file_with_runtime_dependencies(/home/holberton/ros2_ws/install/parc_robot_description/share/colcon-core/packages/parc_robot_description)
[9.019s] DEBUG:colcon.colcon_core.event_handler.log_command:Invoked command in '/home/holberton/ros2_ws/build/parc_robot_interfaces' returned '0': CMAKE_PREFIX_PATH=${CMAKE_PREFIX_PATH}:/home/holberton/ros2_ws/install/test_publisher:/home/holberton/ros2_ws/install/auto_nav:/opt/ros/humble /usr/bin/cmake /home/holberton/ros2_ws/src/parc_robot_interfaces -DAMENT_CMAKE_SYMLINK_INSTALL=1 -DCMAKE_INSTALL_PREFIX=/home/holberton/ros2_ws/install/parc_robot_interfaces
[9.029s] DEBUG:colcon.colcon_core.event_handler.log_command:Invoking command in '/home/holberton/ros2_ws/build/parc_robot_interfaces': CMAKE_PREFIX_PATH=${CMAKE_PREFIX_PATH}:/home/holberton/ros2_ws/install/test_publisher:/home/holberton/ros2_ws/install/auto_nav:/opt/ros/humble /usr/bin/cmake --build /home/holberton/ros2_ws/build/parc_robot_interfaces -- -j8 -l8
[9.039s] Level 1:colcon.colcon_core.shell:create_environment_hook('test_publisher', 'pythonpath_develop')
[9.040s] DEBUG:colcon.colcon_core.event_handler.log_command:Invoked command in '/home/holberton/ros2_ws/build/test_publisher' returned '0': PYTHONPATH=/home/holberton/ros2_ws/build/test_publisher/prefix_override:/home/holberton/ros2_ws/install/test_publisher/lib/python3.10/site-packages:${PYTHONPATH} /usr/bin/python3 -W ignore:setup.py install is deprecated setup.py develop --editable --build-directory /home/holberton/ros2_ws/build/test_publisher/build --no-deps symlink_data --force
[9.041s] INFO:colcon.colcon_core.shell:Creating environment hook '/home/holberton/ros2_ws/build/test_publisher/share/test_publisher/hook/pythonpath_develop.ps1'
[9.044s] INFO:colcon.colcon_core.shell:Creating environment descriptor '/home/holberton/ros2_ws/build/test_publisher/share/test_publisher/hook/pythonpath_develop.dsv'
[9.044s] INFO:colcon.colcon_core.shell:Creating environment hook '/home/holberton/ros2_ws/build/test_publisher/share/test_publisher/hook/pythonpath_develop.sh'
[9.044s] Level 1:colcon.colcon_core.environment:checking '/home/holberton/ros2_ws/install/test_publisher' for CMake module files
[9.045s] Level 1:colcon.colcon_core.environment:checking '/home/holberton/ros2_ws/install/test_publisher' for CMake config files
[9.046s] Level 1:colcon.colcon_core.environment:checking '/home/holberton/ros2_ws/install/test_publisher/lib'
[9.046s] Level 1:colcon.colcon_core.environment:checking '/home/holberton/ros2_ws/install/test_publisher/bin'
[9.047s] Level 1:colcon.colcon_core.environment:checking '/home/holberton/ros2_ws/install/test_publisher/lib/pkgconfig/test_publisher.pc'
[9.048s] Level 1:colcon.colcon_core.environment:checking '/home/holberton/ros2_ws/install/test_publisher/lib/python3.10/site-packages'
[9.049s] Level 1:colcon.colcon_core.shell:create_environment_hook('test_publisher', 'pythonpath')
[9.052s] INFO:colcon.colcon_core.shell:Creating environment hook '/home/holberton/ros2_ws/install/test_publisher/share/test_publisher/hook/pythonpath.ps1'
[9.055s] INFO:colcon.colcon_core.shell:Creating environment descriptor '/home/holberton/ros2_ws/install/test_publisher/share/test_publisher/hook/pythonpath.dsv'
[9.057s] INFO:colcon.colcon_core.shell:Creating environment hook '/home/holberton/ros2_ws/install/test_publisher/share/test_publisher/hook/pythonpath.sh'
[9.060s] Level 1:colcon.colcon_core.environment:checking '/home/holberton/ros2_ws/install/test_publisher/bin'
[9.061s] Level 1:colcon.colcon_core.environment:create_environment_scripts_only(test_publisher)
[9.063s] INFO:colcon.colcon_core.shell:Creating package script '/home/holberton/ros2_ws/install/test_publisher/share/test_publisher/package.ps1'
[9.065s] INFO:colcon.colcon_core.shell:Creating package descriptor '/home/holberton/ros2_ws/install/test_publisher/share/test_publisher/package.dsv'
[9.066s] INFO:colcon.colcon_core.shell:Creating package script '/home/holberton/ros2_ws/install/test_publisher/share/test_publisher/package.sh'
[9.067s] INFO:colcon.colcon_core.shell:Creating package script '/home/holberton/ros2_ws/install/test_publisher/share/test_publisher/package.bash'
[9.068s] INFO:colcon.colcon_core.shell:Creating package script '/home/holberton/ros2_ws/install/test_publisher/share/test_publisher/package.zsh'
[9.069s] Level 1:colcon.colcon_core.environment:create_file_with_runtime_dependencies(/home/holberton/ros2_ws/install/test_publisher/share/colcon-core/packages/test_publisher)
[9.226s] DEBUG:colcon.colcon_core.event_handler.log_command:Invoked command in '/home/holberton/ros2_ws/build/parc_robot_interfaces' returned '2': CMAKE_PREFIX_PATH=${CMAKE_PREFIX_PATH}:/home/holberton/ros2_ws/install/test_publisher:/home/holberton/ros2_ws/install/auto_nav:/opt/ros/humble /usr/bin/cmake --build /home/holberton/ros2_ws/build/parc_robot_interfaces -- -j8 -l8
[9.517s] Level 1:colcon.colcon_core.environment:create_environment_scripts_only(parc_robot_interfaces)
[9.518s] Level 1:colcon.colcon_core.environment:checking '/home/holberton/ros2_ws/install/parc_robot_interfaces' for CMake module files
[9.520s] Level 1:colcon.colcon_core.environment:checking '/home/holberton/ros2_ws/install/parc_robot_interfaces' for CMake config files
[9.522s] Level 1:colcon.colcon_core.shell:create_environment_hook('parc_robot_interfaces', 'cmake_prefix_path')
[9.524s] INFO:colcon.colcon_core.shell:Creating environment hook '/home/holberton/ros2_ws/install/parc_robot_interfaces/share/parc_robot_interfaces/hook/cmake_prefix_path.ps1'
[9.527s] INFO:colcon.colcon_core.shell:Creating environment descriptor '/home/holberton/ros2_ws/install/parc_robot_interfaces/share/parc_robot_interfaces/hook/cmake_prefix_path.dsv'
[9.529s] INFO:colcon.colcon_core.shell:Creating environment hook '/home/holberton/ros2_ws/install/parc_robot_interfaces/share/parc_robot_interfaces/hook/cmake_prefix_path.sh'
[9.534s] Level 1:colcon.colcon_core.environment:checking '/home/holberton/ros2_ws/install/parc_robot_interfaces/lib'
[9.535s] Level 1:colcon.colcon_core.shell:create_environment_hook('parc_robot_interfaces', 'ld_library_path_lib')
[9.536s] INFO:colcon.colcon_core.shell:Creating environment hook '/home/holberton/ros2_ws/install/parc_robot_interfaces/share/parc_robot_interfaces/hook/ld_library_path_lib.ps1'
[9.540s] INFO:colcon.colcon_core.shell:Creating environment descriptor '/home/holberton/ros2_ws/install/parc_robot_interfaces/share/parc_robot_interfaces/hook/ld_library_path_lib.dsv'
[9.543s] INFO:colcon.colcon_core.shell:Creating environment hook '/home/holberton/ros2_ws/install/parc_robot_interfaces/share/parc_robot_interfaces/hook/ld_library_path_lib.sh'
[9.545s] Level 1:colcon.colcon_core.environment:checking '/home/holberton/ros2_ws/install/parc_robot_interfaces/bin'
[9.545s] Level 1:colcon.colcon_core.environment:checking '/home/holberton/ros2_ws/install/parc_robot_interfaces/lib/pkgconfig/parc_robot_interfaces.pc'
[9.546s] Level 1:colcon.colcon_core.environment:checking '/home/holberton/ros2_ws/install/parc_robot_interfaces/lib/python3.10/site-packages'
[9.547s] Level 1:colcon.colcon_core.environment:checking '/home/holberton/ros2_ws/install/parc_robot_interfaces/bin'
[9.549s] INFO:colcon.colcon_core.shell:Creating package script '/home/holberton/ros2_ws/install/parc_robot_interfaces/share/parc_robot_interfaces/package.ps1'
[9.552s] INFO:colcon.colcon_core.shell:Creating package descriptor '/home/holberton/ros2_ws/install/parc_robot_interfaces/share/parc_robot_interfaces/package.dsv'
[9.557s] INFO:colcon.colcon_core.shell:Creating package script '/home/holberton/ros2_ws/install/parc_robot_interfaces/share/parc_robot_interfaces/package.sh'
[9.560s] INFO:colcon.colcon_core.shell:Creating package script '/home/holberton/ros2_ws/install/parc_robot_interfaces/share/parc_robot_interfaces/package.bash'
[9.563s] INFO:colcon.colcon_core.shell:Creating package script '/home/holberton/ros2_ws/install/parc_robot_interfaces/share/parc_robot_interfaces/package.zsh'
[9.567s] Level 1:colcon.colcon_core.environment:create_file_with_runtime_dependencies(/home/holberton/ros2_ws/install/parc_robot_interfaces/share/colcon-core/packages/parc_robot_interfaces)
[9.580s] DEBUG:colcon.colcon_parallel_executor.executor.parallel:closing loop
[9.581s] DEBUG:colcon.colcon_parallel_executor.executor.parallel:loop closed
[9.582s] DEBUG:colcon.colcon_parallel_executor.executor.parallel:run_until_complete finished with '2'
[9.582s] DEBUG:colcon.colcon_core.event_reactor:joining thread
[9.612s] INFO:colcon.colcon_core.plugin_system:Skipping extension 'colcon_notification.desktop_notification.terminal_notifier': Not used on non-Darwin systems
[9.614s] INFO:colcon.colcon_core.plugin_system:Skipping extension 'colcon_notification.desktop_notification.win32': Not used on non-Windows systems
[9.615s] INFO:colcon.colcon_notification.desktop_notification:Sending desktop notification using 'notify2'
[9.684s] DEBUG:colcon.colcon_core.event_reactor:joined thread
[9.686s] INFO:colcon.colcon_core.shell:Creating prefix script '/home/holberton/ros2_ws/install/local_setup.ps1'
[9.690s] INFO:colcon.colcon_core.shell:Creating prefix util module '/home/holberton/ros2_ws/install/_local_setup_util_ps1.py'
[9.696s] INFO:colcon.colcon_core.shell:Creating prefix chain script '/home/holberton/ros2_ws/install/setup.ps1'
[9.702s] INFO:colcon.colcon_core.shell:Creating prefix script '/home/holberton/ros2_ws/install/local_setup.sh'
[9.705s] INFO:colcon.colcon_core.shell:Creating prefix util module '/home/holberton/ros2_ws/install/_local_setup_util_sh.py'
[9.710s] INFO:colcon.colcon_core.shell:Creating prefix chain script '/home/holberton/ros2_ws/install/setup.sh'
[9.715s] INFO:colcon.colcon_core.shell:Creating prefix script '/home/holberton/ros2_ws/install/local_setup.bash'
[9.718s] INFO:colcon.colcon_core.shell:Creating prefix chain script '/home/holberton/ros2_ws/install/setup.bash'
[9.723s] INFO:colcon.colcon_core.shell:Creating prefix script '/home/holberton/ros2_ws/install/local_setup.zsh'
[9.729s] INFO:colcon.colcon_core.shell:Creating prefix chain script '/home/holberton/ros2_ws/install/setup.zsh'
