-- Install configuration: ""
-- Up-to-date: /home/holberton/ros2_ws/install/parc_robot_description/share/parc_robot_description/launch
-- Up-to-date: /home/holberton/ros2_ws/install/parc_robot_description/share/parc_robot_description/launch/robot_state_publisher_launch.py
-- Up-to-date: /home/holberton/ros2_ws/install/parc_robot_description/share/parc_robot_description/launch/description_launch.py
-- Up-to-date: /home/holberton/ros2_ws/install/parc_robot_description/share/parc_robot_description/meshes
-- Up-to-date: /home/holberton/ros2_ws/install/parc_robot_description/share/parc_robot_description/meshes/ydlidar.dae
-- Up-to-date: /home/holberton/ros2_ws/install/parc_robot_description/share/parc_robot_description/meshes/enclosure_with_overhang.stl
-- Up-to-date: /home/holberton/ros2_ws/install/parc_robot_description/share/parc_robot_description/meshes/enclosure.dae
-- Up-to-date: /home/holberton/ros2_ws/install/parc_robot_description/share/parc_robot_description/meshes/ZED2.dae
-- Up-to-date: /home/holberton/ros2_ws/install/parc_robot_description/share/parc_robot_description/meshes/seeder_v1.stl
-- Up-to-date: /home/holberton/ros2_ws/install/parc_robot_description/share/parc_robot_description/meshes/enclosure_with_overhang.dae
-- Up-to-date: /home/holberton/ros2_ws/install/parc_robot_description/share/parc_robot_description/meshes/wheel_type1.dae
-- Up-to-date: /home/holberton/ros2_ws/install/parc_robot_description/share/parc_robot_description/meshes/wheel_type2.dae
-- Up-to-date: /home/holberton/ros2_ws/install/parc_robot_description/share/parc_robot_description/meshes/base_link.dae
-- Up-to-date: /home/holberton/ros2_ws/install/parc_robot_description/share/parc_robot_description/meshes/seeder.stl
-- Up-to-date: /home/holberton/ros2_ws/install/parc_robot_description/share/parc_robot_description/urdf
-- Up-to-date: /home/holberton/ros2_ws/install/parc_robot_description/share/parc_robot_description/urdf/scout_wheel.gazebo
-- Up-to-date: /home/holberton/ros2_ws/install/parc_robot_description/share/parc_robot_description/urdf/zed2.xacro
-- Up-to-date: /home/holberton/ros2_ws/install/parc_robot_description/share/parc_robot_description/urdf/parc_robot.xacro
-- Up-to-date: /home/holberton/ros2_ws/install/parc_robot_description/share/parc_robot_description/urdf/scout_wheel_type1.xacro
-- Up-to-date: /home/holberton/ros2_ws/install/parc_robot_description/share/parc_robot_description/urdf/enclosure.xacro
-- Up-to-date: /home/holberton/ros2_ws/install/parc_robot_description/share/parc_robot_description/urdf/side_cameras.xacro
-- Up-to-date: /home/holberton/ros2_ws/install/parc_robot_description/share/parc_robot_description/urdf/ydlidar.xacro
-- Up-to-date: /home/holberton/ros2_ws/install/parc_robot_description/share/parc_robot_description/urdf/gps.xacro
-- Up-to-date: /home/holberton/ros2_ws/install/parc_robot_description/share/parc_robot_description/urdf/attachment.xacro
-- Up-to-date: /home/holberton/ros2_ws/install/parc_robot_description/share/parc_robot_description/urdf/sensors.xacro
-- Up-to-date: /home/holberton/ros2_ws/install/parc_robot_description/share/parc_robot_description/urdf/parc_robot_gazebo.xacro
-- Up-to-date: /home/holberton/ros2_ws/install/parc_robot_description/share/parc_robot_description/urdf/scout_wheel_type2.xacro
-- Up-to-date: /home/holberton/ros2_ws/install/parc_robot_description/share/parc_robot_description/urdf/inertial_macros.xacro
-- Up-to-date: /home/holberton/ros2_ws/install/parc_robot_description/share/parc_robot_description/rviz
-- Up-to-date: /home/holberton/ros2_ws/install/parc_robot_description/share/parc_robot_description/rviz/description.rviz
-- Up-to-date: /home/holberton/ros2_ws/install/parc_robot_description/share/parc_robot_description/materials
-- Up-to-date: /home/holberton/ros2_ws/install/parc_robot_description/share/parc_robot_description/materials/scripts
-- Up-to-date: /home/holberton/ros2_ws/install/parc_robot_description/share/parc_robot_description/materials/scripts/.vscode
-- Up-to-date: /home/holberton/ros2_ws/install/parc_robot_description/share/parc_robot_description/materials/scripts/.vscode/settings.json
-- Up-to-date: /home/holberton/ros2_ws/install/parc_robot_description/share/parc_robot_description/materials/scripts/.vscode/c_cpp_properties.json
-- Up-to-date: /home/holberton/ros2_ws/install/parc_robot_description/share/parc_robot_description/materials/scripts/dirty_metal.material
-- Up-to-date: /home/holberton/ros2_ws/install/parc_robot_description/share/parc_robot_description/materials/textures
-- Up-to-date: /home/holberton/ros2_ws/install/parc_robot_description/share/parc_robot_description/materials/textures/dirty_metal.jpg
-- Up-to-date: /home/holberton/ros2_ws/install/parc_robot_description/share/ament_index/resource_index/package_run_dependencies/parc_robot_description
-- Up-to-date: /home/holberton/ros2_ws/install/parc_robot_description/share/ament_index/resource_index/parent_prefix_path/parc_robot_description
-- Up-to-date: /home/holberton/ros2_ws/install/parc_robot_description/share/parc_robot_description/environment/ament_prefix_path.sh
-- Up-to-date: /home/holberton/ros2_ws/install/parc_robot_description/share/parc_robot_description/environment/ament_prefix_path.dsv
-- Up-to-date: /home/holberton/ros2_ws/install/parc_robot_description/share/parc_robot_description/environment/path.sh
-- Up-to-date: /home/holberton/ros2_ws/install/parc_robot_description/share/parc_robot_description/environment/path.dsv
-- Up-to-date: /home/holberton/ros2_ws/install/parc_robot_description/share/parc_robot_description/local_setup.bash
-- Up-to-date: /home/holberton/ros2_ws/install/parc_robot_description/share/parc_robot_description/local_setup.sh
-- Up-to-date: /home/holberton/ros2_ws/install/parc_robot_description/share/parc_robot_description/local_setup.zsh
-- Up-to-date: /home/holberton/ros2_ws/install/parc_robot_description/share/parc_robot_description/local_setup.dsv
-- Installing: /home/holberton/ros2_ws/install/parc_robot_description/share/parc_robot_description/package.dsv
-- Up-to-date: /home/holberton/ros2_ws/install/parc_robot_description/share/ament_index/resource_index/packages/parc_robot_description
-- Up-to-date: /home/holberton/ros2_ws/install/parc_robot_description/share/parc_robot_description/cmake/parc_robot_descriptionConfig.cmake
-- Up-to-date: /home/holberton/ros2_ws/install/parc_robot_description/share/parc_robot_description/cmake/parc_robot_descriptionConfig-version.cmake
-- Up-to-date: /home/holberton/ros2_ws/install/parc_robot_description/share/parc_robot_description/package.xml
