[0.170s] Invoking command in '/home/holberton/ros2_ws/build/parc_robot_description': CMAKE_PREFIX_PATH=${CMAKE_PREFIX_PATH}:/home/holberton/ros2_ws/install/test_publisher:/home/holberton/ros2_ws/install/auto_nav:/opt/ros/humble /usr/bin/cmake --build /home/holberton/ros2_ws/build/parc_robot_description -- -j8 -l8
[2.014s] Invoked command in '/home/holberton/ros2_ws/build/parc_robot_description' returned '0': CMAKE_PREFIX_PATH=${CMAKE_PREFIX_PATH}:/home/holberton/ros2_ws/install/test_publisher:/home/holberton/ros2_ws/install/auto_nav:/opt/ros/humble /usr/bin/cmake --build /home/holberton/ros2_ws/build/parc_robot_description -- -j8 -l8
[2.166s] Invoking command in '/home/holberton/ros2_ws/build/parc_robot_description': CMAKE_PREFIX_PATH=${CMAKE_PREFIX_PATH}:/home/holberton/ros2_ws/install/test_publisher:/home/holberton/ros2_ws/install/auto_nav:/opt/ros/humble /usr/bin/cmake --install /home/holberton/ros2_ws/build/parc_robot_description
[2.210s] -- Install configuration: ""
[2.211s] -- Up-to-date: /home/holberton/ros2_ws/install/parc_robot_description/share/parc_robot_description/launch
[2.211s] -- Up-to-date: /home/holberton/ros2_ws/install/parc_robot_description/share/parc_robot_description/launch/robot_state_publisher_launch.py
[2.213s] -- Up-to-date: /home/holberton/ros2_ws/install/parc_robot_description/share/parc_robot_description/launch/description_launch.py
[2.214s] -- Up-to-date: /home/holberton/ros2_ws/install/parc_robot_description/share/parc_robot_description/meshes
[2.216s] -- Up-to-date: /home/holberton/ros2_ws/install/parc_robot_description/share/parc_robot_description/meshes/ydlidar.dae
[2.218s] -- Up-to-date: /home/holberton/ros2_ws/install/parc_robot_description/share/parc_robot_description/meshes/enclosure_with_overhang.stl
[2.224s] -- Up-to-date: /home/holberton/ros2_ws/install/parc_robot_description/share/parc_robot_description/meshes/enclosure.dae
[2.225s] -- Up-to-date: /home/holberton/ros2_ws/install/parc_robot_description/share/parc_robot_description/meshes/ZED2.dae
[2.228s] -- Up-to-date: /home/holberton/ros2_ws/install/parc_robot_description/share/parc_robot_description/meshes/seeder_v1.stl
[2.228s] -- Up-to-date: /home/holberton/ros2_ws/install/parc_robot_description/share/parc_robot_description/meshes/enclosure_with_overhang.dae
[2.228s] -- Up-to-date: /home/holberton/ros2_ws/install/parc_robot_description/share/parc_robot_description/meshes/wheel_type1.dae
[2.229s] -- Up-to-date: /home/holberton/ros2_ws/install/parc_robot_description/share/parc_robot_description/meshes/wheel_type2.dae
[2.229s] -- Up-to-date: /home/holberton/ros2_ws/install/parc_robot_description/share/parc_robot_description/meshes/base_link.dae
[2.229s] -- Up-to-date: /home/holberton/ros2_ws/install/parc_robot_description/share/parc_robot_description/meshes/seeder.stl
[2.229s] -- Up-to-date: /home/holberton/ros2_ws/install/parc_robot_description/share/parc_robot_description/urdf
[2.229s] -- Up-to-date: /home/holberton/ros2_ws/install/parc_robot_description/share/parc_robot_description/urdf/scout_wheel.gazebo
[2.229s] -- Up-to-date: /home/holberton/ros2_ws/install/parc_robot_description/share/parc_robot_description/urdf/zed2.xacro
[2.230s] -- Up-to-date: /home/holberton/ros2_ws/install/parc_robot_description/share/parc_robot_description/urdf/parc_robot.xacro
[2.230s] -- Up-to-date: /home/holberton/ros2_ws/install/parc_robot_description/share/parc_robot_description/urdf/scout_wheel_type1.xacro
[2.231s] -- Up-to-date: /home/holberton/ros2_ws/install/parc_robot_description/share/parc_robot_description/urdf/enclosure.xacro
[2.231s] -- Up-to-date: /home/holberton/ros2_ws/install/parc_robot_description/share/parc_robot_description/urdf/side_cameras.xacro
[2.232s] -- Up-to-date: /home/holberton/ros2_ws/install/parc_robot_description/share/parc_robot_description/urdf/ydlidar.xacro
[2.233s] -- Up-to-date: /home/holberton/ros2_ws/install/parc_robot_description/share/parc_robot_description/urdf/gps.xacro
[2.233s] -- Up-to-date: /home/holberton/ros2_ws/install/parc_robot_description/share/parc_robot_description/urdf/attachment.xacro
[2.238s] -- Up-to-date: /home/holberton/ros2_ws/install/parc_robot_description/share/parc_robot_description/urdf/sensors.xacro
[2.240s] -- Up-to-date: /home/holberton/ros2_ws/install/parc_robot_description/share/parc_robot_description/urdf/parc_robot_gazebo.xacro
[2.240s] -- Up-to-date: /home/holberton/ros2_ws/install/parc_robot_description/share/parc_robot_description/urdf/scout_wheel_type2.xacro
[2.241s] -- Up-to-date: /home/holberton/ros2_ws/install/parc_robot_description/share/parc_robot_description/urdf/inertial_macros.xacro
[2.249s] -- Up-to-date: /home/holberton/ros2_ws/install/parc_robot_description/share/parc_robot_description/rviz
[2.250s] -- Up-to-date: /home/holberton/ros2_ws/install/parc_robot_description/share/parc_robot_description/rviz/description.rviz
[2.251s] -- Up-to-date: /home/holberton/ros2_ws/install/parc_robot_description/share/parc_robot_description/materials
[2.253s] -- Up-to-date: /home/holberton/ros2_ws/install/parc_robot_description/share/parc_robot_description/materials/scripts
[2.254s] -- Up-to-date: /home/holberton/ros2_ws/install/parc_robot_description/share/parc_robot_description/materials/scripts/.vscode
[2.254s] -- Up-to-date: /home/holberton/ros2_ws/install/parc_robot_description/share/parc_robot_description/materials/scripts/.vscode/settings.json
[2.255s] -- Up-to-date: /home/holberton/ros2_ws/install/parc_robot_description/share/parc_robot_description/materials/scripts/.vscode/c_cpp_properties.json
[2.256s] -- Up-to-date: /home/holberton/ros2_ws/install/parc_robot_description/share/parc_robot_description/materials/scripts/dirty_metal.material
[2.269s] -- Up-to-date: /home/holberton/ros2_ws/install/parc_robot_description/share/parc_robot_description/materials/textures
[2.270s] -- Up-to-date: /home/holberton/ros2_ws/install/parc_robot_description/share/parc_robot_description/materials/textures/dirty_metal.jpg
[2.271s] -- Up-to-date: /home/holberton/ros2_ws/install/parc_robot_description/share/ament_index/resource_index/package_run_dependencies/parc_robot_description
[2.272s] -- Up-to-date: /home/holberton/ros2_ws/install/parc_robot_description/share/ament_index/resource_index/parent_prefix_path/parc_robot_description
[2.275s] -- Up-to-date: /home/holberton/ros2_ws/install/parc_robot_description/share/parc_robot_description/environment/ament_prefix_path.sh
[2.275s] -- Up-to-date: /home/holberton/ros2_ws/install/parc_robot_description/share/parc_robot_description/environment/ament_prefix_path.dsv
[2.276s] -- Up-to-date: /home/holberton/ros2_ws/install/parc_robot_description/share/parc_robot_description/environment/path.sh
[2.279s] -- Up-to-date: /home/holberton/ros2_ws/install/parc_robot_description/share/parc_robot_description/environment/path.dsv
[2.281s] -- Up-to-date: /home/holberton/ros2_ws/install/parc_robot_description/share/parc_robot_description/local_setup.bash
[2.288s] -- Up-to-date: /home/holberton/ros2_ws/install/parc_robot_description/share/parc_robot_description/local_setup.sh
[2.290s] -- Up-to-date: /home/holberton/ros2_ws/install/parc_robot_description/share/parc_robot_description/local_setup.zsh
[2.292s] -- Up-to-date: /home/holberton/ros2_ws/install/parc_robot_description/share/parc_robot_description/local_setup.dsv
[2.296s] -- Installing: /home/holberton/ros2_ws/install/parc_robot_description/share/parc_robot_description/package.dsv
[2.304s] -- Up-to-date: /home/holberton/ros2_ws/install/parc_robot_description/share/ament_index/resource_index/packages/parc_robot_description
[2.315s] -- Up-to-date: /home/holberton/ros2_ws/install/parc_robot_description/share/parc_robot_description/cmake/parc_robot_descriptionConfig.cmake
[2.319s] -- Up-to-date: /home/holberton/ros2_ws/install/parc_robot_description/share/parc_robot_description/cmake/parc_robot_descriptionConfig-version.cmake
[2.319s] -- Up-to-date: /home/holberton/ros2_ws/install/parc_robot_description/share/parc_robot_description/package.xml
[2.337s] Invoked command in '/home/holberton/ros2_ws/build/parc_robot_description' returned '0': CMAKE_PREFIX_PATH=${CMAKE_PREFIX_PATH}:/home/holberton/ros2_ws/install/test_publisher:/home/holberton/ros2_ws/install/auto_nav:/opt/ros/humble /usr/bin/cmake --install /home/holberton/ros2_ws/build/parc_robot_description
