[0.138s] Invoking command in '/home/holberton/ros2_ws/build/parc_robot_description': CMAKE_PREFIX_PATH=${CMAKE_PREFIX_PATH}:/home/holberton/ros2_ws/install/test_publisher:/home/holberton/ros2_ws/install/auto_nav:/opt/ros/humble /usr/bin/cmake --build /home/holberton/ros2_ws/build/parc_robot_description -- -j8 -l8
[1.708s] Invoked command in '/home/holberton/ros2_ws/build/parc_robot_description' returned '0': CMAKE_PREFIX_PATH=${CMAKE_PREFIX_PATH}:/home/holberton/ros2_ws/install/test_publisher:/home/holberton/ros2_ws/install/auto_nav:/opt/ros/humble /usr/bin/cmake --build /home/holberton/ros2_ws/build/parc_robot_description -- -j8 -l8
[1.897s] Invoking command in '/home/holberton/ros2_ws/build/parc_robot_description': CMAKE_PREFIX_PATH=${CMAKE_PREFIX_PATH}:/home/holberton/ros2_ws/install/test_publisher:/home/holberton/ros2_ws/install/auto_nav:/opt/ros/humble /usr/bin/cmake --install /home/holberton/ros2_ws/build/parc_robot_description
[1.950s] -- Install configuration: ""
[1.951s] -- Execute custom install script
[1.951s] -- Up-to-date symlink: /home/holberton/ros2_ws/install/parc_robot_description/share/parc_robot_description/launch/description_launch.py
[1.951s] -- Up-to-date symlink: /home/holberton/ros2_ws/install/parc_robot_description/share/parc_robot_description/launch/robot_state_publisher_launch.py
[1.951s] -- Up-to-date symlink: /home/holberton/ros2_ws/install/parc_robot_description/share/parc_robot_description/meshes/ZED2.dae
[1.952s] -- Up-to-date symlink: /home/holberton/ros2_ws/install/parc_robot_description/share/parc_robot_description/meshes/base_link.dae
[1.952s] -- Up-to-date symlink: /home/holberton/ros2_ws/install/parc_robot_description/share/parc_robot_description/meshes/enclosure.dae
[1.952s] -- Up-to-date symlink: /home/holberton/ros2_ws/install/parc_robot_description/share/parc_robot_description/meshes/enclosure_with_overhang.dae
[1.952s] -- Up-to-date symlink: /home/holberton/ros2_ws/install/parc_robot_description/share/parc_robot_description/meshes/enclosure_with_overhang.stl
[1.952s] -- Up-to-date symlink: /home/holberton/ros2_ws/install/parc_robot_description/share/parc_robot_description/meshes/seeder.stl
[1.952s] -- Up-to-date symlink: /home/holberton/ros2_ws/install/parc_robot_description/share/parc_robot_description/meshes/seeder_v1.stl
[1.952s] -- Up-to-date symlink: /home/holberton/ros2_ws/install/parc_robot_description/share/parc_robot_description/meshes/wheel_type1.dae
[1.952s] -- Up-to-date symlink: /home/holberton/ros2_ws/install/parc_robot_description/share/parc_robot_description/meshes/wheel_type2.dae
[1.952s] -- Up-to-date symlink: /home/holberton/ros2_ws/install/parc_robot_description/share/parc_robot_description/meshes/ydlidar.dae
[1.953s] -- Up-to-date symlink: /home/holberton/ros2_ws/install/parc_robot_description/share/parc_robot_description/urdf/attachment.xacro
[1.953s] -- Up-to-date symlink: /home/holberton/ros2_ws/install/parc_robot_description/share/parc_robot_description/urdf/enclosure.xacro
[1.953s] -- Up-to-date symlink: /home/holberton/ros2_ws/install/parc_robot_description/share/parc_robot_description/urdf/gps.xacro
[1.953s] -- Up-to-date symlink: /home/holberton/ros2_ws/install/parc_robot_description/share/parc_robot_description/urdf/inertial_macros.xacro
[1.953s] -- Up-to-date symlink: /home/holberton/ros2_ws/install/parc_robot_description/share/parc_robot_description/urdf/parc_robot.xacro
[1.953s] -- Up-to-date symlink: /home/holberton/ros2_ws/install/parc_robot_description/share/parc_robot_description/urdf/parc_robot_gazebo.xacro
[1.953s] -- Up-to-date symlink: /home/holberton/ros2_ws/install/parc_robot_description/share/parc_robot_description/urdf/scout_wheel.gazebo
[1.953s] -- Up-to-date symlink: /home/holberton/ros2_ws/install/parc_robot_description/share/parc_robot_description/urdf/scout_wheel_type1.xacro
[1.954s] -- Up-to-date symlink: /home/holberton/ros2_ws/install/parc_robot_description/share/parc_robot_description/urdf/scout_wheel_type2.xacro
[1.954s] -- Up-to-date symlink: /home/holberton/ros2_ws/install/parc_robot_description/share/parc_robot_description/urdf/sensors.xacro
[1.954s] -- Up-to-date symlink: /home/holberton/ros2_ws/install/parc_robot_description/share/parc_robot_description/urdf/side_cameras.xacro
[1.955s] -- Up-to-date symlink: /home/holberton/ros2_ws/install/parc_robot_description/share/parc_robot_description/urdf/ydlidar.xacro
[1.957s] -- Up-to-date symlink: /home/holberton/ros2_ws/install/parc_robot_description/share/parc_robot_description/urdf/zed2.xacro
[1.957s] -- Up-to-date symlink: /home/holberton/ros2_ws/install/parc_robot_description/share/parc_robot_description/rviz/description.rviz
[1.958s] -- Up-to-date symlink: /home/holberton/ros2_ws/install/parc_robot_description/share/parc_robot_description/materials/scripts/.vscode/c_cpp_properties.json
[1.960s] -- Up-to-date symlink: /home/holberton/ros2_ws/install/parc_robot_description/share/parc_robot_description/materials/scripts/.vscode/settings.json
[1.961s] -- Up-to-date symlink: /home/holberton/ros2_ws/install/parc_robot_description/share/parc_robot_description/materials/scripts/dirty_metal.material
[1.961s] -- Up-to-date symlink: /home/holberton/ros2_ws/install/parc_robot_description/share/parc_robot_description/materials/textures/dirty_metal.jpg
[1.962s] -- Up-to-date symlink: /home/holberton/ros2_ws/install/parc_robot_description/share/ament_index/resource_index/package_run_dependencies/parc_robot_description
[1.963s] -- Up-to-date symlink: /home/holberton/ros2_ws/install/parc_robot_description/share/ament_index/resource_index/parent_prefix_path/parc_robot_description
[1.963s] -- Up-to-date symlink: /home/holberton/ros2_ws/install/parc_robot_description/share/parc_robot_description/environment/ament_prefix_path.sh
[1.965s] -- Up-to-date symlink: /home/holberton/ros2_ws/install/parc_robot_description/share/parc_robot_description/environment/ament_prefix_path.dsv
[1.967s] -- Up-to-date symlink: /home/holberton/ros2_ws/install/parc_robot_description/share/parc_robot_description/environment/path.sh
[1.968s] -- Up-to-date symlink: /home/holberton/ros2_ws/install/parc_robot_description/share/parc_robot_description/environment/path.dsv
[1.970s] -- Up-to-date symlink: /home/holberton/ros2_ws/install/parc_robot_description/share/parc_robot_description/local_setup.bash
[1.971s] -- Up-to-date symlink: /home/holberton/ros2_ws/install/parc_robot_description/share/parc_robot_description/local_setup.sh
[1.971s] -- Up-to-date symlink: /home/holberton/ros2_ws/install/parc_robot_description/share/parc_robot_description/local_setup.zsh
[1.973s] -- Up-to-date symlink: /home/holberton/ros2_ws/install/parc_robot_description/share/parc_robot_description/local_setup.dsv
[1.974s] -- Symlinking: /home/holberton/ros2_ws/install/parc_robot_description/share/parc_robot_description/package.dsv
[2.039s] -- Up-to-date symlink: /home/holberton/ros2_ws/install/parc_robot_description/share/ament_index/resource_index/packages/parc_robot_description
[2.040s] -- Up-to-date symlink: /home/holberton/ros2_ws/install/parc_robot_description/share/parc_robot_description/cmake/parc_robot_descriptionConfig.cmake
[2.040s] -- Up-to-date symlink: /home/holberton/ros2_ws/install/parc_robot_description/share/parc_robot_description/cmake/parc_robot_descriptionConfig-version.cmake
[2.041s] -- Up-to-date symlink: /home/holberton/ros2_ws/install/parc_robot_description/share/parc_robot_description/package.xml
