[0.513s] Invoking command in '/home/holberton/ros2_ws/build/parc_robot_description': CMAKE_PREFIX_PATH=${CMAKE_PREFIX_PATH}:/home/holberton/ros2_ws/install/test_publisher:/home/holberton/ros2_ws/install/parc_robot_description:/home/holberton/ros2_ws/install/auto_nav:/opt/ros/humble /usr/bin/cmake --build /home/holberton/ros2_ws/build/parc_robot_description -- -j8 -l8
[1.054s] Invoked command in '/home/holberton/ros2_ws/build/parc_robot_description' returned '0': CMAKE_PREFIX_PATH=${CMAKE_PREFIX_PATH}:/home/holberton/ros2_ws/install/test_publisher:/home/holberton/ros2_ws/install/parc_robot_description:/home/holberton/ros2_ws/install/auto_nav:/opt/ros/humble /usr/bin/cmake --build /home/holberton/ros2_ws/build/parc_robot_description -- -j8 -l8
[1.083s] Invoking command in '/home/holberton/ros2_ws/build/parc_robot_description': CMAKE_PREFIX_PATH=${CMAKE_PREFIX_PATH}:/home/holberton/ros2_ws/install/test_publisher:/home/holberton/ros2_ws/install/parc_robot_description:/home/holberton/ros2_ws/install/auto_nav:/opt/ros/humble /usr/bin/cmake --install /home/holberton/ros2_ws/build/parc_robot_description
[1.090s] -- Install configuration: ""
[1.090s] -- Execute custom install script
[1.091s] -- Up-to-date symlink: /home/holberton/ros2_ws/install/parc_robot_description/share/parc_robot_description/launch/description_launch.py
[1.091s] -- Up-to-date symlink: /home/holberton/ros2_ws/install/parc_robot_description/share/parc_robot_description/launch/robot_state_publisher_launch.py
[1.091s] -- Up-to-date symlink: /home/holberton/ros2_ws/install/parc_robot_description/share/parc_robot_description/meshes/ZED2.dae
[1.091s] -- Up-to-date symlink: /home/holberton/ros2_ws/install/parc_robot_description/share/parc_robot_description/meshes/base_link.dae
[1.091s] -- Up-to-date symlink: /home/holberton/ros2_ws/install/parc_robot_description/share/parc_robot_description/meshes/enclosure.dae
[1.091s] -- Up-to-date symlink: /home/holberton/ros2_ws/install/parc_robot_description/share/parc_robot_description/meshes/enclosure_with_overhang.dae
[1.092s] -- Up-to-date symlink: /home/holberton/ros2_ws/install/parc_robot_description/share/parc_robot_description/meshes/enclosure_with_overhang.stl
[1.092s] -- Up-to-date symlink: /home/holberton/ros2_ws/install/parc_robot_description/share/parc_robot_description/meshes/seeder.stl
[1.092s] -- Up-to-date symlink: /home/holberton/ros2_ws/install/parc_robot_description/share/parc_robot_description/meshes/seeder_v1.stl
[1.092s] -- Up-to-date symlink: /home/holberton/ros2_ws/install/parc_robot_description/share/parc_robot_description/meshes/wheel_type1.dae
[1.092s] -- Up-to-date symlink: /home/holberton/ros2_ws/install/parc_robot_description/share/parc_robot_description/meshes/wheel_type2.dae
[1.092s] -- Up-to-date symlink: /home/holberton/ros2_ws/install/parc_robot_description/share/parc_robot_description/meshes/ydlidar.dae
[1.092s] -- Up-to-date symlink: /home/holberton/ros2_ws/install/parc_robot_description/share/parc_robot_description/urdf/attachment.xacro
[1.093s] -- Up-to-date symlink: /home/holberton/ros2_ws/install/parc_robot_description/share/parc_robot_description/urdf/enclosure.xacro
[1.093s] -- Up-to-date symlink: /home/holberton/ros2_ws/install/parc_robot_description/share/parc_robot_description/urdf/gps.xacro
[1.093s] -- Up-to-date symlink: /home/holberton/ros2_ws/install/parc_robot_description/share/parc_robot_description/urdf/inertial_macros.xacro
[1.093s] -- Up-to-date symlink: /home/holberton/ros2_ws/install/parc_robot_description/share/parc_robot_description/urdf/parc_robot.xacro
[1.094s] -- Up-to-date symlink: /home/holberton/ros2_ws/install/parc_robot_description/share/parc_robot_description/urdf/parc_robot_gazebo.xacro
[1.094s] -- Up-to-date symlink: /home/holberton/ros2_ws/install/parc_robot_description/share/parc_robot_description/urdf/scout_wheel.gazebo
[1.094s] -- Up-to-date symlink: /home/holberton/ros2_ws/install/parc_robot_description/share/parc_robot_description/urdf/scout_wheel_type1.xacro
[1.094s] -- Up-to-date symlink: /home/holberton/ros2_ws/install/parc_robot_description/share/parc_robot_description/urdf/scout_wheel_type2.xacro
[1.095s] -- Up-to-date symlink: /home/holberton/ros2_ws/install/parc_robot_description/share/parc_robot_description/urdf/sensors.xacro
[1.095s] -- Up-to-date symlink: /home/holberton/ros2_ws/install/parc_robot_description/share/parc_robot_description/urdf/side_cameras.xacro
[1.095s] -- Up-to-date symlink: /home/holberton/ros2_ws/install/parc_robot_description/share/parc_robot_description/urdf/ydlidar.xacro
[1.095s] -- Up-to-date symlink: /home/holberton/ros2_ws/install/parc_robot_description/share/parc_robot_description/urdf/zed2.xacro
[1.096s] -- Up-to-date symlink: /home/holberton/ros2_ws/install/parc_robot_description/share/parc_robot_description/rviz/description.rviz
[1.096s] -- Up-to-date symlink: /home/holberton/ros2_ws/install/parc_robot_description/share/parc_robot_description/materials/scripts/.vscode/c_cpp_properties.json
[1.096s] -- Up-to-date symlink: /home/holberton/ros2_ws/install/parc_robot_description/share/parc_robot_description/materials/scripts/.vscode/settings.json
[1.096s] -- Up-to-date symlink: /home/holberton/ros2_ws/install/parc_robot_description/share/parc_robot_description/materials/scripts/dirty_metal.material
[1.096s] -- Up-to-date symlink: /home/holberton/ros2_ws/install/parc_robot_description/share/parc_robot_description/materials/textures/dirty_metal.jpg
[1.096s] -- Up-to-date symlink: /home/holberton/ros2_ws/install/parc_robot_description/share/ament_index/resource_index/package_run_dependencies/parc_robot_description
[1.097s] -- Up-to-date symlink: /home/holberton/ros2_ws/install/parc_robot_description/share/ament_index/resource_index/parent_prefix_path/parc_robot_description
[1.097s] -- Up-to-date symlink: /home/holberton/ros2_ws/install/parc_robot_description/share/parc_robot_description/environment/ament_prefix_path.sh
[1.097s] -- Up-to-date symlink: /home/holberton/ros2_ws/install/parc_robot_description/share/parc_robot_description/environment/ament_prefix_path.dsv
[1.097s] -- Up-to-date symlink: /home/holberton/ros2_ws/install/parc_robot_description/share/parc_robot_description/environment/path.sh
[1.097s] -- Up-to-date symlink: /home/holberton/ros2_ws/install/parc_robot_description/share/parc_robot_description/environment/path.dsv
[1.097s] -- Up-to-date symlink: /home/holberton/ros2_ws/install/parc_robot_description/share/parc_robot_description/local_setup.bash
[1.097s] -- Up-to-date symlink: /home/holberton/ros2_ws/install/parc_robot_description/share/parc_robot_description/local_setup.sh
[1.098s] -- Up-to-date symlink: /home/holberton/ros2_ws/install/parc_robot_description/share/parc_robot_description/local_setup.zsh
[1.098s] -- Up-to-date symlink: /home/holberton/ros2_ws/install/parc_robot_description/share/parc_robot_description/local_setup.dsv
[1.098s] -- Symlinking: /home/holberton/ros2_ws/install/parc_robot_description/share/parc_robot_description/package.dsv
[1.106s] -- Up-to-date symlink: /home/holberton/ros2_ws/install/parc_robot_description/share/ament_index/resource_index/packages/parc_robot_description
[1.106s] -- Up-to-date symlink: /home/holberton/ros2_ws/install/parc_robot_description/share/parc_robot_description/cmake/parc_robot_descriptionConfig.cmake
[1.106s] -- Up-to-date symlink: /home/holberton/ros2_ws/install/parc_robot_description/share/parc_robot_description/cmake/parc_robot_descriptionConfig-version.cmake
[1.106s] -- Up-to-date symlink: /home/holberton/ros2_ws/install/parc_robot_description/share/parc_robot_description/package.xml
[1.109s] Invoked command in '/home/holberton/ros2_ws/build/parc_robot_description' returned '0': CMAKE_PREFIX_PATH=${CMAKE_PREFIX_PATH}:/home/holberton/ros2_ws/install/test_publisher:/home/holberton/ros2_ws/install/parc_robot_description:/home/holberton/ros2_ws/install/auto_nav:/opt/ros/humble /usr/bin/cmake --install /home/holberton/ros2_ws/build/parc_robot_description
