Built target ament_cmake_python_copy_parc_robot_bringup
running egg_info
writing parc_robot_bringup.egg-info/PKG-INFO
writing dependency_links to parc_robot_bringup.egg-info/dependency_links.txt
writing top-level names to parc_robot_bringup.egg-info/top_level.txt
reading manifest file 'parc_robot_bringup.egg-info/SOURCES.txt'
writing manifest file 'parc_robot_bringup.egg-info/SOURCES.txt'
Built target ament_cmake_python_build_parc_robot_bringup_egg
-- Install configuration: ""
-- Up-to-date: /home/holberton/ros2_ws/install/parc_robot_bringup/share/parc_robot_bringup/config
-- Up-to-date: /home/holberton/ros2_ws/install/parc_robot_bringup/share/parc_robot_bringup/config/gazebo_ros2_ctl_use_sim.yaml
-- Up-to-date: /home/holberton/ros2_ws/install/parc_robot_bringup/share/parc_robot_bringup/config/task1_route1_params.yaml
-- Up-to-date: /home/holberton/ros2_ws/install/parc_robot_bringup/share/parc_robot_bringup/config/route3_world_coordinates.yaml
-- Up-to-date: /home/holberton/ros2_ws/install/parc_robot_bringup/share/parc_robot_bringup/config/route2_world_coordinates.yaml
-- Up-to-date: /home/holberton/ros2_ws/install/parc_robot_bringup/share/parc_robot_bringup/config/task1_route3_params.yaml
-- Up-to-date: /home/holberton/ros2_ws/install/parc_robot_bringup/share/parc_robot_bringup/config/task1_route2_params.yaml
-- Up-to-date: /home/holberton/ros2_ws/install/parc_robot_bringup/share/parc_robot_bringup/config/gazebo_params.yaml
-- Up-to-date: /home/holberton/ros2_ws/install/parc_robot_bringup/share/parc_robot_bringup/config/controllers.yaml
-- Up-to-date: /home/holberton/ros2_ws/install/parc_robot_bringup/share/parc_robot_bringup/config/route1_world_coordinates.yaml
-- Up-to-date: /home/holberton/ros2_ws/install/parc_robot_bringup/share/parc_robot_bringup/launch
-- Up-to-date: /home/holberton/ros2_ws/install/parc_robot_bringup/share/parc_robot_bringup/launch/task2_launch.py
-- Up-to-date: /home/holberton/ros2_ws/install/parc_robot_bringup/share/parc_robot_bringup/launch/task1_launch.py
-- Up-to-date: /home/holberton/ros2_ws/install/parc_robot_bringup/share/parc_robot_bringup/models
-- Up-to-date: /home/holberton/ros2_ws/install/parc_robot_bringup/share/parc_robot_bringup/models/my_grass_plane
-- Up-to-date: /home/holberton/ros2_ws/install/parc_robot_bringup/share/parc_robot_bringup/models/my_grass_plane/model.config
-- Up-to-date: /home/holberton/ros2_ws/install/parc_robot_bringup/share/parc_robot_bringup/models/my_grass_plane/materials
-- Up-to-date: /home/holberton/ros2_ws/install/parc_robot_bringup/share/parc_robot_bringup/models/my_grass_plane/materials/scripts
-- Up-to-date: /home/holberton/ros2_ws/install/parc_robot_bringup/share/parc_robot_bringup/models/my_grass_plane/materials/scripts/my_grass_plane.material
-- Up-to-date: /home/holberton/ros2_ws/install/parc_robot_bringup/share/parc_robot_bringup/models/my_grass_plane/materials/textures
-- Up-to-date: /home/holberton/ros2_ws/install/parc_robot_bringup/share/parc_robot_bringup/models/my_grass_plane/materials/textures/grass_grid.png
-- Up-to-date: /home/holberton/ros2_ws/install/parc_robot_bringup/share/parc_robot_bringup/models/my_grass_plane/materials/textures/grass_color.jpg
-- Up-to-date: /home/holberton/ros2_ws/install/parc_robot_bringup/share/parc_robot_bringup/models/my_grass_plane/model.sdf
-- Up-to-date: /home/holberton/ros2_ws/install/parc_robot_bringup/share/parc_robot_bringup/models/tomato_23
-- Up-to-date: /home/holberton/ros2_ws/install/parc_robot_bringup/share/parc_robot_bringup/models/tomato_23/model.config
-- Up-to-date: /home/holberton/ros2_ws/install/parc_robot_bringup/share/parc_robot_bringup/models/tomato_23/materials
-- Up-to-date: /home/holberton/ros2_ws/install/parc_robot_bringup/share/parc_robot_bringup/models/tomato_23/materials/scripts
-- Up-to-date: /home/holberton/ros2_ws/install/parc_robot_bringup/share/parc_robot_bringup/models/tomato_23/materials/scripts/fruit3.material
-- Up-to-date: /home/holberton/ros2_ws/install/parc_robot_bringup/share/parc_robot_bringup/models/tomato_23/materials/scripts/fruit2.material
-- Up-to-date: /home/holberton/ros2_ws/install/parc_robot_bringup/share/parc_robot_bringup/models/tomato_23/materials/scripts/blossom1.material
-- Up-to-date: /home/holberton/ros2_ws/install/parc_robot_bringup/share/parc_robot_bringup/models/tomato_23/materials/scripts/fruit1.material
-- Up-to-date: /home/holberton/ros2_ws/install/parc_robot_bringup/share/parc_robot_bringup/models/tomato_23/materials/scripts/branch.material
-- Up-to-date: /home/holberton/ros2_ws/install/parc_robot_bringup/share/parc_robot_bringup/models/tomato_23/materials/scripts/blossom3.material
-- Up-to-date: /home/holberton/ros2_ws/install/parc_robot_bringup/share/parc_robot_bringup/models/tomato_23/materials/scripts/blossom2.material
-- Up-to-date: /home/holberton/ros2_ws/install/parc_robot_bringup/share/parc_robot_bringup/models/tomato_23/materials/scripts/leaf2.material
-- Up-to-date: /home/holberton/ros2_ws/install/parc_robot_bringup/share/parc_robot_bringup/models/tomato_23/materials/scripts/fruit4.material
-- Up-to-date: /home/holberton/ros2_ws/install/parc_robot_bringup/share/parc_robot_bringup/models/tomato_23/materials/scripts/leaf1.material
-- Up-to-date: /home/holberton/ros2_ws/install/parc_robot_bringup/share/parc_robot_bringup/models/tomato_23/materials/textures
-- Up-to-date: /home/holberton/ros2_ws/install/parc_robot_bringup/share/parc_robot_bringup/models/tomato_23/materials/textures/AG15blo3.png
-- Up-to-date: /home/holberton/ros2_ws/install/parc_robot_bringup/share/parc_robot_bringup/models/tomato_23/materials/textures/AG15frt1.png
-- Up-to-date: /home/holberton/ros2_ws/install/parc_robot_bringup/share/parc_robot_bringup/models/tomato_23/materials/textures/AG15brn1(copy).png
-- Up-to-date: /home/holberton/ros2_ws/install/parc_robot_bringup/share/parc_robot_bringup/models/tomato_23/materials/textures/AG15blo1.png
-- Up-to-date: /home/holberton/ros2_ws/install/parc_robot_bringup/share/parc_robot_bringup/models/tomato_23/materials/textures/AG15lef2.png
-- Up-to-date: /home/holberton/ros2_ws/install/parc_robot_bringup/share/parc_robot_bringup/models/tomato_23/materials/textures/AG15frt3.png
-- Up-to-date: /home/holberton/ros2_ws/install/parc_robot_bringup/share/parc_robot_bringup/models/tomato_23/materials/textures/AG15brn1.png
-- Up-to-date: /home/holberton/ros2_ws/install/parc_robot_bringup/share/parc_robot_bringup/models/tomato_23/materials/textures/AG15lef1.png
-- Up-to-date: /home/holberton/ros2_ws/install/parc_robot_bringup/share/parc_robot_bringup/models/tomato_23/materials/textures/AG15frt4.png
-- Up-to-date: /home/holberton/ros2_ws/install/parc_robot_bringup/share/parc_robot_bringup/models/tomato_23/materials/textures/AG15blo2.png
-- Up-to-date: /home/holberton/ros2_ws/install/parc_robot_bringup/share/parc_robot_bringup/models/tomato_23/materials/textures/AG15frt2.png
-- Up-to-date: /home/holberton/ros2_ws/install/parc_robot_bringup/share/parc_robot_bringup/models/tomato_23/model.sdf
-- Up-to-date: /home/holberton/ros2_ws/install/parc_robot_bringup/share/parc_robot_bringup/models/tomato_23/markers.json
-- Up-to-date: /home/holberton/ros2_ws/install/parc_robot_bringup/share/parc_robot_bringup/models/tomato_23/meshes
-- Up-to-date: /home/holberton/ros2_ws/install/parc_robot_bringup/share/parc_robot_bringup/models/tomato_23/meshes/.gitignore
-- Up-to-date: /home/holberton/ros2_ws/install/parc_robot_bringup/share/parc_robot_bringup/models/tomato_23/meshes/tomato.dae
-- Up-to-date: /home/holberton/ros2_ws/install/parc_robot_bringup/share/parc_robot_bringup/models/tomato_28
-- Up-to-date: /home/holberton/ros2_ws/install/parc_robot_bringup/share/parc_robot_bringup/models/tomato_28/model.config
-- Up-to-date: /home/holberton/ros2_ws/install/parc_robot_bringup/share/parc_robot_bringup/models/tomato_28/materials
-- Up-to-date: /home/holberton/ros2_ws/install/parc_robot_bringup/share/parc_robot_bringup/models/tomato_28/materials/scripts
-- Up-to-date: /home/holberton/ros2_ws/install/parc_robot_bringup/share/parc_robot_bringup/models/tomato_28/materials/scripts/fruit3.material
-- Up-to-date: /home/holberton/ros2_ws/install/parc_robot_bringup/share/parc_robot_bringup/models/tomato_28/materials/scripts/fruit2.material
-- Up-to-date: /home/holberton/ros2_ws/install/parc_robot_bringup/share/parc_robot_bringup/models/tomato_28/materials/scripts/blossom1.material
-- Up-to-date: /home/holberton/ros2_ws/install/parc_robot_bringup/share/parc_robot_bringup/models/tomato_28/materials/scripts/fruit1.material
-- Up-to-date: /home/holberton/ros2_ws/install/parc_robot_bringup/share/parc_robot_bringup/models/tomato_28/materials/scripts/branch.material
-- Up-to-date: /home/holberton/ros2_ws/install/parc_robot_bringup/share/parc_robot_bringup/models/tomato_28/materials/scripts/blossom3.material
-- Up-to-date: /home/holberton/ros2_ws/install/parc_robot_bringup/share/parc_robot_bringup/models/tomato_28/materials/scripts/blossom2.material
-- Up-to-date: /home/holberton/ros2_ws/install/parc_robot_bringup/share/parc_robot_bringup/models/tomato_28/materials/scripts/leaf2.material
-- Up-to-date: /home/holberton/ros2_ws/install/parc_robot_bringup/share/parc_robot_bringup/models/tomato_28/materials/scripts/fruit4.material
-- Up-to-date: /home/holberton/ros2_ws/install/parc_robot_bringup/share/parc_robot_bringup/models/tomato_28/materials/scripts/leaf1.material
-- Up-to-date: /home/holberton/ros2_ws/install/parc_robot_bringup/share/parc_robot_bringup/models/tomato_28/materials/textures
-- Up-to-date: /home/holberton/ros2_ws/install/parc_robot_bringup/share/parc_robot_bringup/models/tomato_28/materials/textures/AG15blo3.png
-- Up-to-date: /home/holberton/ros2_ws/install/parc_robot_bringup/share/parc_robot_bringup/models/tomato_28/materials/textures/AG15frt1.png
-- Up-to-date: /home/holberton/ros2_ws/install/parc_robot_bringup/share/parc_robot_bringup/models/tomato_28/materials/textures/AG15brn1(copy).png
-- Up-to-date: /home/holberton/ros2_ws/install/parc_robot_bringup/share/parc_robot_bringup/models/tomato_28/materials/textures/AG15blo1.png
-- Up-to-date: /home/holberton/ros2_ws/install/parc_robot_bringup/share/parc_robot_bringup/models/tomato_28/materials/textures/AG15lef2.png
-- Up-to-date: /home/holberton/ros2_ws/install/parc_robot_bringup/share/parc_robot_bringup/models/tomato_28/materials/textures/AG15frt3.png
-- Up-to-date: /home/holberton/ros2_ws/install/parc_robot_bringup/share/parc_robot_bringup/models/tomato_28/materials/textures/AG15brn1.png
-- Up-to-date: /home/holberton/ros2_ws/install/parc_robot_bringup/share/parc_robot_bringup/models/tomato_28/materials/textures/AG15lef1.png
-- Up-to-date: /home/holberton/ros2_ws/install/parc_robot_bringup/share/parc_robot_bringup/models/tomato_28/materials/textures/AG15frt4.png
-- Up-to-date: /home/holberton/ros2_ws/install/parc_robot_bringup/share/parc_robot_bringup/models/tomato_28/materials/textures/AG15blo2.png
-- Up-to-date: /home/holberton/ros2_ws/install/parc_robot_bringup/share/parc_robot_bringup/models/tomato_28/materials/textures/AG15frt2.png
-- Up-to-date: /home/holberton/ros2_ws/install/parc_robot_bringup/share/parc_robot_bringup/models/tomato_28/model.sdf
-- Up-to-date: /home/holberton/ros2_ws/install/parc_robot_bringup/share/parc_robot_bringup/models/tomato_28/markers.json
-- Up-to-date: /home/holberton/ros2_ws/install/parc_robot_bringup/share/parc_robot_bringup/models/tomato_28/meshes
-- Up-to-date: /home/holberton/ros2_ws/install/parc_robot_bringup/share/parc_robot_bringup/models/tomato_28/meshes/.gitignore
-- Up-to-date: /home/holberton/ros2_ws/install/parc_robot_bringup/share/parc_robot_bringup/models/tomato_28/meshes/tomato.dae
-- Up-to-date: /home/holberton/ros2_ws/install/parc_robot_bringup/share/parc_robot_bringup/models/tomato_18
-- Up-to-date: /home/holberton/ros2_ws/install/parc_robot_bringup/share/parc_robot_bringup/models/tomato_18/model.config
-- Up-to-date: /home/holberton/ros2_ws/install/parc_robot_bringup/share/parc_robot_bringup/models/tomato_18/materials
-- Up-to-date: /home/holberton/ros2_ws/install/parc_robot_bringup/share/parc_robot_bringup/models/tomato_18/materials/scripts
-- Up-to-date: /home/holberton/ros2_ws/install/parc_robot_bringup/share/parc_robot_bringup/models/tomato_18/materials/scripts/fruit3.material
-- Up-to-date: /home/holberton/ros2_ws/install/parc_robot_bringup/share/parc_robot_bringup/models/tomato_18/materials/scripts/fruit2.material
-- Up-to-date: /home/holberton/ros2_ws/install/parc_robot_bringup/share/parc_robot_bringup/models/tomato_18/materials/scripts/blossom1.material
-- Up-to-date: /home/holberton/ros2_ws/install/parc_robot_bringup/share/parc_robot_bringup/models/tomato_18/materials/scripts/fruit1.material
-- Up-to-date: /home/holberton/ros2_ws/install/parc_robot_bringup/share/parc_robot_bringup/models/tomato_18/materials/scripts/branch.material
-- Up-to-date: /home/holberton/ros2_ws/install/parc_robot_bringup/share/parc_robot_bringup/models/tomato_18/materials/scripts/blossom3.material
-- Up-to-date: /home/holberton/ros2_ws/install/parc_robot_bringup/share/parc_robot_bringup/models/tomato_18/materials/scripts/blossom2.material
-- Up-to-date: /home/holberton/ros2_ws/install/parc_robot_bringup/share/parc_robot_bringup/models/tomato_18/materials/scripts/leaf2.material
-- Up-to-date: /home/holberton/ros2_ws/install/parc_robot_bringup/share/parc_robot_bringup/models/tomato_18/materials/scripts/fruit4.material
-- Up-to-date: /home/holberton/ros2_ws/install/parc_robot_bringup/share/parc_robot_bringup/models/tomato_18/materials/scripts/leaf1.material
-- Up-to-date: /home/holberton/ros2_ws/install/parc_robot_bringup/share/parc_robot_bringup/models/tomato_18/materials/textures
-- Up-to-date: /home/holberton/ros2_ws/install/parc_robot_bringup/share/parc_robot_bringup/models/tomato_18/materials/textures/AG15blo3.png
-- Up-to-date: /home/holberton/ros2_ws/install/parc_robot_bringup/share/parc_robot_bringup/models/tomato_18/materials/textures/AG15frt1.png
-- Up-to-date: /home/holberton/ros2_ws/install/parc_robot_bringup/share/parc_robot_bringup/models/tomato_18/materials/textures/AG15brn1(copy).png
-- Up-to-date: /home/holberton/ros2_ws/install/parc_robot_bringup/share/parc_robot_bringup/models/tomato_18/materials/textures/AG15blo1.png
-- Up-to-date: /home/holberton/ros2_ws/install/parc_robot_bringup/share/parc_robot_bringup/models/tomato_18/materials/textures/AG15lef2.png
-- Up-to-date: /home/holberton/ros2_ws/install/parc_robot_bringup/share/parc_robot_bringup/models/tomato_18/materials/textures/AG15frt3.png
-- Up-to-date: /home/holberton/ros2_ws/install/parc_robot_bringup/share/parc_robot_bringup/models/tomato_18/materials/textures/AG15brn1.png
-- Up-to-date: /home/holberton/ros2_ws/install/parc_robot_bringup/share/parc_robot_bringup/models/tomato_18/materials/textures/AG15lef1.png
-- Up-to-date: /home/holberton/ros2_ws/install/parc_robot_bringup/share/parc_robot_bringup/models/tomato_18/materials/textures/AG15frt4.png
-- Up-to-date: /home/holberton/ros2_ws/install/parc_robot_bringup/share/parc_robot_bringup/models/tomato_18/materials/textures/AG15blo2.png
-- Up-to-date: /home/holberton/ros2_ws/install/parc_robot_bringup/share/parc_robot_bringup/models/tomato_18/materials/textures/AG15frt2.png
-- Up-to-date: /home/holberton/ros2_ws/install/parc_robot_bringup/share/parc_robot_bringup/models/tomato_18/model.sdf
-- Up-to-date: /home/holberton/ros2_ws/install/parc_robot_bringup/share/parc_robot_bringup/models/tomato_18/markers.json
-- Up-to-date: /home/holberton/ros2_ws/install/parc_robot_bringup/share/parc_robot_bringup/models/tomato_18/meshes
-- Up-to-date: /home/holberton/ros2_ws/install/parc_robot_bringup/share/parc_robot_bringup/models/tomato_18/meshes/.gitignore
-- Up-to-date: /home/holberton/ros2_ws/install/parc_robot_bringup/share/parc_robot_bringup/models/tomato_18/meshes/tomato.dae
-- Up-to-date: /home/holberton/ros2_ws/install/parc_robot_bringup/share/parc_robot_bringup/models/tomato_33
-- Up-to-date: /home/holberton/ros2_ws/install/parc_robot_bringup/share/parc_robot_bringup/models/tomato_33/model.config
-- Up-to-date: /home/holberton/ros2_ws/install/parc_robot_bringup/share/parc_robot_bringup/models/tomato_33/materials
-- Up-to-date: /home/holberton/ros2_ws/install/parc_robot_bringup/share/parc_robot_bringup/models/tomato_33/materials/scripts
-- Up-to-date: /home/holberton/ros2_ws/install/parc_robot_bringup/share/parc_robot_bringup/models/tomato_33/materials/scripts/fruit3.material
-- Up-to-date: /home/holberton/ros2_ws/install/parc_robot_bringup/share/parc_robot_bringup/models/tomato_33/materials/scripts/fruit2.material
-- Up-to-date: /home/holberton/ros2_ws/install/parc_robot_bringup/share/parc_robot_bringup/models/tomato_33/materials/scripts/blossom1.material
-- Up-to-date: /home/holberton/ros2_ws/install/parc_robot_bringup/share/parc_robot_bringup/models/tomato_33/materials/scripts/fruit1.material
-- Up-to-date: /home/holberton/ros2_ws/install/parc_robot_bringup/share/parc_robot_bringup/models/tomato_33/materials/scripts/branch.material
-- Up-to-date: /home/holberton/ros2_ws/install/parc_robot_bringup/share/parc_robot_bringup/models/tomato_33/materials/scripts/blossom3.material
-- Up-to-date: /home/holberton/ros2_ws/install/parc_robot_bringup/share/parc_robot_bringup/models/tomato_33/materials/scripts/blossom2.material
-- Up-to-date: /home/holberton/ros2_ws/install/parc_robot_bringup/share/parc_robot_bringup/models/tomato_33/materials/scripts/leaf2.material
-- Up-to-date: /home/holberton/ros2_ws/install/parc_robot_bringup/share/parc_robot_bringup/models/tomato_33/materials/scripts/fruit4.material
-- Up-to-date: /home/holberton/ros2_ws/install/parc_robot_bringup/share/parc_robot_bringup/models/tomato_33/materials/scripts/leaf1.material
-- Up-to-date: /home/holberton/ros2_ws/install/parc_robot_bringup/share/parc_robot_bringup/models/tomato_33/materials/textures
-- Up-to-date: /home/holberton/ros2_ws/install/parc_robot_bringup/share/parc_robot_bringup/models/tomato_33/materials/textures/AG15blo3.png
-- Up-to-date: /home/holberton/ros2_ws/install/parc_robot_bringup/share/parc_robot_bringup/models/tomato_33/materials/textures/AG15frt1.png
-- Up-to-date: /home/holberton/ros2_ws/install/parc_robot_bringup/share/parc_robot_bringup/models/tomato_33/materials/textures/AG15brn1(copy).png
-- Up-to-date: /home/holberton/ros2_ws/install/parc_robot_bringup/share/parc_robot_bringup/models/tomato_33/materials/textures/AG15blo1.png
-- Up-to-date: /home/holberton/ros2_ws/install/parc_robot_bringup/share/parc_robot_bringup/models/tomato_33/materials/textures/AG15lef2.png
-- Up-to-date: /home/holberton/ros2_ws/install/parc_robot_bringup/share/parc_robot_bringup/models/tomato_33/materials/textures/AG15frt3.png
-- Up-to-date: /home/holberton/ros2_ws/install/parc_robot_bringup/share/parc_robot_bringup/models/tomato_33/materials/textures/AG15brn1.png
-- Up-to-date: /home/holberton/ros2_ws/install/parc_robot_bringup/share/parc_robot_bringup/models/tomato_33/materials/textures/AG15lef1.png
-- Up-to-date: /home/holberton/ros2_ws/install/parc_robot_bringup/share/parc_robot_bringup/models/tomato_33/materials/textures/AG15frt4.png
-- Up-to-date: /home/holberton/ros2_ws/install/parc_robot_bringup/share/parc_robot_bringup/models/tomato_33/materials/textures/AG15blo2.png
-- Up-to-date: /home/holberton/ros2_ws/install/parc_robot_bringup/share/parc_robot_bringup/models/tomato_33/materials/textures/AG15frt2.png
-- Up-to-date: /home/holberton/ros2_ws/install/parc_robot_bringup/share/parc_robot_bringup/models/tomato_33/model.sdf
-- Up-to-date: /home/holberton/ros2_ws/install/parc_robot_bringup/share/parc_robot_bringup/models/tomato_33/markers.json
-- Up-to-date: /home/holberton/ros2_ws/install/parc_robot_bringup/share/parc_robot_bringup/models/tomato_33/meshes
-- Up-to-date: /home/holberton/ros2_ws/install/parc_robot_bringup/share/parc_robot_bringup/models/tomato_33/meshes/.gitignore
-- Up-to-date: /home/holberton/ros2_ws/install/parc_robot_bringup/share/parc_robot_bringup/models/tomato_33/meshes/tomato.dae
-- Up-to-date: /home/holberton/ros2_ws/install/parc_robot_bringup/share/parc_robot_bringup/models/tomato_27
-- Up-to-date: /home/holberton/ros2_ws/install/parc_robot_bringup/share/parc_robot_bringup/models/tomato_27/model.config
-- Up-to-date: /home/holberton/ros2_ws/install/parc_robot_bringup/share/parc_robot_bringup/models/tomato_27/materials
-- Up-to-date: /home/holberton/ros2_ws/install/parc_robot_bringup/share/parc_robot_bringup/models/tomato_27/materials/scripts
-- Up-to-date: /home/holberton/ros2_ws/install/parc_robot_bringup/share/parc_robot_bringup/models/tomato_27/materials/scripts/fruit3.material
-- Up-to-date: /home/holberton/ros2_ws/install/parc_robot_bringup/share/parc_robot_bringup/models/tomato_27/materials/scripts/fruit2.material
-- Up-to-date: /home/holberton/ros2_ws/install/parc_robot_bringup/share/parc_robot_bringup/models/tomato_27/materials/scripts/blossom1.material
-- Up-to-date: /home/holberton/ros2_ws/install/parc_robot_bringup/share/parc_robot_bringup/models/tomato_27/materials/scripts/fruit1.material
-- Up-to-date: /home/holberton/ros2_ws/install/parc_robot_bringup/share/parc_robot_bringup/models/tomato_27/materials/scripts/branch.material
-- Up-to-date: /home/holberton/ros2_ws/install/parc_robot_bringup/share/parc_robot_bringup/models/tomato_27/materials/scripts/blossom3.material
-- Up-to-date: /home/holberton/ros2_ws/install/parc_robot_bringup/share/parc_robot_bringup/models/tomato_27/materials/scripts/blossom2.material
-- Up-to-date: /home/holberton/ros2_ws/install/parc_robot_bringup/share/parc_robot_bringup/models/tomato_27/materials/scripts/leaf2.material
-- Up-to-date: /home/holberton/ros2_ws/install/parc_robot_bringup/share/parc_robot_bringup/models/tomato_27/materials/scripts/fruit4.material
-- Up-to-date: /home/holberton/ros2_ws/install/parc_robot_bringup/share/parc_robot_bringup/models/tomato_27/materials/scripts/leaf1.material
-- Up-to-date: /home/holberton/ros2_ws/install/parc_robot_bringup/share/parc_robot_bringup/models/tomato_27/materials/textures
-- Up-to-date: /home/holberton/ros2_ws/install/parc_robot_bringup/share/parc_robot_bringup/models/tomato_27/materials/textures/AG15blo3.png
-- Up-to-date: /home/holberton/ros2_ws/install/parc_robot_bringup/share/parc_robot_bringup/models/tomato_27/materials/textures/AG15frt1.png
-- Up-to-date: /home/holberton/ros2_ws/install/parc_robot_bringup/share/parc_robot_bringup/models/tomato_27/materials/textures/AG15brn1(copy).png
-- Up-to-date: /home/holberton/ros2_ws/install/parc_robot_bringup/share/parc_robot_bringup/models/tomato_27/materials/textures/AG15blo1.png
-- Up-to-date: /home/holberton/ros2_ws/install/parc_robot_bringup/share/parc_robot_bringup/models/tomato_27/materials/textures/AG15lef2.png
-- Up-to-date: /home/holberton/ros2_ws/install/parc_robot_bringup/share/parc_robot_bringup/models/tomato_27/materials/textures/AG15frt3.png
-- Up-to-date: /home/holberton/ros2_ws/install/parc_robot_bringup/share/parc_robot_bringup/models/tomato_27/materials/textures/AG15brn1.png
-- Up-to-date: /home/holberton/ros2_ws/install/parc_robot_bringup/share/parc_robot_bringup/models/tomato_27/materials/textures/AG15lef1.png
-- Up-to-date: /home/holberton/ros2_ws/install/parc_robot_bringup/share/parc_robot_bringup/models/tomato_27/materials/textures/AG15frt4.png
-- Up-to-date: /home/holberton/ros2_ws/install/parc_robot_bringup/share/parc_robot_bringup/models/tomato_27/materials/textures/AG15blo2.png
-- Up-to-date: /home/holberton/ros2_ws/install/parc_robot_bringup/share/parc_robot_bringup/models/tomato_27/materials/textures/AG15frt2.png
-- Up-to-date: /home/holberton/ros2_ws/install/parc_robot_bringup/share/parc_robot_bringup/models/tomato_27/model.sdf
-- Up-to-date: /home/holberton/ros2_ws/install/parc_robot_bringup/share/parc_robot_bringup/models/tomato_27/markers.json
-- Up-to-date: /home/holberton/ros2_ws/install/parc_robot_bringup/share/parc_robot_bringup/models/tomato_27/meshes
-- Up-to-date: /home/holberton/ros2_ws/install/parc_robot_bringup/share/parc_robot_bringup/models/tomato_27/meshes/.gitignore
-- Up-to-date: /home/holberton/ros2_ws/install/parc_robot_bringup/share/parc_robot_bringup/models/tomato_27/meshes/tomato.dae
-- Up-to-date: /home/holberton/ros2_ws/install/parc_robot_bringup/share/parc_robot_bringup/models/materials
-- Up-to-date: /home/holberton/ros2_ws/install/parc_robot_bringup/share/parc_robot_bringup/models/materials/textures
-- Up-to-date: /home/holberton/ros2_ws/install/parc_robot_bringup/share/parc_robot_bringup/models/materials/textures/grass_roughness.jpg
-- Up-to-date: /home/holberton/ros2_ws/install/parc_robot_bringup/share/parc_robot_bringup/models/materials/textures/plowed_soil.jpg
-- Up-to-date: /home/holberton/ros2_ws/install/parc_robot_bringup/share/parc_robot_bringup/models/materials/textures/fungus_diffusespecular.png
-- Up-to-date: /home/holberton/ros2_ws/install/parc_robot_bringup/share/parc_robot_bringup/models/materials/textures/grass_normal.jpg
-- Up-to-date: /home/holberton/ros2_ws/install/parc_robot_bringup/share/parc_robot_bringup/models/materials/textures/flat_normal.png
-- Up-to-date: /home/holberton/ros2_ws/install/parc_robot_bringup/share/parc_robot_bringup/models/materials/textures/dirt_diffusespecular.png
-- Up-to-date: /home/holberton/ros2_ws/install/parc_robot_bringup/share/parc_robot_bringup/models/materials/textures/grass_displacement.jpg
-- Up-to-date: /home/holberton/ros2_ws/install/parc_robot_bringup/share/parc_robot_bringup/models/materials/textures/grass_color.jpg
-- Up-to-date: /home/holberton/ros2_ws/install/parc_robot_bringup/share/parc_robot_bringup/models/goal_location
-- Up-to-date: /home/holberton/ros2_ws/install/parc_robot_bringup/share/parc_robot_bringup/models/goal_location/model.config
-- Up-to-date: /home/holberton/ros2_ws/install/parc_robot_bringup/share/parc_robot_bringup/models/goal_location/model.sdf
-- Up-to-date: /home/holberton/ros2_ws/install/parc_robot_bringup/share/parc_robot_bringup/models/tomato_32
-- Up-to-date: /home/holberton/ros2_ws/install/parc_robot_bringup/share/parc_robot_bringup/models/tomato_32/model.config
-- Up-to-date: /home/holberton/ros2_ws/install/parc_robot_bringup/share/parc_robot_bringup/models/tomato_32/materials
-- Up-to-date: /home/holberton/ros2_ws/install/parc_robot_bringup/share/parc_robot_bringup/models/tomato_32/materials/scripts
-- Up-to-date: /home/holberton/ros2_ws/install/parc_robot_bringup/share/parc_robot_bringup/models/tomato_32/materials/scripts/fruit3.material
-- Up-to-date: /home/holberton/ros2_ws/install/parc_robot_bringup/share/parc_robot_bringup/models/tomato_32/materials/scripts/fruit2.material
-- Up-to-date: /home/holberton/ros2_ws/install/parc_robot_bringup/share/parc_robot_bringup/models/tomato_32/materials/scripts/blossom1.material
-- Up-to-date: /home/holberton/ros2_ws/install/parc_robot_bringup/share/parc_robot_bringup/models/tomato_32/materials/scripts/fruit1.material
-- Up-to-date: /home/holberton/ros2_ws/install/parc_robot_bringup/share/parc_robot_bringup/models/tomato_32/materials/scripts/branch.material
-- Up-to-date: /home/holberton/ros2_ws/install/parc_robot_bringup/share/parc_robot_bringup/models/tomato_32/materials/scripts/blossom3.material
-- Up-to-date: /home/holberton/ros2_ws/install/parc_robot_bringup/share/parc_robot_bringup/models/tomato_32/materials/scripts/blossom2.material
-- Up-to-date: /home/holberton/ros2_ws/install/parc_robot_bringup/share/parc_robot_bringup/models/tomato_32/materials/scripts/leaf2.material
-- Up-to-date: /home/holberton/ros2_ws/install/parc_robot_bringup/share/parc_robot_bringup/models/tomato_32/materials/scripts/fruit4.material
-- Up-to-date: /home/holberton/ros2_ws/install/parc_robot_bringup/share/parc_robot_bringup/models/tomato_32/materials/scripts/leaf1.material
-- Up-to-date: /home/holberton/ros2_ws/install/parc_robot_bringup/share/parc_robot_bringup/models/tomato_32/materials/textures
-- Up-to-date: /home/holberton/ros2_ws/install/parc_robot_bringup/share/parc_robot_bringup/models/tomato_32/materials/textures/AG15blo3.png
-- Up-to-date: /home/holberton/ros2_ws/install/parc_robot_bringup/share/parc_robot_bringup/models/tomato_32/materials/textures/AG15frt1.png
-- Up-to-date: /home/holberton/ros2_ws/install/parc_robot_bringup/share/parc_robot_bringup/models/tomato_32/materials/textures/AG15brn1(copy).png
-- Up-to-date: /home/holberton/ros2_ws/install/parc_robot_bringup/share/parc_robot_bringup/models/tomato_32/materials/textures/AG15blo1.png
-- Up-to-date: /home/holberton/ros2_ws/install/parc_robot_bringup/share/parc_robot_bringup/models/tomato_32/materials/textures/AG15lef2.png
-- Up-to-date: /home/holberton/ros2_ws/install/parc_robot_bringup/share/parc_robot_bringup/models/tomato_32/materials/textures/AG15frt3.png
-- Up-to-date: /home/holberton/ros2_ws/install/parc_robot_bringup/share/parc_robot_bringup/models/tomato_32/materials/textures/AG15brn1.png
-- Up-to-date: /home/holberton/ros2_ws/install/parc_robot_bringup/share/parc_robot_bringup/models/tomato_32/materials/textures/AG15lef1.png
-- Up-to-date: /home/holberton/ros2_ws/install/parc_robot_bringup/share/parc_robot_bringup/models/tomato_32/materials/textures/AG15frt4.png
-- Up-to-date: /home/holberton/ros2_ws/install/parc_robot_bringup/share/parc_robot_bringup/models/tomato_32/materials/textures/AG15blo2.png
-- Up-to-date: /home/holberton/ros2_ws/install/parc_robot_bringup/share/parc_robot_bringup/models/tomato_32/materials/textures/AG15frt2.png
-- Up-to-date: /home/holberton/ros2_ws/install/parc_robot_bringup/share/parc_robot_bringup/models/tomato_32/model.sdf
-- Up-to-date: /home/holberton/ros2_ws/install/parc_robot_bringup/share/parc_robot_bringup/models/tomato_32/markers.json
-- Up-to-date: /home/holberton/ros2_ws/install/parc_robot_bringup/share/parc_robot_bringup/models/tomato_32/meshes
-- Up-to-date: /home/holberton/ros2_ws/install/parc_robot_bringup/share/parc_robot_bringup/models/tomato_32/meshes/.gitignore
-- Up-to-date: /home/holberton/ros2_ws/install/parc_robot_bringup/share/parc_robot_bringup/models/tomato_32/meshes/tomato.dae
-- Up-to-date: /home/holberton/ros2_ws/install/parc_robot_bringup/share/parc_robot_bringup/models/tomato_26
-- Up-to-date: /home/holberton/ros2_ws/install/parc_robot_bringup/share/parc_robot_bringup/models/tomato_26/model.config
-- Up-to-date: /home/holberton/ros2_ws/install/parc_robot_bringup/share/parc_robot_bringup/models/tomato_26/materials
-- Up-to-date: /home/holberton/ros2_ws/install/parc_robot_bringup/share/parc_robot_bringup/models/tomato_26/materials/scripts
-- Up-to-date: /home/holberton/ros2_ws/install/parc_robot_bringup/share/parc_robot_bringup/models/tomato_26/materials/scripts/fruit3.material
-- Up-to-date: /home/holberton/ros2_ws/install/parc_robot_bringup/share/parc_robot_bringup/models/tomato_26/materials/scripts/fruit2.material
-- Up-to-date: /home/holberton/ros2_ws/install/parc_robot_bringup/share/parc_robot_bringup/models/tomato_26/materials/scripts/blossom1.material
-- Up-to-date: /home/holberton/ros2_ws/install/parc_robot_bringup/share/parc_robot_bringup/models/tomato_26/materials/scripts/fruit1.material
-- Up-to-date: /home/holberton/ros2_ws/install/parc_robot_bringup/share/parc_robot_bringup/models/tomato_26/materials/scripts/branch.material
-- Up-to-date: /home/holberton/ros2_ws/install/parc_robot_bringup/share/parc_robot_bringup/models/tomato_26/materials/scripts/blossom3.material
-- Up-to-date: /home/holberton/ros2_ws/install/parc_robot_bringup/share/parc_robot_bringup/models/tomato_26/materials/scripts/blossom2.material
-- Up-to-date: /home/holberton/ros2_ws/install/parc_robot_bringup/share/parc_robot_bringup/models/tomato_26/materials/scripts/leaf2.material
-- Up-to-date: /home/holberton/ros2_ws/install/parc_robot_bringup/share/parc_robot_bringup/models/tomato_26/materials/scripts/fruit4.material
-- Up-to-date: /home/holberton/ros2_ws/install/parc_robot_bringup/share/parc_robot_bringup/models/tomato_26/materials/scripts/leaf1.material
-- Up-to-date: /home/holberton/ros2_ws/install/parc_robot_bringup/share/parc_robot_bringup/models/tomato_26/materials/textures
-- Up-to-date: /home/holberton/ros2_ws/install/parc_robot_bringup/share/parc_robot_bringup/models/tomato_26/materials/textures/AG15blo3.png
-- Up-to-date: /home/holberton/ros2_ws/install/parc_robot_bringup/share/parc_robot_bringup/models/tomato_26/materials/textures/AG15frt1.png
-- Up-to-date: /home/holberton/ros2_ws/install/parc_robot_bringup/share/parc_robot_bringup/models/tomato_26/materials/textures/AG15brn1(copy).png
-- Up-to-date: /home/holberton/ros2_ws/install/parc_robot_bringup/share/parc_robot_bringup/models/tomato_26/materials/textures/AG15blo1.png
-- Up-to-date: /home/holberton/ros2_ws/install/parc_robot_bringup/share/parc_robot_bringup/models/tomato_26/materials/textures/AG15lef2.png
-- Up-to-date: /home/holberton/ros2_ws/install/parc_robot_bringup/share/parc_robot_bringup/models/tomato_26/materials/textures/AG15frt3.png
-- Up-to-date: /home/holberton/ros2_ws/install/parc_robot_bringup/share/parc_robot_bringup/models/tomato_26/materials/textures/AG15brn1.png
-- Up-to-date: /home/holberton/ros2_ws/install/parc_robot_bringup/share/parc_robot_bringup/models/tomato_26/materials/textures/AG15lef1.png
-- Up-to-date: /home/holberton/ros2_ws/install/parc_robot_bringup/share/parc_robot_bringup/models/tomato_26/materials/textures/AG15frt4.png
-- Up-to-date: /home/holberton/ros2_ws/install/parc_robot_bringup/share/parc_robot_bringup/models/tomato_26/materials/textures/AG15blo2.png
-- Up-to-date: /home/holberton/ros2_ws/install/parc_robot_bringup/share/parc_robot_bringup/models/tomato_26/materials/textures/AG15frt2.png
-- Up-to-date: /home/holberton/ros2_ws/install/parc_robot_bringup/share/parc_robot_bringup/models/tomato_26/model.sdf
-- Up-to-date: /home/holberton/ros2_ws/install/parc_robot_bringup/share/parc_robot_bringup/models/tomato_26/markers.json
-- Up-to-date: /home/holberton/ros2_ws/install/parc_robot_bringup/share/parc_robot_bringup/models/tomato_26/meshes
-- Up-to-date: /home/holberton/ros2_ws/install/parc_robot_bringup/share/parc_robot_bringup/models/tomato_26/meshes/.gitignore
-- Up-to-date: /home/holberton/ros2_ws/install/parc_robot_bringup/share/parc_robot_bringup/models/tomato_26/meshes/tomato.dae
-- Up-to-date: /home/holberton/ros2_ws/install/parc_robot_bringup/share/parc_robot_bringup/models/tomato_9
-- Up-to-date: /home/holberton/ros2_ws/install/parc_robot_bringup/share/parc_robot_bringup/models/tomato_9/model.config
-- Up-to-date: /home/holberton/ros2_ws/install/parc_robot_bringup/share/parc_robot_bringup/models/tomato_9/materials
-- Up-to-date: /home/holberton/ros2_ws/install/parc_robot_bringup/share/parc_robot_bringup/models/tomato_9/materials/scripts
-- Up-to-date: /home/holberton/ros2_ws/install/parc_robot_bringup/share/parc_robot_bringup/models/tomato_9/materials/scripts/fruit3.material
-- Up-to-date: /home/holberton/ros2_ws/install/parc_robot_bringup/share/parc_robot_bringup/models/tomato_9/materials/scripts/fruit2.material
-- Up-to-date: /home/holberton/ros2_ws/install/parc_robot_bringup/share/parc_robot_bringup/models/tomato_9/materials/scripts/blossom1.material
-- Up-to-date: /home/holberton/ros2_ws/install/parc_robot_bringup/share/parc_robot_bringup/models/tomato_9/materials/scripts/fruit1.material
-- Up-to-date: /home/holberton/ros2_ws/install/parc_robot_bringup/share/parc_robot_bringup/models/tomato_9/materials/scripts/branch.material
-- Up-to-date: /home/holberton/ros2_ws/install/parc_robot_bringup/share/parc_robot_bringup/models/tomato_9/materials/scripts/blossom3.material
-- Up-to-date: /home/holberton/ros2_ws/install/parc_robot_bringup/share/parc_robot_bringup/models/tomato_9/materials/scripts/blossom2.material
-- Up-to-date: /home/holberton/ros2_ws/install/parc_robot_bringup/share/parc_robot_bringup/models/tomato_9/materials/scripts/leaf2.material
-- Up-to-date: /home/holberton/ros2_ws/install/parc_robot_bringup/share/parc_robot_bringup/models/tomato_9/materials/scripts/fruit4.material
-- Up-to-date: /home/holberton/ros2_ws/install/parc_robot_bringup/share/parc_robot_bringup/models/tomato_9/materials/scripts/leaf1.material
-- Up-to-date: /home/holberton/ros2_ws/install/parc_robot_bringup/share/parc_robot_bringup/models/tomato_9/materials/textures
-- Up-to-date: /home/holberton/ros2_ws/install/parc_robot_bringup/share/parc_robot_bringup/models/tomato_9/materials/textures/AG15blo3.png
-- Up-to-date: /home/holberton/ros2_ws/install/parc_robot_bringup/share/parc_robot_bringup/models/tomato_9/materials/textures/AG15frt1.png
-- Up-to-date: /home/holberton/ros2_ws/install/parc_robot_bringup/share/parc_robot_bringup/models/tomato_9/materials/textures/AG15brn1(copy).png
-- Up-to-date: /home/holberton/ros2_ws/install/parc_robot_bringup/share/parc_robot_bringup/models/tomato_9/materials/textures/AG15blo1.png
-- Up-to-date: /home/holberton/ros2_ws/install/parc_robot_bringup/share/parc_robot_bringup/models/tomato_9/materials/textures/AG15lef2.png
-- Up-to-date: /home/holberton/ros2_ws/install/parc_robot_bringup/share/parc_robot_bringup/models/tomato_9/materials/textures/AG15frt3.png
-- Up-to-date: /home/holberton/ros2_ws/install/parc_robot_bringup/share/parc_robot_bringup/models/tomato_9/materials/textures/AG15brn1.png
-- Up-to-date: /home/holberton/ros2_ws/install/parc_robot_bringup/share/parc_robot_bringup/models/tomato_9/materials/textures/AG15lef1.png
-- Up-to-date: /home/holberton/ros2_ws/install/parc_robot_bringup/share/parc_robot_bringup/models/tomato_9/materials/textures/AG15frt4.png
-- Up-to-date: /home/holberton/ros2_ws/install/parc_robot_bringup/share/parc_robot_bringup/models/tomato_9/materials/textures/AG15blo2.png
-- Up-to-date: /home/holberton/ros2_ws/install/parc_robot_bringup/share/parc_robot_bringup/models/tomato_9/materials/textures/AG15frt2.png
-- Up-to-date: /home/holberton/ros2_ws/install/parc_robot_bringup/share/parc_robot_bringup/models/tomato_9/model.sdf
-- Up-to-date: /home/holberton/ros2_ws/install/parc_robot_bringup/share/parc_robot_bringup/models/tomato_9/markers.json
-- Up-to-date: /home/holberton/ros2_ws/install/parc_robot_bringup/share/parc_robot_bringup/models/tomato_9/meshes
-- Up-to-date: /home/holberton/ros2_ws/install/parc_robot_bringup/share/parc_robot_bringup/models/tomato_9/meshes/.gitignore
-- Up-to-date: /home/holberton/ros2_ws/install/parc_robot_bringup/share/parc_robot_bringup/models/tomato_9/meshes/tomato.dae
-- Up-to-date: /home/holberton/ros2_ws/install/parc_robot_bringup/share/parc_robot_bringup/models/tomato_13
-- Up-to-date: /home/holberton/ros2_ws/install/parc_robot_bringup/share/parc_robot_bringup/models/tomato_13/model.config
-- Up-to-date: /home/holberton/ros2_ws/install/parc_robot_bringup/share/parc_robot_bringup/models/tomato_13/materials
-- Up-to-date: /home/holberton/ros2_ws/install/parc_robot_bringup/share/parc_robot_bringup/models/tomato_13/materials/scripts
-- Up-to-date: /home/holberton/ros2_ws/install/parc_robot_bringup/share/parc_robot_bringup/models/tomato_13/materials/scripts/fruit3.material
-- Up-to-date: /home/holberton/ros2_ws/install/parc_robot_bringup/share/parc_robot_bringup/models/tomato_13/materials/scripts/fruit2.material
-- Up-to-date: /home/holberton/ros2_ws/install/parc_robot_bringup/share/parc_robot_bringup/models/tomato_13/materials/scripts/blossom1.material
-- Up-to-date: /home/holberton/ros2_ws/install/parc_robot_bringup/share/parc_robot_bringup/models/tomato_13/materials/scripts/fruit1.material
-- Up-to-date: /home/holberton/ros2_ws/install/parc_robot_bringup/share/parc_robot_bringup/models/tomato_13/materials/scripts/branch.material
-- Up-to-date: /home/holberton/ros2_ws/install/parc_robot_bringup/share/parc_robot_bringup/models/tomato_13/materials/scripts/blossom3.material
-- Up-to-date: /home/holberton/ros2_ws/install/parc_robot_bringup/share/parc_robot_bringup/models/tomato_13/materials/scripts/blossom2.material
-- Up-to-date: /home/holberton/ros2_ws/install/parc_robot_bringup/share/parc_robot_bringup/models/tomato_13/materials/scripts/leaf2.material
-- Up-to-date: /home/holberton/ros2_ws/install/parc_robot_bringup/share/parc_robot_bringup/models/tomato_13/materials/scripts/fruit4.material
-- Up-to-date: /home/holberton/ros2_ws/install/parc_robot_bringup/share/parc_robot_bringup/models/tomato_13/materials/scripts/leaf1.material
-- Up-to-date: /home/holberton/ros2_ws/install/parc_robot_bringup/share/parc_robot_bringup/models/tomato_13/materials/textures
-- Up-to-date: /home/holberton/ros2_ws/install/parc_robot_bringup/share/parc_robot_bringup/models/tomato_13/materials/textures/AG15blo3.png
-- Up-to-date: /home/holberton/ros2_ws/install/parc_robot_bringup/share/parc_robot_bringup/models/tomato_13/materials/textures/AG15frt1.png
-- Up-to-date: /home/holberton/ros2_ws/install/parc_robot_bringup/share/parc_robot_bringup/models/tomato_13/materials/textures/AG15brn1(copy).png
-- Up-to-date: /home/holberton/ros2_ws/install/parc_robot_bringup/share/parc_robot_bringup/models/tomato_13/materials/textures/AG15blo1.png
-- Up-to-date: /home/holberton/ros2_ws/install/parc_robot_bringup/share/parc_robot_bringup/models/tomato_13/materials/textures/AG15lef2.png
-- Up-to-date: /home/holberton/ros2_ws/install/parc_robot_bringup/share/parc_robot_bringup/models/tomato_13/materials/textures/AG15frt3.png
-- Up-to-date: /home/holberton/ros2_ws/install/parc_robot_bringup/share/parc_robot_bringup/models/tomato_13/materials/textures/AG15brn1.png
-- Up-to-date: /home/holberton/ros2_ws/install/parc_robot_bringup/share/parc_robot_bringup/models/tomato_13/materials/textures/AG15lef1.png
-- Up-to-date: /home/holberton/ros2_ws/install/parc_robot_bringup/share/parc_robot_bringup/models/tomato_13/materials/textures/AG15frt4.png
-- Up-to-date: /home/holberton/ros2_ws/install/parc_robot_bringup/share/parc_robot_bringup/models/tomato_13/materials/textures/AG15blo2.png
-- Up-to-date: /home/holberton/ros2_ws/install/parc_robot_bringup/share/parc_robot_bringup/models/tomato_13/materials/textures/AG15frt2.png
-- Up-to-date: /home/holberton/ros2_ws/install/parc_robot_bringup/share/parc_robot_bringup/models/tomato_13/model.sdf
-- Up-to-date: /home/holberton/ros2_ws/install/parc_robot_bringup/share/parc_robot_bringup/models/tomato_13/markers.json
-- Up-to-date: /home/holberton/ros2_ws/install/parc_robot_bringup/share/parc_robot_bringup/models/tomato_13/meshes
-- Up-to-date: /home/holberton/ros2_ws/install/parc_robot_bringup/share/parc_robot_bringup/models/tomato_13/meshes/.gitignore
-- Up-to-date: /home/holberton/ros2_ws/install/parc_robot_bringup/share/parc_robot_bringup/models/tomato_13/meshes/tomato.dae
-- Up-to-date: /home/holberton/ros2_ws/install/parc_robot_bringup/share/parc_robot_bringup/models/peg
-- Up-to-date: /home/holberton/ros2_ws/install/parc_robot_bringup/share/parc_robot_bringup/models/peg/model.config
-- Up-to-date: /home/holberton/ros2_ws/install/parc_robot_bringup/share/parc_robot_bringup/models/peg/model.sdf
-- Up-to-date: /home/holberton/ros2_ws/install/parc_robot_bringup/share/parc_robot_bringup/models/tomato_34
-- Up-to-date: /home/holberton/ros2_ws/install/parc_robot_bringup/share/parc_robot_bringup/models/tomato_34/model.config
-- Up-to-date: /home/holberton/ros2_ws/install/parc_robot_bringup/share/parc_robot_bringup/models/tomato_34/materials
-- Up-to-date: /home/holberton/ros2_ws/install/parc_robot_bringup/share/parc_robot_bringup/models/tomato_34/materials/scripts
-- Up-to-date: /home/holberton/ros2_ws/install/parc_robot_bringup/share/parc_robot_bringup/models/tomato_34/materials/scripts/fruit3.material
-- Up-to-date: /home/holberton/ros2_ws/install/parc_robot_bringup/share/parc_robot_bringup/models/tomato_34/materials/scripts/fruit2.material
-- Up-to-date: /home/holberton/ros2_ws/install/parc_robot_bringup/share/parc_robot_bringup/models/tomato_34/materials/scripts/blossom1.material
-- Up-to-date: /home/holberton/ros2_ws/install/parc_robot_bringup/share/parc_robot_bringup/models/tomato_34/materials/scripts/fruit1.material
-- Up-to-date: /home/holberton/ros2_ws/install/parc_robot_bringup/share/parc_robot_bringup/models/tomato_34/materials/scripts/branch.material
-- Up-to-date: /home/holberton/ros2_ws/install/parc_robot_bringup/share/parc_robot_bringup/models/tomato_34/materials/scripts/blossom3.material
-- Up-to-date: /home/holberton/ros2_ws/install/parc_robot_bringup/share/parc_robot_bringup/models/tomato_34/materials/scripts/blossom2.material
-- Up-to-date: /home/holberton/ros2_ws/install/parc_robot_bringup/share/parc_robot_bringup/models/tomato_34/materials/scripts/leaf2.material
-- Up-to-date: /home/holberton/ros2_ws/install/parc_robot_bringup/share/parc_robot_bringup/models/tomato_34/materials/scripts/fruit4.material
-- Up-to-date: /home/holberton/ros2_ws/install/parc_robot_bringup/share/parc_robot_bringup/models/tomato_34/materials/scripts/leaf1.material
-- Up-to-date: /home/holberton/ros2_ws/install/parc_robot_bringup/share/parc_robot_bringup/models/tomato_34/materials/textures
-- Up-to-date: /home/holberton/ros2_ws/install/parc_robot_bringup/share/parc_robot_bringup/models/tomato_34/materials/textures/AG15blo3.png
-- Up-to-date: /home/holberton/ros2_ws/install/parc_robot_bringup/share/parc_robot_bringup/models/tomato_34/materials/textures/AG15frt1.png
-- Up-to-date: /home/holberton/ros2_ws/install/parc_robot_bringup/share/parc_robot_bringup/models/tomato_34/materials/textures/AG15brn1(copy).png
-- Up-to-date: /home/holberton/ros2_ws/install/parc_robot_bringup/share/parc_robot_bringup/models/tomato_34/materials/textures/AG15blo1.png
-- Up-to-date: /home/holberton/ros2_ws/install/parc_robot_bringup/share/parc_robot_bringup/models/tomato_34/materials/textures/AG15lef2.png
-- Up-to-date: /home/holberton/ros2_ws/install/parc_robot_bringup/share/parc_robot_bringup/models/tomato_34/materials/textures/AG15frt3.png
-- Up-to-date: /home/holberton/ros2_ws/install/parc_robot_bringup/share/parc_robot_bringup/models/tomato_34/materials/textures/AG15brn1.png
-- Up-to-date: /home/holberton/ros2_ws/install/parc_robot_bringup/share/parc_robot_bringup/models/tomato_34/materials/textures/AG15lef1.png
-- Up-to-date: /home/holberton/ros2_ws/install/parc_robot_bringup/share/parc_robot_bringup/models/tomato_34/materials/textures/AG15frt4.png
-- Up-to-date: /home/holberton/ros2_ws/install/parc_robot_bringup/share/parc_robot_bringup/models/tomato_34/materials/textures/AG15blo2.png
-- Up-to-date: /home/holberton/ros2_ws/install/parc_robot_bringup/share/parc_robot_bringup/models/tomato_34/materials/textures/AG15frt2.png
-- Up-to-date: /home/holberton/ros2_ws/install/parc_robot_bringup/share/parc_robot_bringup/models/tomato_34/model.sdf
-- Up-to-date: /home/holberton/ros2_ws/install/parc_robot_bringup/share/parc_robot_bringup/models/tomato_34/markers.json
-- Up-to-date: /home/holberton/ros2_ws/install/parc_robot_bringup/share/parc_robot_bringup/models/tomato_34/meshes
-- Up-to-date: /home/holberton/ros2_ws/install/parc_robot_bringup/share/parc_robot_bringup/models/tomato_34/meshes/.gitignore
-- Up-to-date: /home/holberton/ros2_ws/install/parc_robot_bringup/share/parc_robot_bringup/models/tomato_34/meshes/tomato.dae
-- Up-to-date: /home/holberton/ros2_ws/install/parc_robot_bringup/share/parc_robot_bringup/models/small_peg
-- Up-to-date: /home/holberton/ros2_ws/install/parc_robot_bringup/share/parc_robot_bringup/models/small_peg/model.config
-- Up-to-date: /home/holberton/ros2_ws/install/parc_robot_bringup/share/parc_robot_bringup/models/small_peg/model.sdf
-- Up-to-date: /home/holberton/ros2_ws/install/parc_robot_bringup/share/parc_robot_bringup/models/tomato_16
-- Up-to-date: /home/holberton/ros2_ws/install/parc_robot_bringup/share/parc_robot_bringup/models/tomato_16/model.config
-- Up-to-date: /home/holberton/ros2_ws/install/parc_robot_bringup/share/parc_robot_bringup/models/tomato_16/materials
-- Up-to-date: /home/holberton/ros2_ws/install/parc_robot_bringup/share/parc_robot_bringup/models/tomato_16/materials/scripts
-- Up-to-date: /home/holberton/ros2_ws/install/parc_robot_bringup/share/parc_robot_bringup/models/tomato_16/materials/scripts/fruit3.material
-- Up-to-date: /home/holberton/ros2_ws/install/parc_robot_bringup/share/parc_robot_bringup/models/tomato_16/materials/scripts/fruit2.material
-- Up-to-date: /home/holberton/ros2_ws/install/parc_robot_bringup/share/parc_robot_bringup/models/tomato_16/materials/scripts/blossom1.material
-- Up-to-date: /home/holberton/ros2_ws/install/parc_robot_bringup/share/parc_robot_bringup/models/tomato_16/materials/scripts/fruit1.material
-- Up-to-date: /home/holberton/ros2_ws/install/parc_robot_bringup/share/parc_robot_bringup/models/tomato_16/materials/scripts/branch.material
-- Up-to-date: /home/holberton/ros2_ws/install/parc_robot_bringup/share/parc_robot_bringup/models/tomato_16/materials/scripts/blossom3.material
-- Up-to-date: /home/holberton/ros2_ws/install/parc_robot_bringup/share/parc_robot_bringup/models/tomato_16/materials/scripts/blossom2.material
-- Up-to-date: /home/holberton/ros2_ws/install/parc_robot_bringup/share/parc_robot_bringup/models/tomato_16/materials/scripts/leaf2.material
-- Up-to-date: /home/holberton/ros2_ws/install/parc_robot_bringup/share/parc_robot_bringup/models/tomato_16/materials/scripts/fruit4.material
-- Up-to-date: /home/holberton/ros2_ws/install/parc_robot_bringup/share/parc_robot_bringup/models/tomato_16/materials/scripts/leaf1.material
-- Up-to-date: /home/holberton/ros2_ws/install/parc_robot_bringup/share/parc_robot_bringup/models/tomato_16/materials/textures
-- Up-to-date: /home/holberton/ros2_ws/install/parc_robot_bringup/share/parc_robot_bringup/models/tomato_16/materials/textures/AG15blo3.png
-- Up-to-date: /home/holberton/ros2_ws/install/parc_robot_bringup/share/parc_robot_bringup/models/tomato_16/materials/textures/AG15frt1.png
-- Up-to-date: /home/holberton/ros2_ws/install/parc_robot_bringup/share/parc_robot_bringup/models/tomato_16/materials/textures/AG15brn1(copy).png
-- Up-to-date: /home/holberton/ros2_ws/install/parc_robot_bringup/share/parc_robot_bringup/models/tomato_16/materials/textures/AG15blo1.png
-- Up-to-date: /home/holberton/ros2_ws/install/parc_robot_bringup/share/parc_robot_bringup/models/tomato_16/materials/textures/AG15lef2.png
-- Up-to-date: /home/holberton/ros2_ws/install/parc_robot_bringup/share/parc_robot_bringup/models/tomato_16/materials/textures/AG15frt3.png
-- Up-to-date: /home/holberton/ros2_ws/install/parc_robot_bringup/share/parc_robot_bringup/models/tomato_16/materials/textures/AG15brn1.png
-- Up-to-date: /home/holberton/ros2_ws/install/parc_robot_bringup/share/parc_robot_bringup/models/tomato_16/materials/textures/AG15lef1.png
-- Up-to-date: /home/holberton/ros2_ws/install/parc_robot_bringup/share/parc_robot_bringup/models/tomato_16/materials/textures/AG15frt4.png
-- Up-to-date: /home/holberton/ros2_ws/install/parc_robot_bringup/share/parc_robot_bringup/models/tomato_16/materials/textures/AG15blo2.png
-- Up-to-date: /home/holberton/ros2_ws/install/parc_robot_bringup/share/parc_robot_bringup/models/tomato_16/materials/textures/AG15frt2.png
-- Up-to-date: /home/holberton/ros2_ws/install/parc_robot_bringup/share/parc_robot_bringup/models/tomato_16/model.sdf
-- Up-to-date: /home/holberton/ros2_ws/install/parc_robot_bringup/share/parc_robot_bringup/models/tomato_16/markers.json
-- Up-to-date: /home/holberton/ros2_ws/install/parc_robot_bringup/share/parc_robot_bringup/models/tomato_16/meshes
-- Up-to-date: /home/holberton/ros2_ws/install/parc_robot_bringup/share/parc_robot_bringup/models/tomato_16/meshes/.gitignore
-- Up-to-date: /home/holberton/ros2_ws/install/parc_robot_bringup/share/parc_robot_bringup/models/tomato_16/meshes/tomato.dae
-- Up-to-date: /home/holberton/ros2_ws/install/parc_robot_bringup/share/parc_robot_bringup/models/tomato_44
-- Up-to-date: /home/holberton/ros2_ws/install/parc_robot_bringup/share/parc_robot_bringup/models/tomato_44/model.config
-- Up-to-date: /home/holberton/ros2_ws/install/parc_robot_bringup/share/parc_robot_bringup/models/tomato_44/materials
-- Up-to-date: /home/holberton/ros2_ws/install/parc_robot_bringup/share/parc_robot_bringup/models/tomato_44/materials/scripts
-- Up-to-date: /home/holberton/ros2_ws/install/parc_robot_bringup/share/parc_robot_bringup/models/tomato_44/materials/scripts/fruit3.material
-- Up-to-date: /home/holberton/ros2_ws/install/parc_robot_bringup/share/parc_robot_bringup/models/tomato_44/materials/scripts/fruit2.material
-- Up-to-date: /home/holberton/ros2_ws/install/parc_robot_bringup/share/parc_robot_bringup/models/tomato_44/materials/scripts/blossom1.material
-- Up-to-date: /home/holberton/ros2_ws/install/parc_robot_bringup/share/parc_robot_bringup/models/tomato_44/materials/scripts/fruit1.material
-- Up-to-date: /home/holberton/ros2_ws/install/parc_robot_bringup/share/parc_robot_bringup/models/tomato_44/materials/scripts/branch.material
-- Up-to-date: /home/holberton/ros2_ws/install/parc_robot_bringup/share/parc_robot_bringup/models/tomato_44/materials/scripts/blossom3.material
-- Up-to-date: /home/holberton/ros2_ws/install/parc_robot_bringup/share/parc_robot_bringup/models/tomato_44/materials/scripts/blossom2.material
-- Up-to-date: /home/holberton/ros2_ws/install/parc_robot_bringup/share/parc_robot_bringup/models/tomato_44/materials/scripts/leaf2.material
-- Up-to-date: /home/holberton/ros2_ws/install/parc_robot_bringup/share/parc_robot_bringup/models/tomato_44/materials/scripts/fruit4.material
-- Up-to-date: /home/holberton/ros2_ws/install/parc_robot_bringup/share/parc_robot_bringup/models/tomato_44/materials/scripts/leaf1.material
-- Up-to-date: /home/holberton/ros2_ws/install/parc_robot_bringup/share/parc_robot_bringup/models/tomato_44/materials/textures
-- Up-to-date: /home/holberton/ros2_ws/install/parc_robot_bringup/share/parc_robot_bringup/models/tomato_44/materials/textures/AG15blo3.png
-- Up-to-date: /home/holberton/ros2_ws/install/parc_robot_bringup/share/parc_robot_bringup/models/tomato_44/materials/textures/AG15frt1.png
-- Up-to-date: /home/holberton/ros2_ws/install/parc_robot_bringup/share/parc_robot_bringup/models/tomato_44/materials/textures/AG15brn1(copy).png
-- Up-to-date: /home/holberton/ros2_ws/install/parc_robot_bringup/share/parc_robot_bringup/models/tomato_44/materials/textures/AG15blo1.png
-- Up-to-date: /home/holberton/ros2_ws/install/parc_robot_bringup/share/parc_robot_bringup/models/tomato_44/materials/textures/AG15lef2.png
-- Up-to-date: /home/holberton/ros2_ws/install/parc_robot_bringup/share/parc_robot_bringup/models/tomato_44/materials/textures/AG15frt3.png
-- Up-to-date: /home/holberton/ros2_ws/install/parc_robot_bringup/share/parc_robot_bringup/models/tomato_44/materials/textures/AG15brn1.png
-- Up-to-date: /home/holberton/ros2_ws/install/parc_robot_bringup/share/parc_robot_bringup/models/tomato_44/materials/textures/AG15lef1.png
-- Up-to-date: /home/holberton/ros2_ws/install/parc_robot_bringup/share/parc_robot_bringup/models/tomato_44/materials/textures/AG15frt4.png
-- Up-to-date: /home/holberton/ros2_ws/install/parc_robot_bringup/share/parc_robot_bringup/models/tomato_44/materials/textures/AG15blo2.png
-- Up-to-date: /home/holberton/ros2_ws/install/parc_robot_bringup/share/parc_robot_bringup/models/tomato_44/materials/textures/AG15frt2.png
-- Up-to-date: /home/holberton/ros2_ws/install/parc_robot_bringup/share/parc_robot_bringup/models/tomato_44/model.sdf
-- Up-to-date: /home/holberton/ros2_ws/install/parc_robot_bringup/share/parc_robot_bringup/models/tomato_44/markers.json
-- Up-to-date: /home/holberton/ros2_ws/install/parc_robot_bringup/share/parc_robot_bringup/models/tomato_44/meshes
-- Up-to-date: /home/holberton/ros2_ws/install/parc_robot_bringup/share/parc_robot_bringup/models/tomato_44/meshes/.gitignore
-- Up-to-date: /home/holberton/ros2_ws/install/parc_robot_bringup/share/parc_robot_bringup/models/tomato_44/meshes/tomato.dae
-- Up-to-date: /home/holberton/ros2_ws/install/parc_robot_bringup/share/parc_robot_bringup/models/mud_box
-- Up-to-date: /home/holberton/ros2_ws/install/parc_robot_bringup/share/parc_robot_bringup/models/mud_box/model.config
-- Up-to-date: /home/holberton/ros2_ws/install/parc_robot_bringup/share/parc_robot_bringup/models/mud_box/materials
-- Up-to-date: /home/holberton/ros2_ws/install/parc_robot_bringup/share/parc_robot_bringup/models/mud_box/materials/scripts
-- Up-to-date: /home/holberton/ros2_ws/install/parc_robot_bringup/share/parc_robot_bringup/models/mud_box/materials/scripts/mud.material
-- Up-to-date: /home/holberton/ros2_ws/install/parc_robot_bringup/share/parc_robot_bringup/models/mud_box/materials/textures
-- Up-to-date: /home/holberton/ros2_ws/install/parc_robot_bringup/share/parc_robot_bringup/models/mud_box/materials/textures/mud_soft_leaves.png
-- Up-to-date: /home/holberton/ros2_ws/install/parc_robot_bringup/share/parc_robot_bringup/models/mud_box/model-1_4.sdf
-- Up-to-date: /home/holberton/ros2_ws/install/parc_robot_bringup/share/parc_robot_bringup/models/mud_box/model (copy).sdf
-- Up-to-date: /home/holberton/ros2_ws/install/parc_robot_bringup/share/parc_robot_bringup/models/mud_box/model.sdf
-- Up-to-date: /home/holberton/ros2_ws/install/parc_robot_bringup/share/parc_robot_bringup/rviz
-- Up-to-date: /home/holberton/ros2_ws/install/parc_robot_bringup/share/parc_robot_bringup/rviz/task1.rviz
-- Up-to-date: /home/holberton/ros2_ws/install/parc_robot_bringup/share/parc_robot_bringup/rviz/task2.rviz
-- Up-to-date: /home/holberton/ros2_ws/install/parc_robot_bringup/share/parc_robot_bringup/rviz/parc_robot_bringup.rviz
-- Up-to-date: /home/holberton/ros2_ws/install/parc_robot_bringup/share/parc_robot_bringup/worlds
-- Up-to-date: /home/holberton/ros2_ws/install/parc_robot_bringup/share/parc_robot_bringup/worlds/world1.world
-- Up-to-date: /home/holberton/ros2_ws/install/parc_robot_bringup/share/parc_robot_bringup/worlds/parc_task1.world
-- Up-to-date: /home/holberton/ros2_ws/install/parc_robot_bringup/share/parc_robot_bringup/worlds/world3.world
-- Up-to-date: /home/holberton/ros2_ws/install/parc_robot_bringup/share/parc_robot_bringup/worlds/world2.world
-- Up-to-date: /home/holberton/ros2_ws/install/parc_robot_bringup/share/parc_robot_bringup/environment/pythonpath.sh
-- Up-to-date: /home/holberton/ros2_ws/install/parc_robot_bringup/share/parc_robot_bringup/environment/pythonpath.dsv
-- Up-to-date: /home/holberton/ros2_ws/install/parc_robot_bringup/local/lib/python3.10/dist-packages/parc_robot_bringup-0.0.0-py3.10.egg-info
-- Installing: /home/holberton/ros2_ws/install/parc_robot_bringup/local/lib/python3.10/dist-packages/parc_robot_bringup-0.0.0-py3.10.egg-info/dependency_links.txt
-- Installing: /home/holberton/ros2_ws/install/parc_robot_bringup/local/lib/python3.10/dist-packages/parc_robot_bringup-0.0.0-py3.10.egg-info/PKG-INFO
-- Installing: /home/holberton/ros2_ws/install/parc_robot_bringup/local/lib/python3.10/dist-packages/parc_robot_bringup-0.0.0-py3.10.egg-info/top_level.txt
-- Installing: /home/holberton/ros2_ws/install/parc_robot_bringup/local/lib/python3.10/dist-packages/parc_robot_bringup-0.0.0-py3.10.egg-info/SOURCES.txt
-- Up-to-date: /home/holberton/ros2_ws/install/parc_robot_bringup/local/lib/python3.10/dist-packages/parc_robot_bringup
-- Up-to-date: /home/holberton/ros2_ws/install/parc_robot_bringup/local/lib/python3.10/dist-packages/parc_robot_bringup/gps2cartesian.py
-- Up-to-date: /home/holberton/ros2_ws/install/parc_robot_bringup/local/lib/python3.10/dist-packages/parc_robot_bringup/__init__.py
Listing '/home/holberton/ros2_ws/install/parc_robot_bringup/local/lib/python3.10/dist-packages/parc_robot_bringup'...
-- Up-to-date: /home/holberton/ros2_ws/install/parc_robot_bringup/lib/parc_robot_bringup/load_task1_params.py
-- Up-to-date: /home/holberton/ros2_ws/install/parc_robot_bringup/lib/parc_robot_bringup/parc_robot_route.py
-- Up-to-date: /home/holberton/ros2_ws/install/parc_robot_bringup/lib/parc_robot_bringup/parc_robot_nav.py
-- Up-to-date: /home/holberton/ros2_ws/install/parc_robot_bringup/share/ament_index/resource_index/package_run_dependencies/parc_robot_bringup
-- Up-to-date: /home/holberton/ros2_ws/install/parc_robot_bringup/share/ament_index/resource_index/parent_prefix_path/parc_robot_bringup
-- Up-to-date: /home/holberton/ros2_ws/install/parc_robot_bringup/share/parc_robot_bringup/environment/ament_prefix_path.sh
-- Up-to-date: /home/holberton/ros2_ws/install/parc_robot_bringup/share/parc_robot_bringup/environment/ament_prefix_path.dsv
-- Up-to-date: /home/holberton/ros2_ws/install/parc_robot_bringup/share/parc_robot_bringup/environment/path.sh
-- Up-to-date: /home/holberton/ros2_ws/install/parc_robot_bringup/share/parc_robot_bringup/environment/path.dsv
-- Up-to-date: /home/holberton/ros2_ws/install/parc_robot_bringup/share/parc_robot_bringup/local_setup.bash
-- Up-to-date: /home/holberton/ros2_ws/install/parc_robot_bringup/share/parc_robot_bringup/local_setup.sh
-- Up-to-date: /home/holberton/ros2_ws/install/parc_robot_bringup/share/parc_robot_bringup/local_setup.zsh
-- Up-to-date: /home/holberton/ros2_ws/install/parc_robot_bringup/share/parc_robot_bringup/local_setup.dsv
-- Up-to-date: /home/holberton/ros2_ws/install/parc_robot_bringup/share/parc_robot_bringup/package.dsv
-- Up-to-date: /home/holberton/ros2_ws/install/parc_robot_bringup/share/ament_index/resource_index/packages/parc_robot_bringup
-- Up-to-date: /home/holberton/ros2_ws/install/parc_robot_bringup/share/parc_robot_bringup/cmake/parc_robot_bringupConfig.cmake
-- Up-to-date: /home/holberton/ros2_ws/install/parc_robot_bringup/share/parc_robot_bringup/cmake/parc_robot_bringupConfig-version.cmake
-- Up-to-date: /home/holberton/ros2_ws/install/parc_robot_bringup/share/parc_robot_bringup/package.xml
