-- Install configuration: ""
-- Up-to-date: /home/holberton/ros2_ws/install/ros2_mapping/share/ros2_mapping/launch
-- Up-to-date: /home/holberton/ros2_ws/install/ros2_mapping/share/ros2_mapping/launch/online_async_launch.py
-- Up-to-date: /home/holberton/ros2_ws/install/ros2_mapping/share/ros2_mapping/config
-- Up-to-date: /home/holberton/ros2_ws/install/ros2_mapping/share/ros2_mapping/config/mapper_params_online_async.yaml
-- Up-to-date: /home/holberton/ros2_ws/install/ros2_mapping/share/ament_index/resource_index/package_run_dependencies/ros2_mapping
-- Up-to-date: /home/holberton/ros2_ws/install/ros2_mapping/share/ament_index/resource_index/parent_prefix_path/ros2_mapping
-- Up-to-date: /home/holberton/ros2_ws/install/ros2_mapping/share/ros2_mapping/environment/ament_prefix_path.sh
-- Up-to-date: /home/holberton/ros2_ws/install/ros2_mapping/share/ros2_mapping/environment/ament_prefix_path.dsv
-- Up-to-date: /home/holberton/ros2_ws/install/ros2_mapping/share/ros2_mapping/environment/path.sh
-- Up-to-date: /home/holberton/ros2_ws/install/ros2_mapping/share/ros2_mapping/environment/path.dsv
-- Up-to-date: /home/holberton/ros2_ws/install/ros2_mapping/share/ros2_mapping/local_setup.bash
-- Up-to-date: /home/holberton/ros2_ws/install/ros2_mapping/share/ros2_mapping/local_setup.sh
-- Up-to-date: /home/holberton/ros2_ws/install/ros2_mapping/share/ros2_mapping/local_setup.zsh
-- Up-to-date: /home/holberton/ros2_ws/install/ros2_mapping/share/ros2_mapping/local_setup.dsv
-- Up-to-date: /home/holberton/ros2_ws/install/ros2_mapping/share/ros2_mapping/package.dsv
-- Up-to-date: /home/holberton/ros2_ws/install/ros2_mapping/share/ament_index/resource_index/packages/ros2_mapping
-- Up-to-date: /home/holberton/ros2_ws/install/ros2_mapping/share/ros2_mapping/cmake/ros2_mappingConfig.cmake
-- Up-to-date: /home/holberton/ros2_ws/install/ros2_mapping/share/ros2_mapping/cmake/ros2_mappingConfig-version.cmake
-- Up-to-date: /home/holberton/ros2_ws/install/ros2_mapping/share/ros2_mapping/package.xml
