[0.167s] Invoking command in '/home/holberton/ros2_ws/build/parc_robot_description': CMAKE_PREFIX_PATH=${CMAKE_PREFIX_PATH}:/home/holberton/ros2_ws/install/test_publisher:/opt/ros/humble /usr/bin/cmake --build /home/holberton/ros2_ws/build/parc_robot_description -- -j8 -l8
[0.759s] Invoked command in '/home/holberton/ros2_ws/build/parc_robot_description' returned '0': CMAKE_PREFIX_PATH=${CMAKE_PREFIX_PATH}:/home/holberton/ros2_ws/install/test_publisher:/opt/ros/humble /usr/bin/cmake --build /home/holberton/ros2_ws/build/parc_robot_description -- -j8 -l8
[0.835s] Invoking command in '/home/holberton/ros2_ws/build/parc_robot_description': CMAKE_PREFIX_PATH=${CMAKE_PREFIX_PATH}:/home/holberton/ros2_ws/install/test_publisher:/opt/ros/humble /usr/bin/cmake --install /home/holberton/ros2_ws/build/parc_robot_description
[0.879s] -- Install configuration: ""
[0.890s] -- Up-to-date: /home/holberton/ros2_ws/install/parc_robot_description/share/parc_robot_description/launch
[0.891s] -- Up-to-date: /home/holberton/ros2_ws/install/parc_robot_description/share/parc_robot_description/launch/robot_state_publisher_launch.py
[0.891s] -- Up-to-date: /home/holberton/ros2_ws/install/parc_robot_description/share/parc_robot_description/launch/description_launch.py
[0.891s] -- Up-to-date: /home/holberton/ros2_ws/install/parc_robot_description/share/parc_robot_description/meshes
[0.892s] -- Up-to-date: /home/holberton/ros2_ws/install/parc_robot_description/share/parc_robot_description/meshes/ydlidar.dae
[0.892s] -- Up-to-date: /home/holberton/ros2_ws/install/parc_robot_description/share/parc_robot_description/meshes/enclosure_with_overhang.stl
[0.892s] -- Up-to-date: /home/holberton/ros2_ws/install/parc_robot_description/share/parc_robot_description/meshes/enclosure.dae
[0.892s] -- Up-to-date: /home/holberton/ros2_ws/install/parc_robot_description/share/parc_robot_description/meshes/ZED2.dae
[0.893s] -- Up-to-date: /home/holberton/ros2_ws/install/parc_robot_description/share/parc_robot_description/meshes/seeder_v1.stl
[0.893s] -- Up-to-date: /home/holberton/ros2_ws/install/parc_robot_description/share/parc_robot_description/meshes/enclosure_with_overhang.dae
[0.893s] -- Up-to-date: /home/holberton/ros2_ws/install/parc_robot_description/share/parc_robot_description/meshes/wheel_type1.dae
[0.893s] -- Up-to-date: /home/holberton/ros2_ws/install/parc_robot_description/share/parc_robot_description/meshes/wheel_type2.dae
[0.893s] -- Up-to-date: /home/holberton/ros2_ws/install/parc_robot_description/share/parc_robot_description/meshes/base_link.dae
[0.893s] -- Up-to-date: /home/holberton/ros2_ws/install/parc_robot_description/share/parc_robot_description/meshes/seeder.stl
[0.893s] -- Up-to-date: /home/holberton/ros2_ws/install/parc_robot_description/share/parc_robot_description/urdf
[0.894s] -- Up-to-date: /home/holberton/ros2_ws/install/parc_robot_description/share/parc_robot_description/urdf/scout_wheel.gazebo
[0.895s] -- Up-to-date: /home/holberton/ros2_ws/install/parc_robot_description/share/parc_robot_description/urdf/zed2.xacro
[0.895s] -- Up-to-date: /home/holberton/ros2_ws/install/parc_robot_description/share/parc_robot_description/urdf/parc_robot.xacro
[0.895s] -- Up-to-date: /home/holberton/ros2_ws/install/parc_robot_description/share/parc_robot_description/urdf/scout_wheel_type1.xacro
[0.895s] -- Up-to-date: /home/holberton/ros2_ws/install/parc_robot_description/share/parc_robot_description/urdf/enclosure.xacro
[0.895s] -- Up-to-date: /home/holberton/ros2_ws/install/parc_robot_description/share/parc_robot_description/urdf/side_cameras.xacro
[0.895s] -- Up-to-date: /home/holberton/ros2_ws/install/parc_robot_description/share/parc_robot_description/urdf/ydlidar.xacro
[0.895s] -- Up-to-date: /home/holberton/ros2_ws/install/parc_robot_description/share/parc_robot_description/urdf/gps.xacro
[0.896s] -- Up-to-date: /home/holberton/ros2_ws/install/parc_robot_description/share/parc_robot_description/urdf/attachment.xacro
[0.896s] -- Up-to-date: /home/holberton/ros2_ws/install/parc_robot_description/share/parc_robot_description/urdf/sensors.xacro
[0.896s] -- Up-to-date: /home/holberton/ros2_ws/install/parc_robot_description/share/parc_robot_description/urdf/parc_robot_gazebo.xacro
[0.896s] -- Up-to-date: /home/holberton/ros2_ws/install/parc_robot_description/share/parc_robot_description/urdf/scout_wheel_type2.xacro
[0.896s] -- Up-to-date: /home/holberton/ros2_ws/install/parc_robot_description/share/parc_robot_description/urdf/inertial_macros.xacro
[0.896s] -- Up-to-date: /home/holberton/ros2_ws/install/parc_robot_description/share/parc_robot_description/rviz
[0.896s] -- Up-to-date: /home/holberton/ros2_ws/install/parc_robot_description/share/parc_robot_description/rviz/description.rviz
[0.897s] -- Up-to-date: /home/holberton/ros2_ws/install/parc_robot_description/share/parc_robot_description/materials
[0.897s] -- Up-to-date: /home/holberton/ros2_ws/install/parc_robot_description/share/parc_robot_description/materials/scripts
[0.906s] -- Up-to-date: /home/holberton/ros2_ws/install/parc_robot_description/share/parc_robot_description/materials/scripts/.vscode
[0.907s] -- Up-to-date: /home/holberton/ros2_ws/install/parc_robot_description/share/parc_robot_description/materials/scripts/.vscode/settings.json
[0.907s] -- Up-to-date: /home/holberton/ros2_ws/install/parc_robot_description/share/parc_robot_description/materials/scripts/.vscode/c_cpp_properties.json
[0.907s] -- Up-to-date: /home/holberton/ros2_ws/install/parc_robot_description/share/parc_robot_description/materials/scripts/dirty_metal.material
[0.907s] -- Up-to-date: /home/holberton/ros2_ws/install/parc_robot_description/share/parc_robot_description/materials/textures
[0.908s] -- Up-to-date: /home/holberton/ros2_ws/install/parc_robot_description/share/parc_robot_description/materials/textures/dirty_metal.jpg
[0.908s] -- Up-to-date: /home/holberton/ros2_ws/install/parc_robot_description/share/ament_index/resource_index/package_run_dependencies/parc_robot_description
[0.912s] -- Up-to-date: /home/holberton/ros2_ws/install/parc_robot_description/share/ament_index/resource_index/parent_prefix_path/parc_robot_description
[0.912s] -- Up-to-date: /home/holberton/ros2_ws/install/parc_robot_description/share/parc_robot_description/environment/ament_prefix_path.sh
[0.912s] -- Up-to-date: /home/holberton/ros2_ws/install/parc_robot_description/share/parc_robot_description/environment/ament_prefix_path.dsv
[0.912s] -- Up-to-date: /home/holberton/ros2_ws/install/parc_robot_description/share/parc_robot_description/environment/path.sh
[0.912s] -- Up-to-date: /home/holberton/ros2_ws/install/parc_robot_description/share/parc_robot_description/environment/path.dsv
[0.913s] -- Up-to-date: /home/holberton/ros2_ws/install/parc_robot_description/share/parc_robot_description/local_setup.bash
[0.913s] -- Up-to-date: /home/holberton/ros2_ws/install/parc_robot_description/share/parc_robot_description/local_setup.sh
[0.913s] -- Up-to-date: /home/holberton/ros2_ws/install/parc_robot_description/share/parc_robot_description/local_setup.zsh
[0.913s] -- Up-to-date: /home/holberton/ros2_ws/install/parc_robot_description/share/parc_robot_description/local_setup.dsv
[0.913s] -- Installing: /home/holberton/ros2_ws/install/parc_robot_description/share/parc_robot_description/package.dsv
[0.929s] -- Up-to-date: /home/holberton/ros2_ws/install/parc_robot_description/share/ament_index/resource_index/packages/parc_robot_description
[0.930s] -- Up-to-date: /home/holberton/ros2_ws/install/parc_robot_description/share/parc_robot_description/cmake/parc_robot_descriptionConfig.cmake
[0.930s] -- Up-to-date: /home/holberton/ros2_ws/install/parc_robot_description/share/parc_robot_description/cmake/parc_robot_descriptionConfig-version.cmake
[0.930s] -- Up-to-date: /home/holberton/ros2_ws/install/parc_robot_description/share/parc_robot_description/package.xml
[1.187s] Invoked command in '/home/holberton/ros2_ws/build/parc_robot_description' returned '0': CMAKE_PREFIX_PATH=${CMAKE_PREFIX_PATH}:/home/holberton/ros2_ws/install/test_publisher:/opt/ros/humble /usr/bin/cmake --install /home/holberton/ros2_ws/build/parc_robot_description
