[0.017s] Invoking command in '/home/holberton/ros2_ws/build/parc_robot': CMAKE_PREFIX_PATH=${CMAKE_PREFIX_PATH}:/home/holberton/ros2_ws/install/test_publisher:/opt/ros/humble /usr/bin/cmake /home/holberton/ros2_ws/src/parc_robot -DCMAKE_INSTALL_PREFIX=/home/holberton/ros2_ws/install/parc_robot
[1.100s] -- The C compiler identification is GNU 11.4.0
[2.204s] -- The CXX compiler identification is GNU 11.4.0
[2.271s] -- Detecting C compiler ABI info
[2.509s] -- Detecting C compiler ABI info - done
[2.521s] -- Check for working C compiler: /usr/bin/cc - skipped
[2.522s] -- Detecting C compile features
[2.542s] -- Detecting C compile features - done
[2.558s] -- Detecting CXX compiler ABI info
[2.669s] -- Detecting CXX compiler ABI info - done
[2.677s] -- Check for working CXX compiler: /usr/bin/c++ - skipped
[2.677s] -- Detecting CXX compile features
[2.678s] -- Detecting CXX compile features - done
[2.680s] -- Found ament_cmake: 1.3.8 (/opt/ros/humble/share/ament_cmake/cmake)
[2.884s] -- Found Python3: /usr/bin/python3 (found version "3.10.12") found components: Interpreter 
[3.066s] -- Configuring done
[3.069s] -- Generating done
[3.070s] -- Build files have been written to: /home/holberton/ros2_ws/build/parc_robot
[3.074s] Invoked command in '/home/holberton/ros2_ws/build/parc_robot' returned '0': CMAKE_PREFIX_PATH=${CMAKE_PREFIX_PATH}:/home/holberton/ros2_ws/install/test_publisher:/opt/ros/humble /usr/bin/cmake /home/holberton/ros2_ws/src/parc_robot -DCMAKE_INSTALL_PREFIX=/home/holberton/ros2_ws/install/parc_robot
[3.076s] Invoking command in '/home/holberton/ros2_ws/build/parc_robot': CMAKE_PREFIX_PATH=${CMAKE_PREFIX_PATH}:/home/holberton/ros2_ws/install/test_publisher:/opt/ros/humble /usr/bin/cmake --build /home/holberton/ros2_ws/build/parc_robot -- -j8 -l8
[3.110s] Invoked command in '/home/holberton/ros2_ws/build/parc_robot' returned '0': CMAKE_PREFIX_PATH=${CMAKE_PREFIX_PATH}:/home/holberton/ros2_ws/install/test_publisher:/opt/ros/humble /usr/bin/cmake --build /home/holberton/ros2_ws/build/parc_robot -- -j8 -l8
[3.139s] Invoking command in '/home/holberton/ros2_ws/build/parc_robot': CMAKE_PREFIX_PATH=${CMAKE_PREFIX_PATH}:/home/holberton/ros2_ws/install/test_publisher:/opt/ros/humble /usr/bin/cmake --install /home/holberton/ros2_ws/build/parc_robot
[3.146s] -- Install configuration: ""
[3.146s] -- Installing: /home/holberton/ros2_ws/install/parc_robot/share/ament_index/resource_index/package_run_dependencies/parc_robot
[3.146s] -- Installing: /home/holberton/ros2_ws/install/parc_robot/share/ament_index/resource_index/parent_prefix_path/parc_robot
[3.146s] -- Installing: /home/holberton/ros2_ws/install/parc_robot/share/parc_robot/environment/ament_prefix_path.sh
[3.146s] -- Installing: /home/holberton/ros2_ws/install/parc_robot/share/parc_robot/environment/ament_prefix_path.dsv
[3.147s] -- Installing: /home/holberton/ros2_ws/install/parc_robot/share/parc_robot/environment/path.sh
[3.147s] -- Installing: /home/holberton/ros2_ws/install/parc_robot/share/parc_robot/environment/path.dsv
[3.147s] -- Installing: /home/holberton/ros2_ws/install/parc_robot/share/parc_robot/local_setup.bash
[3.147s] -- Installing: /home/holberton/ros2_ws/install/parc_robot/share/parc_robot/local_setup.sh
[3.147s] -- Installing: /home/holberton/ros2_ws/install/parc_robot/share/parc_robot/local_setup.zsh
[3.147s] -- Installing: /home/holberton/ros2_ws/install/parc_robot/share/parc_robot/local_setup.dsv
[3.147s] -- Installing: /home/holberton/ros2_ws/install/parc_robot/share/parc_robot/package.dsv
[3.148s] -- Installing: /home/holberton/ros2_ws/install/parc_robot/share/ament_index/resource_index/packages/parc_robot
[3.148s] -- Installing: /home/holberton/ros2_ws/install/parc_robot/share/parc_robot/cmake/parc_robotConfig.cmake
[3.148s] -- Installing: /home/holberton/ros2_ws/install/parc_robot/share/parc_robot/cmake/parc_robotConfig-version.cmake
[3.148s] -- Installing: /home/holberton/ros2_ws/install/parc_robot/share/parc_robot/package.xml
[3.150s] Invoked command in '/home/holberton/ros2_ws/build/parc_robot' returned '0': CMAKE_PREFIX_PATH=${CMAKE_PREFIX_PATH}:/home/holberton/ros2_ws/install/test_publisher:/opt/ros/humble /usr/bin/cmake --install /home/holberton/ros2_ws/build/parc_robot
