[0.127s] Invoking command in '/home/holberton/ros2_ws/build/parc_robot_bringup': CMAKE_PREFIX_PATH=/home/holberton/ros2_ws/install/parc_robot_interfaces:/home/holberton/ros2_ws/install/parc_robot_description:/home/holberton/ros2_ws/install/parc_robot_bringup:/home/holberton/ros2_ws/install/parc_robot:/home/holberton/ros2_ws/install/test_publisher:/home/holberton/ros2_ws/install/auto_nav:/opt/ros/humble /usr/bin/cmake --build /home/holberton/ros2_ws/build/parc_robot_bringup -- -j8 -l8
[0.606s] Built target ament_cmake_python_copy_parc_robot_bringup
[0.889s] running egg_info
[0.890s] writing parc_robot_bringup.egg-info/PKG-INFO
[0.890s] writing dependency_links to parc_robot_bringup.egg-info/dependency_links.txt
[0.891s] writing top-level names to parc_robot_bringup.egg-info/top_level.txt
[0.893s] reading manifest file 'parc_robot_bringup.egg-info/SOURCES.txt'
[0.893s] writing manifest file 'parc_robot_bringup.egg-info/SOURCES.txt'
[0.915s] Built target ament_cmake_python_build_parc_robot_bringup_egg
[0.924s] Invoked command in '/home/holberton/ros2_ws/build/parc_robot_bringup' returned '0': CMAKE_PREFIX_PATH=/home/holberton/ros2_ws/install/parc_robot_interfaces:/home/holberton/ros2_ws/install/parc_robot_description:/home/holberton/ros2_ws/install/parc_robot_bringup:/home/holberton/ros2_ws/install/parc_robot:/home/holberton/ros2_ws/install/test_publisher:/home/holberton/ros2_ws/install/auto_nav:/opt/ros/humble /usr/bin/cmake --build /home/holberton/ros2_ws/build/parc_robot_bringup -- -j8 -l8
[0.947s] Invoking command in '/home/holberton/ros2_ws/build/parc_robot_bringup': CMAKE_PREFIX_PATH=/home/holberton/ros2_ws/install/parc_robot_interfaces:/home/holberton/ros2_ws/install/parc_robot_description:/home/holberton/ros2_ws/install/parc_robot_bringup:/home/holberton/ros2_ws/install/parc_robot:/home/holberton/ros2_ws/install/test_publisher:/home/holberton/ros2_ws/install/auto_nav:/opt/ros/humble /usr/bin/cmake --install /home/holberton/ros2_ws/build/parc_robot_bringup
[0.955s] -- Install configuration: ""
[0.955s] -- Up-to-date: /home/holberton/ros2_ws/install/parc_robot_bringup/share/parc_robot_bringup/config
[0.972s] -- Up-to-date: /home/holberton/ros2_ws/install/parc_robot_bringup/share/parc_robot_bringup/config/gazebo_ros2_ctl_use_sim.yaml
[0.972s] -- Up-to-date: /home/holberton/ros2_ws/install/parc_robot_bringup/share/parc_robot_bringup/config/task1_route1_params.yaml
[0.972s] -- Up-to-date: /home/holberton/ros2_ws/install/parc_robot_bringup/share/parc_robot_bringup/config/route3_world_coordinates.yaml
[0.972s] -- Up-to-date: /home/holberton/ros2_ws/install/parc_robot_bringup/share/parc_robot_bringup/config/route2_world_coordinates.yaml
[0.972s] -- Up-to-date: /home/holberton/ros2_ws/install/parc_robot_bringup/share/parc_robot_bringup/config/task1_route3_params.yaml
[0.973s] -- Up-to-date: /home/holberton/ros2_ws/install/parc_robot_bringup/share/parc_robot_bringup/config/task1_route2_params.yaml
[0.973s] -- Up-to-date: /home/holberton/ros2_ws/install/parc_robot_bringup/share/parc_robot_bringup/config/gazebo_params.yaml
[0.973s] -- Up-to-date: /home/holberton/ros2_ws/install/parc_robot_bringup/share/parc_robot_bringup/config/controllers.yaml
[0.973s] -- Up-to-date: /home/holberton/ros2_ws/install/parc_robot_bringup/share/parc_robot_bringup/config/route1_world_coordinates.yaml
[0.973s] -- Up-to-date: /home/holberton/ros2_ws/install/parc_robot_bringup/share/parc_robot_bringup/launch
[0.973s] -- Up-to-date: /home/holberton/ros2_ws/install/parc_robot_bringup/share/parc_robot_bringup/launch/task2_launch.py
[0.973s] -- Up-to-date: /home/holberton/ros2_ws/install/parc_robot_bringup/share/parc_robot_bringup/launch/task1_launch.py
[0.973s] -- Up-to-date: /home/holberton/ros2_ws/install/parc_robot_bringup/share/parc_robot_bringup/models
[0.973s] -- Up-to-date: /home/holberton/ros2_ws/install/parc_robot_bringup/share/parc_robot_bringup/models/my_grass_plane
[0.976s] -- Up-to-date: /home/holberton/ros2_ws/install/parc_robot_bringup/share/parc_robot_bringup/models/my_grass_plane/model.config
[0.976s] -- Up-to-date: /home/holberton/ros2_ws/install/parc_robot_bringup/share/parc_robot_bringup/models/my_grass_plane/materials
[0.977s] -- Up-to-date: /home/holberton/ros2_ws/install/parc_robot_bringup/share/parc_robot_bringup/models/my_grass_plane/materials/scripts
[0.992s] -- Up-to-date: /home/holberton/ros2_ws/install/parc_robot_bringup/share/parc_robot_bringup/models/my_grass_plane/materials/scripts/my_grass_plane.material
[0.992s] -- Up-to-date: /home/holberton/ros2_ws/install/parc_robot_bringup/share/parc_robot_bringup/models/my_grass_plane/materials/textures
[0.992s] -- Up-to-date: /home/holberton/ros2_ws/install/parc_robot_bringup/share/parc_robot_bringup/models/my_grass_plane/materials/textures/grass_grid.png
[0.992s] -- Up-to-date: /home/holberton/ros2_ws/install/parc_robot_bringup/share/parc_robot_bringup/models/my_grass_plane/materials/textures/grass_color.jpg
[0.993s] -- Up-to-date: /home/holberton/ros2_ws/install/parc_robot_bringup/share/parc_robot_bringup/models/my_grass_plane/model.sdf
[0.993s] -- Up-to-date: /home/holberton/ros2_ws/install/parc_robot_bringup/share/parc_robot_bringup/models/tomato_23
[0.993s] -- Up-to-date: /home/holberton/ros2_ws/install/parc_robot_bringup/share/parc_robot_bringup/models/tomato_23/model.config
[0.993s] -- Up-to-date: /home/holberton/ros2_ws/install/parc_robot_bringup/share/parc_robot_bringup/models/tomato_23/materials
[0.993s] -- Up-to-date: /home/holberton/ros2_ws/install/parc_robot_bringup/share/parc_robot_bringup/models/tomato_23/materials/scripts
[0.994s] -- Up-to-date: /home/holberton/ros2_ws/install/parc_robot_bringup/share/parc_robot_bringup/models/tomato_23/materials/scripts/fruit3.material
[0.994s] -- Up-to-date: /home/holberton/ros2_ws/install/parc_robot_bringup/share/parc_robot_bringup/models/tomato_23/materials/scripts/fruit2.material
[0.994s] -- Up-to-date: /home/holberton/ros2_ws/install/parc_robot_bringup/share/parc_robot_bringup/models/tomato_23/materials/scripts/blossom1.material
[0.994s] -- Up-to-date: /home/holberton/ros2_ws/install/parc_robot_bringup/share/parc_robot_bringup/models/tomato_23/materials/scripts/fruit1.material
[0.994s] -- Up-to-date: /home/holberton/ros2_ws/install/parc_robot_bringup/share/parc_robot_bringup/models/tomato_23/materials/scripts/branch.material
[0.994s] -- Up-to-date: /home/holberton/ros2_ws/install/parc_robot_bringup/share/parc_robot_bringup/models/tomato_23/materials/scripts/blossom3.material
[0.995s] -- Up-to-date: /home/holberton/ros2_ws/install/parc_robot_bringup/share/parc_robot_bringup/models/tomato_23/materials/scripts/blossom2.material
[0.995s] -- Up-to-date: /home/holberton/ros2_ws/install/parc_robot_bringup/share/parc_robot_bringup/models/tomato_23/materials/scripts/leaf2.material
[0.995s] -- Up-to-date: /home/holberton/ros2_ws/install/parc_robot_bringup/share/parc_robot_bringup/models/tomato_23/materials/scripts/fruit4.material
[0.995s] -- Up-to-date: /home/holberton/ros2_ws/install/parc_robot_bringup/share/parc_robot_bringup/models/tomato_23/materials/scripts/leaf1.material
[0.995s] -- Up-to-date: /home/holberton/ros2_ws/install/parc_robot_bringup/share/parc_robot_bringup/models/tomato_23/materials/textures
[0.996s] -- Up-to-date: /home/holberton/ros2_ws/install/parc_robot_bringup/share/parc_robot_bringup/models/tomato_23/materials/textures/AG15blo3.png
[0.996s] -- Up-to-date: /home/holberton/ros2_ws/install/parc_robot_bringup/share/parc_robot_bringup/models/tomato_23/materials/textures/AG15frt1.png
[0.996s] -- Up-to-date: /home/holberton/ros2_ws/install/parc_robot_bringup/share/parc_robot_bringup/models/tomato_23/materials/textures/AG15brn1(copy).png
[0.996s] -- Up-to-date: /home/holberton/ros2_ws/install/parc_robot_bringup/share/parc_robot_bringup/models/tomato_23/materials/textures/AG15blo1.png
[0.996s] -- Up-to-date: /home/holberton/ros2_ws/install/parc_robot_bringup/share/parc_robot_bringup/models/tomato_23/materials/textures/AG15lef2.png
[0.996s] -- Up-to-date: /home/holberton/ros2_ws/install/parc_robot_bringup/share/parc_robot_bringup/models/tomato_23/materials/textures/AG15frt3.png
[0.997s] -- Up-to-date: /home/holberton/ros2_ws/install/parc_robot_bringup/share/parc_robot_bringup/models/tomato_23/materials/textures/AG15brn1.png
[0.997s] -- Up-to-date: /home/holberton/ros2_ws/install/parc_robot_bringup/share/parc_robot_bringup/models/tomato_23/materials/textures/AG15lef1.png
[0.997s] -- Up-to-date: /home/holberton/ros2_ws/install/parc_robot_bringup/share/parc_robot_bringup/models/tomato_23/materials/textures/AG15frt4.png
[0.997s] -- Up-to-date: /home/holberton/ros2_ws/install/parc_robot_bringup/share/parc_robot_bringup/models/tomato_23/materials/textures/AG15blo2.png
[0.998s] -- Up-to-date: /home/holberton/ros2_ws/install/parc_robot_bringup/share/parc_robot_bringup/models/tomato_23/materials/textures/AG15frt2.png
[0.998s] -- Up-to-date: /home/holberton/ros2_ws/install/parc_robot_bringup/share/parc_robot_bringup/models/tomato_23/model.sdf
[0.998s] -- Up-to-date: /home/holberton/ros2_ws/install/parc_robot_bringup/share/parc_robot_bringup/models/tomato_23/markers.json
[0.998s] -- Up-to-date: /home/holberton/ros2_ws/install/parc_robot_bringup/share/parc_robot_bringup/models/tomato_23/meshes
[0.999s] -- Up-to-date: /home/holberton/ros2_ws/install/parc_robot_bringup/share/parc_robot_bringup/models/tomato_23/meshes/.gitignore
[0.999s] -- Up-to-date: /home/holberton/ros2_ws/install/parc_robot_bringup/share/parc_robot_bringup/models/tomato_23/meshes/tomato.dae
[0.999s] -- Up-to-date: /home/holberton/ros2_ws/install/parc_robot_bringup/share/parc_robot_bringup/models/tomato_28
[0.999s] -- Up-to-date: /home/holberton/ros2_ws/install/parc_robot_bringup/share/parc_robot_bringup/models/tomato_28/model.config
[0.999s] -- Up-to-date: /home/holberton/ros2_ws/install/parc_robot_bringup/share/parc_robot_bringup/models/tomato_28/materials
[0.999s] -- Up-to-date: /home/holberton/ros2_ws/install/parc_robot_bringup/share/parc_robot_bringup/models/tomato_28/materials/scripts
[1.000s] -- Up-to-date: /home/holberton/ros2_ws/install/parc_robot_bringup/share/parc_robot_bringup/models/tomato_28/materials/scripts/fruit3.material
[1.000s] -- Up-to-date: /home/holberton/ros2_ws/install/parc_robot_bringup/share/parc_robot_bringup/models/tomato_28/materials/scripts/fruit2.material
[1.000s] -- Up-to-date: /home/holberton/ros2_ws/install/parc_robot_bringup/share/parc_robot_bringup/models/tomato_28/materials/scripts/blossom1.material
[1.000s] -- Up-to-date: /home/holberton/ros2_ws/install/parc_robot_bringup/share/parc_robot_bringup/models/tomato_28/materials/scripts/fruit1.material
[1.000s] -- Up-to-date: /home/holberton/ros2_ws/install/parc_robot_bringup/share/parc_robot_bringup/models/tomato_28/materials/scripts/branch.material
[1.000s] -- Up-to-date: /home/holberton/ros2_ws/install/parc_robot_bringup/share/parc_robot_bringup/models/tomato_28/materials/scripts/blossom3.material
[1.001s] -- Up-to-date: /home/holberton/ros2_ws/install/parc_robot_bringup/share/parc_robot_bringup/models/tomato_28/materials/scripts/blossom2.material
[1.001s] -- Up-to-date: /home/holberton/ros2_ws/install/parc_robot_bringup/share/parc_robot_bringup/models/tomato_28/materials/scripts/leaf2.material
[1.001s] -- Up-to-date: /home/holberton/ros2_ws/install/parc_robot_bringup/share/parc_robot_bringup/models/tomato_28/materials/scripts/fruit4.material
[1.001s] -- Up-to-date: /home/holberton/ros2_ws/install/parc_robot_bringup/share/parc_robot_bringup/models/tomato_28/materials/scripts/leaf1.material
[1.001s] -- Up-to-date: /home/holberton/ros2_ws/install/parc_robot_bringup/share/parc_robot_bringup/models/tomato_28/materials/textures
[1.001s] -- Up-to-date: /home/holberton/ros2_ws/install/parc_robot_bringup/share/parc_robot_bringup/models/tomato_28/materials/textures/AG15blo3.png
[1.001s] -- Up-to-date: /home/holberton/ros2_ws/install/parc_robot_bringup/share/parc_robot_bringup/models/tomato_28/materials/textures/AG15frt1.png
[1.002s] -- Up-to-date: /home/holberton/ros2_ws/install/parc_robot_bringup/share/parc_robot_bringup/models/tomato_28/materials/textures/AG15brn1(copy).png
[1.002s] -- Up-to-date: /home/holberton/ros2_ws/install/parc_robot_bringup/share/parc_robot_bringup/models/tomato_28/materials/textures/AG15blo1.png
[1.002s] -- Up-to-date: /home/holberton/ros2_ws/install/parc_robot_bringup/share/parc_robot_bringup/models/tomato_28/materials/textures/AG15lef2.png
[1.002s] -- Up-to-date: /home/holberton/ros2_ws/install/parc_robot_bringup/share/parc_robot_bringup/models/tomato_28/materials/textures/AG15frt3.png
[1.002s] -- Up-to-date: /home/holberton/ros2_ws/install/parc_robot_bringup/share/parc_robot_bringup/models/tomato_28/materials/textures/AG15brn1.png
[1.002s] -- Up-to-date: /home/holberton/ros2_ws/install/parc_robot_bringup/share/parc_robot_bringup/models/tomato_28/materials/textures/AG15lef1.png
[1.002s] -- Up-to-date: /home/holberton/ros2_ws/install/parc_robot_bringup/share/parc_robot_bringup/models/tomato_28/materials/textures/AG15frt4.png
[1.003s] -- Up-to-date: /home/holberton/ros2_ws/install/parc_robot_bringup/share/parc_robot_bringup/models/tomato_28/materials/textures/AG15blo2.png
[1.003s] -- Up-to-date: /home/holberton/ros2_ws/install/parc_robot_bringup/share/parc_robot_bringup/models/tomato_28/materials/textures/AG15frt2.png
[1.003s] -- Up-to-date: /home/holberton/ros2_ws/install/parc_robot_bringup/share/parc_robot_bringup/models/tomato_28/model.sdf
[1.003s] -- Up-to-date: /home/holberton/ros2_ws/install/parc_robot_bringup/share/parc_robot_bringup/models/tomato_28/markers.json
[1.003s] -- Up-to-date: /home/holberton/ros2_ws/install/parc_robot_bringup/share/parc_robot_bringup/models/tomato_28/meshes
[1.003s] -- Up-to-date: /home/holberton/ros2_ws/install/parc_robot_bringup/share/parc_robot_bringup/models/tomato_28/meshes/.gitignore
[1.003s] -- Up-to-date: /home/holberton/ros2_ws/install/parc_robot_bringup/share/parc_robot_bringup/models/tomato_28/meshes/tomato.dae
[1.003s] -- Up-to-date: /home/holberton/ros2_ws/install/parc_robot_bringup/share/parc_robot_bringup/models/tomato_18
[1.003s] -- Up-to-date: /home/holberton/ros2_ws/install/parc_robot_bringup/share/parc_robot_bringup/models/tomato_18/model.config
[1.003s] -- Up-to-date: /home/holberton/ros2_ws/install/parc_robot_bringup/share/parc_robot_bringup/models/tomato_18/materials
[1.003s] -- Up-to-date: /home/holberton/ros2_ws/install/parc_robot_bringup/share/parc_robot_bringup/models/tomato_18/materials/scripts
[1.004s] -- Up-to-date: /home/holberton/ros2_ws/install/parc_robot_bringup/share/parc_robot_bringup/models/tomato_18/materials/scripts/fruit3.material
[1.004s] -- Up-to-date: /home/holberton/ros2_ws/install/parc_robot_bringup/share/parc_robot_bringup/models/tomato_18/materials/scripts/fruit2.material
[1.004s] -- Up-to-date: /home/holberton/ros2_ws/install/parc_robot_bringup/share/parc_robot_bringup/models/tomato_18/materials/scripts/blossom1.material
[1.004s] -- Up-to-date: /home/holberton/ros2_ws/install/parc_robot_bringup/share/parc_robot_bringup/models/tomato_18/materials/scripts/fruit1.material
[1.004s] -- Up-to-date: /home/holberton/ros2_ws/install/parc_robot_bringup/share/parc_robot_bringup/models/tomato_18/materials/scripts/branch.material
[1.004s] -- Up-to-date: /home/holberton/ros2_ws/install/parc_robot_bringup/share/parc_robot_bringup/models/tomato_18/materials/scripts/blossom3.material
[1.004s] -- Up-to-date: /home/holberton/ros2_ws/install/parc_robot_bringup/share/parc_robot_bringup/models/tomato_18/materials/scripts/blossom2.material
[1.004s] -- Up-to-date: /home/holberton/ros2_ws/install/parc_robot_bringup/share/parc_robot_bringup/models/tomato_18/materials/scripts/leaf2.material
[1.004s] -- Up-to-date: /home/holberton/ros2_ws/install/parc_robot_bringup/share/parc_robot_bringup/models/tomato_18/materials/scripts/fruit4.material
[1.004s] -- Up-to-date: /home/holberton/ros2_ws/install/parc_robot_bringup/share/parc_robot_bringup/models/tomato_18/materials/scripts/leaf1.material
[1.004s] -- Up-to-date: /home/holberton/ros2_ws/install/parc_robot_bringup/share/parc_robot_bringup/models/tomato_18/materials/textures
[1.005s] -- Up-to-date: /home/holberton/ros2_ws/install/parc_robot_bringup/share/parc_robot_bringup/models/tomato_18/materials/textures/AG15blo3.png
[1.005s] -- Up-to-date: /home/holberton/ros2_ws/install/parc_robot_bringup/share/parc_robot_bringup/models/tomato_18/materials/textures/AG15frt1.png
[1.005s] -- Up-to-date: /home/holberton/ros2_ws/install/parc_robot_bringup/share/parc_robot_bringup/models/tomato_18/materials/textures/AG15brn1(copy).png
[1.005s] -- Up-to-date: /home/holberton/ros2_ws/install/parc_robot_bringup/share/parc_robot_bringup/models/tomato_18/materials/textures/AG15blo1.png
[1.005s] -- Up-to-date: /home/holberton/ros2_ws/install/parc_robot_bringup/share/parc_robot_bringup/models/tomato_18/materials/textures/AG15lef2.png
[1.005s] -- Up-to-date: /home/holberton/ros2_ws/install/parc_robot_bringup/share/parc_robot_bringup/models/tomato_18/materials/textures/AG15frt3.png
[1.005s] -- Up-to-date: /home/holberton/ros2_ws/install/parc_robot_bringup/share/parc_robot_bringup/models/tomato_18/materials/textures/AG15brn1.png
[1.005s] -- Up-to-date: /home/holberton/ros2_ws/install/parc_robot_bringup/share/parc_robot_bringup/models/tomato_18/materials/textures/AG15lef1.png
[1.005s] -- Up-to-date: /home/holberton/ros2_ws/install/parc_robot_bringup/share/parc_robot_bringup/models/tomato_18/materials/textures/AG15frt4.png
[1.005s] -- Up-to-date: /home/holberton/ros2_ws/install/parc_robot_bringup/share/parc_robot_bringup/models/tomato_18/materials/textures/AG15blo2.png
[1.005s] -- Up-to-date: /home/holberton/ros2_ws/install/parc_robot_bringup/share/parc_robot_bringup/models/tomato_18/materials/textures/AG15frt2.png
[1.005s] -- Up-to-date: /home/holberton/ros2_ws/install/parc_robot_bringup/share/parc_robot_bringup/models/tomato_18/model.sdf
[1.006s] -- Up-to-date: /home/holberton/ros2_ws/install/parc_robot_bringup/share/parc_robot_bringup/models/tomato_18/markers.json
[1.006s] -- Up-to-date: /home/holberton/ros2_ws/install/parc_robot_bringup/share/parc_robot_bringup/models/tomato_18/meshes
[1.006s] -- Up-to-date: /home/holberton/ros2_ws/install/parc_robot_bringup/share/parc_robot_bringup/models/tomato_18/meshes/.gitignore
[1.006s] -- Up-to-date: /home/holberton/ros2_ws/install/parc_robot_bringup/share/parc_robot_bringup/models/tomato_18/meshes/tomato.dae
[1.006s] -- Up-to-date: /home/holberton/ros2_ws/install/parc_robot_bringup/share/parc_robot_bringup/models/tomato_33
[1.009s] -- Up-to-date: /home/holberton/ros2_ws/install/parc_robot_bringup/share/parc_robot_bringup/models/tomato_33/model.config
[1.009s] -- Up-to-date: /home/holberton/ros2_ws/install/parc_robot_bringup/share/parc_robot_bringup/models/tomato_33/materials
[1.009s] -- Up-to-date: /home/holberton/ros2_ws/install/parc_robot_bringup/share/parc_robot_bringup/models/tomato_33/materials/scripts
[1.010s] -- Up-to-date: /home/holberton/ros2_ws/install/parc_robot_bringup/share/parc_robot_bringup/models/tomato_33/materials/scripts/fruit3.material
[1.010s] -- Up-to-date: /home/holberton/ros2_ws/install/parc_robot_bringup/share/parc_robot_bringup/models/tomato_33/materials/scripts/fruit2.material
[1.010s] -- Up-to-date: /home/holberton/ros2_ws/install/parc_robot_bringup/share/parc_robot_bringup/models/tomato_33/materials/scripts/blossom1.material
[1.011s] -- Up-to-date: /home/holberton/ros2_ws/install/parc_robot_bringup/share/parc_robot_bringup/models/tomato_33/materials/scripts/fruit1.material
[1.011s] -- Up-to-date: /home/holberton/ros2_ws/install/parc_robot_bringup/share/parc_robot_bringup/models/tomato_33/materials/scripts/branch.material
[1.011s] -- Up-to-date: /home/holberton/ros2_ws/install/parc_robot_bringup/share/parc_robot_bringup/models/tomato_33/materials/scripts/blossom3.material
[1.011s] -- Up-to-date: /home/holberton/ros2_ws/install/parc_robot_bringup/share/parc_robot_bringup/models/tomato_33/materials/scripts/blossom2.material
[1.012s] -- Up-to-date: /home/holberton/ros2_ws/install/parc_robot_bringup/share/parc_robot_bringup/models/tomato_33/materials/scripts/leaf2.material
[1.012s] -- Up-to-date: /home/holberton/ros2_ws/install/parc_robot_bringup/share/parc_robot_bringup/models/tomato_33/materials/scripts/fruit4.material
[1.012s] -- Up-to-date: /home/holberton/ros2_ws/install/parc_robot_bringup/share/parc_robot_bringup/models/tomato_33/materials/scripts/leaf1.material
[1.013s] -- Up-to-date: /home/holberton/ros2_ws/install/parc_robot_bringup/share/parc_robot_bringup/models/tomato_33/materials/textures
[1.013s] -- Up-to-date: /home/holberton/ros2_ws/install/parc_robot_bringup/share/parc_robot_bringup/models/tomato_33/materials/textures/AG15blo3.png
[1.013s] -- Up-to-date: /home/holberton/ros2_ws/install/parc_robot_bringup/share/parc_robot_bringup/models/tomato_33/materials/textures/AG15frt1.png
[1.013s] -- Up-to-date: /home/holberton/ros2_ws/install/parc_robot_bringup/share/parc_robot_bringup/models/tomato_33/materials/textures/AG15brn1(copy).png
[1.014s] -- Up-to-date: /home/holberton/ros2_ws/install/parc_robot_bringup/share/parc_robot_bringup/models/tomato_33/materials/textures/AG15blo1.png
[1.014s] -- Up-to-date: /home/holberton/ros2_ws/install/parc_robot_bringup/share/parc_robot_bringup/models/tomato_33/materials/textures/AG15lef2.png
[1.014s] -- Up-to-date: /home/holberton/ros2_ws/install/parc_robot_bringup/share/parc_robot_bringup/models/tomato_33/materials/textures/AG15frt3.png
[1.014s] -- Up-to-date: /home/holberton/ros2_ws/install/parc_robot_bringup/share/parc_robot_bringup/models/tomato_33/materials/textures/AG15brn1.png
[1.014s] -- Up-to-date: /home/holberton/ros2_ws/install/parc_robot_bringup/share/parc_robot_bringup/models/tomato_33/materials/textures/AG15lef1.png
[1.015s] -- Up-to-date: /home/holberton/ros2_ws/install/parc_robot_bringup/share/parc_robot_bringup/models/tomato_33/materials/textures/AG15frt4.png
[1.015s] -- Up-to-date: /home/holberton/ros2_ws/install/parc_robot_bringup/share/parc_robot_bringup/models/tomato_33/materials/textures/AG15blo2.png
[1.015s] -- Up-to-date: /home/holberton/ros2_ws/install/parc_robot_bringup/share/parc_robot_bringup/models/tomato_33/materials/textures/AG15frt2.png
[1.015s] -- Up-to-date: /home/holberton/ros2_ws/install/parc_robot_bringup/share/parc_robot_bringup/models/tomato_33/model.sdf
[1.016s] -- Up-to-date: /home/holberton/ros2_ws/install/parc_robot_bringup/share/parc_robot_bringup/models/tomato_33/markers.json
[1.016s] -- Up-to-date: /home/holberton/ros2_ws/install/parc_robot_bringup/share/parc_robot_bringup/models/tomato_33/meshes
[1.016s] -- Up-to-date: /home/holberton/ros2_ws/install/parc_robot_bringup/share/parc_robot_bringup/models/tomato_33/meshes/.gitignore
[1.017s] -- Up-to-date: /home/holberton/ros2_ws/install/parc_robot_bringup/share/parc_robot_bringup/models/tomato_33/meshes/tomato.dae
[1.017s] -- Up-to-date: /home/holberton/ros2_ws/install/parc_robot_bringup/share/parc_robot_bringup/models/tomato_27
[1.017s] -- Up-to-date: /home/holberton/ros2_ws/install/parc_robot_bringup/share/parc_robot_bringup/models/tomato_27/model.config
[1.017s] -- Up-to-date: /home/holberton/ros2_ws/install/parc_robot_bringup/share/parc_robot_bringup/models/tomato_27/materials
[1.017s] -- Up-to-date: /home/holberton/ros2_ws/install/parc_robot_bringup/share/parc_robot_bringup/models/tomato_27/materials/scripts
[1.018s] -- Up-to-date: /home/holberton/ros2_ws/install/parc_robot_bringup/share/parc_robot_bringup/models/tomato_27/materials/scripts/fruit3.material
[1.018s] -- Up-to-date: /home/holberton/ros2_ws/install/parc_robot_bringup/share/parc_robot_bringup/models/tomato_27/materials/scripts/fruit2.material
[1.018s] -- Up-to-date: /home/holberton/ros2_ws/install/parc_robot_bringup/share/parc_robot_bringup/models/tomato_27/materials/scripts/blossom1.material
[1.018s] -- Up-to-date: /home/holberton/ros2_ws/install/parc_robot_bringup/share/parc_robot_bringup/models/tomato_27/materials/scripts/fruit1.material
[1.019s] -- Up-to-date: /home/holberton/ros2_ws/install/parc_robot_bringup/share/parc_robot_bringup/models/tomato_27/materials/scripts/branch.material
[1.019s] -- Up-to-date: /home/holberton/ros2_ws/install/parc_robot_bringup/share/parc_robot_bringup/models/tomato_27/materials/scripts/blossom3.material
[1.019s] -- Up-to-date: /home/holberton/ros2_ws/install/parc_robot_bringup/share/parc_robot_bringup/models/tomato_27/materials/scripts/blossom2.material
[1.019s] -- Up-to-date: /home/holberton/ros2_ws/install/parc_robot_bringup/share/parc_robot_bringup/models/tomato_27/materials/scripts/leaf2.material
[1.019s] -- Up-to-date: /home/holberton/ros2_ws/install/parc_robot_bringup/share/parc_robot_bringup/models/tomato_27/materials/scripts/fruit4.material
[1.020s] -- Up-to-date: /home/holberton/ros2_ws/install/parc_robot_bringup/share/parc_robot_bringup/models/tomato_27/materials/scripts/leaf1.material
[1.020s] -- Up-to-date: /home/holberton/ros2_ws/install/parc_robot_bringup/share/parc_robot_bringup/models/tomato_27/materials/textures
[1.020s] -- Up-to-date: /home/holberton/ros2_ws/install/parc_robot_bringup/share/parc_robot_bringup/models/tomato_27/materials/textures/AG15blo3.png
[1.020s] -- Up-to-date: /home/holberton/ros2_ws/install/parc_robot_bringup/share/parc_robot_bringup/models/tomato_27/materials/textures/AG15frt1.png
[1.020s] -- Up-to-date: /home/holberton/ros2_ws/install/parc_robot_bringup/share/parc_robot_bringup/models/tomato_27/materials/textures/AG15brn1(copy).png
[1.020s] -- Up-to-date: /home/holberton/ros2_ws/install/parc_robot_bringup/share/parc_robot_bringup/models/tomato_27/materials/textures/AG15blo1.png
[1.020s] -- Up-to-date: /home/holberton/ros2_ws/install/parc_robot_bringup/share/parc_robot_bringup/models/tomato_27/materials/textures/AG15lef2.png
[1.021s] -- Up-to-date: /home/holberton/ros2_ws/install/parc_robot_bringup/share/parc_robot_bringup/models/tomato_27/materials/textures/AG15frt3.png
[1.021s] -- Up-to-date: /home/holberton/ros2_ws/install/parc_robot_bringup/share/parc_robot_bringup/models/tomato_27/materials/textures/AG15brn1.png
[1.021s] -- Up-to-date: /home/holberton/ros2_ws/install/parc_robot_bringup/share/parc_robot_bringup/models/tomato_27/materials/textures/AG15lef1.png
[1.021s] -- Up-to-date: /home/holberton/ros2_ws/install/parc_robot_bringup/share/parc_robot_bringup/models/tomato_27/materials/textures/AG15frt4.png
[1.021s] -- Up-to-date: /home/holberton/ros2_ws/install/parc_robot_bringup/share/parc_robot_bringup/models/tomato_27/materials/textures/AG15blo2.png
[1.021s] -- Up-to-date: /home/holberton/ros2_ws/install/parc_robot_bringup/share/parc_robot_bringup/models/tomato_27/materials/textures/AG15frt2.png
[1.022s] -- Up-to-date: /home/holberton/ros2_ws/install/parc_robot_bringup/share/parc_robot_bringup/models/tomato_27/model.sdf
[1.022s] -- Up-to-date: /home/holberton/ros2_ws/install/parc_robot_bringup/share/parc_robot_bringup/models/tomato_27/markers.json
[1.022s] -- Up-to-date: /home/holberton/ros2_ws/install/parc_robot_bringup/share/parc_robot_bringup/models/tomato_27/meshes
[1.022s] -- Up-to-date: /home/holberton/ros2_ws/install/parc_robot_bringup/share/parc_robot_bringup/models/tomato_27/meshes/.gitignore
[1.022s] -- Up-to-date: /home/holberton/ros2_ws/install/parc_robot_bringup/share/parc_robot_bringup/models/tomato_27/meshes/tomato.dae
[1.022s] -- Up-to-date: /home/holberton/ros2_ws/install/parc_robot_bringup/share/parc_robot_bringup/models/materials
[1.022s] -- Up-to-date: /home/holberton/ros2_ws/install/parc_robot_bringup/share/parc_robot_bringup/models/materials/textures
[1.022s] -- Up-to-date: /home/holberton/ros2_ws/install/parc_robot_bringup/share/parc_robot_bringup/models/materials/textures/grass_roughness.jpg
[1.023s] -- Up-to-date: /home/holberton/ros2_ws/install/parc_robot_bringup/share/parc_robot_bringup/models/materials/textures/plowed_soil.jpg
[1.023s] -- Up-to-date: /home/holberton/ros2_ws/install/parc_robot_bringup/share/parc_robot_bringup/models/materials/textures/fungus_diffusespecular.png
[1.023s] -- Up-to-date: /home/holberton/ros2_ws/install/parc_robot_bringup/share/parc_robot_bringup/models/materials/textures/grass_normal.jpg
[1.023s] -- Up-to-date: /home/holberton/ros2_ws/install/parc_robot_bringup/share/parc_robot_bringup/models/materials/textures/flat_normal.png
[1.023s] -- Up-to-date: /home/holberton/ros2_ws/install/parc_robot_bringup/share/parc_robot_bringup/models/materials/textures/dirt_diffusespecular.png
[1.023s] -- Up-to-date: /home/holberton/ros2_ws/install/parc_robot_bringup/share/parc_robot_bringup/models/materials/textures/grass_displacement.jpg
[1.023s] -- Up-to-date: /home/holberton/ros2_ws/install/parc_robot_bringup/share/parc_robot_bringup/models/materials/textures/grass_color.jpg
[1.023s] -- Up-to-date: /home/holberton/ros2_ws/install/parc_robot_bringup/share/parc_robot_bringup/models/goal_location
[1.023s] -- Up-to-date: /home/holberton/ros2_ws/install/parc_robot_bringup/share/parc_robot_bringup/models/goal_location/model.config
[1.023s] -- Up-to-date: /home/holberton/ros2_ws/install/parc_robot_bringup/share/parc_robot_bringup/models/goal_location/model.sdf
[1.023s] -- Up-to-date: /home/holberton/ros2_ws/install/parc_robot_bringup/share/parc_robot_bringup/models/tomato_32
[1.024s] -- Up-to-date: /home/holberton/ros2_ws/install/parc_robot_bringup/share/parc_robot_bringup/models/tomato_32/model.config
[1.024s] -- Up-to-date: /home/holberton/ros2_ws/install/parc_robot_bringup/share/parc_robot_bringup/models/tomato_32/materials
[1.024s] -- Up-to-date: /home/holberton/ros2_ws/install/parc_robot_bringup/share/parc_robot_bringup/models/tomato_32/materials/scripts
[1.024s] -- Up-to-date: /home/holberton/ros2_ws/install/parc_robot_bringup/share/parc_robot_bringup/models/tomato_32/materials/scripts/fruit3.material
[1.024s] -- Up-to-date: /home/holberton/ros2_ws/install/parc_robot_bringup/share/parc_robot_bringup/models/tomato_32/materials/scripts/fruit2.material
[1.024s] -- Up-to-date: /home/holberton/ros2_ws/install/parc_robot_bringup/share/parc_robot_bringup/models/tomato_32/materials/scripts/blossom1.material
[1.024s] -- Up-to-date: /home/holberton/ros2_ws/install/parc_robot_bringup/share/parc_robot_bringup/models/tomato_32/materials/scripts/fruit1.material
[1.024s] -- Up-to-date: /home/holberton/ros2_ws/install/parc_robot_bringup/share/parc_robot_bringup/models/tomato_32/materials/scripts/branch.material
[1.024s] -- Up-to-date: /home/holberton/ros2_ws/install/parc_robot_bringup/share/parc_robot_bringup/models/tomato_32/materials/scripts/blossom3.material
[1.024s] -- Up-to-date: /home/holberton/ros2_ws/install/parc_robot_bringup/share/parc_robot_bringup/models/tomato_32/materials/scripts/blossom2.material
[1.025s] -- Up-to-date: /home/holberton/ros2_ws/install/parc_robot_bringup/share/parc_robot_bringup/models/tomato_32/materials/scripts/leaf2.material
[1.025s] -- Up-to-date: /home/holberton/ros2_ws/install/parc_robot_bringup/share/parc_robot_bringup/models/tomato_32/materials/scripts/fruit4.material
[1.025s] -- Up-to-date: /home/holberton/ros2_ws/install/parc_robot_bringup/share/parc_robot_bringup/models/tomato_32/materials/scripts/leaf1.material
[1.025s] -- Up-to-date: /home/holberton/ros2_ws/install/parc_robot_bringup/share/parc_robot_bringup/models/tomato_32/materials/textures
[1.025s] -- Up-to-date: /home/holberton/ros2_ws/install/parc_robot_bringup/share/parc_robot_bringup/models/tomato_32/materials/textures/AG15blo3.png
[1.025s] -- Up-to-date: /home/holberton/ros2_ws/install/parc_robot_bringup/share/parc_robot_bringup/models/tomato_32/materials/textures/AG15frt1.png
[1.025s] -- Up-to-date: /home/holberton/ros2_ws/install/parc_robot_bringup/share/parc_robot_bringup/models/tomato_32/materials/textures/AG15brn1(copy).png
[1.026s] -- Up-to-date: /home/holberton/ros2_ws/install/parc_robot_bringup/share/parc_robot_bringup/models/tomato_32/materials/textures/AG15blo1.png
[1.026s] -- Up-to-date: /home/holberton/ros2_ws/install/parc_robot_bringup/share/parc_robot_bringup/models/tomato_32/materials/textures/AG15lef2.png
[1.026s] -- Up-to-date: /home/holberton/ros2_ws/install/parc_robot_bringup/share/parc_robot_bringup/models/tomato_32/materials/textures/AG15frt3.png
[1.026s] -- Up-to-date: /home/holberton/ros2_ws/install/parc_robot_bringup/share/parc_robot_bringup/models/tomato_32/materials/textures/AG15brn1.png
[1.026s] -- Up-to-date: /home/holberton/ros2_ws/install/parc_robot_bringup/share/parc_robot_bringup/models/tomato_32/materials/textures/AG15lef1.png
[1.026s] -- Up-to-date: /home/holberton/ros2_ws/install/parc_robot_bringup/share/parc_robot_bringup/models/tomato_32/materials/textures/AG15frt4.png
[1.026s] -- Up-to-date: /home/holberton/ros2_ws/install/parc_robot_bringup/share/parc_robot_bringup/models/tomato_32/materials/textures/AG15blo2.png
[1.027s] -- Up-to-date: /home/holberton/ros2_ws/install/parc_robot_bringup/share/parc_robot_bringup/models/tomato_32/materials/textures/AG15frt2.png
[1.027s] -- Up-to-date: /home/holberton/ros2_ws/install/parc_robot_bringup/share/parc_robot_bringup/models/tomato_32/model.sdf
[1.027s] -- Up-to-date: /home/holberton/ros2_ws/install/parc_robot_bringup/share/parc_robot_bringup/models/tomato_32/markers.json
[1.027s] -- Up-to-date: /home/holberton/ros2_ws/install/parc_robot_bringup/share/parc_robot_bringup/models/tomato_32/meshes
[1.027s] -- Up-to-date: /home/holberton/ros2_ws/install/parc_robot_bringup/share/parc_robot_bringup/models/tomato_32/meshes/.gitignore
[1.027s] -- Up-to-date: /home/holberton/ros2_ws/install/parc_robot_bringup/share/parc_robot_bringup/models/tomato_32/meshes/tomato.dae
[1.027s] -- Up-to-date: /home/holberton/ros2_ws/install/parc_robot_bringup/share/parc_robot_bringup/models/tomato_26
[1.027s] -- Up-to-date: /home/holberton/ros2_ws/install/parc_robot_bringup/share/parc_robot_bringup/models/tomato_26/model.config
[1.027s] -- Up-to-date: /home/holberton/ros2_ws/install/parc_robot_bringup/share/parc_robot_bringup/models/tomato_26/materials
[1.028s] -- Up-to-date: /home/holberton/ros2_ws/install/parc_robot_bringup/share/parc_robot_bringup/models/tomato_26/materials/scripts
[1.028s] -- Up-to-date: /home/holberton/ros2_ws/install/parc_robot_bringup/share/parc_robot_bringup/models/tomato_26/materials/scripts/fruit3.material
[1.028s] -- Up-to-date: /home/holberton/ros2_ws/install/parc_robot_bringup/share/parc_robot_bringup/models/tomato_26/materials/scripts/fruit2.material
[1.028s] -- Up-to-date: /home/holberton/ros2_ws/install/parc_robot_bringup/share/parc_robot_bringup/models/tomato_26/materials/scripts/blossom1.material
[1.028s] -- Up-to-date: /home/holberton/ros2_ws/install/parc_robot_bringup/share/parc_robot_bringup/models/tomato_26/materials/scripts/fruit1.material
[1.028s] -- Up-to-date: /home/holberton/ros2_ws/install/parc_robot_bringup/share/parc_robot_bringup/models/tomato_26/materials/scripts/branch.material
[1.028s] -- Up-to-date: /home/holberton/ros2_ws/install/parc_robot_bringup/share/parc_robot_bringup/models/tomato_26/materials/scripts/blossom3.material
[1.028s] -- Up-to-date: /home/holberton/ros2_ws/install/parc_robot_bringup/share/parc_robot_bringup/models/tomato_26/materials/scripts/blossom2.material
[1.028s] -- Up-to-date: /home/holberton/ros2_ws/install/parc_robot_bringup/share/parc_robot_bringup/models/tomato_26/materials/scripts/leaf2.material
[1.028s] -- Up-to-date: /home/holberton/ros2_ws/install/parc_robot_bringup/share/parc_robot_bringup/models/tomato_26/materials/scripts/fruit4.material
[1.029s] -- Up-to-date: /home/holberton/ros2_ws/install/parc_robot_bringup/share/parc_robot_bringup/models/tomato_26/materials/scripts/leaf1.material
[1.029s] -- Up-to-date: /home/holberton/ros2_ws/install/parc_robot_bringup/share/parc_robot_bringup/models/tomato_26/materials/textures
[1.029s] -- Up-to-date: /home/holberton/ros2_ws/install/parc_robot_bringup/share/parc_robot_bringup/models/tomato_26/materials/textures/AG15blo3.png
[1.029s] -- Up-to-date: /home/holberton/ros2_ws/install/parc_robot_bringup/share/parc_robot_bringup/models/tomato_26/materials/textures/AG15frt1.png
[1.029s] -- Up-to-date: /home/holberton/ros2_ws/install/parc_robot_bringup/share/parc_robot_bringup/models/tomato_26/materials/textures/AG15brn1(copy).png
[1.029s] -- Up-to-date: /home/holberton/ros2_ws/install/parc_robot_bringup/share/parc_robot_bringup/models/tomato_26/materials/textures/AG15blo1.png
[1.029s] -- Up-to-date: /home/holberton/ros2_ws/install/parc_robot_bringup/share/parc_robot_bringup/models/tomato_26/materials/textures/AG15lef2.png
[1.029s] -- Up-to-date: /home/holberton/ros2_ws/install/parc_robot_bringup/share/parc_robot_bringup/models/tomato_26/materials/textures/AG15frt3.png
[1.029s] -- Up-to-date: /home/holberton/ros2_ws/install/parc_robot_bringup/share/parc_robot_bringup/models/tomato_26/materials/textures/AG15brn1.png
[1.029s] -- Up-to-date: /home/holberton/ros2_ws/install/parc_robot_bringup/share/parc_robot_bringup/models/tomato_26/materials/textures/AG15lef1.png
[1.029s] -- Up-to-date: /home/holberton/ros2_ws/install/parc_robot_bringup/share/parc_robot_bringup/models/tomato_26/materials/textures/AG15frt4.png
[1.029s] -- Up-to-date: /home/holberton/ros2_ws/install/parc_robot_bringup/share/parc_robot_bringup/models/tomato_26/materials/textures/AG15blo2.png
[1.029s] -- Up-to-date: /home/holberton/ros2_ws/install/parc_robot_bringup/share/parc_robot_bringup/models/tomato_26/materials/textures/AG15frt2.png
[1.030s] -- Up-to-date: /home/holberton/ros2_ws/install/parc_robot_bringup/share/parc_robot_bringup/models/tomato_26/model.sdf
[1.030s] -- Up-to-date: /home/holberton/ros2_ws/install/parc_robot_bringup/share/parc_robot_bringup/models/tomato_26/markers.json
[1.030s] -- Up-to-date: /home/holberton/ros2_ws/install/parc_robot_bringup/share/parc_robot_bringup/models/tomato_26/meshes
[1.030s] -- Up-to-date: /home/holberton/ros2_ws/install/parc_robot_bringup/share/parc_robot_bringup/models/tomato_26/meshes/.gitignore
[1.030s] -- Up-to-date: /home/holberton/ros2_ws/install/parc_robot_bringup/share/parc_robot_bringup/models/tomato_26/meshes/tomato.dae
[1.030s] -- Up-to-date: /home/holberton/ros2_ws/install/parc_robot_bringup/share/parc_robot_bringup/models/tomato_9
[1.030s] -- Up-to-date: /home/holberton/ros2_ws/install/parc_robot_bringup/share/parc_robot_bringup/models/tomato_9/model.config
[1.030s] -- Up-to-date: /home/holberton/ros2_ws/install/parc_robot_bringup/share/parc_robot_bringup/models/tomato_9/materials
[1.030s] -- Up-to-date: /home/holberton/ros2_ws/install/parc_robot_bringup/share/parc_robot_bringup/models/tomato_9/materials/scripts
[1.030s] -- Up-to-date: /home/holberton/ros2_ws/install/parc_robot_bringup/share/parc_robot_bringup/models/tomato_9/materials/scripts/fruit3.material
[1.030s] -- Up-to-date: /home/holberton/ros2_ws/install/parc_robot_bringup/share/parc_robot_bringup/models/tomato_9/materials/scripts/fruit2.material
[1.030s] -- Up-to-date: /home/holberton/ros2_ws/install/parc_robot_bringup/share/parc_robot_bringup/models/tomato_9/materials/scripts/blossom1.material
[1.030s] -- Up-to-date: /home/holberton/ros2_ws/install/parc_robot_bringup/share/parc_robot_bringup/models/tomato_9/materials/scripts/fruit1.material
[1.030s] -- Up-to-date: /home/holberton/ros2_ws/install/parc_robot_bringup/share/parc_robot_bringup/models/tomato_9/materials/scripts/branch.material
[1.031s] -- Up-to-date: /home/holberton/ros2_ws/install/parc_robot_bringup/share/parc_robot_bringup/models/tomato_9/materials/scripts/blossom3.material
[1.031s] -- Up-to-date: /home/holberton/ros2_ws/install/parc_robot_bringup/share/parc_robot_bringup/models/tomato_9/materials/scripts/blossom2.material
[1.031s] -- Up-to-date: /home/holberton/ros2_ws/install/parc_robot_bringup/share/parc_robot_bringup/models/tomato_9/materials/scripts/leaf2.material
[1.031s] -- Up-to-date: /home/holberton/ros2_ws/install/parc_robot_bringup/share/parc_robot_bringup/models/tomato_9/materials/scripts/fruit4.material
[1.031s] -- Up-to-date: /home/holberton/ros2_ws/install/parc_robot_bringup/share/parc_robot_bringup/models/tomato_9/materials/scripts/leaf1.material
[1.031s] -- Up-to-date: /home/holberton/ros2_ws/install/parc_robot_bringup/share/parc_robot_bringup/models/tomato_9/materials/textures
[1.031s] -- Up-to-date: /home/holberton/ros2_ws/install/parc_robot_bringup/share/parc_robot_bringup/models/tomato_9/materials/textures/AG15blo3.png
[1.031s] -- Up-to-date: /home/holberton/ros2_ws/install/parc_robot_bringup/share/parc_robot_bringup/models/tomato_9/materials/textures/AG15frt1.png
[1.031s] -- Up-to-date: /home/holberton/ros2_ws/install/parc_robot_bringup/share/parc_robot_bringup/models/tomato_9/materials/textures/AG15brn1(copy).png
[1.031s] -- Up-to-date: /home/holberton/ros2_ws/install/parc_robot_bringup/share/parc_robot_bringup/models/tomato_9/materials/textures/AG15blo1.png
[1.031s] -- Up-to-date: /home/holberton/ros2_ws/install/parc_robot_bringup/share/parc_robot_bringup/models/tomato_9/materials/textures/AG15lef2.png
[1.031s] -- Up-to-date: /home/holberton/ros2_ws/install/parc_robot_bringup/share/parc_robot_bringup/models/tomato_9/materials/textures/AG15frt3.png
[1.031s] -- Up-to-date: /home/holberton/ros2_ws/install/parc_robot_bringup/share/parc_robot_bringup/models/tomato_9/materials/textures/AG15brn1.png
[1.032s] -- Up-to-date: /home/holberton/ros2_ws/install/parc_robot_bringup/share/parc_robot_bringup/models/tomato_9/materials/textures/AG15lef1.png
[1.032s] -- Up-to-date: /home/holberton/ros2_ws/install/parc_robot_bringup/share/parc_robot_bringup/models/tomato_9/materials/textures/AG15frt4.png
[1.032s] -- Up-to-date: /home/holberton/ros2_ws/install/parc_robot_bringup/share/parc_robot_bringup/models/tomato_9/materials/textures/AG15blo2.png
[1.032s] -- Up-to-date: /home/holberton/ros2_ws/install/parc_robot_bringup/share/parc_robot_bringup/models/tomato_9/materials/textures/AG15frt2.png
[1.032s] -- Up-to-date: /home/holberton/ros2_ws/install/parc_robot_bringup/share/parc_robot_bringup/models/tomato_9/model.sdf
[1.032s] -- Up-to-date: /home/holberton/ros2_ws/install/parc_robot_bringup/share/parc_robot_bringup/models/tomato_9/markers.json
[1.032s] -- Up-to-date: /home/holberton/ros2_ws/install/parc_robot_bringup/share/parc_robot_bringup/models/tomato_9/meshes
[1.032s] -- Up-to-date: /home/holberton/ros2_ws/install/parc_robot_bringup/share/parc_robot_bringup/models/tomato_9/meshes/.gitignore
[1.032s] -- Up-to-date: /home/holberton/ros2_ws/install/parc_robot_bringup/share/parc_robot_bringup/models/tomato_9/meshes/tomato.dae
[1.032s] -- Up-to-date: /home/holberton/ros2_ws/install/parc_robot_bringup/share/parc_robot_bringup/models/tomato_13
[1.032s] -- Up-to-date: /home/holberton/ros2_ws/install/parc_robot_bringup/share/parc_robot_bringup/models/tomato_13/model.config
[1.032s] -- Up-to-date: /home/holberton/ros2_ws/install/parc_robot_bringup/share/parc_robot_bringup/models/tomato_13/materials
[1.032s] -- Up-to-date: /home/holberton/ros2_ws/install/parc_robot_bringup/share/parc_robot_bringup/models/tomato_13/materials/scripts
[1.032s] -- Up-to-date: /home/holberton/ros2_ws/install/parc_robot_bringup/share/parc_robot_bringup/models/tomato_13/materials/scripts/fruit3.material
[1.033s] -- Up-to-date: /home/holberton/ros2_ws/install/parc_robot_bringup/share/parc_robot_bringup/models/tomato_13/materials/scripts/fruit2.material
[1.033s] -- Up-to-date: /home/holberton/ros2_ws/install/parc_robot_bringup/share/parc_robot_bringup/models/tomato_13/materials/scripts/blossom1.material
[1.033s] -- Up-to-date: /home/holberton/ros2_ws/install/parc_robot_bringup/share/parc_robot_bringup/models/tomato_13/materials/scripts/fruit1.material
[1.033s] -- Up-to-date: /home/holberton/ros2_ws/install/parc_robot_bringup/share/parc_robot_bringup/models/tomato_13/materials/scripts/branch.material
[1.033s] -- Up-to-date: /home/holberton/ros2_ws/install/parc_robot_bringup/share/parc_robot_bringup/models/tomato_13/materials/scripts/blossom3.material
[1.033s] -- Up-to-date: /home/holberton/ros2_ws/install/parc_robot_bringup/share/parc_robot_bringup/models/tomato_13/materials/scripts/blossom2.material
[1.033s] -- Up-to-date: /home/holberton/ros2_ws/install/parc_robot_bringup/share/parc_robot_bringup/models/tomato_13/materials/scripts/leaf2.material
[1.033s] -- Up-to-date: /home/holberton/ros2_ws/install/parc_robot_bringup/share/parc_robot_bringup/models/tomato_13/materials/scripts/fruit4.material
[1.033s] -- Up-to-date: /home/holberton/ros2_ws/install/parc_robot_bringup/share/parc_robot_bringup/models/tomato_13/materials/scripts/leaf1.material
[1.033s] -- Up-to-date: /home/holberton/ros2_ws/install/parc_robot_bringup/share/parc_robot_bringup/models/tomato_13/materials/textures
[1.033s] -- Up-to-date: /home/holberton/ros2_ws/install/parc_robot_bringup/share/parc_robot_bringup/models/tomato_13/materials/textures/AG15blo3.png
[1.033s] -- Up-to-date: /home/holberton/ros2_ws/install/parc_robot_bringup/share/parc_robot_bringup/models/tomato_13/materials/textures/AG15frt1.png
[1.033s] -- Up-to-date: /home/holberton/ros2_ws/install/parc_robot_bringup/share/parc_robot_bringup/models/tomato_13/materials/textures/AG15brn1(copy).png
[1.033s] -- Up-to-date: /home/holberton/ros2_ws/install/parc_robot_bringup/share/parc_robot_bringup/models/tomato_13/materials/textures/AG15blo1.png
[1.033s] -- Up-to-date: /home/holberton/ros2_ws/install/parc_robot_bringup/share/parc_robot_bringup/models/tomato_13/materials/textures/AG15lef2.png
[1.034s] -- Up-to-date: /home/holberton/ros2_ws/install/parc_robot_bringup/share/parc_robot_bringup/models/tomato_13/materials/textures/AG15frt3.png
[1.034s] -- Up-to-date: /home/holberton/ros2_ws/install/parc_robot_bringup/share/parc_robot_bringup/models/tomato_13/materials/textures/AG15brn1.png
[1.034s] -- Up-to-date: /home/holberton/ros2_ws/install/parc_robot_bringup/share/parc_robot_bringup/models/tomato_13/materials/textures/AG15lef1.png
[1.034s] -- Up-to-date: /home/holberton/ros2_ws/install/parc_robot_bringup/share/parc_robot_bringup/models/tomato_13/materials/textures/AG15frt4.png
[1.034s] -- Up-to-date: /home/holberton/ros2_ws/install/parc_robot_bringup/share/parc_robot_bringup/models/tomato_13/materials/textures/AG15blo2.png
[1.034s] -- Up-to-date: /home/holberton/ros2_ws/install/parc_robot_bringup/share/parc_robot_bringup/models/tomato_13/materials/textures/AG15frt2.png
[1.034s] -- Up-to-date: /home/holberton/ros2_ws/install/parc_robot_bringup/share/parc_robot_bringup/models/tomato_13/model.sdf
[1.035s] -- Up-to-date: /home/holberton/ros2_ws/install/parc_robot_bringup/share/parc_robot_bringup/models/tomato_13/markers.json
[1.035s] -- Up-to-date: /home/holberton/ros2_ws/install/parc_robot_bringup/share/parc_robot_bringup/models/tomato_13/meshes
[1.035s] -- Up-to-date: /home/holberton/ros2_ws/install/parc_robot_bringup/share/parc_robot_bringup/models/tomato_13/meshes/.gitignore
[1.035s] -- Up-to-date: /home/holberton/ros2_ws/install/parc_robot_bringup/share/parc_robot_bringup/models/tomato_13/meshes/tomato.dae
[1.035s] -- Up-to-date: /home/holberton/ros2_ws/install/parc_robot_bringup/share/parc_robot_bringup/models/peg
[1.035s] -- Up-to-date: /home/holberton/ros2_ws/install/parc_robot_bringup/share/parc_robot_bringup/models/peg/model.config
[1.035s] -- Up-to-date: /home/holberton/ros2_ws/install/parc_robot_bringup/share/parc_robot_bringup/models/peg/model.sdf
[1.035s] -- Up-to-date: /home/holberton/ros2_ws/install/parc_robot_bringup/share/parc_robot_bringup/models/tomato_34
[1.043s] -- Up-to-date: /home/holberton/ros2_ws/install/parc_robot_bringup/share/parc_robot_bringup/models/tomato_34/model.config
[1.043s] -- Up-to-date: /home/holberton/ros2_ws/install/parc_robot_bringup/share/parc_robot_bringup/models/tomato_34/materials
[1.043s] -- Up-to-date: /home/holberton/ros2_ws/install/parc_robot_bringup/share/parc_robot_bringup/models/tomato_34/materials/scripts
[1.044s] -- Up-to-date: /home/holberton/ros2_ws/install/parc_robot_bringup/share/parc_robot_bringup/models/tomato_34/materials/scripts/fruit3.material
[1.044s] -- Up-to-date: /home/holberton/ros2_ws/install/parc_robot_bringup/share/parc_robot_bringup/models/tomato_34/materials/scripts/fruit2.material
[1.044s] -- Up-to-date: /home/holberton/ros2_ws/install/parc_robot_bringup/share/parc_robot_bringup/models/tomato_34/materials/scripts/blossom1.material
[1.044s] -- Up-to-date: /home/holberton/ros2_ws/install/parc_robot_bringup/share/parc_robot_bringup/models/tomato_34/materials/scripts/fruit1.material
[1.044s] -- Up-to-date: /home/holberton/ros2_ws/install/parc_robot_bringup/share/parc_robot_bringup/models/tomato_34/materials/scripts/branch.material
[1.044s] -- Up-to-date: /home/holberton/ros2_ws/install/parc_robot_bringup/share/parc_robot_bringup/models/tomato_34/materials/scripts/blossom3.material
[1.044s] -- Up-to-date: /home/holberton/ros2_ws/install/parc_robot_bringup/share/parc_robot_bringup/models/tomato_34/materials/scripts/blossom2.material
[1.045s] -- Up-to-date: /home/holberton/ros2_ws/install/parc_robot_bringup/share/parc_robot_bringup/models/tomato_34/materials/scripts/leaf2.material
[1.045s] -- Up-to-date: /home/holberton/ros2_ws/install/parc_robot_bringup/share/parc_robot_bringup/models/tomato_34/materials/scripts/fruit4.material
[1.045s] -- Up-to-date: /home/holberton/ros2_ws/install/parc_robot_bringup/share/parc_robot_bringup/models/tomato_34/materials/scripts/leaf1.material
[1.045s] -- Up-to-date: /home/holberton/ros2_ws/install/parc_robot_bringup/share/parc_robot_bringup/models/tomato_34/materials/textures
[1.045s] -- Up-to-date: /home/holberton/ros2_ws/install/parc_robot_bringup/share/parc_robot_bringup/models/tomato_34/materials/textures/AG15blo3.png
[1.045s] -- Up-to-date: /home/holberton/ros2_ws/install/parc_robot_bringup/share/parc_robot_bringup/models/tomato_34/materials/textures/AG15frt1.png
[1.045s] -- Up-to-date: /home/holberton/ros2_ws/install/parc_robot_bringup/share/parc_robot_bringup/models/tomato_34/materials/textures/AG15brn1(copy).png
[1.045s] -- Up-to-date: /home/holberton/ros2_ws/install/parc_robot_bringup/share/parc_robot_bringup/models/tomato_34/materials/textures/AG15blo1.png
[1.046s] -- Up-to-date: /home/holberton/ros2_ws/install/parc_robot_bringup/share/parc_robot_bringup/models/tomato_34/materials/textures/AG15lef2.png
[1.046s] -- Up-to-date: /home/holberton/ros2_ws/install/parc_robot_bringup/share/parc_robot_bringup/models/tomato_34/materials/textures/AG15frt3.png
[1.046s] -- Up-to-date: /home/holberton/ros2_ws/install/parc_robot_bringup/share/parc_robot_bringup/models/tomato_34/materials/textures/AG15brn1.png
[1.046s] -- Up-to-date: /home/holberton/ros2_ws/install/parc_robot_bringup/share/parc_robot_bringup/models/tomato_34/materials/textures/AG15lef1.png
[1.046s] -- Up-to-date: /home/holberton/ros2_ws/install/parc_robot_bringup/share/parc_robot_bringup/models/tomato_34/materials/textures/AG15frt4.png
[1.046s] -- Up-to-date: /home/holberton/ros2_ws/install/parc_robot_bringup/share/parc_robot_bringup/models/tomato_34/materials/textures/AG15blo2.png
[1.047s] -- Up-to-date: /home/holberton/ros2_ws/install/parc_robot_bringup/share/parc_robot_bringup/models/tomato_34/materials/textures/AG15frt2.png
[1.047s] -- Up-to-date: /home/holberton/ros2_ws/install/parc_robot_bringup/share/parc_robot_bringup/models/tomato_34/model.sdf
[1.047s] -- Up-to-date: /home/holberton/ros2_ws/install/parc_robot_bringup/share/parc_robot_bringup/models/tomato_34/markers.json
[1.047s] -- Up-to-date: /home/holberton/ros2_ws/install/parc_robot_bringup/share/parc_robot_bringup/models/tomato_34/meshes
[1.047s] -- Up-to-date: /home/holberton/ros2_ws/install/parc_robot_bringup/share/parc_robot_bringup/models/tomato_34/meshes/.gitignore
[1.047s] -- Up-to-date: /home/holberton/ros2_ws/install/parc_robot_bringup/share/parc_robot_bringup/models/tomato_34/meshes/tomato.dae
[1.048s] -- Up-to-date: /home/holberton/ros2_ws/install/parc_robot_bringup/share/parc_robot_bringup/models/small_peg
[1.048s] -- Up-to-date: /home/holberton/ros2_ws/install/parc_robot_bringup/share/parc_robot_bringup/models/small_peg/model.config
[1.048s] -- Up-to-date: /home/holberton/ros2_ws/install/parc_robot_bringup/share/parc_robot_bringup/models/small_peg/model.sdf
[1.048s] -- Up-to-date: /home/holberton/ros2_ws/install/parc_robot_bringup/share/parc_robot_bringup/models/tomato_16
[1.048s] -- Up-to-date: /home/holberton/ros2_ws/install/parc_robot_bringup/share/parc_robot_bringup/models/tomato_16/model.config
[1.049s] -- Up-to-date: /home/holberton/ros2_ws/install/parc_robot_bringup/share/parc_robot_bringup/models/tomato_16/materials
[1.049s] -- Up-to-date: /home/holberton/ros2_ws/install/parc_robot_bringup/share/parc_robot_bringup/models/tomato_16/materials/scripts
[1.049s] -- Up-to-date: /home/holberton/ros2_ws/install/parc_robot_bringup/share/parc_robot_bringup/models/tomato_16/materials/scripts/fruit3.material
[1.049s] -- Up-to-date: /home/holberton/ros2_ws/install/parc_robot_bringup/share/parc_robot_bringup/models/tomato_16/materials/scripts/fruit2.material
[1.049s] -- Up-to-date: /home/holberton/ros2_ws/install/parc_robot_bringup/share/parc_robot_bringup/models/tomato_16/materials/scripts/blossom1.material
[1.049s] -- Up-to-date: /home/holberton/ros2_ws/install/parc_robot_bringup/share/parc_robot_bringup/models/tomato_16/materials/scripts/fruit1.material
[1.050s] -- Up-to-date: /home/holberton/ros2_ws/install/parc_robot_bringup/share/parc_robot_bringup/models/tomato_16/materials/scripts/branch.material
[1.050s] -- Up-to-date: /home/holberton/ros2_ws/install/parc_robot_bringup/share/parc_robot_bringup/models/tomato_16/materials/scripts/blossom3.material
[1.050s] -- Up-to-date: /home/holberton/ros2_ws/install/parc_robot_bringup/share/parc_robot_bringup/models/tomato_16/materials/scripts/blossom2.material
[1.050s] -- Up-to-date: /home/holberton/ros2_ws/install/parc_robot_bringup/share/parc_robot_bringup/models/tomato_16/materials/scripts/leaf2.material
[1.050s] -- Up-to-date: /home/holberton/ros2_ws/install/parc_robot_bringup/share/parc_robot_bringup/models/tomato_16/materials/scripts/fruit4.material
[1.050s] -- Up-to-date: /home/holberton/ros2_ws/install/parc_robot_bringup/share/parc_robot_bringup/models/tomato_16/materials/scripts/leaf1.material
[1.050s] -- Up-to-date: /home/holberton/ros2_ws/install/parc_robot_bringup/share/parc_robot_bringup/models/tomato_16/materials/textures
[1.051s] -- Up-to-date: /home/holberton/ros2_ws/install/parc_robot_bringup/share/parc_robot_bringup/models/tomato_16/materials/textures/AG15blo3.png
[1.051s] -- Up-to-date: /home/holberton/ros2_ws/install/parc_robot_bringup/share/parc_robot_bringup/models/tomato_16/materials/textures/AG15frt1.png
[1.051s] -- Up-to-date: /home/holberton/ros2_ws/install/parc_robot_bringup/share/parc_robot_bringup/models/tomato_16/materials/textures/AG15brn1(copy).png
[1.051s] -- Up-to-date: /home/holberton/ros2_ws/install/parc_robot_bringup/share/parc_robot_bringup/models/tomato_16/materials/textures/AG15blo1.png
[1.051s] -- Up-to-date: /home/holberton/ros2_ws/install/parc_robot_bringup/share/parc_robot_bringup/models/tomato_16/materials/textures/AG15lef2.png
[1.051s] -- Up-to-date: /home/holberton/ros2_ws/install/parc_robot_bringup/share/parc_robot_bringup/models/tomato_16/materials/textures/AG15frt3.png
[1.052s] -- Up-to-date: /home/holberton/ros2_ws/install/parc_robot_bringup/share/parc_robot_bringup/models/tomato_16/materials/textures/AG15brn1.png
[1.052s] -- Up-to-date: /home/holberton/ros2_ws/install/parc_robot_bringup/share/parc_robot_bringup/models/tomato_16/materials/textures/AG15lef1.png
[1.052s] -- Up-to-date: /home/holberton/ros2_ws/install/parc_robot_bringup/share/parc_robot_bringup/models/tomato_16/materials/textures/AG15frt4.png
[1.052s] -- Up-to-date: /home/holberton/ros2_ws/install/parc_robot_bringup/share/parc_robot_bringup/models/tomato_16/materials/textures/AG15blo2.png
[1.052s] -- Up-to-date: /home/holberton/ros2_ws/install/parc_robot_bringup/share/parc_robot_bringup/models/tomato_16/materials/textures/AG15frt2.png
[1.052s] -- Up-to-date: /home/holberton/ros2_ws/install/parc_robot_bringup/share/parc_robot_bringup/models/tomato_16/model.sdf
[1.052s] -- Up-to-date: /home/holberton/ros2_ws/install/parc_robot_bringup/share/parc_robot_bringup/models/tomato_16/markers.json
[1.053s] -- Up-to-date: /home/holberton/ros2_ws/install/parc_robot_bringup/share/parc_robot_bringup/models/tomato_16/meshes
[1.053s] -- Up-to-date: /home/holberton/ros2_ws/install/parc_robot_bringup/share/parc_robot_bringup/models/tomato_16/meshes/.gitignore
[1.053s] -- Up-to-date: /home/holberton/ros2_ws/install/parc_robot_bringup/share/parc_robot_bringup/models/tomato_16/meshes/tomato.dae
[1.053s] -- Up-to-date: /home/holberton/ros2_ws/install/parc_robot_bringup/share/parc_robot_bringup/models/tomato_44
[1.053s] -- Up-to-date: /home/holberton/ros2_ws/install/parc_robot_bringup/share/parc_robot_bringup/models/tomato_44/model.config
[1.053s] -- Up-to-date: /home/holberton/ros2_ws/install/parc_robot_bringup/share/parc_robot_bringup/models/tomato_44/materials
[1.053s] -- Up-to-date: /home/holberton/ros2_ws/install/parc_robot_bringup/share/parc_robot_bringup/models/tomato_44/materials/scripts
[1.053s] -- Up-to-date: /home/holberton/ros2_ws/install/parc_robot_bringup/share/parc_robot_bringup/models/tomato_44/materials/scripts/fruit3.material
[1.053s] -- Up-to-date: /home/holberton/ros2_ws/install/parc_robot_bringup/share/parc_robot_bringup/models/tomato_44/materials/scripts/fruit2.material
[1.053s] -- Up-to-date: /home/holberton/ros2_ws/install/parc_robot_bringup/share/parc_robot_bringup/models/tomato_44/materials/scripts/blossom1.material
[1.054s] -- Up-to-date: /home/holberton/ros2_ws/install/parc_robot_bringup/share/parc_robot_bringup/models/tomato_44/materials/scripts/fruit1.material
[1.054s] -- Up-to-date: /home/holberton/ros2_ws/install/parc_robot_bringup/share/parc_robot_bringup/models/tomato_44/materials/scripts/branch.material
[1.054s] -- Up-to-date: /home/holberton/ros2_ws/install/parc_robot_bringup/share/parc_robot_bringup/models/tomato_44/materials/scripts/blossom3.material
[1.054s] -- Up-to-date: /home/holberton/ros2_ws/install/parc_robot_bringup/share/parc_robot_bringup/models/tomato_44/materials/scripts/blossom2.material
[1.054s] -- Up-to-date: /home/holberton/ros2_ws/install/parc_robot_bringup/share/parc_robot_bringup/models/tomato_44/materials/scripts/leaf2.material
[1.054s] -- Up-to-date: /home/holberton/ros2_ws/install/parc_robot_bringup/share/parc_robot_bringup/models/tomato_44/materials/scripts/fruit4.material
[1.054s] -- Up-to-date: /home/holberton/ros2_ws/install/parc_robot_bringup/share/parc_robot_bringup/models/tomato_44/materials/scripts/leaf1.material
[1.054s] -- Up-to-date: /home/holberton/ros2_ws/install/parc_robot_bringup/share/parc_robot_bringup/models/tomato_44/materials/textures
[1.054s] -- Up-to-date: /home/holberton/ros2_ws/install/parc_robot_bringup/share/parc_robot_bringup/models/tomato_44/materials/textures/AG15blo3.png
[1.054s] -- Up-to-date: /home/holberton/ros2_ws/install/parc_robot_bringup/share/parc_robot_bringup/models/tomato_44/materials/textures/AG15frt1.png
[1.055s] -- Up-to-date: /home/holberton/ros2_ws/install/parc_robot_bringup/share/parc_robot_bringup/models/tomato_44/materials/textures/AG15brn1(copy).png
[1.055s] -- Up-to-date: /home/holberton/ros2_ws/install/parc_robot_bringup/share/parc_robot_bringup/models/tomato_44/materials/textures/AG15blo1.png
[1.055s] -- Up-to-date: /home/holberton/ros2_ws/install/parc_robot_bringup/share/parc_robot_bringup/models/tomato_44/materials/textures/AG15lef2.png
[1.055s] -- Up-to-date: /home/holberton/ros2_ws/install/parc_robot_bringup/share/parc_robot_bringup/models/tomato_44/materials/textures/AG15frt3.png
[1.055s] -- Up-to-date: /home/holberton/ros2_ws/install/parc_robot_bringup/share/parc_robot_bringup/models/tomato_44/materials/textures/AG15brn1.png
[1.055s] -- Up-to-date: /home/holberton/ros2_ws/install/parc_robot_bringup/share/parc_robot_bringup/models/tomato_44/materials/textures/AG15lef1.png
[1.055s] -- Up-to-date: /home/holberton/ros2_ws/install/parc_robot_bringup/share/parc_robot_bringup/models/tomato_44/materials/textures/AG15frt4.png
[1.055s] -- Up-to-date: /home/holberton/ros2_ws/install/parc_robot_bringup/share/parc_robot_bringup/models/tomato_44/materials/textures/AG15blo2.png
[1.055s] -- Up-to-date: /home/holberton/ros2_ws/install/parc_robot_bringup/share/parc_robot_bringup/models/tomato_44/materials/textures/AG15frt2.png
[1.055s] -- Up-to-date: /home/holberton/ros2_ws/install/parc_robot_bringup/share/parc_robot_bringup/models/tomato_44/model.sdf
[1.056s] -- Up-to-date: /home/holberton/ros2_ws/install/parc_robot_bringup/share/parc_robot_bringup/models/tomato_44/markers.json
[1.056s] -- Up-to-date: /home/holberton/ros2_ws/install/parc_robot_bringup/share/parc_robot_bringup/models/tomato_44/meshes
[1.056s] -- Up-to-date: /home/holberton/ros2_ws/install/parc_robot_bringup/share/parc_robot_bringup/models/tomato_44/meshes/.gitignore
[1.056s] -- Up-to-date: /home/holberton/ros2_ws/install/parc_robot_bringup/share/parc_robot_bringup/models/tomato_44/meshes/tomato.dae
[1.056s] -- Up-to-date: /home/holberton/ros2_ws/install/parc_robot_bringup/share/parc_robot_bringup/models/mud_box
[1.056s] -- Up-to-date: /home/holberton/ros2_ws/install/parc_robot_bringup/share/parc_robot_bringup/models/mud_box/model.config
[1.056s] -- Up-to-date: /home/holberton/ros2_ws/install/parc_robot_bringup/share/parc_robot_bringup/models/mud_box/materials
[1.056s] -- Up-to-date: /home/holberton/ros2_ws/install/parc_robot_bringup/share/parc_robot_bringup/models/mud_box/materials/scripts
[1.056s] -- Up-to-date: /home/holberton/ros2_ws/install/parc_robot_bringup/share/parc_robot_bringup/models/mud_box/materials/scripts/mud.material
[1.056s] -- Up-to-date: /home/holberton/ros2_ws/install/parc_robot_bringup/share/parc_robot_bringup/models/mud_box/materials/textures
[1.056s] -- Up-to-date: /home/holberton/ros2_ws/install/parc_robot_bringup/share/parc_robot_bringup/models/mud_box/materials/textures/mud_soft_leaves.png
[1.057s] -- Up-to-date: /home/holberton/ros2_ws/install/parc_robot_bringup/share/parc_robot_bringup/models/mud_box/model-1_4.sdf
[1.057s] -- Up-to-date: /home/holberton/ros2_ws/install/parc_robot_bringup/share/parc_robot_bringup/models/mud_box/model (copy).sdf
[1.057s] -- Up-to-date: /home/holberton/ros2_ws/install/parc_robot_bringup/share/parc_robot_bringup/models/mud_box/model.sdf
[1.057s] -- Up-to-date: /home/holberton/ros2_ws/install/parc_robot_bringup/share/parc_robot_bringup/rviz
[1.057s] -- Up-to-date: /home/holberton/ros2_ws/install/parc_robot_bringup/share/parc_robot_bringup/rviz/task1.rviz
[1.057s] -- Up-to-date: /home/holberton/ros2_ws/install/parc_robot_bringup/share/parc_robot_bringup/rviz/task2.rviz
[1.057s] -- Up-to-date: /home/holberton/ros2_ws/install/parc_robot_bringup/share/parc_robot_bringup/rviz/parc_robot_bringup.rviz
[1.057s] -- Up-to-date: /home/holberton/ros2_ws/install/parc_robot_bringup/share/parc_robot_bringup/worlds
[1.057s] -- Up-to-date: /home/holberton/ros2_ws/install/parc_robot_bringup/share/parc_robot_bringup/worlds/world1.world
[1.057s] -- Up-to-date: /home/holberton/ros2_ws/install/parc_robot_bringup/share/parc_robot_bringup/worlds/parc_task1.world
[1.058s] -- Up-to-date: /home/holberton/ros2_ws/install/parc_robot_bringup/share/parc_robot_bringup/worlds/world3.world
[1.058s] -- Up-to-date: /home/holberton/ros2_ws/install/parc_robot_bringup/share/parc_robot_bringup/worlds/world2.world
[1.058s] -- Up-to-date: /home/holberton/ros2_ws/install/parc_robot_bringup/share/parc_robot_bringup/environment/pythonpath.sh
[1.058s] -- Up-to-date: /home/holberton/ros2_ws/install/parc_robot_bringup/share/parc_robot_bringup/environment/pythonpath.dsv
[1.058s] -- Up-to-date: /home/holberton/ros2_ws/install/parc_robot_bringup/local/lib/python3.10/dist-packages/parc_robot_bringup-0.0.0-py3.10.egg-info
[1.058s] -- Installing: /home/holberton/ros2_ws/install/parc_robot_bringup/local/lib/python3.10/dist-packages/parc_robot_bringup-0.0.0-py3.10.egg-info/dependency_links.txt
[1.058s] -- Installing: /home/holberton/ros2_ws/install/parc_robot_bringup/local/lib/python3.10/dist-packages/parc_robot_bringup-0.0.0-py3.10.egg-info/PKG-INFO
[1.058s] -- Installing: /home/holberton/ros2_ws/install/parc_robot_bringup/local/lib/python3.10/dist-packages/parc_robot_bringup-0.0.0-py3.10.egg-info/top_level.txt
[1.058s] -- Installing: /home/holberton/ros2_ws/install/parc_robot_bringup/local/lib/python3.10/dist-packages/parc_robot_bringup-0.0.0-py3.10.egg-info/SOURCES.txt
[1.058s] -- Up-to-date: /home/holberton/ros2_ws/install/parc_robot_bringup/local/lib/python3.10/dist-packages/parc_robot_bringup
[1.058s] -- Up-to-date: /home/holberton/ros2_ws/install/parc_robot_bringup/local/lib/python3.10/dist-packages/parc_robot_bringup/gps2cartesian.py
[1.059s] -- Up-to-date: /home/holberton/ros2_ws/install/parc_robot_bringup/local/lib/python3.10/dist-packages/parc_robot_bringup/__init__.py
[1.087s] Listing '/home/holberton/ros2_ws/install/parc_robot_bringup/local/lib/python3.10/dist-packages/parc_robot_bringup'...
[1.096s] -- Up-to-date: /home/holberton/ros2_ws/install/parc_robot_bringup/lib/parc_robot_bringup/load_task1_params.py
[1.096s] -- Up-to-date: /home/holberton/ros2_ws/install/parc_robot_bringup/lib/parc_robot_bringup/parc_robot_route.py
[1.096s] -- Up-to-date: /home/holberton/ros2_ws/install/parc_robot_bringup/lib/parc_robot_bringup/parc_robot_nav.py
[1.097s] -- Up-to-date: /home/holberton/ros2_ws/install/parc_robot_bringup/share/ament_index/resource_index/package_run_dependencies/parc_robot_bringup
[1.097s] -- Up-to-date: /home/holberton/ros2_ws/install/parc_robot_bringup/share/ament_index/resource_index/parent_prefix_path/parc_robot_bringup
[1.097s] -- Up-to-date: /home/holberton/ros2_ws/install/parc_robot_bringup/share/parc_robot_bringup/environment/ament_prefix_path.sh
[1.098s] -- Up-to-date: /home/holberton/ros2_ws/install/parc_robot_bringup/share/parc_robot_bringup/environment/ament_prefix_path.dsv
[1.098s] -- Up-to-date: /home/holberton/ros2_ws/install/parc_robot_bringup/share/parc_robot_bringup/environment/path.sh
[1.098s] -- Up-to-date: /home/holberton/ros2_ws/install/parc_robot_bringup/share/parc_robot_bringup/environment/path.dsv
[1.098s] -- Up-to-date: /home/holberton/ros2_ws/install/parc_robot_bringup/share/parc_robot_bringup/local_setup.bash
[1.098s] -- Up-to-date: /home/holberton/ros2_ws/install/parc_robot_bringup/share/parc_robot_bringup/local_setup.sh
[1.098s] -- Up-to-date: /home/holberton/ros2_ws/install/parc_robot_bringup/share/parc_robot_bringup/local_setup.zsh
[1.098s] -- Up-to-date: /home/holberton/ros2_ws/install/parc_robot_bringup/share/parc_robot_bringup/local_setup.dsv
[1.099s] -- Installing: /home/holberton/ros2_ws/install/parc_robot_bringup/share/parc_robot_bringup/package.dsv
[1.102s] -- Up-to-date: /home/holberton/ros2_ws/install/parc_robot_bringup/share/ament_index/resource_index/packages/parc_robot_bringup
[1.102s] -- Up-to-date: /home/holberton/ros2_ws/install/parc_robot_bringup/share/parc_robot_bringup/cmake/parc_robot_bringupConfig.cmake
[1.102s] -- Up-to-date: /home/holberton/ros2_ws/install/parc_robot_bringup/share/parc_robot_bringup/cmake/parc_robot_bringupConfig-version.cmake
[1.103s] -- Up-to-date: /home/holberton/ros2_ws/install/parc_robot_bringup/share/parc_robot_bringup/package.xml
[1.106s] Invoked command in '/home/holberton/ros2_ws/build/parc_robot_bringup' returned '0': CMAKE_PREFIX_PATH=/home/holberton/ros2_ws/install/parc_robot_interfaces:/home/holberton/ros2_ws/install/parc_robot_description:/home/holberton/ros2_ws/install/parc_robot_bringup:/home/holberton/ros2_ws/install/parc_robot:/home/holberton/ros2_ws/install/test_publisher:/home/holberton/ros2_ws/install/auto_nav:/opt/ros/humble /usr/bin/cmake --install /home/holberton/ros2_ws/build/parc_robot_bringup
