[0.498s] DEBUG:colcon:Command line arguments: ['/usr/bin/colcon', 'build']
[0.498s] DEBUG:colcon:Parsed command line arguments: Namespace(log_base=None, log_level=None, verb_name='build', build_base='build', install_base='install', merge_install=False, symlink_install=False, test_result_base=None, continue_on_error=False, executor='parallel', parallel_workers=8, event_handlers=None, ignore_user_meta=False, metas=['./colcon.meta'], base_paths=['.'], packages_ignore=None, packages_ignore_regex=None, paths=None, packages_up_to=None, packages_up_to_regex=None, packages_above=None, packages_above_and_dependencies=None, packages_above_depth=None, packages_select_by_dep=None, packages_skip_by_dep=None, packages_skip_up_to=None, packages_select_build_failed=False, packages_skip_build_finished=False, packages_select_test_failures=False, packages_skip_test_passed=False, packages_select=None, packages_skip=None, packages_select_regex=None, packages_skip_regex=None, packages_start=None, packages_end=None, allow_overriding=[], cmake_args=None, cmake_target=None, cmake_target_skip_unavailable=False, cmake_clean_cache=False, cmake_clean_first=False, cmake_force_configure=False, ament_cmake_args=None, catkin_cmake_args=None, catkin_skip_building_tests=False, mixin_files=None, mixin=None, verb_parser=<colcon_mixin.mixin.mixin_argument.MixinArgumentDecorator object at 0x718f74d46b30>, verb_extension=<colcon_core.verb.build.BuildVerb object at 0x718f74e4b1f0>, main=<bound method BuildVerb.main of <colcon_core.verb.build.BuildVerb object at 0x718f74e4b1f0>>, mixin_verb=('build',))
[1.040s] Level 1:colcon.colcon_core.package_discovery:discover_packages(colcon_meta) check parameters
[1.041s] Level 1:colcon.colcon_core.package_discovery:discover_packages(recursive) check parameters
[1.042s] Level 1:colcon.colcon_core.package_discovery:discover_packages(ignore) check parameters
[1.042s] Level 1:colcon.colcon_core.package_discovery:discover_packages(path) check parameters
[1.042s] Level 1:colcon.colcon_core.package_discovery:discover_packages(colcon_meta) discover
[1.043s] Level 1:colcon.colcon_core.package_discovery:discover_packages(recursive) discover
[1.043s] INFO:colcon.colcon_core.package_discovery:Crawling recursively for packages in '/home/holberton/ros2_ws'
[1.044s] Level 1:colcon.colcon_core.package_identification:_identify(.) by extensions ['ignore', 'ignore_ament_install']
[1.045s] Level 1:colcon.colcon_core.package_identification:_identify(.) by extension 'ignore'
[1.046s] Level 1:colcon.colcon_core.package_identification:_identify(.) by extension 'ignore_ament_install'
[1.046s] Level 1:colcon.colcon_core.package_identification:_identify(.) by extensions ['colcon_pkg']
[1.047s] Level 1:colcon.colcon_core.package_identification:_identify(.) by extension 'colcon_pkg'
[1.048s] Level 1:colcon.colcon_core.package_identification:_identify(.) by extensions ['colcon_meta']
[1.048s] Level 1:colcon.colcon_core.package_identification:_identify(.) by extension 'colcon_meta'
[1.049s] Level 1:colcon.colcon_core.package_identification:_identify(.) by extensions ['ros']
[1.049s] Level 1:colcon.colcon_core.package_identification:_identify(.) by extension 'ros'
[1.121s] Level 1:colcon.colcon_core.package_identification:_identify(.) by extensions ['cmake', 'python']
[1.122s] Level 1:colcon.colcon_core.package_identification:_identify(.) by extension 'cmake'
[1.122s] Level 1:colcon.colcon_core.package_identification:_identify(.) by extension 'python'
[1.123s] Level 1:colcon.colcon_core.package_identification:_identify(.) by extensions ['python_setup_py']
[1.123s] Level 1:colcon.colcon_core.package_identification:_identify(.) by extension 'python_setup_py'
[1.124s] Level 1:colcon.colcon_core.package_identification:_identify(build) by extensions ['ignore', 'ignore_ament_install']
[1.125s] Level 1:colcon.colcon_core.package_identification:_identify(build) by extension 'ignore'
[1.125s] Level 1:colcon.colcon_core.package_identification:_identify(build) ignored
[1.127s] Level 1:colcon.colcon_core.package_identification:_identify(install) by extensions ['ignore', 'ignore_ament_install']
[1.128s] Level 1:colcon.colcon_core.package_identification:_identify(install) by extension 'ignore'
[1.129s] Level 1:colcon.colcon_core.package_identification:_identify(install) ignored
[1.130s] Level 1:colcon.colcon_core.package_identification:_identify(log) by extensions ['ignore', 'ignore_ament_install']
[1.131s] Level 1:colcon.colcon_core.package_identification:_identify(log) by extension 'ignore'
[1.132s] Level 1:colcon.colcon_core.package_identification:_identify(log) ignored
[1.133s] Level 1:colcon.colcon_core.package_identification:_identify(src) by extensions ['ignore', 'ignore_ament_install']
[1.134s] Level 1:colcon.colcon_core.package_identification:_identify(src) by extension 'ignore'
[1.135s] Level 1:colcon.colcon_core.package_identification:_identify(src) by extension 'ignore_ament_install'
[1.136s] Level 1:colcon.colcon_core.package_identification:_identify(src) by extensions ['colcon_pkg']
[1.136s] Level 1:colcon.colcon_core.package_identification:_identify(src) by extension 'colcon_pkg'
[1.137s] Level 1:colcon.colcon_core.package_identification:_identify(src) by extensions ['colcon_meta']
[1.138s] Level 1:colcon.colcon_core.package_identification:_identify(src) by extension 'colcon_meta'
[1.139s] Level 1:colcon.colcon_core.package_identification:_identify(src) by extensions ['ros']
[1.139s] Level 1:colcon.colcon_core.package_identification:_identify(src) by extension 'ros'
[1.140s] Level 1:colcon.colcon_core.package_identification:_identify(src) by extensions ['cmake', 'python']
[1.141s] Level 1:colcon.colcon_core.package_identification:_identify(src) by extension 'cmake'
[1.141s] Level 1:colcon.colcon_core.package_identification:_identify(src) by extension 'python'
[1.141s] Level 1:colcon.colcon_core.package_identification:_identify(src) by extensions ['python_setup_py']
[1.141s] Level 1:colcon.colcon_core.package_identification:_identify(src) by extension 'python_setup_py'
[1.142s] Level 1:colcon.colcon_core.package_identification:_identify(src/build) by extensions ['ignore', 'ignore_ament_install']
[1.143s] Level 1:colcon.colcon_core.package_identification:_identify(src/build) by extension 'ignore'
[1.144s] Level 1:colcon.colcon_core.package_identification:_identify(src/build) ignored
[1.145s] Level 1:colcon.colcon_core.package_identification:_identify(src/install) by extensions ['ignore', 'ignore_ament_install']
[1.146s] Level 1:colcon.colcon_core.package_identification:_identify(src/install) by extension 'ignore'
[1.147s] Level 1:colcon.colcon_core.package_identification:_identify(src/install) ignored
[1.148s] Level 1:colcon.colcon_core.package_identification:_identify(src/log) by extensions ['ignore', 'ignore_ament_install']
[1.149s] Level 1:colcon.colcon_core.package_identification:_identify(src/log) by extension 'ignore'
[1.150s] Level 1:colcon.colcon_core.package_identification:_identify(src/log) ignored
[1.151s] Level 1:colcon.colcon_core.package_identification:_identify(src/parc_robot) by extensions ['ignore', 'ignore_ament_install']
[1.152s] Level 1:colcon.colcon_core.package_identification:_identify(src/parc_robot) by extension 'ignore'
[1.153s] Level 1:colcon.colcon_core.package_identification:_identify(src/parc_robot) by extension 'ignore_ament_install'
[1.154s] Level 1:colcon.colcon_core.package_identification:_identify(src/parc_robot) by extensions ['colcon_pkg']
[1.155s] Level 1:colcon.colcon_core.package_identification:_identify(src/parc_robot) by extension 'colcon_pkg'
[1.156s] Level 1:colcon.colcon_core.package_identification:_identify(src/parc_robot) by extensions ['colcon_meta']
[1.156s] Level 1:colcon.colcon_core.package_identification:_identify(src/parc_robot) by extension 'colcon_meta'
[1.156s] Level 1:colcon.colcon_core.package_identification:_identify(src/parc_robot) by extensions ['ros']
[1.156s] Level 1:colcon.colcon_core.package_identification:_identify(src/parc_robot) by extension 'ros'
[1.173s] DEBUG:colcon.colcon_core.package_identification:Package 'src/parc_robot' with type 'ros.ament_cmake' and name 'parc_robot'
[1.175s] Level 1:colcon.colcon_core.package_identification:_identify(src/parc_robot_bringup) by extensions ['ignore', 'ignore_ament_install']
[1.175s] Level 1:colcon.colcon_core.package_identification:_identify(src/parc_robot_bringup) by extension 'ignore'
[1.176s] Level 1:colcon.colcon_core.package_identification:_identify(src/parc_robot_bringup) by extension 'ignore_ament_install'
[1.177s] Level 1:colcon.colcon_core.package_identification:_identify(src/parc_robot_bringup) by extensions ['colcon_pkg']
[1.178s] Level 1:colcon.colcon_core.package_identification:_identify(src/parc_robot_bringup) by extension 'colcon_pkg'
[1.180s] Level 1:colcon.colcon_core.package_identification:_identify(src/parc_robot_bringup) by extensions ['colcon_meta']
[1.181s] Level 1:colcon.colcon_core.package_identification:_identify(src/parc_robot_bringup) by extension 'colcon_meta'
[1.182s] Level 1:colcon.colcon_core.package_identification:_identify(src/parc_robot_bringup) by extensions ['ros']
[1.184s] Level 1:colcon.colcon_core.package_identification:_identify(src/parc_robot_bringup) by extension 'ros'
[1.188s] DEBUG:colcon.colcon_core.package_identification:Package 'src/parc_robot_bringup' with type 'ros.ament_cmake' and name 'parc_robot_bringup'
[1.189s] Level 1:colcon.colcon_core.package_identification:_identify(src/parc_robot_description) by extensions ['ignore', 'ignore_ament_install']
[1.190s] Level 1:colcon.colcon_core.package_identification:_identify(src/parc_robot_description) by extension 'ignore'
[1.190s] Level 1:colcon.colcon_core.package_identification:_identify(src/parc_robot_description) by extension 'ignore_ament_install'
[1.190s] Level 1:colcon.colcon_core.package_identification:_identify(src/parc_robot_description) by extensions ['colcon_pkg']
[1.191s] Level 1:colcon.colcon_core.package_identification:_identify(src/parc_robot_description) by extension 'colcon_pkg'
[1.191s] Level 1:colcon.colcon_core.package_identification:_identify(src/parc_robot_description) by extensions ['colcon_meta']
[1.191s] Level 1:colcon.colcon_core.package_identification:_identify(src/parc_robot_description) by extension 'colcon_meta'
[1.191s] Level 1:colcon.colcon_core.package_identification:_identify(src/parc_robot_description) by extensions ['ros']
[1.191s] Level 1:colcon.colcon_core.package_identification:_identify(src/parc_robot_description) by extension 'ros'
[1.194s] DEBUG:colcon.colcon_core.package_identification:Package 'src/parc_robot_description' with type 'ros.ament_cmake' and name 'parc_robot_description'
[1.195s] Level 1:colcon.colcon_core.package_identification:_identify(src/parc_robot_interfaces) by extensions ['ignore', 'ignore_ament_install']
[1.196s] Level 1:colcon.colcon_core.package_identification:_identify(src/parc_robot_interfaces) by extension 'ignore'
[1.196s] Level 1:colcon.colcon_core.package_identification:_identify(src/parc_robot_interfaces) by extension 'ignore_ament_install'
[1.197s] Level 1:colcon.colcon_core.package_identification:_identify(src/parc_robot_interfaces) by extensions ['colcon_pkg']
[1.197s] Level 1:colcon.colcon_core.package_identification:_identify(src/parc_robot_interfaces) by extension 'colcon_pkg'
[1.197s] Level 1:colcon.colcon_core.package_identification:_identify(src/parc_robot_interfaces) by extensions ['colcon_meta']
[1.197s] Level 1:colcon.colcon_core.package_identification:_identify(src/parc_robot_interfaces) by extension 'colcon_meta'
[1.198s] Level 1:colcon.colcon_core.package_identification:_identify(src/parc_robot_interfaces) by extensions ['ros']
[1.198s] Level 1:colcon.colcon_core.package_identification:_identify(src/parc_robot_interfaces) by extension 'ros'
[1.200s] DEBUG:colcon.colcon_core.package_identification:Package 'src/parc_robot_interfaces' with type 'ros.ament_cmake' and name 'parc_robot_interfaces'
[1.202s] Level 1:colcon.colcon_core.package_identification:_identify(src/resources) by extensions ['ignore', 'ignore_ament_install']
[1.203s] Level 1:colcon.colcon_core.package_identification:_identify(src/resources) by extension 'ignore'
[1.203s] Level 1:colcon.colcon_core.package_identification:_identify(src/resources) by extension 'ignore_ament_install'
[1.204s] Level 1:colcon.colcon_core.package_identification:_identify(src/resources) by extensions ['colcon_pkg']
[1.204s] Level 1:colcon.colcon_core.package_identification:_identify(src/resources) by extension 'colcon_pkg'
[1.204s] Level 1:colcon.colcon_core.package_identification:_identify(src/resources) by extensions ['colcon_meta']
[1.204s] Level 1:colcon.colcon_core.package_identification:_identify(src/resources) by extension 'colcon_meta'
[1.204s] Level 1:colcon.colcon_core.package_identification:_identify(src/resources) by extensions ['ros']
[1.204s] Level 1:colcon.colcon_core.package_identification:_identify(src/resources) by extension 'ros'
[1.204s] Level 1:colcon.colcon_core.package_identification:_identify(src/resources) by extensions ['cmake', 'python']
[1.205s] Level 1:colcon.colcon_core.package_identification:_identify(src/resources) by extension 'cmake'
[1.205s] Level 1:colcon.colcon_core.package_identification:_identify(src/resources) by extension 'python'
[1.205s] Level 1:colcon.colcon_core.package_identification:_identify(src/resources) by extensions ['python_setup_py']
[1.205s] Level 1:colcon.colcon_core.package_identification:_identify(src/resources) by extension 'python_setup_py'
[1.206s] Level 1:colcon.colcon_core.package_identification:_identify(src/test_publisher) by extensions ['ignore', 'ignore_ament_install']
[1.206s] Level 1:colcon.colcon_core.package_identification:_identify(src/test_publisher) by extension 'ignore'
[1.207s] Level 1:colcon.colcon_core.package_identification:_identify(src/test_publisher) by extension 'ignore_ament_install'
[1.208s] Level 1:colcon.colcon_core.package_identification:_identify(src/test_publisher) by extensions ['colcon_pkg']
[1.209s] Level 1:colcon.colcon_core.package_identification:_identify(src/test_publisher) by extension 'colcon_pkg'
[1.209s] Level 1:colcon.colcon_core.package_identification:_identify(src/test_publisher) by extensions ['colcon_meta']
[1.210s] Level 1:colcon.colcon_core.package_identification:_identify(src/test_publisher) by extension 'colcon_meta'
[1.210s] Level 1:colcon.colcon_core.package_identification:_identify(src/test_publisher) by extensions ['ros']
[1.210s] Level 1:colcon.colcon_core.package_identification:_identify(src/test_publisher) by extension 'ros'
[1.214s] DEBUG:colcon.colcon_core.package_identification:Package 'src/test_publisher' with type 'ros.ament_python' and name 'test_publisher'
[1.215s] Level 1:colcon.colcon_core.package_discovery:discover_packages(recursive) using defaults
[1.216s] Level 1:colcon.colcon_core.package_discovery:discover_packages(ignore) discover
[1.216s] Level 1:colcon.colcon_core.package_discovery:discover_packages(ignore) using defaults
[1.216s] Level 1:colcon.colcon_core.package_discovery:discover_packages(path) discover
[1.216s] Level 1:colcon.colcon_core.package_discovery:discover_packages(path) using defaults
[1.365s] Level 1:colcon.colcon_core.package_discovery:discover_packages(prefix_path) check parameters
[1.365s] Level 1:colcon.colcon_core.package_discovery:discover_packages(prefix_path) discover
[1.375s] DEBUG:colcon.colcon_installed_package_information.package_discovery:Found 6 installed packages in /home/holberton/ros2_ws/install
[1.377s] DEBUG:colcon.colcon_installed_package_information.package_discovery:Found 244 installed packages in /opt/ros/humble
[1.378s] Level 1:colcon.colcon_core.package_discovery:discover_packages(prefix_path) using defaults
[1.464s] Level 5:colcon.colcon_core.verb:set package 'parc_robot' build argument 'cmake_args' from command line to 'None'
[1.465s] Level 5:colcon.colcon_core.verb:set package 'parc_robot' build argument 'cmake_target' from command line to 'None'
[1.465s] Level 5:colcon.colcon_core.verb:set package 'parc_robot' build argument 'cmake_target_skip_unavailable' from command line to 'False'
[1.465s] Level 5:colcon.colcon_core.verb:set package 'parc_robot' build argument 'cmake_clean_cache' from command line to 'False'
[1.465s] Level 5:colcon.colcon_core.verb:set package 'parc_robot' build argument 'cmake_clean_first' from command line to 'False'
[1.465s] Level 5:colcon.colcon_core.verb:set package 'parc_robot' build argument 'cmake_force_configure' from command line to 'False'
[1.465s] Level 5:colcon.colcon_core.verb:set package 'parc_robot' build argument 'ament_cmake_args' from command line to 'None'
[1.465s] Level 5:colcon.colcon_core.verb:set package 'parc_robot' build argument 'catkin_cmake_args' from command line to 'None'
[1.465s] Level 5:colcon.colcon_core.verb:set package 'parc_robot' build argument 'catkin_skip_building_tests' from command line to 'False'
[1.465s] DEBUG:colcon.colcon_core.verb:Building package 'parc_robot' with the following arguments: {'ament_cmake_args': None, 'build_base': '/home/holberton/ros2_ws/build/parc_robot', 'catkin_cmake_args': None, 'catkin_skip_building_tests': False, 'cmake_args': None, 'cmake_clean_cache': False, 'cmake_clean_first': False, 'cmake_force_configure': False, 'cmake_target': None, 'cmake_target_skip_unavailable': False, 'install_base': '/home/holberton/ros2_ws/install/parc_robot', 'merge_install': False, 'path': '/home/holberton/ros2_ws/src/parc_robot', 'symlink_install': False, 'test_result_base': None}
[1.467s] Level 5:colcon.colcon_core.verb:set package 'parc_robot_description' build argument 'cmake_args' from command line to 'None'
[1.467s] Level 5:colcon.colcon_core.verb:set package 'parc_robot_description' build argument 'cmake_target' from command line to 'None'
[1.467s] Level 5:colcon.colcon_core.verb:set package 'parc_robot_description' build argument 'cmake_target_skip_unavailable' from command line to 'False'
[1.467s] Level 5:colcon.colcon_core.verb:set package 'parc_robot_description' build argument 'cmake_clean_cache' from command line to 'False'
[1.467s] Level 5:colcon.colcon_core.verb:set package 'parc_robot_description' build argument 'cmake_clean_first' from command line to 'False'
[1.467s] Level 5:colcon.colcon_core.verb:set package 'parc_robot_description' build argument 'cmake_force_configure' from command line to 'False'
[1.467s] Level 5:colcon.colcon_core.verb:set package 'parc_robot_description' build argument 'ament_cmake_args' from command line to 'None'
[1.467s] Level 5:colcon.colcon_core.verb:set package 'parc_robot_description' build argument 'catkin_cmake_args' from command line to 'None'
[1.467s] Level 5:colcon.colcon_core.verb:set package 'parc_robot_description' build argument 'catkin_skip_building_tests' from command line to 'False'
[1.468s] DEBUG:colcon.colcon_core.verb:Building package 'parc_robot_description' with the following arguments: {'ament_cmake_args': None, 'build_base': '/home/holberton/ros2_ws/build/parc_robot_description', 'catkin_cmake_args': None, 'catkin_skip_building_tests': False, 'cmake_args': None, 'cmake_clean_cache': False, 'cmake_clean_first': False, 'cmake_force_configure': False, 'cmake_target': None, 'cmake_target_skip_unavailable': False, 'install_base': '/home/holberton/ros2_ws/install/parc_robot_description', 'merge_install': False, 'path': '/home/holberton/ros2_ws/src/parc_robot_description', 'symlink_install': False, 'test_result_base': None}
[1.469s] Level 5:colcon.colcon_core.verb:set package 'parc_robot_interfaces' build argument 'cmake_args' from command line to 'None'
[1.469s] Level 5:colcon.colcon_core.verb:set package 'parc_robot_interfaces' build argument 'cmake_target' from command line to 'None'
[1.469s] Level 5:colcon.colcon_core.verb:set package 'parc_robot_interfaces' build argument 'cmake_target_skip_unavailable' from command line to 'False'
[1.469s] Level 5:colcon.colcon_core.verb:set package 'parc_robot_interfaces' build argument 'cmake_clean_cache' from command line to 'False'
[1.469s] Level 5:colcon.colcon_core.verb:set package 'parc_robot_interfaces' build argument 'cmake_clean_first' from command line to 'False'
[1.469s] Level 5:colcon.colcon_core.verb:set package 'parc_robot_interfaces' build argument 'cmake_force_configure' from command line to 'False'
[1.470s] Level 5:colcon.colcon_core.verb:set package 'parc_robot_interfaces' build argument 'ament_cmake_args' from command line to 'None'
[1.470s] Level 5:colcon.colcon_core.verb:set package 'parc_robot_interfaces' build argument 'catkin_cmake_args' from command line to 'None'
[1.470s] Level 5:colcon.colcon_core.verb:set package 'parc_robot_interfaces' build argument 'catkin_skip_building_tests' from command line to 'False'
[1.470s] DEBUG:colcon.colcon_core.verb:Building package 'parc_robot_interfaces' with the following arguments: {'ament_cmake_args': None, 'build_base': '/home/holberton/ros2_ws/build/parc_robot_interfaces', 'catkin_cmake_args': None, 'catkin_skip_building_tests': False, 'cmake_args': None, 'cmake_clean_cache': False, 'cmake_clean_first': False, 'cmake_force_configure': False, 'cmake_target': None, 'cmake_target_skip_unavailable': False, 'install_base': '/home/holberton/ros2_ws/install/parc_robot_interfaces', 'merge_install': False, 'path': '/home/holberton/ros2_ws/src/parc_robot_interfaces', 'symlink_install': False, 'test_result_base': None}
[1.471s] Level 5:colcon.colcon_core.verb:set package 'test_publisher' build argument 'cmake_args' from command line to 'None'
[1.471s] Level 5:colcon.colcon_core.verb:set package 'test_publisher' build argument 'cmake_target' from command line to 'None'
[1.471s] Level 5:colcon.colcon_core.verb:set package 'test_publisher' build argument 'cmake_target_skip_unavailable' from command line to 'False'
[1.471s] Level 5:colcon.colcon_core.verb:set package 'test_publisher' build argument 'cmake_clean_cache' from command line to 'False'
[1.471s] Level 5:colcon.colcon_core.verb:set package 'test_publisher' build argument 'cmake_clean_first' from command line to 'False'
[1.471s] Level 5:colcon.colcon_core.verb:set package 'test_publisher' build argument 'cmake_force_configure' from command line to 'False'
[1.472s] Level 5:colcon.colcon_core.verb:set package 'test_publisher' build argument 'ament_cmake_args' from command line to 'None'
[1.472s] Level 5:colcon.colcon_core.verb:set package 'test_publisher' build argument 'catkin_cmake_args' from command line to 'None'
[1.472s] Level 5:colcon.colcon_core.verb:set package 'test_publisher' build argument 'catkin_skip_building_tests' from command line to 'False'
[1.472s] DEBUG:colcon.colcon_core.verb:Building package 'test_publisher' with the following arguments: {'ament_cmake_args': None, 'build_base': '/home/holberton/ros2_ws/build/test_publisher', 'catkin_cmake_args': None, 'catkin_skip_building_tests': False, 'cmake_args': None, 'cmake_clean_cache': False, 'cmake_clean_first': False, 'cmake_force_configure': False, 'cmake_target': None, 'cmake_target_skip_unavailable': False, 'install_base': '/home/holberton/ros2_ws/install/test_publisher', 'merge_install': False, 'path': '/home/holberton/ros2_ws/src/test_publisher', 'symlink_install': False, 'test_result_base': None}
[1.473s] Level 5:colcon.colcon_core.verb:set package 'parc_robot_bringup' build argument 'cmake_args' from command line to 'None'
[1.474s] Level 5:colcon.colcon_core.verb:set package 'parc_robot_bringup' build argument 'cmake_target' from command line to 'None'
[1.474s] Level 5:colcon.colcon_core.verb:set package 'parc_robot_bringup' build argument 'cmake_target_skip_unavailable' from command line to 'False'
[1.474s] Level 5:colcon.colcon_core.verb:set package 'parc_robot_bringup' build argument 'cmake_clean_cache' from command line to 'False'
[1.474s] Level 5:colcon.colcon_core.verb:set package 'parc_robot_bringup' build argument 'cmake_clean_first' from command line to 'False'
[1.474s] Level 5:colcon.colcon_core.verb:set package 'parc_robot_bringup' build argument 'cmake_force_configure' from command line to 'False'
[1.474s] Level 5:colcon.colcon_core.verb:set package 'parc_robot_bringup' build argument 'ament_cmake_args' from command line to 'None'
[1.474s] Level 5:colcon.colcon_core.verb:set package 'parc_robot_bringup' build argument 'catkin_cmake_args' from command line to 'None'
[1.474s] Level 5:colcon.colcon_core.verb:set package 'parc_robot_bringup' build argument 'catkin_skip_building_tests' from command line to 'False'
[1.474s] DEBUG:colcon.colcon_core.verb:Building package 'parc_robot_bringup' with the following arguments: {'ament_cmake_args': None, 'build_base': '/home/holberton/ros2_ws/build/parc_robot_bringup', 'catkin_cmake_args': None, 'catkin_skip_building_tests': False, 'cmake_args': None, 'cmake_clean_cache': False, 'cmake_clean_first': False, 'cmake_force_configure': False, 'cmake_target': None, 'cmake_target_skip_unavailable': False, 'install_base': '/home/holberton/ros2_ws/install/parc_robot_bringup', 'merge_install': False, 'path': '/home/holberton/ros2_ws/src/parc_robot_bringup', 'symlink_install': False, 'test_result_base': None}
[1.475s] INFO:colcon.colcon_core.executor:Executing jobs using 'parallel' executor
[1.479s] DEBUG:colcon.colcon_parallel_executor.executor.parallel:run_until_complete
[1.481s] INFO:colcon.colcon_ros.task.ament_cmake.build:Building ROS package in '/home/holberton/ros2_ws/src/parc_robot_description' with build type 'ament_cmake'
[1.483s] INFO:colcon.colcon_cmake.task.cmake.build:Building CMake package in '/home/holberton/ros2_ws/src/parc_robot_description'
[1.492s] INFO:colcon.colcon_core.plugin_system:Skipping extension 'colcon_core.shell.bat': Not used on non-Windows systems
[1.492s] INFO:colcon.colcon_core.shell:Skip shell extension 'powershell' for command environment: Not usable outside of PowerShell
[1.492s] DEBUG:colcon.colcon_core.shell:Skip shell extension 'dsv' for command environment
[1.502s] INFO:colcon.colcon_ros.task.ament_cmake.build:Building ROS package in '/home/holberton/ros2_ws/src/parc_robot_interfaces' with build type 'ament_cmake'
[1.503s] INFO:colcon.colcon_cmake.task.cmake.build:Building CMake package in '/home/holberton/ros2_ws/src/parc_robot_interfaces'
[1.505s] INFO:colcon.colcon_core.shell:Skip shell extension 'powershell' for command environment: Not usable outside of PowerShell
[1.505s] DEBUG:colcon.colcon_core.shell:Skip shell extension 'dsv' for command environment
[1.522s] INFO:colcon.colcon_ros.task.ament_cmake.build:Building ROS package in '/home/holberton/ros2_ws/src/parc_robot' with build type 'ament_cmake'
[1.524s] INFO:colcon.colcon_cmake.task.cmake.build:Building CMake package in '/home/holberton/ros2_ws/src/parc_robot'
[1.526s] INFO:colcon.colcon_core.shell:Skip shell extension 'powershell' for command environment: Not usable outside of PowerShell
[1.527s] DEBUG:colcon.colcon_core.shell:Skip shell extension 'dsv' for command environment
[1.536s] INFO:colcon.colcon_ros.task.ament_python.build:Building ROS package in '/home/holberton/ros2_ws/src/test_publisher' with build type 'ament_python'
[1.537s] Level 1:colcon.colcon_core.shell:create_environment_hook('test_publisher', 'ament_prefix_path')
[1.541s] INFO:colcon.colcon_core.shell:Creating environment hook '/home/holberton/ros2_ws/install/test_publisher/share/test_publisher/hook/ament_prefix_path.ps1'
[1.545s] INFO:colcon.colcon_core.shell:Creating environment descriptor '/home/holberton/ros2_ws/install/test_publisher/share/test_publisher/hook/ament_prefix_path.dsv'
[1.547s] INFO:colcon.colcon_core.shell:Creating environment hook '/home/holberton/ros2_ws/install/test_publisher/share/test_publisher/hook/ament_prefix_path.sh'
[1.550s] INFO:colcon.colcon_core.shell:Skip shell extension 'powershell' for command environment: Not usable outside of PowerShell
[1.550s] DEBUG:colcon.colcon_core.shell:Skip shell extension 'dsv' for command environment
[1.575s] DEBUG:colcon.colcon_core.event_handler.log_command:Invoking command in '/home/holberton/ros2_ws/build/parc_robot_description': CMAKE_PREFIX_PATH=${CMAKE_PREFIX_PATH}:/home/holberton/ros2_ws/install/test_publisher:/home/holberton/ros2_ws/install/auto_nav:/opt/ros/humble /usr/bin/cmake --build /home/holberton/ros2_ws/build/parc_robot_description -- -j8 -l8
[1.594s] DEBUG:colcon.colcon_core.event_handler.log_command:Invoking command in '/home/holberton/ros2_ws/build/parc_robot_interfaces': CMAKE_PREFIX_PATH=${CMAKE_PREFIX_PATH}:/home/holberton/ros2_ws/install/test_publisher:/home/holberton/ros2_ws/install/auto_nav:/opt/ros/humble /usr/bin/cmake --build /home/holberton/ros2_ws/build/parc_robot_interfaces -- -j8 -l8
[1.614s] DEBUG:colcon.colcon_core.event_handler.log_command:Invoking command in '/home/holberton/ros2_ws/build/parc_robot': CMAKE_PREFIX_PATH=${CMAKE_PREFIX_PATH}:/home/holberton/ros2_ws/install/test_publisher:/home/holberton/ros2_ws/install/auto_nav:/opt/ros/humble /usr/bin/cmake --build /home/holberton/ros2_ws/build/parc_robot -- -j8 -l8
[2.820s] INFO:colcon.colcon_core.task.python.build:Building Python package in '/home/holberton/ros2_ws/src/test_publisher'
[2.822s] INFO:colcon.colcon_core.shell:Skip shell extension 'powershell' for command environment: Not usable outside of PowerShell
[2.822s] DEBUG:colcon.colcon_core.shell:Skip shell extension 'dsv' for command environment
[2.843s] DEBUG:colcon.colcon_core.event_handler.log_command:Invoked command in '/home/holberton/ros2_ws/build/parc_robot_description' returned '0': CMAKE_PREFIX_PATH=${CMAKE_PREFIX_PATH}:/home/holberton/ros2_ws/install/test_publisher:/home/holberton/ros2_ws/install/auto_nav:/opt/ros/humble /usr/bin/cmake --build /home/holberton/ros2_ws/build/parc_robot_description -- -j8 -l8
[2.845s] DEBUG:colcon.colcon_core.event_handler.log_command:Invoked command in '/home/holberton/ros2_ws/build/parc_robot' returned '0': CMAKE_PREFIX_PATH=${CMAKE_PREFIX_PATH}:/home/holberton/ros2_ws/install/test_publisher:/home/holberton/ros2_ws/install/auto_nav:/opt/ros/humble /usr/bin/cmake --build /home/holberton/ros2_ws/build/parc_robot -- -j8 -l8
[2.850s] DEBUG:colcon.colcon_core.event_handler.log_command:Invoked command in '/home/holberton/ros2_ws/build/parc_robot_interfaces' returned '2': CMAKE_PREFIX_PATH=${CMAKE_PREFIX_PATH}:/home/holberton/ros2_ws/install/test_publisher:/home/holberton/ros2_ws/install/auto_nav:/opt/ros/humble /usr/bin/cmake --build /home/holberton/ros2_ws/build/parc_robot_interfaces -- -j8 -l8
[3.003s] DEBUG:colcon.colcon_core.event_handler.log_command:Invoking command in '/home/holberton/ros2_ws/build/parc_robot': CMAKE_PREFIX_PATH=${CMAKE_PREFIX_PATH}:/home/holberton/ros2_ws/install/test_publisher:/home/holberton/ros2_ws/install/auto_nav:/opt/ros/humble /usr/bin/cmake --install /home/holberton/ros2_ws/build/parc_robot
[3.019s] DEBUG:colcon.colcon_core.event_handler.log_command:Invoking command in '/home/holberton/ros2_ws/build/parc_robot_description': CMAKE_PREFIX_PATH=${CMAKE_PREFIX_PATH}:/home/holberton/ros2_ws/install/test_publisher:/home/holberton/ros2_ws/install/auto_nav:/opt/ros/humble /usr/bin/cmake --install /home/holberton/ros2_ws/build/parc_robot_description
[3.148s] Level 1:colcon.colcon_core.environment:create_environment_scripts_only(parc_robot)
[3.188s] Level 1:colcon.colcon_core.environment:checking '/home/holberton/ros2_ws/install/parc_robot' for CMake module files
[3.208s] Level 1:colcon.colcon_core.environment:checking '/home/holberton/ros2_ws/install/parc_robot' for CMake config files
[3.214s] Level 1:colcon.colcon_core.shell:create_environment_hook('parc_robot', 'cmake_prefix_path')
[3.217s] INFO:colcon.colcon_core.shell:Creating environment hook '/home/holberton/ros2_ws/install/parc_robot/share/parc_robot/hook/cmake_prefix_path.ps1'
[3.226s] INFO:colcon.colcon_core.shell:Creating environment descriptor '/home/holberton/ros2_ws/install/parc_robot/share/parc_robot/hook/cmake_prefix_path.dsv'
[3.234s] INFO:colcon.colcon_core.shell:Creating environment hook '/home/holberton/ros2_ws/install/parc_robot/share/parc_robot/hook/cmake_prefix_path.sh'
[3.244s] Level 1:colcon.colcon_core.environment:checking '/home/holberton/ros2_ws/install/parc_robot/bin'
[3.245s] Level 1:colcon.colcon_core.environment:checking '/home/holberton/ros2_ws/install/parc_robot/lib/pkgconfig/parc_robot.pc'
[3.247s] Level 1:colcon.colcon_core.environment:checking '/home/holberton/ros2_ws/install/parc_robot/lib/python3.10/site-packages'
[3.249s] Level 1:colcon.colcon_core.environment:checking '/home/holberton/ros2_ws/install/parc_robot/bin'
[3.253s] INFO:colcon.colcon_core.shell:Creating package script '/home/holberton/ros2_ws/install/parc_robot/share/parc_robot/package.ps1'
[3.261s] INFO:colcon.colcon_core.shell:Creating package descriptor '/home/holberton/ros2_ws/install/parc_robot/share/parc_robot/package.dsv'
[3.269s] INFO:colcon.colcon_core.shell:Creating package script '/home/holberton/ros2_ws/install/parc_robot/share/parc_robot/package.sh'
[3.276s] INFO:colcon.colcon_core.shell:Creating package script '/home/holberton/ros2_ws/install/parc_robot/share/parc_robot/package.bash'
[3.283s] INFO:colcon.colcon_core.shell:Creating package script '/home/holberton/ros2_ws/install/parc_robot/share/parc_robot/package.zsh'
[3.291s] Level 1:colcon.colcon_core.environment:create_file_with_runtime_dependencies(/home/holberton/ros2_ws/install/parc_robot/share/colcon-core/packages/parc_robot)
[3.294s] DEBUG:colcon.colcon_core.event_handler.log_command:Invoked command in '/home/holberton/ros2_ws/build/parc_robot' returned '0': CMAKE_PREFIX_PATH=${CMAKE_PREFIX_PATH}:/home/holberton/ros2_ws/install/test_publisher:/home/holberton/ros2_ws/install/auto_nav:/opt/ros/humble /usr/bin/cmake --install /home/holberton/ros2_ws/build/parc_robot
[3.311s] Level 1:colcon.colcon_core.environment:create_environment_scripts_only(parc_robot_interfaces)
[3.314s] Level 1:colcon.colcon_core.environment:checking '/home/holberton/ros2_ws/install/parc_robot_interfaces' for CMake module files
[3.317s] Level 1:colcon.colcon_core.environment:checking '/home/holberton/ros2_ws/install/parc_robot_interfaces' for CMake config files
[3.318s] Level 1:colcon.colcon_core.shell:create_environment_hook('parc_robot_interfaces', 'cmake_prefix_path')
[3.320s] INFO:colcon.colcon_core.shell:Creating environment hook '/home/holberton/ros2_ws/install/parc_robot_interfaces/share/parc_robot_interfaces/hook/cmake_prefix_path.ps1'
[3.322s] INFO:colcon.colcon_core.shell:Creating environment descriptor '/home/holberton/ros2_ws/install/parc_robot_interfaces/share/parc_robot_interfaces/hook/cmake_prefix_path.dsv'
[3.325s] INFO:colcon.colcon_core.shell:Creating environment hook '/home/holberton/ros2_ws/install/parc_robot_interfaces/share/parc_robot_interfaces/hook/cmake_prefix_path.sh'
[3.329s] Level 1:colcon.colcon_core.environment:checking '/home/holberton/ros2_ws/install/parc_robot_interfaces/lib'
[3.331s] Level 1:colcon.colcon_core.shell:create_environment_hook('parc_robot_interfaces', 'ld_library_path_lib')
[3.333s] INFO:colcon.colcon_core.shell:Creating environment hook '/home/holberton/ros2_ws/install/parc_robot_interfaces/share/parc_robot_interfaces/hook/ld_library_path_lib.ps1'
[3.338s] INFO:colcon.colcon_core.shell:Creating environment descriptor '/home/holberton/ros2_ws/install/parc_robot_interfaces/share/parc_robot_interfaces/hook/ld_library_path_lib.dsv'
[3.340s] INFO:colcon.colcon_core.shell:Creating environment hook '/home/holberton/ros2_ws/install/parc_robot_interfaces/share/parc_robot_interfaces/hook/ld_library_path_lib.sh'
[3.342s] Level 1:colcon.colcon_core.environment:checking '/home/holberton/ros2_ws/install/parc_robot_interfaces/bin'
[3.342s] Level 1:colcon.colcon_core.environment:checking '/home/holberton/ros2_ws/install/parc_robot_interfaces/lib/pkgconfig/parc_robot_interfaces.pc'
[3.343s] Level 1:colcon.colcon_core.environment:checking '/home/holberton/ros2_ws/install/parc_robot_interfaces/lib/python3.10/site-packages'
[3.344s] Level 1:colcon.colcon_core.environment:checking '/home/holberton/ros2_ws/install/parc_robot_interfaces/bin'
[3.346s] INFO:colcon.colcon_core.shell:Creating package script '/home/holberton/ros2_ws/install/parc_robot_interfaces/share/parc_robot_interfaces/package.ps1'
[3.349s] INFO:colcon.colcon_core.shell:Creating package descriptor '/home/holberton/ros2_ws/install/parc_robot_interfaces/share/parc_robot_interfaces/package.dsv'
[3.351s] INFO:colcon.colcon_core.shell:Creating package script '/home/holberton/ros2_ws/install/parc_robot_interfaces/share/parc_robot_interfaces/package.sh'
[3.354s] INFO:colcon.colcon_core.shell:Creating package script '/home/holberton/ros2_ws/install/parc_robot_interfaces/share/parc_robot_interfaces/package.bash'
[3.356s] INFO:colcon.colcon_core.shell:Creating package script '/home/holberton/ros2_ws/install/parc_robot_interfaces/share/parc_robot_interfaces/package.zsh'
[3.358s] Level 1:colcon.colcon_core.environment:create_file_with_runtime_dependencies(/home/holberton/ros2_ws/install/parc_robot_interfaces/share/colcon-core/packages/parc_robot_interfaces)
[3.360s] Level 1:colcon.colcon_core.environment:create_environment_scripts_only(parc_robot_description)
[3.361s] Level 1:colcon.colcon_core.environment:checking '/home/holberton/ros2_ws/install/parc_robot_description' for CMake module files
[3.365s] DEBUG:colcon.colcon_core.event_handler.log_command:Invoked command in '/home/holberton/ros2_ws/build/parc_robot_description' returned '0': CMAKE_PREFIX_PATH=${CMAKE_PREFIX_PATH}:/home/holberton/ros2_ws/install/test_publisher:/home/holberton/ros2_ws/install/auto_nav:/opt/ros/humble /usr/bin/cmake --install /home/holberton/ros2_ws/build/parc_robot_description
[3.367s] Level 1:colcon.colcon_core.environment:checking '/home/holberton/ros2_ws/install/parc_robot_description' for CMake config files
[3.368s] Level 1:colcon.colcon_core.shell:create_environment_hook('parc_robot_description', 'cmake_prefix_path')
[3.369s] INFO:colcon.colcon_core.shell:Creating environment hook '/home/holberton/ros2_ws/install/parc_robot_description/share/parc_robot_description/hook/cmake_prefix_path.ps1'
[3.372s] INFO:colcon.colcon_core.shell:Creating environment descriptor '/home/holberton/ros2_ws/install/parc_robot_description/share/parc_robot_description/hook/cmake_prefix_path.dsv'
[3.374s] INFO:colcon.colcon_core.shell:Creating environment hook '/home/holberton/ros2_ws/install/parc_robot_description/share/parc_robot_description/hook/cmake_prefix_path.sh'
[3.378s] Level 1:colcon.colcon_core.environment:checking '/home/holberton/ros2_ws/install/parc_robot_description/bin'
[3.378s] Level 1:colcon.colcon_core.environment:checking '/home/holberton/ros2_ws/install/parc_robot_description/lib/pkgconfig/parc_robot_description.pc'
[3.379s] Level 1:colcon.colcon_core.environment:checking '/home/holberton/ros2_ws/install/parc_robot_description/lib/python3.10/site-packages'
[3.379s] Level 1:colcon.colcon_core.environment:checking '/home/holberton/ros2_ws/install/parc_robot_description/bin'
[3.381s] INFO:colcon.colcon_core.shell:Creating package script '/home/holberton/ros2_ws/install/parc_robot_description/share/parc_robot_description/package.ps1'
[3.383s] INFO:colcon.colcon_core.shell:Creating package descriptor '/home/holberton/ros2_ws/install/parc_robot_description/share/parc_robot_description/package.dsv'
[3.386s] INFO:colcon.colcon_core.shell:Creating package script '/home/holberton/ros2_ws/install/parc_robot_description/share/parc_robot_description/package.sh'
[3.389s] INFO:colcon.colcon_core.shell:Creating package script '/home/holberton/ros2_ws/install/parc_robot_description/share/parc_robot_description/package.bash'
[3.393s] INFO:colcon.colcon_core.shell:Creating package script '/home/holberton/ros2_ws/install/parc_robot_description/share/parc_robot_description/package.zsh'
[3.395s] Level 1:colcon.colcon_core.environment:create_file_with_runtime_dependencies(/home/holberton/ros2_ws/install/parc_robot_description/share/colcon-core/packages/parc_robot_description)
[4.645s] DEBUG:colcon.colcon_parallel_executor.executor.parallel:closing loop
[4.649s] DEBUG:colcon.colcon_parallel_executor.executor.parallel:loop closed
[4.650s] DEBUG:colcon.colcon_parallel_executor.executor.parallel:run_until_complete finished with '2'
[4.651s] DEBUG:colcon.colcon_core.event_reactor:joining thread
[4.684s] INFO:colcon.colcon_core.plugin_system:Skipping extension 'colcon_notification.desktop_notification.terminal_notifier': Not used on non-Darwin systems
[4.685s] INFO:colcon.colcon_core.plugin_system:Skipping extension 'colcon_notification.desktop_notification.win32': Not used on non-Windows systems
[4.686s] INFO:colcon.colcon_notification.desktop_notification:Sending desktop notification using 'notify2'
[4.726s] DEBUG:colcon.colcon_core.event_reactor:joined thread
[4.728s] INFO:colcon.colcon_core.shell:Creating prefix script '/home/holberton/ros2_ws/install/local_setup.ps1'
[4.732s] INFO:colcon.colcon_core.shell:Creating prefix util module '/home/holberton/ros2_ws/install/_local_setup_util_ps1.py'
[4.736s] INFO:colcon.colcon_core.shell:Creating prefix chain script '/home/holberton/ros2_ws/install/setup.ps1'
[4.741s] INFO:colcon.colcon_core.shell:Creating prefix script '/home/holberton/ros2_ws/install/local_setup.sh'
[4.744s] INFO:colcon.colcon_core.shell:Creating prefix util module '/home/holberton/ros2_ws/install/_local_setup_util_sh.py'
[4.747s] INFO:colcon.colcon_core.shell:Creating prefix chain script '/home/holberton/ros2_ws/install/setup.sh'
[4.753s] INFO:colcon.colcon_core.shell:Creating prefix script '/home/holberton/ros2_ws/install/local_setup.bash'
[4.756s] INFO:colcon.colcon_core.shell:Creating prefix chain script '/home/holberton/ros2_ws/install/setup.bash'
[4.761s] INFO:colcon.colcon_core.shell:Creating prefix script '/home/holberton/ros2_ws/install/local_setup.zsh'
[4.764s] INFO:colcon.colcon_core.shell:Creating prefix chain script '/home/holberton/ros2_ws/install/setup.zsh'
