[0.136s] Invoking command in '/home/holberton/ros2_ws/build/parc_robot_interfaces': CMAKE_PREFIX_PATH=${CMAKE_PREFIX_PATH}:/home/holberton/ros2_ws/install/test_publisher:/home/holberton/ros2_ws/install/auto_nav:/opt/ros/humble /usr/bin/cmake --build /home/holberton/ros2_ws/build/parc_robot_interfaces -- -j8 -l8
[1.663s] [  3%] Built target parc_robot_interfaces__cpp
[1.663s] [ 12%] Built target parc_robot_interfaces__rosidl_generator_c
[1.665s] [ 12%] Built target ament_cmake_python_symlink_parc_robot_interfaces
[1.666s] [ 22%] Built target parc_robot_interfaces__rosidl_typesupport_c
[1.666s] [ 32%] Built target parc_robot_interfaces__rosidl_typesupport_introspection_c
[1.669s] [ 51%] Built target parc_robot_interfaces__rosidl_typesupport_cpp
[1.670s] [ 51%] Built target parc_robot_interfaces__rosidl_typesupport_introspection_cpp
[1.671s] [ 61%] Built target parc_robot_interfaces__rosidl_typesupport_fastrtps_cpp
[1.671s] [ 70%] Built target parc_robot_interfaces__rosidl_typesupport_fastrtps_c
[1.672s] [ 70%] Built target parc_robot_interfaces
[1.672s] [ 74%] Built target parc_robot_interfaces__py
[1.673s] [ 80%] Built target parc_robot_interfaces__rosidl_generator_py
[1.673s] [ 87%] Built target parc_robot_interfaces__rosidl_typesupport_fastrtps_c__pyext
[1.673s] [ 93%] Built target parc_robot_interfaces__rosidl_typesupport_introspection_c__pyext
[1.673s] [100%] Built target parc_robot_interfaces__rosidl_typesupport_c__pyext
[1.674s] running egg_info
[1.674s] writing parc_robot_interfaces.egg-info/PKG-INFO
[1.674s] writing dependency_links to parc_robot_interfaces.egg-info/dependency_links.txt
[1.674s] writing top-level names to parc_robot_interfaces.egg-info/top_level.txt
[1.674s] reading manifest file 'parc_robot_interfaces.egg-info/SOURCES.txt'
[1.674s] writing manifest file 'parc_robot_interfaces.egg-info/SOURCES.txt'
[1.830s] [100%] Built target ament_cmake_python_build_parc_robot_interfaces_egg
[3.122s] Invoked command in '/home/holberton/ros2_ws/build/parc_robot_interfaces' returned '0': CMAKE_PREFIX_PATH=${CMAKE_PREFIX_PATH}:/home/holberton/ros2_ws/install/test_publisher:/home/holberton/ros2_ws/install/auto_nav:/opt/ros/humble /usr/bin/cmake --build /home/holberton/ros2_ws/build/parc_robot_interfaces -- -j8 -l8
[3.548s] Invoking command in '/home/holberton/ros2_ws/build/parc_robot_interfaces': CMAKE_PREFIX_PATH=${CMAKE_PREFIX_PATH}:/home/holberton/ros2_ws/install/test_publisher:/home/holberton/ros2_ws/install/auto_nav:/opt/ros/humble /usr/bin/cmake --install /home/holberton/ros2_ws/build/parc_robot_interfaces
[3.598s] -- Install configuration: ""
[3.601s] -- Execute custom install script
[3.603s] -- Up-to-date symlink: /home/holberton/ros2_ws/install/parc_robot_interfaces/share/ament_index/resource_index/rosidl_interfaces/parc_robot_interfaces
[3.607s] -- Up-to-date symlink: /home/holberton/ros2_ws/install/parc_robot_interfaces/include/parc_robot_interfaces/parc_robot_interfaces/msg/crop_yield.h
[3.608s] -- Up-to-date symlink: /home/holberton/ros2_ws/install/parc_robot_interfaces/include/parc_robot_interfaces/parc_robot_interfaces/msg/detail/crop_yield__functions.h
[3.609s] -- Up-to-date symlink: /home/holberton/ros2_ws/install/parc_robot_interfaces/include/parc_robot_interfaces/parc_robot_interfaces/msg/detail/crop_yield__struct.h
[3.610s] -- Up-to-date symlink: /home/holberton/ros2_ws/install/parc_robot_interfaces/include/parc_robot_interfaces/parc_robot_interfaces/msg/detail/crop_yield__type_support.h
[3.611s] -- Up-to-date symlink: /home/holberton/ros2_ws/install/parc_robot_interfaces/include/parc_robot_interfaces/parc_robot_interfaces/msg/rosidl_generator_c__visibility_control.h
[3.612s] -- Up-to-date symlink: /home/holberton/ros2_ws/install/parc_robot_interfaces/share/parc_robot_interfaces/environment/library_path.sh
[3.612s] -- Up-to-date symlink: /home/holberton/ros2_ws/install/parc_robot_interfaces/share/parc_robot_interfaces/environment/library_path.dsv
[3.614s] -- Up-to-date symlink: /home/holberton/ros2_ws/install/parc_robot_interfaces/include/parc_robot_interfaces/parc_robot_interfaces/msg/detail/crop_yield__rosidl_typesupport_fastrtps_c.h
[3.615s] -- Up-to-date symlink: /home/holberton/ros2_ws/install/parc_robot_interfaces/include/parc_robot_interfaces/parc_robot_interfaces/msg/rosidl_typesupport_fastrtps_c__visibility_control.h
[3.618s] -- Up-to-date symlink: /home/holberton/ros2_ws/install/parc_robot_interfaces/include/parc_robot_interfaces/parc_robot_interfaces/msg/detail/crop_yield__rosidl_typesupport_introspection_c.h
[3.619s] -- Up-to-date symlink: /home/holberton/ros2_ws/install/parc_robot_interfaces/include/parc_robot_interfaces/parc_robot_interfaces/msg/rosidl_typesupport_introspection_c__visibility_control.h
[3.621s] -- Up-to-date symlink: /home/holberton/ros2_ws/install/parc_robot_interfaces/include/parc_robot_interfaces/parc_robot_interfaces/msg/crop_yield.hpp
[3.622s] -- Up-to-date symlink: /home/holberton/ros2_ws/install/parc_robot_interfaces/include/parc_robot_interfaces/parc_robot_interfaces/msg/detail/crop_yield__builder.hpp
[3.623s] -- Up-to-date symlink: /home/holberton/ros2_ws/install/parc_robot_interfaces/include/parc_robot_interfaces/parc_robot_interfaces/msg/detail/crop_yield__struct.hpp
[3.625s] -- Up-to-date symlink: /home/holberton/ros2_ws/install/parc_robot_interfaces/include/parc_robot_interfaces/parc_robot_interfaces/msg/detail/crop_yield__traits.hpp
[3.627s] -- Up-to-date symlink: /home/holberton/ros2_ws/install/parc_robot_interfaces/include/parc_robot_interfaces/parc_robot_interfaces/msg/detail/crop_yield__rosidl_typesupport_fastrtps_cpp.hpp
[3.629s] -- Up-to-date symlink: /home/holberton/ros2_ws/install/parc_robot_interfaces/include/parc_robot_interfaces/parc_robot_interfaces/msg/rosidl_typesupport_fastrtps_cpp__visibility_control.h
[3.631s] -- Up-to-date symlink: /home/holberton/ros2_ws/install/parc_robot_interfaces/include/parc_robot_interfaces/parc_robot_interfaces/msg/detail/crop_yield__rosidl_typesupport_introspection_cpp.hpp
[3.640s] -- Up-to-date symlink: /home/holberton/ros2_ws/install/parc_robot_interfaces/share/parc_robot_interfaces/environment/pythonpath.sh
[3.641s] -- Up-to-date symlink: /home/holberton/ros2_ws/install/parc_robot_interfaces/share/parc_robot_interfaces/environment/pythonpath.dsv
[3.642s] -- Up-to-date symlink: /home/holberton/ros2_ws/install/parc_robot_interfaces/local/lib/python3.10/dist-packages/parc_robot_interfaces-0.0.0-py3.10.egg-info/PKG-INFO
[3.650s] -- Up-to-date symlink: /home/holberton/ros2_ws/install/parc_robot_interfaces/local/lib/python3.10/dist-packages/parc_robot_interfaces-0.0.0-py3.10.egg-info/SOURCES.txt
[3.652s] -- Up-to-date symlink: /home/holberton/ros2_ws/install/parc_robot_interfaces/local/lib/python3.10/dist-packages/parc_robot_interfaces-0.0.0-py3.10.egg-info/dependency_links.txt
[3.653s] -- Up-to-date symlink: /home/holberton/ros2_ws/install/parc_robot_interfaces/local/lib/python3.10/dist-packages/parc_robot_interfaces-0.0.0-py3.10.egg-info/top_level.txt
[3.654s] -- Up-to-date symlink: /home/holberton/ros2_ws/install/parc_robot_interfaces/local/lib/python3.10/dist-packages/parc_robot_interfaces/__init__.py
[3.654s] -- Up-to-date symlink: /home/holberton/ros2_ws/install/parc_robot_interfaces/local/lib/python3.10/dist-packages/parc_robot_interfaces/_parc_robot_interfaces_s.ep.rosidl_typesupport_c.c
[3.655s] -- Up-to-date symlink: /home/holberton/ros2_ws/install/parc_robot_interfaces/local/lib/python3.10/dist-packages/parc_robot_interfaces/_parc_robot_interfaces_s.ep.rosidl_typesupport_fastrtps_c.c
[3.659s] -- Up-to-date symlink: /home/holberton/ros2_ws/install/parc_robot_interfaces/local/lib/python3.10/dist-packages/parc_robot_interfaces/_parc_robot_interfaces_s.ep.rosidl_typesupport_introspection_c.c
[3.660s] -- Up-to-date symlink: /home/holberton/ros2_ws/install/parc_robot_interfaces/local/lib/python3.10/dist-packages/parc_robot_interfaces/libparc_robot_interfaces__rosidl_generator_py.so
[3.663s] -- Up-to-date symlink: /home/holberton/ros2_ws/install/parc_robot_interfaces/local/lib/python3.10/dist-packages/parc_robot_interfaces/msg/__init__.py
[3.664s] -- Up-to-date symlink: /home/holberton/ros2_ws/install/parc_robot_interfaces/local/lib/python3.10/dist-packages/parc_robot_interfaces/msg/_crop_yield.py
[3.666s] -- Up-to-date symlink: /home/holberton/ros2_ws/install/parc_robot_interfaces/local/lib/python3.10/dist-packages/parc_robot_interfaces/msg/_crop_yield_s.c
[3.667s] -- Up-to-date symlink: /home/holberton/ros2_ws/install/parc_robot_interfaces/local/lib/python3.10/dist-packages/parc_robot_interfaces/parc_robot_interfaces_s__rosidl_typesupport_c.cpython-310-x86_64-linux-gnu.so
[3.668s] -- Up-to-date symlink: /home/holberton/ros2_ws/install/parc_robot_interfaces/local/lib/python3.10/dist-packages/parc_robot_interfaces/parc_robot_interfaces_s__rosidl_typesupport_fastrtps_c.cpython-310-x86_64-linux-gnu.so
[3.669s] -- Up-to-date symlink: /home/holberton/ros2_ws/install/parc_robot_interfaces/local/lib/python3.10/dist-packages/parc_robot_interfaces/parc_robot_interfaces_s__rosidl_typesupport_introspection_c.cpython-310-x86_64-linux-gnu.so
[3.669s] -- Up-to-date symlink: /home/holberton/ros2_ws/install/parc_robot_interfaces/local/lib/python3.10/dist-packages/parc_robot_interfaces/parc_robot_interfaces_s__rosidl_typesupport_fastrtps_c.cpython-310-x86_64-linux-gnu.so
[3.669s] -- Up-to-date symlink: /home/holberton/ros2_ws/install/parc_robot_interfaces/local/lib/python3.10/dist-packages/parc_robot_interfaces/parc_robot_interfaces_s__rosidl_typesupport_introspection_c.cpython-310-x86_64-linux-gnu.so
[3.670s] -- Up-to-date symlink: /home/holberton/ros2_ws/install/parc_robot_interfaces/local/lib/python3.10/dist-packages/parc_robot_interfaces/parc_robot_interfaces_s__rosidl_typesupport_c.cpython-310-x86_64-linux-gnu.so
[3.670s] -- Up-to-date symlink: /home/holberton/ros2_ws/install/parc_robot_interfaces/share/parc_robot_interfaces/msg/CropYield.idl
[3.671s] -- Up-to-date symlink: /home/holberton/ros2_ws/install/parc_robot_interfaces/share/parc_robot_interfaces/msg/CropYield.msg
[3.671s] -- Up-to-date symlink: /home/holberton/ros2_ws/install/parc_robot_interfaces/share/ament_index/resource_index/package_run_dependencies/parc_robot_interfaces
[3.671s] -- Up-to-date symlink: /home/holberton/ros2_ws/install/parc_robot_interfaces/share/ament_index/resource_index/parent_prefix_path/parc_robot_interfaces
[3.672s] -- Up-to-date symlink: /home/holberton/ros2_ws/install/parc_robot_interfaces/share/parc_robot_interfaces/environment/ament_prefix_path.sh
[3.672s] -- Up-to-date symlink: /home/holberton/ros2_ws/install/parc_robot_interfaces/share/parc_robot_interfaces/environment/ament_prefix_path.dsv
[3.673s] -- Up-to-date symlink: /home/holberton/ros2_ws/install/parc_robot_interfaces/share/parc_robot_interfaces/environment/path.sh
[3.673s] -- Up-to-date symlink: /home/holberton/ros2_ws/install/parc_robot_interfaces/share/parc_robot_interfaces/environment/path.dsv
[3.674s] -- Up-to-date symlink: /home/holberton/ros2_ws/install/parc_robot_interfaces/share/parc_robot_interfaces/local_setup.bash
[3.675s] -- Up-to-date symlink: /home/holberton/ros2_ws/install/parc_robot_interfaces/share/parc_robot_interfaces/local_setup.sh
[3.675s] -- Up-to-date symlink: /home/holberton/ros2_ws/install/parc_robot_interfaces/share/parc_robot_interfaces/local_setup.zsh
[3.677s] -- Up-to-date symlink: /home/holberton/ros2_ws/install/parc_robot_interfaces/share/parc_robot_interfaces/local_setup.dsv
[3.677s] -- Symlinking: /home/holberton/ros2_ws/install/parc_robot_interfaces/share/parc_robot_interfaces/package.dsv
[3.719s] -- Up-to-date symlink: /home/holberton/ros2_ws/install/parc_robot_interfaces/share/ament_index/resource_index/packages/parc_robot_interfaces
[3.719s] -- Up-to-date symlink: /home/holberton/ros2_ws/install/parc_robot_interfaces/share/parc_robot_interfaces/cmake/rosidl_cmake-extras.cmake
[3.720s] -- Up-to-date symlink: /home/holberton/ros2_ws/install/parc_robot_interfaces/share/parc_robot_interfaces/cmake/ament_cmake_export_include_directories-extras.cmake
[3.721s] -- Up-to-date symlink: /home/holberton/ros2_ws/install/parc_robot_interfaces/share/parc_robot_interfaces/cmake/ament_cmake_export_libraries-extras.cmake
[3.721s] -- Up-to-date symlink: /home/holberton/ros2_ws/install/parc_robot_interfaces/share/parc_robot_interfaces/cmake/ament_cmake_export_targets-extras.cmake
[3.722s] -- Up-to-date symlink: /home/holberton/ros2_ws/install/parc_robot_interfaces/share/parc_robot_interfaces/cmake/rosidl_cmake_export_typesupport_targets-extras.cmake
[3.722s] -- Up-to-date symlink: /home/holberton/ros2_ws/install/parc_robot_interfaces/share/parc_robot_interfaces/cmake/ament_cmake_export_dependencies-extras.cmake
[3.723s] -- Up-to-date symlink: /home/holberton/ros2_ws/install/parc_robot_interfaces/share/parc_robot_interfaces/cmake/rosidl_cmake_export_typesupport_libraries-extras.cmake
[3.726s] -- Up-to-date symlink: /home/holberton/ros2_ws/install/parc_robot_interfaces/share/parc_robot_interfaces/cmake/parc_robot_interfacesConfig.cmake
[3.728s] -- Up-to-date symlink: /home/holberton/ros2_ws/install/parc_robot_interfaces/share/parc_robot_interfaces/cmake/parc_robot_interfacesConfig-version.cmake
[3.729s] -- Up-to-date symlink: /home/holberton/ros2_ws/install/parc_robot_interfaces/share/parc_robot_interfaces/package.xml
[3.730s] -- Up-to-date: /home/holberton/ros2_ws/install/parc_robot_interfaces/lib/libparc_robot_interfaces__rosidl_generator_c.so
[3.731s] -- Up-to-date: /home/holberton/ros2_ws/install/parc_robot_interfaces/lib/libparc_robot_interfaces__rosidl_typesupport_fastrtps_c.so
[3.733s] -- Up-to-date: /home/holberton/ros2_ws/install/parc_robot_interfaces/lib/libparc_robot_interfaces__rosidl_typesupport_introspection_c.so
[3.735s] -- Up-to-date: /home/holberton/ros2_ws/install/parc_robot_interfaces/lib/libparc_robot_interfaces__rosidl_typesupport_c.so
[3.739s] -- Up-to-date: /home/holberton/ros2_ws/install/parc_robot_interfaces/lib/libparc_robot_interfaces__rosidl_typesupport_fastrtps_cpp.so
[3.739s] -- Up-to-date: /home/holberton/ros2_ws/install/parc_robot_interfaces/lib/libparc_robot_interfaces__rosidl_typesupport_introspection_cpp.so
[3.739s] -- Up-to-date: /home/holberton/ros2_ws/install/parc_robot_interfaces/lib/libparc_robot_interfaces__rosidl_typesupport_cpp.so
[3.911s] Listing '/home/holberton/ros2_ws/install/parc_robot_interfaces/local/lib/python3.10/dist-packages/parc_robot_interfaces'...
[3.912s] Listing '/home/holberton/ros2_ws/install/parc_robot_interfaces/local/lib/python3.10/dist-packages/parc_robot_interfaces/msg'...
[3.975s] -- Up-to-date: /home/holberton/ros2_ws/install/parc_robot_interfaces/lib/libparc_robot_interfaces__rosidl_generator_py.so
[3.977s] -- Up-to-date: /home/holberton/ros2_ws/install/parc_robot_interfaces/share/parc_robot_interfaces/cmake/export_parc_robot_interfaces__rosidl_generator_cExport.cmake
[3.978s] -- Up-to-date: /home/holberton/ros2_ws/install/parc_robot_interfaces/share/parc_robot_interfaces/cmake/export_parc_robot_interfaces__rosidl_generator_cExport-noconfig.cmake
[3.979s] -- Up-to-date: /home/holberton/ros2_ws/install/parc_robot_interfaces/share/parc_robot_interfaces/cmake/export_parc_robot_interfaces__rosidl_typesupport_fastrtps_cExport.cmake
[3.981s] -- Up-to-date: /home/holberton/ros2_ws/install/parc_robot_interfaces/share/parc_robot_interfaces/cmake/export_parc_robot_interfaces__rosidl_typesupport_fastrtps_cExport-noconfig.cmake
[3.984s] -- Up-to-date: /home/holberton/ros2_ws/install/parc_robot_interfaces/share/parc_robot_interfaces/cmake/parc_robot_interfaces__rosidl_typesupport_introspection_cExport.cmake
[3.987s] -- Up-to-date: /home/holberton/ros2_ws/install/parc_robot_interfaces/share/parc_robot_interfaces/cmake/parc_robot_interfaces__rosidl_typesupport_introspection_cExport-noconfig.cmake
[3.988s] -- Up-to-date: /home/holberton/ros2_ws/install/parc_robot_interfaces/share/parc_robot_interfaces/cmake/parc_robot_interfaces__rosidl_typesupport_cExport.cmake
[3.989s] -- Up-to-date: /home/holberton/ros2_ws/install/parc_robot_interfaces/share/parc_robot_interfaces/cmake/parc_robot_interfaces__rosidl_typesupport_cExport-noconfig.cmake
[3.991s] -- Up-to-date: /home/holberton/ros2_ws/install/parc_robot_interfaces/share/parc_robot_interfaces/cmake/export_parc_robot_interfaces__rosidl_generator_cppExport.cmake
[3.993s] -- Up-to-date: /home/holberton/ros2_ws/install/parc_robot_interfaces/share/parc_robot_interfaces/cmake/export_parc_robot_interfaces__rosidl_typesupport_fastrtps_cppExport.cmake
[3.994s] -- Up-to-date: /home/holberton/ros2_ws/install/parc_robot_interfaces/share/parc_robot_interfaces/cmake/export_parc_robot_interfaces__rosidl_typesupport_fastrtps_cppExport-noconfig.cmake
[3.995s] -- Up-to-date: /home/holberton/ros2_ws/install/parc_robot_interfaces/share/parc_robot_interfaces/cmake/parc_robot_interfaces__rosidl_typesupport_introspection_cppExport.cmake
[3.996s] -- Up-to-date: /home/holberton/ros2_ws/install/parc_robot_interfaces/share/parc_robot_interfaces/cmake/parc_robot_interfaces__rosidl_typesupport_introspection_cppExport-noconfig.cmake
[3.999s] -- Up-to-date: /home/holberton/ros2_ws/install/parc_robot_interfaces/share/parc_robot_interfaces/cmake/parc_robot_interfaces__rosidl_typesupport_cppExport.cmake
[4.000s] -- Up-to-date: /home/holberton/ros2_ws/install/parc_robot_interfaces/share/parc_robot_interfaces/cmake/parc_robot_interfaces__rosidl_typesupport_cppExport-noconfig.cmake
[4.003s] -- Up-to-date: /home/holberton/ros2_ws/install/parc_robot_interfaces/share/parc_robot_interfaces/cmake/export_parc_robot_interfaces__rosidl_generator_pyExport.cmake
[4.006s] -- Up-to-date: /home/holberton/ros2_ws/install/parc_robot_interfaces/share/parc_robot_interfaces/cmake/export_parc_robot_interfaces__rosidl_generator_pyExport-noconfig.cmake
[4.027s] Invoked command in '/home/holberton/ros2_ws/build/parc_robot_interfaces' returned '0': CMAKE_PREFIX_PATH=${CMAKE_PREFIX_PATH}:/home/holberton/ros2_ws/install/test_publisher:/home/holberton/ros2_ws/install/auto_nav:/opt/ros/humble /usr/bin/cmake --install /home/holberton/ros2_ws/build/parc_robot_interfaces
