[0.032s] Invoking command in '/home/holberton/ros2_ws/build/ros2_mapping': CMAKE_PREFIX_PATH=${CMAKE_PREFIX_PATH}:/home/holberton/ros2_ws/install/test_publisher:/home/holberton/ros2_ws/install/task1_solution:/home/holberton/ros2_ws/install/auto_nav:/opt/ros/humble /usr/bin/cmake --build /home/holberton/ros2_ws/build/ros2_mapping -- -j8 -l8
[0.547s] -- Found ament_cmake: 1.3.8 (/opt/ros/humble/share/ament_cmake/cmake)
[0.547s] -- Found ament_lint_auto: 0.12.10 (/opt/ros/humble/share/ament_lint_auto/cmake)
[0.547s] -- Added test 'flake8' to check Python code syntax and style conventions
[0.548s] -- Added test 'lint_cmake' to check CMake code style
[0.548s] -- Added test 'pep257' to check Python code against some of the docstring style conventions in PEP 257
[0.548s] -- Added test 'xmllint' to check XML markup files
[0.548s] -- Configuring done
[0.548s] -- Generating done
[0.548s] -- Build files have been written to: /home/holberton/ros2_ws/build/ros2_mapping
[0.823s] Invoked command in '/home/holberton/ros2_ws/build/ros2_mapping' returned '0': CMAKE_PREFIX_PATH=${CMAKE_PREFIX_PATH}:/home/holberton/ros2_ws/install/test_publisher:/home/holberton/ros2_ws/install/task1_solution:/home/holberton/ros2_ws/install/auto_nav:/opt/ros/humble /usr/bin/cmake --build /home/holberton/ros2_ws/build/ros2_mapping -- -j8 -l8
[0.864s] Invoking command in '/home/holberton/ros2_ws/build/ros2_mapping': CMAKE_PREFIX_PATH=${CMAKE_PREFIX_PATH}:/home/holberton/ros2_ws/install/test_publisher:/home/holberton/ros2_ws/install/task1_solution:/home/holberton/ros2_ws/install/auto_nav:/opt/ros/humble /usr/bin/cmake --install /home/holberton/ros2_ws/build/ros2_mapping
[0.875s] -- Install configuration: ""
[0.876s] -- Up-to-date: /home/holberton/ros2_ws/install/ros2_mapping/share/ros2_mapping/launch
[0.876s] -- Up-to-date: /home/holberton/ros2_ws/install/ros2_mapping/share/ros2_mapping/launch/online_async_launch.py
[0.876s] -- Installing: /home/holberton/ros2_ws/install/ros2_mapping/share/ros2_mapping/config
[0.876s] -- Installing: /home/holberton/ros2_ws/install/ros2_mapping/share/ros2_mapping/config/mapper_params_online_async.yaml
[0.877s] -- Up-to-date: /home/holberton/ros2_ws/install/ros2_mapping/share/ament_index/resource_index/package_run_dependencies/ros2_mapping
[0.877s] -- Installing: /home/holberton/ros2_ws/install/ros2_mapping/share/ament_index/resource_index/parent_prefix_path/ros2_mapping
[0.877s] -- Up-to-date: /home/holberton/ros2_ws/install/ros2_mapping/share/ros2_mapping/environment/ament_prefix_path.sh
[0.877s] -- Installing: /home/holberton/ros2_ws/install/ros2_mapping/share/ros2_mapping/environment/ament_prefix_path.dsv
[0.878s] -- Up-to-date: /home/holberton/ros2_ws/install/ros2_mapping/share/ros2_mapping/environment/path.sh
[0.878s] -- Installing: /home/holberton/ros2_ws/install/ros2_mapping/share/ros2_mapping/environment/path.dsv
[0.878s] -- Up-to-date: /home/holberton/ros2_ws/install/ros2_mapping/share/ros2_mapping/local_setup.bash
[0.879s] -- Up-to-date: /home/holberton/ros2_ws/install/ros2_mapping/share/ros2_mapping/local_setup.sh
[0.879s] -- Up-to-date: /home/holberton/ros2_ws/install/ros2_mapping/share/ros2_mapping/local_setup.zsh
[0.879s] -- Installing: /home/holberton/ros2_ws/install/ros2_mapping/share/ros2_mapping/local_setup.dsv
[0.881s] -- Installing: /home/holberton/ros2_ws/install/ros2_mapping/share/ros2_mapping/package.dsv
[0.882s] -- Up-to-date: /home/holberton/ros2_ws/install/ros2_mapping/share/ament_index/resource_index/packages/ros2_mapping
[0.883s] -- Up-to-date: /home/holberton/ros2_ws/install/ros2_mapping/share/ros2_mapping/cmake/ros2_mappingConfig.cmake
[0.883s] -- Up-to-date: /home/holberton/ros2_ws/install/ros2_mapping/share/ros2_mapping/cmake/ros2_mappingConfig-version.cmake
[0.884s] -- Up-to-date: /home/holberton/ros2_ws/install/ros2_mapping/share/ros2_mapping/package.xml
[0.886s] Invoked command in '/home/holberton/ros2_ws/build/ros2_mapping' returned '0': CMAKE_PREFIX_PATH=${CMAKE_PREFIX_PATH}:/home/holberton/ros2_ws/install/test_publisher:/home/holberton/ros2_ws/install/task1_solution:/home/holberton/ros2_ws/install/auto_nav:/opt/ros/humble /usr/bin/cmake --install /home/holberton/ros2_ws/build/ros2_mapping
