[0.034s] Invoking command in '/home/holberton/ros2_ws/build/parc_robot': CMAKE_PREFIX_PATH=${CMAKE_PREFIX_PATH}:/home/holberton/ros2_ws/install/test_publisher:/home/holberton/ros2_ws/install/task1_solution:/home/holberton/ros2_ws/install/auto_nav:/opt/ros/humble /usr/bin/cmake --build /home/holberton/ros2_ws/build/parc_robot -- -j8 -l8
[0.763s] Invoked command in '/home/holberton/ros2_ws/build/parc_robot' returned '0': CMAKE_PREFIX_PATH=${CMAKE_PREFIX_PATH}:/home/holberton/ros2_ws/install/test_publisher:/home/holberton/ros2_ws/install/task1_solution:/home/holberton/ros2_ws/install/auto_nav:/opt/ros/humble /usr/bin/cmake --build /home/holberton/ros2_ws/build/parc_robot -- -j8 -l8
[0.802s] Invoking command in '/home/holberton/ros2_ws/build/parc_robot': CMAKE_PREFIX_PATH=${CMAKE_PREFIX_PATH}:/home/holberton/ros2_ws/install/test_publisher:/home/holberton/ros2_ws/install/task1_solution:/home/holberton/ros2_ws/install/auto_nav:/opt/ros/humble /usr/bin/cmake --install /home/holberton/ros2_ws/build/parc_robot
[0.819s] -- Install configuration: ""
[0.822s] -- Execute custom install script
[0.824s] -- Up-to-date symlink: /home/holberton/ros2_ws/install/parc_robot/share/ament_index/resource_index/package_run_dependencies/parc_robot
[0.825s] -- Up-to-date symlink: /home/holberton/ros2_ws/install/parc_robot/share/ament_index/resource_index/parent_prefix_path/parc_robot
[0.826s] -- Up-to-date symlink: /home/holberton/ros2_ws/install/parc_robot/share/parc_robot/environment/ament_prefix_path.sh
[0.826s] -- Up-to-date symlink: /home/holberton/ros2_ws/install/parc_robot/share/parc_robot/environment/ament_prefix_path.dsv
[0.827s] -- Up-to-date symlink: /home/holberton/ros2_ws/install/parc_robot/share/parc_robot/environment/path.sh
[0.828s] -- Up-to-date symlink: /home/holberton/ros2_ws/install/parc_robot/share/parc_robot/environment/path.dsv
[0.828s] -- Up-to-date symlink: /home/holberton/ros2_ws/install/parc_robot/share/parc_robot/local_setup.bash
[0.829s] -- Up-to-date symlink: /home/holberton/ros2_ws/install/parc_robot/share/parc_robot/local_setup.sh
[0.829s] -- Up-to-date symlink: /home/holberton/ros2_ws/install/parc_robot/share/parc_robot/local_setup.zsh
[0.829s] -- Up-to-date symlink: /home/holberton/ros2_ws/install/parc_robot/share/parc_robot/local_setup.dsv
[0.829s] -- Symlinking: /home/holberton/ros2_ws/install/parc_robot/share/parc_robot/package.dsv
[0.835s] -- Up-to-date symlink: /home/holberton/ros2_ws/install/parc_robot/share/ament_index/resource_index/packages/parc_robot
[0.836s] -- Up-to-date symlink: /home/holberton/ros2_ws/install/parc_robot/share/parc_robot/cmake/parc_robotConfig.cmake
[0.836s] -- Up-to-date symlink: /home/holberton/ros2_ws/install/parc_robot/share/parc_robot/cmake/parc_robotConfig-version.cmake
[0.837s] -- Up-to-date symlink: /home/holberton/ros2_ws/install/parc_robot/share/parc_robot/package.xml
[0.845s] Invoked command in '/home/holberton/ros2_ws/build/parc_robot' returned '0': CMAKE_PREFIX_PATH=${CMAKE_PREFIX_PATH}:/home/holberton/ros2_ws/install/test_publisher:/home/holberton/ros2_ws/install/task1_solution:/home/holberton/ros2_ws/install/auto_nav:/opt/ros/humble /usr/bin/cmake --install /home/holberton/ros2_ws/build/parc_robot
