[1.068s] Invoking command in '/home/holberton/ros2_ws/src/auto_nav': PYTHONPATH=/home/holberton/ros2_ws/build/auto_nav/prefix_override:/home/holberton/ros2_ws/install/auto_nav/lib/python3.10/site-packages:${PYTHONPATH} /usr/bin/python3 -W ignore:setup.py install is deprecated setup.py egg_info --egg-base ../../build/auto_nav build --build-base /home/holberton/ros2_ws/build/auto_nav/build install --record /home/holberton/ros2_ws/build/auto_nav/install.log --single-version-externally-managed install_data
[1.339s] running egg_info
[1.341s] writing ../../build/auto_nav/auto_nav.egg-info/PKG-INFO
[1.341s] writing dependency_links to ../../build/auto_nav/auto_nav.egg-info/dependency_links.txt
[1.341s] writing entry points to ../../build/auto_nav/auto_nav.egg-info/entry_points.txt
[1.341s] writing requirements to ../../build/auto_nav/auto_nav.egg-info/requires.txt
[1.341s] writing top-level names to ../../build/auto_nav/auto_nav.egg-info/top_level.txt
[1.344s] reading manifest file '../../build/auto_nav/auto_nav.egg-info/SOURCES.txt'
[1.345s] writing manifest file '../../build/auto_nav/auto_nav.egg-info/SOURCES.txt'
[1.345s] running build
[1.345s] running build_py
[1.345s] running install
[1.345s] running install_lib
[1.346s] running install_data
[1.347s] running install_egg_info
[1.349s] removing '/home/holberton/ros2_ws/install/auto_nav/lib/python3.10/site-packages/auto_nav-0.0.0-py3.10.egg-info' (and everything under it)
[1.349s] Copying ../../build/auto_nav/auto_nav.egg-info to /home/holberton/ros2_ws/install/auto_nav/lib/python3.10/site-packages/auto_nav-0.0.0-py3.10.egg-info
[1.350s] running install_scripts
[1.372s] Installing auto_robot script to /home/holberton/ros2_ws/install/auto_nav/lib/auto_nav
[1.372s] writing list of installed files to '/home/holberton/ros2_ws/build/auto_nav/install.log'
[1.406s] Invoked command in '/home/holberton/ros2_ws/src/auto_nav' returned '0': PYTHONPATH=/home/holberton/ros2_ws/build/auto_nav/prefix_override:/home/holberton/ros2_ws/install/auto_nav/lib/python3.10/site-packages:${PYTHONPATH} /usr/bin/python3 -W ignore:setup.py install is deprecated setup.py egg_info --egg-base ../../build/auto_nav build --build-base /home/holberton/ros2_ws/build/auto_nav/build install --record /home/holberton/ros2_ws/build/auto_nav/install.log --single-version-externally-managed install_data
