[0.031s] Invoking command in '/home/holberton/ros2_ws/build/slam_toolbox': CMAKE_PREFIX_PATH=${CMAKE_PREFIX_PATH}:/home/holberton/ros2_ws/install/test_publisher:/home/holberton/ros2_ws/install/auto_nav:/opt/ros/humble /usr/bin/cmake /home/holberton/ros2_ws/src/slam_toolbox -DCMAKE_INSTALL_PREFIX=/home/holberton/ros2_ws/install/slam_toolbox
[0.387s] -- The C compiler identification is GNU 11.4.0
[0.387s] -- The CXX compiler identification is GNU 11.4.0
[0.387s] -- Detecting C compiler ABI info
[0.388s] -- Detecting C compiler ABI info - done
[0.388s] -- Check for working C compiler: /usr/bin/cc - skipped
[0.388s] -- Detecting C compile features
[0.388s] -- Detecting C compile features - done
[0.388s] -- Detecting CXX compiler ABI info
[0.395s] -- Detecting CXX compiler ABI info - done
[0.402s] -- Check for working CXX compiler: /usr/bin/c++ - skipped
[0.403s] -- Detecting CXX compile features
[0.403s] -- Detecting CXX compile features - done
[0.406s] -- Found ament_cmake: 1.3.8 (/opt/ros/humble/share/ament_cmake/cmake)
[0.532s] -- Found Python3: /usr/bin/python3 (found version "3.10.12") found components: Interpreter 
[0.620s] -- Found message_filters: 4.3.3 (/opt/ros/humble/share/message_filters/cmake)
[0.673s] -- Found rosidl_generator_c: 3.1.5 (/opt/ros/humble/share/rosidl_generator_c/cmake)
[0.683s] -- Found rosidl_adapter: 3.1.5 (/opt/ros/humble/share/rosidl_adapter/cmake)
[0.698s] -- Found rosidl_generator_cpp: 3.1.5 (/opt/ros/humble/share/rosidl_generator_cpp/cmake)
[0.722s] -- Using all available rosidl_typesupport_c: rosidl_typesupport_fastrtps_c;rosidl_typesupport_introspection_c
[0.764s] -- Using all available rosidl_typesupport_cpp: rosidl_typesupport_fastrtps_cpp;rosidl_typesupport_introspection_cpp
[0.853s] -- Found rmw_implementation_cmake: 6.1.1 (/opt/ros/humble/share/rmw_implementation_cmake/cmake)
[0.856s] -- Found rmw_fastrtps_cpp: 6.2.6 (/opt/ros/humble/share/rmw_fastrtps_cpp/cmake)
[0.982s] -- Found OpenSSL: /usr/lib/x86_64-linux-gnu/libcrypto.so (found version "3.0.2")  
[1.027s] -- Found FastRTPS: /opt/ros/humble/include  
[1.088s] -- Using RMW implementation 'rmw_fastrtps_cpp' as default
[1.100s] -- Looking for pthread.h
[1.174s] -- Looking for pthread.h - found
[1.175s] -- Performing Test CMAKE_HAVE_LIBC_PTHREAD
[1.245s] -- Performing Test CMAKE_HAVE_LIBC_PTHREAD - Success
[1.247s] -- Found Threads: TRUE  
[1.458s] -- Found nav_msgs: 4.2.3 (/opt/ros/humble/share/nav_msgs/cmake)
[1.583s] -- Found sensor_msgs: 4.2.3 (/opt/ros/humble/share/sensor_msgs/cmake)
[1.681s] -- Found tf2: 0.25.6 (/opt/ros/humble/share/tf2/cmake)
[1.695s] -- Found tf2_ros: 0.25.6 (/opt/ros/humble/share/tf2_ros/cmake)
[2.005s] -- Found visualization_msgs: 4.2.3 (/opt/ros/humble/share/visualization_msgs/cmake)
[2.115s] -- Found pluginlib: 5.1.0 (/opt/ros/humble/share/pluginlib/cmake)
[2.132s] -- Found tf2_geometry_msgs: 0.25.6 (/opt/ros/humble/share/tf2_geometry_msgs/cmake)
[2.147s] -- Found eigen3_cmake_module: 0.1.1 (/opt/ros/humble/share/eigen3_cmake_module/cmake)
[2.148s] -- Found Eigen3: TRUE (found version "3.4.0") 
[2.148s] -- Ensuring Eigen3 include directory is part of orocos-kdl CMake target
[2.158s] -- Found tf2_sensor_msgs: 0.25.6 (/opt/ros/humble/share/tf2_sensor_msgs/cmake)
[2.177s] -- Found std_srvs: 4.2.3 (/opt/ros/humble/share/std_srvs/cmake)
[2.193s] -- Found rosidl_default_generators: 1.2.0 (/opt/ros/humble/share/rosidl_default_generators/cmake)
[2.203s] -- Found lifecycle_msgs: 1.2.1 (/opt/ros/humble/share/lifecycle_msgs/cmake)
[2.219s] -- Found bondcpp: 3.0.2 (/opt/ros/humble/share/bondcpp/cmake)
[2.307s] -- Found rviz_common: 11.2.12 (/opt/ros/humble/share/rviz_common/cmake)
[2.329s] -- Setting OGRE_DIR to: '/opt/ros/humble/share/rviz_ogre_vendor/cmake/../../../opt/rviz_ogre_vendor/lib/OGRE/cmake'
[2.330s] -- Found OGRE
[2.330s] --   static     : OFF
[2.330s] --   components : HLMS;MeshLodGenerator;Overlay;Paging;Property;RTShaderSystem;Terrain;Volume
[2.330s] --   plugins    : Plugin_BSPSceneManager;Plugin_OctreeSceneManager;Plugin_PCZSceneManager;Plugin_ParticleFX;RenderSystem_GL;RenderSystem_GL3Plus;Codec_STBI
[2.330s] --   media      : /opt/ros/humble/opt/rviz_ogre_vendor/share/OGRE/Media
[2.330s] -- OGRE_LIBRARIES: OgreHLMS;OgreMeshLodGenerator;OgreOverlay;OgrePaging;OgreProperty;OgreRTShaderSystem;OgreTerrain;OgreVolume;OgreMain
[2.330s] -- OGRE_LIBRARY_DIRS: /opt/ros/humble/opt/rviz_ogre_vendor/lib
[2.330s] -- OGRE_PLUGINS: Plugin_BSPSceneManager;Plugin_OctreeSceneManager;Plugin_PCZSceneManager;Plugin_ParticleFX;RenderSystem_GL;RenderSystem_GL3Plus;Codec_STBI
[2.330s] -- OGRE_PLUGIN_DIR: /opt/ros/humble/opt/rviz_ogre_vendor/lib/OGRE
[2.331s] -- rviz_ogre_vendor::OgreOverlay for IMPORTED_LOCATION_RELEASE: /opt/ros/humble/opt/rviz_ogre_vendor/lib/libOgreOverlay.so
[2.331s] -- rviz_ogre_vendor::OgreOverlay for IMPORTED_LOCATION_DEBUG: /opt/ros/humble/opt/rviz_ogre_vendor/lib/libOgreOverlay.so
[2.331s] -- rviz_ogre_vendor::OgreMain for IMPORTED_LOCATION_RELEASE: /opt/ros/humble/opt/rviz_ogre_vendor/lib/libOgreMain.so
[2.331s] -- rviz_ogre_vendor::OgreMain for IMPORTED_LOCATION_DEBUG: /opt/ros/humble/opt/rviz_ogre_vendor/lib/libOgreMain.so
[2.347s] -- Found ZLIB: /usr/lib/x86_64-linux-gnu/libz.so (found version "1.2.11") 
[2.350s] -- Found OpenGL: /usr/lib/x86_64-linux-gnu/libOpenGL.so   
[2.427s] -- Found X11: /usr/include   
[2.427s] -- Looking for XOpenDisplay in /usr/lib/x86_64-linux-gnu/libX11.so;/usr/lib/x86_64-linux-gnu/libXext.so
[2.492s] -- Looking for XOpenDisplay in /usr/lib/x86_64-linux-gnu/libX11.so;/usr/lib/x86_64-linux-gnu/libXext.so - found
[2.492s] -- Looking for gethostbyname
[2.553s] -- Looking for gethostbyname - found
[2.553s] -- Looking for connect
[2.613s] -- Looking for connect - found
[2.613s] -- Looking for remove
[2.673s] -- Looking for remove - found
[2.674s] -- Looking for shmat
[2.736s] -- Looking for shmat - found
[2.736s] -- Looking for IceConnectionNumber in ICE
[2.806s] -- Looking for IceConnectionNumber in ICE - found
[2.808s] -- rviz_ogre_vendor::RenderSystem_GL for IMPORTED_LOCATION_RELEASE: _render_system_gl_static_library_abs-NOTFOUND
[2.808s] -- rviz_ogre_vendor::RenderSystem_GL for IMPORTED_LOCATION_DEBUG: _render_system_gl_static_library_abs-NOTFOUND
[2.875s] -- library: /usr/lib/x86_64-linux-gnu/libcurl.so
[2.943s] -- Found rviz_default_plugins: 11.2.12 (/opt/ros/humble/share/rviz_default_plugins/cmake)
[3.256s] -- Found Boost: /usr/lib/x86_64-linux-gnu/cmake/Boost-1.74.0/BoostConfig.cmake (found version "1.74.0") found components: system serialization filesystem thread 
[3.264s] -- Found PkgConfig: /usr/bin/pkg-config (found version "0.29.2") 
[3.271s] -- Found CHOLMOD: /usr/include/suitesparse  
[3.272s] -- Found CSparse: /usr/include/suitesparse  
[3.301s] -- Looking for sgemm_
[3.361s] -- Looking for sgemm_ - not found
[3.401s] -- Looking for sgemm_
[3.464s] -- Looking for sgemm_ - found
[3.465s] -- Found BLAS: /usr/lib/x86_64-linux-gnu/libblas.so  
[3.467s] -- Looking for cheev_
[3.529s] -- Looking for cheev_ - not found
[3.539s] -- Looking for cheev_
[3.589s] -- Looking for cheev_ - not found
[3.590s] -- Looking for cheev_
[3.660s] -- Looking for cheev_ - found
[3.660s] -- Found LAPACK: /usr/lib/x86_64-linux-gnu/liblapack.so;/usr/lib/x86_64-linux-gnu/libblas.so  
[3.665s] -- Found required Ceres dependency: Eigen version 3.4.0 in /usr/include/eigen3
[3.670s] -- Found required Ceres dependency: glog
[3.671s] -- Found required Ceres dependency: gflags
[3.671s] -- Found Ceres version: 2.0.0 installed in: /usr with components: [EigenSparse, SparseLinearAlgebraLibrary, LAPACK, SuiteSparse, CXSparse, SchurSpecializations, Multithreading]
[4.023s] -- Found ament_cmake_ros: 0.10.0 (/opt/ros/humble/share/ament_cmake_ros/cmake)
[4.451s] -- Using all available rosidl_typesupport_c: rosidl_typesupport_fastrtps_c;rosidl_typesupport_introspection_c
[4.617s] -- Using all available rosidl_typesupport_cpp: rosidl_typesupport_fastrtps_cpp;rosidl_typesupport_introspection_cpp
[4.634s] -- Found PythonInterp: /usr/bin/python3 (found suitable version "3.10.12", minimum required is "3.6") 
[4.636s] -- Found python_cmake_module: 0.10.0 (/opt/ros/humble/share/python_cmake_module/cmake)
[4.655s] -- Found PythonLibs: /usr/lib/x86_64-linux-gnu/libpython3.10.so (found suitable version "3.10.12", minimum required is "3.5") 
[4.656s] -- Using PYTHON_EXECUTABLE: /usr/bin/python3
[4.656s] -- Using PYTHON_INCLUDE_DIRS: /usr/include/python3.10
[4.656s] -- Using PYTHON_LIBRARIES: /usr/lib/x86_64-linux-gnu/libpython3.10.so
[4.670s] -- Found PythonExtra: .so  
[4.964s] -- Configuring done
[5.345s] -- Generating done
[5.349s] -- Build files have been written to: /home/holberton/ros2_ws/build/slam_toolbox
[5.367s] Invoked command in '/home/holberton/ros2_ws/build/slam_toolbox' returned '0': CMAKE_PREFIX_PATH=${CMAKE_PREFIX_PATH}:/home/holberton/ros2_ws/install/test_publisher:/home/holberton/ros2_ws/install/auto_nav:/opt/ros/humble /usr/bin/cmake /home/holberton/ros2_ws/src/slam_toolbox -DCMAKE_INSTALL_PREFIX=/home/holberton/ros2_ws/install/slam_toolbox
[5.369s] Invoking command in '/home/holberton/ros2_ws/build/slam_toolbox': CMAKE_PREFIX_PATH=${CMAKE_PREFIX_PATH}:/home/holberton/ros2_ws/install/test_publisher:/home/holberton/ros2_ws/install/auto_nav:/opt/ros/humble /usr/bin/cmake --build /home/holberton/ros2_ws/build/slam_toolbox -- -j8 -l8
[5.411s] [  1%] [34m[1mGenerating C code for ROS interfaces[0m
[5.421s] [  2%] [32mBuilding CXX object lib/karto_sdk/CMakeFiles/kartoSlamToolbox.dir/src/Karto.cpp.o[0m
[5.422s] [  3%] [32mBuilding CXX object lib/karto_sdk/CMakeFiles/kartoSlamToolbox.dir/src/Mapper.cpp.o[0m
[5.426s] [  3%] [34m[1mGenerating C++ code for ROS interfaces[0m
[5.434s] [  3%] Built target ament_cmake_python_copy_slam_toolbox
[5.684s] running egg_info
[5.684s] creating slam_toolbox.egg-info
[5.684s] writing slam_toolbox.egg-info/PKG-INFO
[5.685s] writing dependency_links to slam_toolbox.egg-info/dependency_links.txt
[5.685s] writing top-level names to slam_toolbox.egg-info/top_level.txt
[5.687s] writing manifest file 'slam_toolbox.egg-info/SOURCES.txt'
[5.689s] reading manifest file 'slam_toolbox.egg-info/SOURCES.txt'
[5.690s] writing manifest file 'slam_toolbox.egg-info/SOURCES.txt'
[5.714s] [  3%] Built target ament_cmake_python_build_slam_toolbox_egg
[6.584s] [  3%] Built target slam_toolbox__cpp
[6.599s] [  5%] [34m[1mGenerating C++ type support for eProsima Fast-RTPS[0m
[6.599s] [  5%] [34m[1mGenerating C++ type support dispatch for ROS interfaces[0m
[6.611s] [  6%] [34m[1mGenerating C++ introspection for ROS interfaces[0m
[6.790s] [  6%] [32mBuilding C object CMakeFiles/slam_toolbox__rosidl_generator_c.dir/rosidl_generator_c/slam_toolbox/srv/detail/pause__functions.c.o[0m
[6.790s] [  7%] [32mBuilding C object CMakeFiles/slam_toolbox__rosidl_generator_c.dir/rosidl_generator_c/slam_toolbox/srv/detail/reset__functions.c.o[0m
[6.790s] [  8%] [32mBuilding C object CMakeFiles/slam_toolbox__rosidl_generator_c.dir/rosidl_generator_c/slam_toolbox/srv/detail/clear_queue__functions.c.o[0m
[6.988s] [  8%] [32mBuilding C object CMakeFiles/slam_toolbox__rosidl_generator_c.dir/rosidl_generator_c/slam_toolbox/srv/detail/toggle_interactive__functions.c.o[0m
[6.998s] [  9%] [32mBuilding C object CMakeFiles/slam_toolbox__rosidl_generator_c.dir/rosidl_generator_c/slam_toolbox/srv/detail/clear__functions.c.o[0m
[7.012s] [ 10%] [32mBuilding C object CMakeFiles/slam_toolbox__rosidl_generator_c.dir/rosidl_generator_c/slam_toolbox/srv/detail/save_map__functions.c.o[0m
[7.232s] [ 11%] [32mBuilding C object CMakeFiles/slam_toolbox__rosidl_generator_c.dir/rosidl_generator_c/slam_toolbox/srv/detail/loop_closure__functions.c.o[0m
[7.294s] [ 11%] [32mBuilding C object CMakeFiles/slam_toolbox__rosidl_generator_c.dir/rosidl_generator_c/slam_toolbox/srv/detail/merge_maps__functions.c.o[0m
[7.332s] [ 12%] [32mBuilding C object CMakeFiles/slam_toolbox__rosidl_generator_c.dir/rosidl_generator_c/slam_toolbox/srv/detail/add_submap__functions.c.o[0m
[7.475s] [ 13%] [32mBuilding C object CMakeFiles/slam_toolbox__rosidl_generator_c.dir/rosidl_generator_c/slam_toolbox/srv/detail/deserialize_pose_graph__functions.c.o[0m
[7.571s] [ 13%] [32mBuilding C object CMakeFiles/slam_toolbox__rosidl_generator_c.dir/rosidl_generator_c/slam_toolbox/srv/detail/serialize_pose_graph__functions.c.o[0m
[7.763s] [ 14%] [32m[1mLinking C shared library libslam_toolbox__rosidl_generator_c.so[0m
[7.823s] [ 14%] Built target slam_toolbox__rosidl_generator_c
[7.848s] [ 15%] [34m[1mGenerating C type support dispatch for ROS interfaces[0m
[7.859s] [ 16%] [34m[1mGenerating C type support for eProsima Fast-RTPS[0m
[7.874s] [ 17%] [34m[1mGenerating C introspection for ROS interfaces[0m
[8.137s] [ 17%] [32mBuilding CXX object CMakeFiles/slam_toolbox__rosidl_typesupport_cpp.dir/rosidl_typesupport_cpp/slam_toolbox/srv/pause__type_support.cpp.o[0m
[8.719s] [ 18%] [32mBuilding CXX object CMakeFiles/slam_toolbox__rosidl_typesupport_cpp.dir/rosidl_typesupport_cpp/slam_toolbox/srv/reset__type_support.cpp.o[0m
[8.723s] [ 18%] [32mBuilding CXX object CMakeFiles/slam_toolbox__rosidl_typesupport_introspection_cpp.dir/rosidl_typesupport_introspection_cpp/slam_toolbox/srv/detail/pause__type_support.cpp.o[0m
[8.982s] [ 18%] [32mBuilding CXX object CMakeFiles/slam_toolbox__rosidl_typesupport_fastrtps_cpp.dir/rosidl_typesupport_fastrtps_cpp/slam_toolbox/srv/detail/dds_fastrtps/pause__type_support.cpp.o[0m
[9.479s] [ 19%] [32mBuilding CXX object CMakeFiles/slam_toolbox__rosidl_typesupport_cpp.dir/rosidl_typesupport_cpp/slam_toolbox/srv/clear_queue__type_support.cpp.o[0m
[9.509s] [ 19%] [32mBuilding CXX object CMakeFiles/slam_toolbox__rosidl_typesupport_c.dir/rosidl_typesupport_c/slam_toolbox/srv/pause__type_support.cpp.o[0m
[9.575s] [ 20%] [32mBuilding CXX object CMakeFiles/slam_toolbox__rosidl_typesupport_introspection_cpp.dir/rosidl_typesupport_introspection_cpp/slam_toolbox/srv/detail/reset__type_support.cpp.o[0m
[9.606s] [ 21%] [32mBuilding CXX object CMakeFiles/slam_toolbox__rosidl_typesupport_c.dir/rosidl_typesupport_c/slam_toolbox/srv/reset__type_support.cpp.o[0m
[9.726s] [ 22%] [32mBuilding CXX object CMakeFiles/slam_toolbox__rosidl_typesupport_c.dir/rosidl_typesupport_c/slam_toolbox/srv/clear_queue__type_support.cpp.o[0m
[9.848s] [ 22%] [32mBuilding CXX object CMakeFiles/slam_toolbox__rosidl_typesupport_c.dir/rosidl_typesupport_c/slam_toolbox/srv/toggle_interactive__type_support.cpp.o[0m
[9.852s] [ 23%] [32mBuilding CXX object CMakeFiles/slam_toolbox__rosidl_typesupport_fastrtps_cpp.dir/rosidl_typesupport_fastrtps_cpp/slam_toolbox/srv/detail/dds_fastrtps/reset__type_support.cpp.o[0m
[9.962s] [ 24%] [32mBuilding CXX object CMakeFiles/slam_toolbox__rosidl_typesupport_c.dir/rosidl_typesupport_c/slam_toolbox/srv/clear__type_support.cpp.o[0m
[9.995s] [ 25%] [32mBuilding CXX object CMakeFiles/slam_toolbox__rosidl_typesupport_cpp.dir/rosidl_typesupport_cpp/slam_toolbox/srv/toggle_interactive__type_support.cpp.o[0m
[10.023s] [ 26%] [32mBuilding CXX object CMakeFiles/slam_toolbox__rosidl_typesupport_c.dir/rosidl_typesupport_c/slam_toolbox/srv/save_map__type_support.cpp.o[0m
[10.078s] [ 26%] [32mBuilding CXX object CMakeFiles/slam_toolbox__rosidl_typesupport_c.dir/rosidl_typesupport_c/slam_toolbox/srv/loop_closure__type_support.cpp.o[0m
[10.092s] [ 26%] [32mBuilding C object CMakeFiles/slam_toolbox__rosidl_typesupport_introspection_c.dir/rosidl_typesupport_introspection_c/slam_toolbox/srv/detail/pause__type_support.c.o[0m
[10.167s] [ 27%] [32mBuilding CXX object CMakeFiles/slam_toolbox__rosidl_typesupport_c.dir/rosidl_typesupport_c/slam_toolbox/srv/merge_maps__type_support.cpp.o[0m
[10.174s] [ 27%] [32mBuilding CXX object CMakeFiles/slam_toolbox__rosidl_typesupport_fastrtps_c.dir/rosidl_typesupport_fastrtps_c/slam_toolbox/srv/detail/pause__type_support_c.cpp.o[0m
[10.209s] [ 28%] [32mBuilding CXX object CMakeFiles/slam_toolbox__rosidl_typesupport_introspection_cpp.dir/rosidl_typesupport_introspection_cpp/slam_toolbox/srv/detail/clear_queue__type_support.cpp.o[0m
[10.210s] [ 29%] [32mBuilding C object CMakeFiles/slam_toolbox__rosidl_typesupport_introspection_c.dir/rosidl_typesupport_introspection_c/slam_toolbox/srv/detail/reset__type_support.c.o[0m
[10.221s] [ 30%] [32mBuilding CXX object CMakeFiles/slam_toolbox__rosidl_typesupport_c.dir/rosidl_typesupport_c/slam_toolbox/srv/add_submap__type_support.cpp.o[0m
[10.307s] [ 31%] [32mBuilding C object CMakeFiles/slam_toolbox__rosidl_typesupport_introspection_c.dir/rosidl_typesupport_introspection_c/slam_toolbox/srv/detail/clear_queue__type_support.c.o[0m
[10.309s] [ 31%] [32mBuilding CXX object CMakeFiles/slam_toolbox__rosidl_typesupport_c.dir/rosidl_typesupport_c/slam_toolbox/srv/deserialize_pose_graph__type_support.cpp.o[0m
[10.378s] [ 31%] [32mBuilding C object CMakeFiles/slam_toolbox__rosidl_typesupport_introspection_c.dir/rosidl_typesupport_introspection_c/slam_toolbox/srv/detail/toggle_interactive__type_support.c.o[0m
[10.379s] [ 32%] [32mBuilding CXX object CMakeFiles/slam_toolbox__rosidl_typesupport_c.dir/rosidl_typesupport_c/slam_toolbox/srv/serialize_pose_graph__type_support.cpp.o[0m
[10.434s] [ 33%] [32m[1mLinking CXX shared library libslam_toolbox__rosidl_typesupport_c.so[0m
[10.448s] [ 33%] [32mBuilding CXX object CMakeFiles/slam_toolbox__rosidl_typesupport_cpp.dir/rosidl_typesupport_cpp/slam_toolbox/srv/clear__type_support.cpp.o[0m
[10.454s] [ 34%] [32mBuilding C object CMakeFiles/slam_toolbox__rosidl_typesupport_introspection_c.dir/rosidl_typesupport_introspection_c/slam_toolbox/srv/detail/clear__type_support.c.o[0m
[10.505s] [ 34%] Built target slam_toolbox__rosidl_typesupport_c
[10.517s] [ 35%] [32mBuilding CXX object CMakeFiles/slam_toolbox__rosidl_typesupport_fastrtps_c.dir/rosidl_typesupport_fastrtps_c/slam_toolbox/srv/detail/reset__type_support_c.cpp.o[0m
[10.524s] [ 36%] [32mBuilding C object CMakeFiles/slam_toolbox__rosidl_typesupport_introspection_c.dir/rosidl_typesupport_introspection_c/slam_toolbox/srv/detail/save_map__type_support.c.o[0m
[10.599s] [ 36%] [32mBuilding C object CMakeFiles/slam_toolbox__rosidl_typesupport_introspection_c.dir/rosidl_typesupport_introspection_c/slam_toolbox/srv/detail/loop_closure__type_support.c.o[0m
[10.623s] [ 37%] [32mBuilding CXX object CMakeFiles/slam_toolbox__rosidl_typesupport_fastrtps_cpp.dir/rosidl_typesupport_fastrtps_cpp/slam_toolbox/srv/detail/dds_fastrtps/clear_queue__type_support.cpp.o[0m
[10.669s] [ 38%] [32mBuilding C object CMakeFiles/slam_toolbox__rosidl_typesupport_introspection_c.dir/rosidl_typesupport_introspection_c/slam_toolbox/srv/detail/merge_maps__type_support.c.o[0m
[10.737s] [ 39%] [32mBuilding C object CMakeFiles/slam_toolbox__rosidl_typesupport_introspection_c.dir/rosidl_typesupport_introspection_c/slam_toolbox/srv/detail/add_submap__type_support.c.o[0m
[10.775s] [ 40%] [32mBuilding CXX object CMakeFiles/slam_toolbox__rosidl_typesupport_fastrtps_c.dir/rosidl_typesupport_fastrtps_c/slam_toolbox/srv/detail/clear_queue__type_support_c.cpp.o[0m
[10.810s] [ 40%] [32mBuilding C object CMakeFiles/slam_toolbox__rosidl_typesupport_introspection_c.dir/rosidl_typesupport_introspection_c/slam_toolbox/srv/detail/deserialize_pose_graph__type_support.c.o[0m
[10.848s] [ 40%] [32mBuilding CXX object CMakeFiles/slam_toolbox__rosidl_typesupport_introspection_cpp.dir/rosidl_typesupport_introspection_cpp/slam_toolbox/srv/detail/toggle_interactive__type_support.cpp.o[0m
[10.882s] [ 41%] [32mBuilding C object CMakeFiles/slam_toolbox__rosidl_typesupport_introspection_c.dir/rosidl_typesupport_introspection_c/slam_toolbox/srv/detail/serialize_pose_graph__type_support.c.o[0m
[10.897s] [ 42%] [32mBuilding CXX object CMakeFiles/slam_toolbox__rosidl_typesupport_cpp.dir/rosidl_typesupport_cpp/slam_toolbox/srv/save_map__type_support.cpp.o[0m
[10.950s] [ 43%] [32m[1mLinking C shared library libslam_toolbox__rosidl_typesupport_introspection_c.so[0m
[11.003s] [ 43%] Built target slam_toolbox__rosidl_typesupport_introspection_c
[11.016s] [ 44%] [32mBuilding CXX object CMakeFiles/slam_toolbox__rosidl_typesupport_cpp.dir/rosidl_typesupport_cpp/slam_toolbox/srv/loop_closure__type_support.cpp.o[0m
[11.116s] [ 44%] [32mBuilding CXX object CMakeFiles/slam_toolbox__rosidl_typesupport_fastrtps_c.dir/rosidl_typesupport_fastrtps_c/slam_toolbox/srv/detail/toggle_interactive__type_support_c.cpp.o[0m
[11.344s] [ 44%] [32mBuilding CXX object CMakeFiles/slam_toolbox__rosidl_typesupport_cpp.dir/rosidl_typesupport_cpp/slam_toolbox/srv/merge_maps__type_support.cpp.o[0m
[11.348s] [ 44%] [32mBuilding CXX object CMakeFiles/slam_toolbox__rosidl_typesupport_fastrtps_cpp.dir/rosidl_typesupport_fastrtps_cpp/slam_toolbox/srv/detail/dds_fastrtps/toggle_interactive__type_support.cpp.o[0m
[11.370s] [ 45%] [32mBuilding CXX object CMakeFiles/slam_toolbox__rosidl_typesupport_fastrtps_c.dir/rosidl_typesupport_fastrtps_c/slam_toolbox/srv/detail/clear__type_support_c.cpp.o[0m
[11.467s] [ 46%] [32mBuilding CXX object CMakeFiles/slam_toolbox__rosidl_typesupport_cpp.dir/rosidl_typesupport_cpp/slam_toolbox/srv/add_submap__type_support.cpp.o[0m
[11.484s] [ 47%] [32mBuilding CXX object CMakeFiles/slam_toolbox__rosidl_typesupport_introspection_cpp.dir/rosidl_typesupport_introspection_cpp/slam_toolbox/srv/detail/clear__type_support.cpp.o[0m
[11.716s] [ 48%] [32mBuilding CXX object CMakeFiles/slam_toolbox__rosidl_typesupport_fastrtps_c.dir/rosidl_typesupport_fastrtps_c/slam_toolbox/srv/detail/save_map__type_support_c.cpp.o[0m
[11.823s] [ 49%] [32mBuilding CXX object CMakeFiles/slam_toolbox__rosidl_typesupport_cpp.dir/rosidl_typesupport_cpp/slam_toolbox/srv/deserialize_pose_graph__type_support.cpp.o[0m
[11.920s] [ 49%] [32mBuilding CXX object CMakeFiles/slam_toolbox__rosidl_typesupport_cpp.dir/rosidl_typesupport_cpp/slam_toolbox/srv/serialize_pose_graph__type_support.cpp.o[0m
[11.961s] [ 49%] [32mBuilding CXX object CMakeFiles/slam_toolbox__rosidl_typesupport_fastrtps_c.dir/rosidl_typesupport_fastrtps_c/slam_toolbox/srv/detail/loop_closure__type_support_c.cpp.o[0m
[12.018s] [ 50%] [32mBuilding CXX object CMakeFiles/slam_toolbox__rosidl_typesupport_fastrtps_cpp.dir/rosidl_typesupport_fastrtps_cpp/slam_toolbox/srv/detail/dds_fastrtps/clear__type_support.cpp.o[0m
[12.116s] [ 51%] [32mBuilding CXX object CMakeFiles/slam_toolbox__rosidl_typesupport_introspection_cpp.dir/rosidl_typesupport_introspection_cpp/slam_toolbox/srv/detail/save_map__type_support.cpp.o[0m
[12.297s] [ 51%] [32mBuilding CXX object CMakeFiles/slam_toolbox__rosidl_typesupport_introspection_cpp.dir/rosidl_typesupport_introspection_cpp/slam_toolbox/srv/detail/loop_closure__type_support.cpp.o[0m
[12.323s] [ 52%] [32mBuilding CXX object CMakeFiles/slam_toolbox__rosidl_typesupport_fastrtps_c.dir/rosidl_typesupport_fastrtps_c/slam_toolbox/srv/detail/merge_maps__type_support_c.cpp.o[0m
[12.369s] [ 53%] [32m[1mLinking CXX shared library libslam_toolbox__rosidl_typesupport_cpp.so[0m
[12.436s] [ 53%] Built target slam_toolbox__rosidl_typesupport_cpp
[12.452s] [ 53%] [34m[1mGenerating rviz_plugin/moc_slam_toolbox_rviz_plugin.cpp[0m
[12.488s] [ 54%] [32mBuilding CXX object CMakeFiles/SlamToolboxPlugin.dir/rviz_plugin/slam_toolbox_rviz_plugin.cpp.o[0m
[12.558s] [ 55%] [32mBuilding CXX object CMakeFiles/slam_toolbox__rosidl_typesupport_fastrtps_c.dir/rosidl_typesupport_fastrtps_c/slam_toolbox/srv/detail/add_submap__type_support_c.cpp.o[0m
[12.630s] [ 56%] [32mBuilding CXX object CMakeFiles/slam_toolbox__rosidl_typesupport_fastrtps_cpp.dir/rosidl_typesupport_fastrtps_cpp/slam_toolbox/srv/detail/dds_fastrtps/save_map__type_support.cpp.o[0m
[12.766s] [ 57%] [32mBuilding CXX object CMakeFiles/slam_toolbox__rosidl_typesupport_introspection_cpp.dir/rosidl_typesupport_introspection_cpp/slam_toolbox/srv/detail/merge_maps__type_support.cpp.o[0m
[12.918s] [ 57%] [32mBuilding CXX object CMakeFiles/slam_toolbox__rosidl_typesupport_fastrtps_c.dir/rosidl_typesupport_fastrtps_c/slam_toolbox/srv/detail/deserialize_pose_graph__type_support_c.cpp.o[0m
[12.965s] [ 58%] [32mBuilding CXX object CMakeFiles/slam_toolbox__rosidl_typesupport_introspection_cpp.dir/rosidl_typesupport_introspection_cpp/slam_toolbox/srv/detail/add_submap__type_support.cpp.o[0m
[13.193s] [ 59%] [32mBuilding CXX object CMakeFiles/slam_toolbox__rosidl_typesupport_fastrtps_c.dir/rosidl_typesupport_fastrtps_c/slam_toolbox/srv/detail/serialize_pose_graph__type_support_c.cpp.o[0m
[13.312s] [ 59%] [32mBuilding CXX object CMakeFiles/slam_toolbox__rosidl_typesupport_fastrtps_cpp.dir/rosidl_typesupport_fastrtps_cpp/slam_toolbox/srv/detail/dds_fastrtps/loop_closure__type_support.cpp.o[0m
[13.407s] [ 59%] [32mBuilding CXX object CMakeFiles/slam_toolbox__rosidl_typesupport_introspection_cpp.dir/rosidl_typesupport_introspection_cpp/slam_toolbox/srv/detail/deserialize_pose_graph__type_support.cpp.o[0m
[13.593s] [ 60%] [32mBuilding CXX object CMakeFiles/slam_toolbox__rosidl_typesupport_introspection_cpp.dir/rosidl_typesupport_introspection_cpp/slam_toolbox/srv/detail/serialize_pose_graph__type_support.cpp.o[0m
[13.683s] [ 61%] [32mBuilding CXX object CMakeFiles/slam_toolbox__rosidl_typesupport_fastrtps_cpp.dir/rosidl_typesupport_fastrtps_cpp/slam_toolbox/srv/detail/dds_fastrtps/merge_maps__type_support.cpp.o[0m
[13.843s] [ 62%] [32m[1mLinking CXX shared library libslam_toolbox__rosidl_typesupport_fastrtps_c.so[0m
[13.998s] [ 63%] [32mBuilding CXX object CMakeFiles/slam_toolbox__rosidl_typesupport_fastrtps_cpp.dir/rosidl_typesupport_fastrtps_cpp/slam_toolbox/srv/detail/dds_fastrtps/add_submap__type_support.cpp.o[0m
[13.998s] [ 63%] Built target slam_toolbox__rosidl_typesupport_fastrtps_c
[14.012s] [ 64%] [32mBuilding CXX object CMakeFiles/SlamToolboxPlugin.dir/rviz_plugin/moc_slam_toolbox_rviz_plugin.cpp.o[0m
[14.067s] [ 64%] [32mBuilding CXX object CMakeFiles/slam_toolbox__rosidl_typesupport_fastrtps_cpp.dir/rosidl_typesupport_fastrtps_cpp/slam_toolbox/srv/detail/dds_fastrtps/deserialize_pose_graph__type_support.cpp.o[0m
[14.249s] [ 65%] [32m[1mLinking CXX shared library libslam_toolbox__rosidl_typesupport_introspection_cpp.so[0m
[14.375s] [ 65%] Built target slam_toolbox__rosidl_typesupport_introspection_cpp
[14.387s] [ 66%] [32mBuilding CXX object CMakeFiles/slam_toolbox__rosidl_typesupport_fastrtps_cpp.dir/rosidl_typesupport_fastrtps_cpp/slam_toolbox/srv/detail/dds_fastrtps/serialize_pose_graph__type_support.cpp.o[0m
[14.866s] [ 67%] [32m[1mLinking CXX shared library libslam_toolbox__rosidl_typesupport_fastrtps_cpp.so[0m
[14.970s] [ 67%] Built target slam_toolbox__rosidl_typesupport_fastrtps_cpp
[14.992s] [ 67%] Built target slam_toolbox
[15.016s] [ 68%] [34m[1mGenerating Python code for ROS interfaces[0m
[16.966s] [ 68%] Built target slam_toolbox__py
[16.991s] [ 69%] [32mBuilding C object CMakeFiles/slam_toolbox__rosidl_generator_py.dir/rosidl_generator_py/slam_toolbox/srv/_reset_s.c.o[0m
[16.992s] [ 69%] [32mBuilding C object CMakeFiles/slam_toolbox__rosidl_generator_py.dir/rosidl_generator_py/slam_toolbox/srv/_pause_s.c.o[0m
[16.994s] [ 70%] [32mBuilding C object CMakeFiles/slam_toolbox__rosidl_generator_py.dir/rosidl_generator_py/slam_toolbox/srv/_clear_queue_s.c.o[0m
[16.994s] [ 71%] [32mBuilding C object CMakeFiles/slam_toolbox__rosidl_generator_py.dir/rosidl_generator_py/slam_toolbox/srv/_toggle_interactive_s.c.o[0m
[17.209s] [ 71%] [32mBuilding C object CMakeFiles/slam_toolbox__rosidl_generator_py.dir/rosidl_generator_py/slam_toolbox/srv/_clear_s.c.o[0m
[17.209s] [ 72%] [32mBuilding C object CMakeFiles/slam_toolbox__rosidl_generator_py.dir/rosidl_generator_py/slam_toolbox/srv/_save_map_s.c.o[0m
[17.213s] [ 73%] [32mBuilding C object CMakeFiles/slam_toolbox__rosidl_generator_py.dir/rosidl_generator_py/slam_toolbox/srv/_loop_closure_s.c.o[0m
[17.216s] [ 73%] [32mBuilding C object CMakeFiles/slam_toolbox__rosidl_generator_py.dir/rosidl_generator_py/slam_toolbox/srv/_merge_maps_s.c.o[0m
[17.410s] [ 74%] [32mBuilding C object CMakeFiles/slam_toolbox__rosidl_generator_py.dir/rosidl_generator_py/slam_toolbox/srv/_add_submap_s.c.o[0m
[17.429s] [ 75%] [32mBuilding C object CMakeFiles/slam_toolbox__rosidl_generator_py.dir/rosidl_generator_py/slam_toolbox/srv/_deserialize_pose_graph_s.c.o[0m
[17.433s] [ 75%] [32mBuilding C object CMakeFiles/slam_toolbox__rosidl_generator_py.dir/rosidl_generator_py/slam_toolbox/srv/_serialize_pose_graph_s.c.o[0m
[17.663s] [ 76%] [32m[1mLinking C shared library rosidl_generator_py/slam_toolbox/libslam_toolbox__rosidl_generator_py.so[0m
[17.714s] [ 76%] Built target slam_toolbox__rosidl_generator_py
[17.741s] [ 76%] [32mBuilding C object CMakeFiles/slam_toolbox__rosidl_typesupport_introspection_c__pyext.dir/rosidl_generator_py/slam_toolbox/_slam_toolbox_s.ep.rosidl_typesupport_introspection_c.c.o[0m
[17.742s] [ 76%] [32mBuilding C object CMakeFiles/slam_toolbox__rosidl_typesupport_fastrtps_c__pyext.dir/rosidl_generator_py/slam_toolbox/_slam_toolbox_s.ep.rosidl_typesupport_fastrtps_c.c.o[0m
[17.742s] [ 76%] [32mBuilding C object CMakeFiles/slam_toolbox__rosidl_typesupport_c__pyext.dir/rosidl_generator_py/slam_toolbox/_slam_toolbox_s.ep.rosidl_typesupport_c.c.o[0m
[18.334s] [ 77%] [32m[1mLinking C shared library rosidl_generator_py/slam_toolbox/slam_toolbox_s__rosidl_typesupport_introspection_c.cpython-310-x86_64-linux-gnu.so[0m
[18.349s] [ 78%] [32m[1mLinking C shared library rosidl_generator_py/slam_toolbox/slam_toolbox_s__rosidl_typesupport_c.cpython-310-x86_64-linux-gnu.so[0m
[18.353s] [ 79%] [32m[1mLinking C shared library rosidl_generator_py/slam_toolbox/slam_toolbox_s__rosidl_typesupport_fastrtps_c.cpython-310-x86_64-linux-gnu.so[0m
[18.400s] [ 79%] Built target slam_toolbox__rosidl_typesupport_introspection_c__pyext
[18.424s] [ 79%] Built target slam_toolbox__rosidl_typesupport_c__pyext
[18.428s] [ 79%] Built target slam_toolbox__rosidl_typesupport_fastrtps_c__pyext
[27.907s] [ 79%] [32m[1mLinking CXX shared library libkartoSlamToolbox.so[0m
[28.285s] [ 79%] Built target kartoSlamToolbox
[28.307s] [ 80%] [32mBuilding CXX object CMakeFiles/ceres_solver_plugin.dir/solvers/ceres_solver.cpp.o[0m
[28.309s] [ 81%] [32mBuilding CXX object CMakeFiles/toolbox_common.dir/src/slam_toolbox_common.cpp.o[0m
[28.309s] [ 83%] [32mBuilding CXX object CMakeFiles/toolbox_common.dir/src/map_saver.cpp.o[0m
[28.309s] [ 83%] [32mBuilding CXX object CMakeFiles/toolbox_common.dir/src/loop_closure_assistant.cpp.o[0m
[28.310s] [ 83%] [32mBuilding CXX object CMakeFiles/toolbox_common.dir/src/laser_utils.cpp.o[0m
[28.310s] [ 84%] [32mBuilding CXX object CMakeFiles/toolbox_common.dir/src/slam_mapper.cpp.o[0m
[39.045s] [ 84%] [32m[1mLinking CXX shared library libSlamToolboxPlugin.so[0m
[42.158s] [ 84%] Built target SlamToolboxPlugin
[48.859s] [ 84%] [32m[1mLinking CXX shared library libceres_solver_plugin.so[0m
[49.371s] [ 84%] Built target ceres_solver_plugin
[64.914s] [ 85%] [32m[1mLinking CXX shared library libtoolbox_common.so[0m
[65.569s] [ 85%] Built target toolbox_common
[65.590s] [ 86%] [32mBuilding CXX object CMakeFiles/sync_slam_toolbox.dir/src/slam_toolbox_sync.cpp.o[0m
[65.590s] [ 86%] [32mBuilding CXX object CMakeFiles/merge_maps_kinematic.dir/src/merge_maps_kinematic.cpp.o[0m
[65.591s] [ 87%] [32mBuilding CXX object CMakeFiles/lifelong_slam_toolbox.dir/src/experimental/slam_toolbox_lifelong.cpp.o[0m
[65.593s] [ 88%] [32mBuilding CXX object CMakeFiles/localization_slam_toolbox.dir/src/slam_toolbox_localization.cpp.o[0m
[65.594s] [ 89%] [32mBuilding CXX object CMakeFiles/async_slam_toolbox.dir/src/slam_toolbox_async.cpp.o[0m
[79.286s] [ 90%] [32m[1mLinking CXX shared library liblifelong_slam_toolbox.so[0m
[79.409s] [ 91%] [32m[1mLinking CXX shared library libasync_slam_toolbox.so[0m
[80.437s] [ 92%] [32m[1mLinking CXX shared library libsync_slam_toolbox.so[0m
[80.776s] [ 92%] Built target lifelong_slam_toolbox
[80.817s] [ 92%] [32mBuilding CXX object CMakeFiles/lifelong_slam_toolbox_node.dir/src/experimental/slam_toolbox_lifelong_node.cpp.o[0m
[80.911s] [ 92%] Built target async_slam_toolbox
[80.938s] [ 92%] [32mBuilding CXX object CMakeFiles/async_slam_toolbox_node.dir/src/slam_toolbox_async_node.cpp.o[0m
[81.427s] [ 92%] Built target sync_slam_toolbox
[81.448s] [ 93%] [32mBuilding CXX object CMakeFiles/sync_slam_toolbox_node.dir/src/slam_toolbox_sync_node.cpp.o[0m
[90.451s] [ 94%] [32m[1mLinking CXX executable merge_maps_kinematic[0m
[92.777s] [ 94%] Built target merge_maps_kinematic
[96.911s] [ 94%] [32m[1mLinking CXX shared library liblocalization_slam_toolbox.so[0m
[98.608s] [ 94%] Built target localization_slam_toolbox
[98.635s] [ 95%] [32mBuilding CXX object CMakeFiles/localization_slam_toolbox_node.dir/src/slam_toolbox_localization_node.cpp.o[0m
[98.635s] [ 95%] [32mBuilding CXX object CMakeFiles/map_and_localization_slam_toolbox.dir/src/experimental/slam_toolbox_map_and_localization.cpp.o[0m
[100.978s] [ 96%] [32m[1mLinking CXX executable async_slam_toolbox_node[0m
[102.432s] [ 96%] Built target async_slam_toolbox_node
[103.047s] [ 96%] [32m[1mLinking CXX executable sync_slam_toolbox_node[0m
[104.335s] [ 96%] Built target sync_slam_toolbox_node
[104.580s] [ 97%] [32m[1mLinking CXX executable lifelong_slam_toolbox_node[0m
[105.385s] [ 97%] Built target lifelong_slam_toolbox_node
[115.860s] [ 98%] [32m[1mLinking CXX executable localization_slam_toolbox_node[0m
[116.276s] [ 98%] Built target localization_slam_toolbox_node
[122.867s] [ 99%] [32m[1mLinking CXX shared library libmap_and_localization_slam_toolbox.so[0m
[123.374s] [ 99%] Built target map_and_localization_slam_toolbox
[123.392s] [100%] [32mBuilding CXX object CMakeFiles/map_and_localization_slam_toolbox_node.dir/src/experimental/slam_toolbox_map_and_localization_node.cpp.o[0m
[134.309s] [100%] [32m[1mLinking CXX executable map_and_localization_slam_toolbox_node[0m
[134.686s] [100%] Built target map_and_localization_slam_toolbox_node
[134.697s] Invoked command in '/home/holberton/ros2_ws/build/slam_toolbox' returned '0': CMAKE_PREFIX_PATH=${CMAKE_PREFIX_PATH}:/home/holberton/ros2_ws/install/test_publisher:/home/holberton/ros2_ws/install/auto_nav:/opt/ros/humble /usr/bin/cmake --build /home/holberton/ros2_ws/build/slam_toolbox -- -j8 -l8
[134.983s] Invoking command in '/home/holberton/ros2_ws/build/slam_toolbox': CMAKE_PREFIX_PATH=${CMAKE_PREFIX_PATH}:/home/holberton/ros2_ws/install/test_publisher:/home/holberton/ros2_ws/install/auto_nav:/opt/ros/humble /usr/bin/cmake --install /home/holberton/ros2_ws/build/slam_toolbox
[134.991s] -- Install configuration: "Release"
[134.991s] -- Installing: /home/holberton/ros2_ws/install/slam_toolbox/share/ament_index/resource_index/rosidl_interfaces/slam_toolbox
[134.992s] -- Installing: /home/holberton/ros2_ws/install/slam_toolbox/include/slam_toolbox/slam_toolbox
[134.992s] -- Installing: /home/holberton/ros2_ws/install/slam_toolbox/include/slam_toolbox/slam_toolbox/srv
[134.992s] -- Installing: /home/holberton/ros2_ws/install/slam_toolbox/include/slam_toolbox/slam_toolbox/srv/clear_queue.h
[134.992s] -- Installing: /home/holberton/ros2_ws/install/slam_toolbox/include/slam_toolbox/slam_toolbox/srv/merge_maps.h
[134.992s] -- Installing: /home/holberton/ros2_ws/install/slam_toolbox/include/slam_toolbox/slam_toolbox/srv/clear.h
[134.992s] -- Installing: /home/holberton/ros2_ws/install/slam_toolbox/include/slam_toolbox/slam_toolbox/srv/add_submap.h
[134.992s] -- Installing: /home/holberton/ros2_ws/install/slam_toolbox/include/slam_toolbox/slam_toolbox/srv/pause.h
[134.992s] -- Installing: /home/holberton/ros2_ws/install/slam_toolbox/include/slam_toolbox/slam_toolbox/srv/reset.h
[134.992s] -- Installing: /home/holberton/ros2_ws/install/slam_toolbox/include/slam_toolbox/slam_toolbox/srv/deserialize_pose_graph.h
[134.992s] -- Installing: /home/holberton/ros2_ws/install/slam_toolbox/include/slam_toolbox/slam_toolbox/srv/loop_closure.h
[134.993s] -- Installing: /home/holberton/ros2_ws/install/slam_toolbox/include/slam_toolbox/slam_toolbox/srv/detail
[134.993s] -- Installing: /home/holberton/ros2_ws/install/slam_toolbox/include/slam_toolbox/slam_toolbox/srv/detail/clear__type_support.h
[134.993s] -- Installing: /home/holberton/ros2_ws/install/slam_toolbox/include/slam_toolbox/slam_toolbox/srv/detail/toggle_interactive__type_support.h
[134.993s] -- Installing: /home/holberton/ros2_ws/install/slam_toolbox/include/slam_toolbox/slam_toolbox/srv/detail/serialize_pose_graph__type_support.h
[134.993s] -- Installing: /home/holberton/ros2_ws/install/slam_toolbox/include/slam_toolbox/slam_toolbox/srv/detail/pause__functions.h
[134.993s] -- Installing: /home/holberton/ros2_ws/install/slam_toolbox/include/slam_toolbox/slam_toolbox/srv/detail/add_submap__functions.c
[134.993s] -- Installing: /home/holberton/ros2_ws/install/slam_toolbox/include/slam_toolbox/slam_toolbox/srv/detail/save_map__functions.c
[134.993s] -- Installing: /home/holberton/ros2_ws/install/slam_toolbox/include/slam_toolbox/slam_toolbox/srv/detail/toggle_interactive__functions.c
[134.993s] -- Installing: /home/holberton/ros2_ws/install/slam_toolbox/include/slam_toolbox/slam_toolbox/srv/detail/serialize_pose_graph__struct.h
[134.994s] -- Installing: /home/holberton/ros2_ws/install/slam_toolbox/include/slam_toolbox/slam_toolbox/srv/detail/clear_queue__functions.h
[134.994s] -- Installing: /home/holberton/ros2_ws/install/slam_toolbox/include/slam_toolbox/slam_toolbox/srv/detail/save_map__functions.h
[134.994s] -- Installing: /home/holberton/ros2_ws/install/slam_toolbox/include/slam_toolbox/slam_toolbox/srv/detail/clear_queue__type_support.h
[134.994s] -- Installing: /home/holberton/ros2_ws/install/slam_toolbox/include/slam_toolbox/slam_toolbox/srv/detail/clear__struct.h
[134.994s] -- Installing: /home/holberton/ros2_ws/install/slam_toolbox/include/slam_toolbox/slam_toolbox/srv/detail/reset__functions.h
[134.994s] -- Installing: /home/holberton/ros2_ws/install/slam_toolbox/include/slam_toolbox/slam_toolbox/srv/detail/merge_maps__struct.h
[134.994s] -- Installing: /home/holberton/ros2_ws/install/slam_toolbox/include/slam_toolbox/slam_toolbox/srv/detail/serialize_pose_graph__functions.h
[134.995s] -- Installing: /home/holberton/ros2_ws/install/slam_toolbox/include/slam_toolbox/slam_toolbox/srv/detail/merge_maps__type_support.h
[134.995s] -- Installing: /home/holberton/ros2_ws/install/slam_toolbox/include/slam_toolbox/slam_toolbox/srv/detail/merge_maps__functions.h
[134.995s] -- Installing: /home/holberton/ros2_ws/install/slam_toolbox/include/slam_toolbox/slam_toolbox/srv/detail/loop_closure__functions.c
[134.995s] -- Installing: /home/holberton/ros2_ws/install/slam_toolbox/include/slam_toolbox/slam_toolbox/srv/detail/reset__functions.c
[134.995s] -- Installing: /home/holberton/ros2_ws/install/slam_toolbox/include/slam_toolbox/slam_toolbox/srv/detail/deserialize_pose_graph__functions.c
[134.995s] -- Installing: /home/holberton/ros2_ws/install/slam_toolbox/include/slam_toolbox/slam_toolbox/srv/detail/toggle_interactive__functions.h
[134.995s] -- Installing: /home/holberton/ros2_ws/install/slam_toolbox/include/slam_toolbox/slam_toolbox/srv/detail/reset__type_support.h
[134.995s] -- Installing: /home/holberton/ros2_ws/install/slam_toolbox/include/slam_toolbox/slam_toolbox/srv/detail/save_map__type_support.h
[134.995s] -- Installing: /home/holberton/ros2_ws/install/slam_toolbox/include/slam_toolbox/slam_toolbox/srv/detail/deserialize_pose_graph__functions.h
[134.996s] -- Installing: /home/holberton/ros2_ws/install/slam_toolbox/include/slam_toolbox/slam_toolbox/srv/detail/clear_queue__functions.c
[134.996s] -- Installing: /home/holberton/ros2_ws/install/slam_toolbox/include/slam_toolbox/slam_toolbox/srv/detail/serialize_pose_graph__functions.c
[134.996s] -- Installing: /home/holberton/ros2_ws/install/slam_toolbox/include/slam_toolbox/slam_toolbox/srv/detail/reset__struct.h
[134.996s] -- Installing: /home/holberton/ros2_ws/install/slam_toolbox/include/slam_toolbox/slam_toolbox/srv/detail/deserialize_pose_graph__struct.h
[134.996s] -- Installing: /home/holberton/ros2_ws/install/slam_toolbox/include/slam_toolbox/slam_toolbox/srv/detail/pause__struct.h
[134.996s] -- Installing: /home/holberton/ros2_ws/install/slam_toolbox/include/slam_toolbox/slam_toolbox/srv/detail/pause__functions.c
[134.996s] -- Installing: /home/holberton/ros2_ws/install/slam_toolbox/include/slam_toolbox/slam_toolbox/srv/detail/pause__type_support.h
[134.996s] -- Installing: /home/holberton/ros2_ws/install/slam_toolbox/include/slam_toolbox/slam_toolbox/srv/detail/loop_closure__type_support.h
[134.997s] -- Installing: /home/holberton/ros2_ws/install/slam_toolbox/include/slam_toolbox/slam_toolbox/srv/detail/add_submap__struct.h
[134.997s] -- Installing: /home/holberton/ros2_ws/install/slam_toolbox/include/slam_toolbox/slam_toolbox/srv/detail/add_submap__type_support.h
[134.997s] -- Installing: /home/holberton/ros2_ws/install/slam_toolbox/include/slam_toolbox/slam_toolbox/srv/detail/loop_closure__struct.h
[134.997s] -- Installing: /home/holberton/ros2_ws/install/slam_toolbox/include/slam_toolbox/slam_toolbox/srv/detail/clear__functions.c
[134.997s] -- Installing: /home/holberton/ros2_ws/install/slam_toolbox/include/slam_toolbox/slam_toolbox/srv/detail/save_map__struct.h
[134.997s] -- Installing: /home/holberton/ros2_ws/install/slam_toolbox/include/slam_toolbox/slam_toolbox/srv/detail/add_submap__functions.h
[134.997s] -- Installing: /home/holberton/ros2_ws/install/slam_toolbox/include/slam_toolbox/slam_toolbox/srv/detail/loop_closure__functions.h
[134.997s] -- Installing: /home/holberton/ros2_ws/install/slam_toolbox/include/slam_toolbox/slam_toolbox/srv/detail/toggle_interactive__struct.h
[134.997s] -- Installing: /home/holberton/ros2_ws/install/slam_toolbox/include/slam_toolbox/slam_toolbox/srv/detail/deserialize_pose_graph__type_support.h
[134.998s] -- Installing: /home/holberton/ros2_ws/install/slam_toolbox/include/slam_toolbox/slam_toolbox/srv/detail/clear_queue__struct.h
[134.998s] -- Installing: /home/holberton/ros2_ws/install/slam_toolbox/include/slam_toolbox/slam_toolbox/srv/detail/merge_maps__functions.c
[134.998s] -- Installing: /home/holberton/ros2_ws/install/slam_toolbox/include/slam_toolbox/slam_toolbox/srv/detail/clear__functions.h
[134.998s] -- Installing: /home/holberton/ros2_ws/install/slam_toolbox/include/slam_toolbox/slam_toolbox/srv/toggle_interactive.h
[134.998s] -- Installing: /home/holberton/ros2_ws/install/slam_toolbox/include/slam_toolbox/slam_toolbox/srv/save_map.h
[134.998s] -- Installing: /home/holberton/ros2_ws/install/slam_toolbox/include/slam_toolbox/slam_toolbox/srv/serialize_pose_graph.h
[134.998s] -- Installing: /home/holberton/ros2_ws/install/slam_toolbox/include/slam_toolbox/slam_toolbox/msg
[134.998s] -- Installing: /home/holberton/ros2_ws/install/slam_toolbox/include/slam_toolbox/slam_toolbox/msg/rosidl_generator_c__visibility_control.h
[134.999s] -- Installing: /home/holberton/ros2_ws/install/slam_toolbox/share/slam_toolbox/environment/library_path.sh
[134.999s] -- Installing: /home/holberton/ros2_ws/install/slam_toolbox/share/slam_toolbox/environment/library_path.dsv
[134.999s] -- Installing: /home/holberton/ros2_ws/install/slam_toolbox/lib/libslam_toolbox__rosidl_generator_c.so
[134.999s] -- Set runtime path of "/home/holberton/ros2_ws/install/slam_toolbox/lib/libslam_toolbox__rosidl_generator_c.so" to ""
[135.000s] -- Up-to-date: /home/holberton/ros2_ws/install/slam_toolbox/include/slam_toolbox/slam_toolbox
[135.000s] -- Up-to-date: /home/holberton/ros2_ws/install/slam_toolbox/include/slam_toolbox/slam_toolbox/srv
[135.000s] -- Up-to-date: /home/holberton/ros2_ws/install/slam_toolbox/include/slam_toolbox/slam_toolbox/srv/detail
[135.000s] -- Installing: /home/holberton/ros2_ws/install/slam_toolbox/include/slam_toolbox/slam_toolbox/srv/detail/loop_closure__rosidl_typesupport_fastrtps_c.h
[135.000s] -- Installing: /home/holberton/ros2_ws/install/slam_toolbox/include/slam_toolbox/slam_toolbox/srv/detail/toggle_interactive__rosidl_typesupport_fastrtps_c.h
[135.000s] -- Installing: /home/holberton/ros2_ws/install/slam_toolbox/include/slam_toolbox/slam_toolbox/srv/detail/deserialize_pose_graph__rosidl_typesupport_fastrtps_c.h
[135.000s] -- Installing: /home/holberton/ros2_ws/install/slam_toolbox/include/slam_toolbox/slam_toolbox/srv/detail/merge_maps__rosidl_typesupport_fastrtps_c.h
[135.000s] -- Installing: /home/holberton/ros2_ws/install/slam_toolbox/include/slam_toolbox/slam_toolbox/srv/detail/add_submap__rosidl_typesupport_fastrtps_c.h
[135.000s] -- Installing: /home/holberton/ros2_ws/install/slam_toolbox/include/slam_toolbox/slam_toolbox/srv/detail/save_map__rosidl_typesupport_fastrtps_c.h
[135.000s] -- Installing: /home/holberton/ros2_ws/install/slam_toolbox/include/slam_toolbox/slam_toolbox/srv/detail/pause__rosidl_typesupport_fastrtps_c.h
[135.001s] -- Installing: /home/holberton/ros2_ws/install/slam_toolbox/include/slam_toolbox/slam_toolbox/srv/detail/clear_queue__rosidl_typesupport_fastrtps_c.h
[135.001s] -- Installing: /home/holberton/ros2_ws/install/slam_toolbox/include/slam_toolbox/slam_toolbox/srv/detail/clear__rosidl_typesupport_fastrtps_c.h
[135.001s] -- Installing: /home/holberton/ros2_ws/install/slam_toolbox/include/slam_toolbox/slam_toolbox/srv/detail/serialize_pose_graph__rosidl_typesupport_fastrtps_c.h
[135.001s] -- Installing: /home/holberton/ros2_ws/install/slam_toolbox/include/slam_toolbox/slam_toolbox/srv/detail/reset__rosidl_typesupport_fastrtps_c.h
[135.001s] -- Up-to-date: /home/holberton/ros2_ws/install/slam_toolbox/include/slam_toolbox/slam_toolbox/msg
[135.001s] -- Installing: /home/holberton/ros2_ws/install/slam_toolbox/include/slam_toolbox/slam_toolbox/msg/rosidl_typesupport_fastrtps_c__visibility_control.h
[135.001s] -- Installing: /home/holberton/ros2_ws/install/slam_toolbox/lib/libslam_toolbox__rosidl_typesupport_fastrtps_c.so
[135.002s] -- Set runtime path of "/home/holberton/ros2_ws/install/slam_toolbox/lib/libslam_toolbox__rosidl_typesupport_fastrtps_c.so" to ""
[135.002s] -- Up-to-date: /home/holberton/ros2_ws/install/slam_toolbox/include/slam_toolbox/slam_toolbox
[135.002s] -- Up-to-date: /home/holberton/ros2_ws/install/slam_toolbox/include/slam_toolbox/slam_toolbox/srv
[135.002s] -- Installing: /home/holberton/ros2_ws/install/slam_toolbox/include/slam_toolbox/slam_toolbox/srv/merge_maps.hpp
[135.002s] -- Installing: /home/holberton/ros2_ws/install/slam_toolbox/include/slam_toolbox/slam_toolbox/srv/deserialize_pose_graph.hpp
[135.002s] -- Installing: /home/holberton/ros2_ws/install/slam_toolbox/include/slam_toolbox/slam_toolbox/srv/loop_closure.hpp
[135.002s] -- Installing: /home/holberton/ros2_ws/install/slam_toolbox/include/slam_toolbox/slam_toolbox/srv/save_map.hpp
[135.002s] -- Installing: /home/holberton/ros2_ws/install/slam_toolbox/include/slam_toolbox/slam_toolbox/srv/clear.hpp
[135.002s] -- Installing: /home/holberton/ros2_ws/install/slam_toolbox/include/slam_toolbox/slam_toolbox/srv/toggle_interactive.hpp
[135.002s] -- Installing: /home/holberton/ros2_ws/install/slam_toolbox/include/slam_toolbox/slam_toolbox/srv/pause.hpp
[135.002s] -- Installing: /home/holberton/ros2_ws/install/slam_toolbox/include/slam_toolbox/slam_toolbox/srv/clear_queue.hpp
[135.002s] -- Up-to-date: /home/holberton/ros2_ws/install/slam_toolbox/include/slam_toolbox/slam_toolbox/srv/detail
[135.003s] -- Installing: /home/holberton/ros2_ws/install/slam_toolbox/include/slam_toolbox/slam_toolbox/srv/detail/toggle_interactive__traits.hpp
[135.003s] -- Installing: /home/holberton/ros2_ws/install/slam_toolbox/include/slam_toolbox/slam_toolbox/srv/detail/toggle_interactive__struct.hpp
[135.003s] -- Installing: /home/holberton/ros2_ws/install/slam_toolbox/include/slam_toolbox/slam_toolbox/srv/detail/reset__builder.hpp
[135.003s] -- Installing: /home/holberton/ros2_ws/install/slam_toolbox/include/slam_toolbox/slam_toolbox/srv/detail/loop_closure__traits.hpp
[135.003s] -- Installing: /home/holberton/ros2_ws/install/slam_toolbox/include/slam_toolbox/slam_toolbox/srv/detail/toggle_interactive__builder.hpp
[135.003s] -- Installing: /home/holberton/ros2_ws/install/slam_toolbox/include/slam_toolbox/slam_toolbox/srv/detail/deserialize_pose_graph__builder.hpp
[135.003s] -- Installing: /home/holberton/ros2_ws/install/slam_toolbox/include/slam_toolbox/slam_toolbox/srv/detail/loop_closure__builder.hpp
[135.003s] -- Installing: /home/holberton/ros2_ws/install/slam_toolbox/include/slam_toolbox/slam_toolbox/srv/detail/add_submap__struct.hpp
[135.003s] -- Installing: /home/holberton/ros2_ws/install/slam_toolbox/include/slam_toolbox/slam_toolbox/srv/detail/clear_queue__struct.hpp
[135.003s] -- Installing: /home/holberton/ros2_ws/install/slam_toolbox/include/slam_toolbox/slam_toolbox/srv/detail/merge_maps__traits.hpp
[135.004s] -- Installing: /home/holberton/ros2_ws/install/slam_toolbox/include/slam_toolbox/slam_toolbox/srv/detail/pause__builder.hpp
[135.004s] -- Installing: /home/holberton/ros2_ws/install/slam_toolbox/include/slam_toolbox/slam_toolbox/srv/detail/pause__traits.hpp
[135.004s] -- Installing: /home/holberton/ros2_ws/install/slam_toolbox/include/slam_toolbox/slam_toolbox/srv/detail/save_map__builder.hpp
[135.004s] -- Installing: /home/holberton/ros2_ws/install/slam_toolbox/include/slam_toolbox/slam_toolbox/srv/detail/serialize_pose_graph__traits.hpp
[135.004s] -- Installing: /home/holberton/ros2_ws/install/slam_toolbox/include/slam_toolbox/slam_toolbox/srv/detail/reset__traits.hpp
[135.004s] -- Installing: /home/holberton/ros2_ws/install/slam_toolbox/include/slam_toolbox/slam_toolbox/srv/detail/clear_queue__builder.hpp
[135.004s] -- Installing: /home/holberton/ros2_ws/install/slam_toolbox/include/slam_toolbox/slam_toolbox/srv/detail/serialize_pose_graph__builder.hpp
[135.004s] -- Installing: /home/holberton/ros2_ws/install/slam_toolbox/include/slam_toolbox/slam_toolbox/srv/detail/clear__struct.hpp
[135.005s] -- Installing: /home/holberton/ros2_ws/install/slam_toolbox/include/slam_toolbox/slam_toolbox/srv/detail/clear__builder.hpp
[135.005s] -- Installing: /home/holberton/ros2_ws/install/slam_toolbox/include/slam_toolbox/slam_toolbox/srv/detail/clear_queue__traits.hpp
[135.005s] -- Installing: /home/holberton/ros2_ws/install/slam_toolbox/include/slam_toolbox/slam_toolbox/srv/detail/add_submap__builder.hpp
[135.005s] -- Installing: /home/holberton/ros2_ws/install/slam_toolbox/include/slam_toolbox/slam_toolbox/srv/detail/reset__struct.hpp
[135.005s] -- Installing: /home/holberton/ros2_ws/install/slam_toolbox/include/slam_toolbox/slam_toolbox/srv/detail/save_map__traits.hpp
[135.005s] -- Installing: /home/holberton/ros2_ws/install/slam_toolbox/include/slam_toolbox/slam_toolbox/srv/detail/merge_maps__builder.hpp
[135.005s] -- Installing: /home/holberton/ros2_ws/install/slam_toolbox/include/slam_toolbox/slam_toolbox/srv/detail/loop_closure__struct.hpp
[135.005s] -- Installing: /home/holberton/ros2_ws/install/slam_toolbox/include/slam_toolbox/slam_toolbox/srv/detail/pause__struct.hpp
[135.006s] -- Installing: /home/holberton/ros2_ws/install/slam_toolbox/include/slam_toolbox/slam_toolbox/srv/detail/clear__traits.hpp
[135.006s] -- Installing: /home/holberton/ros2_ws/install/slam_toolbox/include/slam_toolbox/slam_toolbox/srv/detail/add_submap__traits.hpp
[135.006s] -- Installing: /home/holberton/ros2_ws/install/slam_toolbox/include/slam_toolbox/slam_toolbox/srv/detail/deserialize_pose_graph__traits.hpp
[135.006s] -- Installing: /home/holberton/ros2_ws/install/slam_toolbox/include/slam_toolbox/slam_toolbox/srv/detail/save_map__struct.hpp
[135.006s] -- Installing: /home/holberton/ros2_ws/install/slam_toolbox/include/slam_toolbox/slam_toolbox/srv/detail/deserialize_pose_graph__struct.hpp
[135.006s] -- Installing: /home/holberton/ros2_ws/install/slam_toolbox/include/slam_toolbox/slam_toolbox/srv/detail/serialize_pose_graph__struct.hpp
[135.006s] -- Installing: /home/holberton/ros2_ws/install/slam_toolbox/include/slam_toolbox/slam_toolbox/srv/detail/merge_maps__struct.hpp
[135.006s] -- Installing: /home/holberton/ros2_ws/install/slam_toolbox/include/slam_toolbox/slam_toolbox/srv/serialize_pose_graph.hpp
[135.007s] -- Installing: /home/holberton/ros2_ws/install/slam_toolbox/include/slam_toolbox/slam_toolbox/srv/reset.hpp
[135.007s] -- Installing: /home/holberton/ros2_ws/install/slam_toolbox/include/slam_toolbox/slam_toolbox/srv/add_submap.hpp
[135.007s] -- Up-to-date: /home/holberton/ros2_ws/install/slam_toolbox/include/slam_toolbox/slam_toolbox
[135.007s] -- Up-to-date: /home/holberton/ros2_ws/install/slam_toolbox/include/slam_toolbox/slam_toolbox/srv
[135.007s] -- Up-to-date: /home/holberton/ros2_ws/install/slam_toolbox/include/slam_toolbox/slam_toolbox/srv/detail
[135.007s] -- Installing: /home/holberton/ros2_ws/install/slam_toolbox/include/slam_toolbox/slam_toolbox/srv/detail/pause__rosidl_typesupport_fastrtps_cpp.hpp
[135.007s] -- Installing: /home/holberton/ros2_ws/install/slam_toolbox/include/slam_toolbox/slam_toolbox/srv/detail/clear_queue__rosidl_typesupport_fastrtps_cpp.hpp
[135.007s] -- Installing: /home/holberton/ros2_ws/install/slam_toolbox/include/slam_toolbox/slam_toolbox/srv/detail/reset__rosidl_typesupport_fastrtps_cpp.hpp
[135.007s] -- Installing: /home/holberton/ros2_ws/install/slam_toolbox/include/slam_toolbox/slam_toolbox/srv/detail/deserialize_pose_graph__rosidl_typesupport_fastrtps_cpp.hpp
[135.007s] -- Installing: /home/holberton/ros2_ws/install/slam_toolbox/include/slam_toolbox/slam_toolbox/srv/detail/clear__rosidl_typesupport_fastrtps_cpp.hpp
[135.007s] -- Installing: /home/holberton/ros2_ws/install/slam_toolbox/include/slam_toolbox/slam_toolbox/srv/detail/add_submap__rosidl_typesupport_fastrtps_cpp.hpp
[135.008s] -- Installing: /home/holberton/ros2_ws/install/slam_toolbox/include/slam_toolbox/slam_toolbox/srv/detail/save_map__rosidl_typesupport_fastrtps_cpp.hpp
[135.008s] -- Installing: /home/holberton/ros2_ws/install/slam_toolbox/include/slam_toolbox/slam_toolbox/srv/detail/merge_maps__rosidl_typesupport_fastrtps_cpp.hpp
[135.008s] -- Installing: /home/holberton/ros2_ws/install/slam_toolbox/include/slam_toolbox/slam_toolbox/srv/detail/loop_closure__rosidl_typesupport_fastrtps_cpp.hpp
[135.008s] -- Installing: /home/holberton/ros2_ws/install/slam_toolbox/include/slam_toolbox/slam_toolbox/srv/detail/serialize_pose_graph__rosidl_typesupport_fastrtps_cpp.hpp
[135.008s] -- Installing: /home/holberton/ros2_ws/install/slam_toolbox/include/slam_toolbox/slam_toolbox/srv/detail/dds_fastrtps
[135.008s] -- Installing: /home/holberton/ros2_ws/install/slam_toolbox/include/slam_toolbox/slam_toolbox/srv/detail/toggle_interactive__rosidl_typesupport_fastrtps_cpp.hpp
[135.008s] -- Up-to-date: /home/holberton/ros2_ws/install/slam_toolbox/include/slam_toolbox/slam_toolbox/msg
[135.008s] -- Installing: /home/holberton/ros2_ws/install/slam_toolbox/include/slam_toolbox/slam_toolbox/msg/rosidl_typesupport_fastrtps_cpp__visibility_control.h
[135.009s] -- Installing: /home/holberton/ros2_ws/install/slam_toolbox/lib/libslam_toolbox__rosidl_typesupport_fastrtps_cpp.so
[135.009s] -- Set runtime path of "/home/holberton/ros2_ws/install/slam_toolbox/lib/libslam_toolbox__rosidl_typesupport_fastrtps_cpp.so" to ""
[135.009s] -- Up-to-date: /home/holberton/ros2_ws/install/slam_toolbox/include/slam_toolbox/slam_toolbox
[135.009s] -- Up-to-date: /home/holberton/ros2_ws/install/slam_toolbox/include/slam_toolbox/slam_toolbox/srv
[135.009s] -- Up-to-date: /home/holberton/ros2_ws/install/slam_toolbox/include/slam_toolbox/slam_toolbox/srv/detail
[135.009s] -- Installing: /home/holberton/ros2_ws/install/slam_toolbox/include/slam_toolbox/slam_toolbox/srv/detail/merge_maps__type_support.c
[135.010s] -- Installing: /home/holberton/ros2_ws/install/slam_toolbox/include/slam_toolbox/slam_toolbox/srv/detail/clear__rosidl_typesupport_introspection_c.h
[135.010s] -- Installing: /home/holberton/ros2_ws/install/slam_toolbox/include/slam_toolbox/slam_toolbox/srv/detail/loop_closure__type_support.c
[135.010s] -- Installing: /home/holberton/ros2_ws/install/slam_toolbox/include/slam_toolbox/slam_toolbox/srv/detail/deserialize_pose_graph__type_support.c
[135.010s] -- Installing: /home/holberton/ros2_ws/install/slam_toolbox/include/slam_toolbox/slam_toolbox/srv/detail/loop_closure__rosidl_typesupport_introspection_c.h
[135.010s] -- Installing: /home/holberton/ros2_ws/install/slam_toolbox/include/slam_toolbox/slam_toolbox/srv/detail/add_submap__type_support.c
[135.010s] -- Installing: /home/holberton/ros2_ws/install/slam_toolbox/include/slam_toolbox/slam_toolbox/srv/detail/clear_queue__rosidl_typesupport_introspection_c.h
[135.010s] -- Installing: /home/holberton/ros2_ws/install/slam_toolbox/include/slam_toolbox/slam_toolbox/srv/detail/save_map__type_support.c
[135.010s] -- Installing: /home/holberton/ros2_ws/install/slam_toolbox/include/slam_toolbox/slam_toolbox/srv/detail/reset__type_support.c
[135.011s] -- Installing: /home/holberton/ros2_ws/install/slam_toolbox/include/slam_toolbox/slam_toolbox/srv/detail/merge_maps__rosidl_typesupport_introspection_c.h
[135.011s] -- Installing: /home/holberton/ros2_ws/install/slam_toolbox/include/slam_toolbox/slam_toolbox/srv/detail/pause__rosidl_typesupport_introspection_c.h
[135.011s] -- Installing: /home/holberton/ros2_ws/install/slam_toolbox/include/slam_toolbox/slam_toolbox/srv/detail/toggle_interactive__type_support.c
[135.011s] -- Installing: /home/holberton/ros2_ws/install/slam_toolbox/include/slam_toolbox/slam_toolbox/srv/detail/pause__type_support.c
[135.011s] -- Installing: /home/holberton/ros2_ws/install/slam_toolbox/include/slam_toolbox/slam_toolbox/srv/detail/clear_queue__type_support.c
[135.011s] -- Installing: /home/holberton/ros2_ws/install/slam_toolbox/include/slam_toolbox/slam_toolbox/srv/detail/serialize_pose_graph__type_support.c
[135.011s] -- Installing: /home/holberton/ros2_ws/install/slam_toolbox/include/slam_toolbox/slam_toolbox/srv/detail/toggle_interactive__rosidl_typesupport_introspection_c.h
[135.011s] -- Installing: /home/holberton/ros2_ws/install/slam_toolbox/include/slam_toolbox/slam_toolbox/srv/detail/save_map__rosidl_typesupport_introspection_c.h
[135.012s] -- Installing: /home/holberton/ros2_ws/install/slam_toolbox/include/slam_toolbox/slam_toolbox/srv/detail/serialize_pose_graph__rosidl_typesupport_introspection_c.h
[135.012s] -- Installing: /home/holberton/ros2_ws/install/slam_toolbox/include/slam_toolbox/slam_toolbox/srv/detail/reset__rosidl_typesupport_introspection_c.h
[135.012s] -- Installing: /home/holberton/ros2_ws/install/slam_toolbox/include/slam_toolbox/slam_toolbox/srv/detail/deserialize_pose_graph__rosidl_typesupport_introspection_c.h
[135.012s] -- Installing: /home/holberton/ros2_ws/install/slam_toolbox/include/slam_toolbox/slam_toolbox/srv/detail/clear__type_support.c
[135.012s] -- Installing: /home/holberton/ros2_ws/install/slam_toolbox/include/slam_toolbox/slam_toolbox/srv/detail/add_submap__rosidl_typesupport_introspection_c.h
[135.012s] -- Up-to-date: /home/holberton/ros2_ws/install/slam_toolbox/include/slam_toolbox/slam_toolbox/msg
[135.012s] -- Installing: /home/holberton/ros2_ws/install/slam_toolbox/include/slam_toolbox/slam_toolbox/msg/rosidl_typesupport_introspection_c__visibility_control.h
[135.012s] -- Installing: /home/holberton/ros2_ws/install/slam_toolbox/lib/libslam_toolbox__rosidl_typesupport_introspection_c.so
[135.013s] -- Set runtime path of "/home/holberton/ros2_ws/install/slam_toolbox/lib/libslam_toolbox__rosidl_typesupport_introspection_c.so" to ""
[135.013s] -- Installing: /home/holberton/ros2_ws/install/slam_toolbox/lib/libslam_toolbox__rosidl_typesupport_c.so
[135.013s] -- Set runtime path of "/home/holberton/ros2_ws/install/slam_toolbox/lib/libslam_toolbox__rosidl_typesupport_c.so" to ""
[135.013s] -- Up-to-date: /home/holberton/ros2_ws/install/slam_toolbox/include/slam_toolbox/slam_toolbox
[135.013s] -- Up-to-date: /home/holberton/ros2_ws/install/slam_toolbox/include/slam_toolbox/slam_toolbox/srv
[135.014s] -- Up-to-date: /home/holberton/ros2_ws/install/slam_toolbox/include/slam_toolbox/slam_toolbox/srv/detail
[135.014s] -- Installing: /home/holberton/ros2_ws/install/slam_toolbox/include/slam_toolbox/slam_toolbox/srv/detail/pause__rosidl_typesupport_introspection_cpp.hpp
[135.014s] -- Installing: /home/holberton/ros2_ws/install/slam_toolbox/include/slam_toolbox/slam_toolbox/srv/detail/toggle_interactive__rosidl_typesupport_introspection_cpp.hpp
[135.014s] -- Installing: /home/holberton/ros2_ws/install/slam_toolbox/include/slam_toolbox/slam_toolbox/srv/detail/reset__rosidl_typesupport_introspection_cpp.hpp
[135.014s] -- Installing: /home/holberton/ros2_ws/install/slam_toolbox/include/slam_toolbox/slam_toolbox/srv/detail/merge_maps__rosidl_typesupport_introspection_cpp.hpp
[135.014s] -- Installing: /home/holberton/ros2_ws/install/slam_toolbox/include/slam_toolbox/slam_toolbox/srv/detail/deserialize_pose_graph__type_support.cpp
[135.014s] -- Installing: /home/holberton/ros2_ws/install/slam_toolbox/include/slam_toolbox/slam_toolbox/srv/detail/reset__type_support.cpp
[135.014s] -- Installing: /home/holberton/ros2_ws/install/slam_toolbox/include/slam_toolbox/slam_toolbox/srv/detail/add_submap__rosidl_typesupport_introspection_cpp.hpp
[135.014s] -- Installing: /home/holberton/ros2_ws/install/slam_toolbox/include/slam_toolbox/slam_toolbox/srv/detail/pause__type_support.cpp
[135.015s] -- Installing: /home/holberton/ros2_ws/install/slam_toolbox/include/slam_toolbox/slam_toolbox/srv/detail/serialize_pose_graph__rosidl_typesupport_introspection_cpp.hpp
[135.015s] -- Installing: /home/holberton/ros2_ws/install/slam_toolbox/include/slam_toolbox/slam_toolbox/srv/detail/toggle_interactive__type_support.cpp
[135.015s] -- Installing: /home/holberton/ros2_ws/install/slam_toolbox/include/slam_toolbox/slam_toolbox/srv/detail/deserialize_pose_graph__rosidl_typesupport_introspection_cpp.hpp
[135.015s] -- Installing: /home/holberton/ros2_ws/install/slam_toolbox/include/slam_toolbox/slam_toolbox/srv/detail/loop_closure__type_support.cpp
[135.015s] -- Installing: /home/holberton/ros2_ws/install/slam_toolbox/include/slam_toolbox/slam_toolbox/srv/detail/merge_maps__type_support.cpp
[135.015s] -- Installing: /home/holberton/ros2_ws/install/slam_toolbox/include/slam_toolbox/slam_toolbox/srv/detail/clear__rosidl_typesupport_introspection_cpp.hpp
[135.015s] -- Installing: /home/holberton/ros2_ws/install/slam_toolbox/include/slam_toolbox/slam_toolbox/srv/detail/add_submap__type_support.cpp
[135.015s] -- Installing: /home/holberton/ros2_ws/install/slam_toolbox/include/slam_toolbox/slam_toolbox/srv/detail/clear_queue__rosidl_typesupport_introspection_cpp.hpp
[135.016s] -- Installing: /home/holberton/ros2_ws/install/slam_toolbox/include/slam_toolbox/slam_toolbox/srv/detail/loop_closure__rosidl_typesupport_introspection_cpp.hpp
[135.016s] -- Installing: /home/holberton/ros2_ws/install/slam_toolbox/include/slam_toolbox/slam_toolbox/srv/detail/save_map__type_support.cpp
[135.016s] -- Installing: /home/holberton/ros2_ws/install/slam_toolbox/include/slam_toolbox/slam_toolbox/srv/detail/save_map__rosidl_typesupport_introspection_cpp.hpp
[135.016s] -- Installing: /home/holberton/ros2_ws/install/slam_toolbox/include/slam_toolbox/slam_toolbox/srv/detail/serialize_pose_graph__type_support.cpp
[135.016s] -- Installing: /home/holberton/ros2_ws/install/slam_toolbox/include/slam_toolbox/slam_toolbox/srv/detail/clear_queue__type_support.cpp
[135.016s] -- Installing: /home/holberton/ros2_ws/install/slam_toolbox/include/slam_toolbox/slam_toolbox/srv/detail/clear__type_support.cpp
[135.016s] -- Installing: /home/holberton/ros2_ws/install/slam_toolbox/lib/libslam_toolbox__rosidl_typesupport_introspection_cpp.so
[135.017s] -- Set runtime path of "/home/holberton/ros2_ws/install/slam_toolbox/lib/libslam_toolbox__rosidl_typesupport_introspection_cpp.so" to ""
[135.017s] -- Installing: /home/holberton/ros2_ws/install/slam_toolbox/lib/libslam_toolbox__rosidl_typesupport_cpp.so
[135.017s] -- Set runtime path of "/home/holberton/ros2_ws/install/slam_toolbox/lib/libslam_toolbox__rosidl_typesupport_cpp.so" to ""
[135.017s] -- Installing: /home/holberton/ros2_ws/install/slam_toolbox/share/slam_toolbox/environment/pythonpath.sh
[135.018s] -- Installing: /home/holberton/ros2_ws/install/slam_toolbox/share/slam_toolbox/environment/pythonpath.dsv
[135.018s] -- Installing: /home/holberton/ros2_ws/install/slam_toolbox/local/lib/python3.10/dist-packages/slam_toolbox-2.7.0-py3.10.egg-info
[135.018s] -- Installing: /home/holberton/ros2_ws/install/slam_toolbox/local/lib/python3.10/dist-packages/slam_toolbox-2.7.0-py3.10.egg-info/dependency_links.txt
[135.018s] -- Installing: /home/holberton/ros2_ws/install/slam_toolbox/local/lib/python3.10/dist-packages/slam_toolbox-2.7.0-py3.10.egg-info/PKG-INFO
[135.018s] -- Installing: /home/holberton/ros2_ws/install/slam_toolbox/local/lib/python3.10/dist-packages/slam_toolbox-2.7.0-py3.10.egg-info/top_level.txt
[135.018s] -- Installing: /home/holberton/ros2_ws/install/slam_toolbox/local/lib/python3.10/dist-packages/slam_toolbox-2.7.0-py3.10.egg-info/SOURCES.txt
[135.018s] -- Installing: /home/holberton/ros2_ws/install/slam_toolbox/local/lib/python3.10/dist-packages/slam_toolbox
[135.018s] -- Installing: /home/holberton/ros2_ws/install/slam_toolbox/local/lib/python3.10/dist-packages/slam_toolbox/slam_toolbox_s__rosidl_typesupport_c.cpython-310-x86_64-linux-gnu.so
[135.019s] -- Installing: /home/holberton/ros2_ws/install/slam_toolbox/local/lib/python3.10/dist-packages/slam_toolbox/srv
[135.019s] -- Installing: /home/holberton/ros2_ws/install/slam_toolbox/local/lib/python3.10/dist-packages/slam_toolbox/srv/_reset_s.c
[135.019s] -- Installing: /home/holberton/ros2_ws/install/slam_toolbox/local/lib/python3.10/dist-packages/slam_toolbox/srv/_save_map_s.c
[135.019s] -- Installing: /home/holberton/ros2_ws/install/slam_toolbox/local/lib/python3.10/dist-packages/slam_toolbox/srv/_serialize_pose_graph_s.c
[135.019s] -- Installing: /home/holberton/ros2_ws/install/slam_toolbox/local/lib/python3.10/dist-packages/slam_toolbox/srv/_merge_maps_s.c
[135.019s] -- Installing: /home/holberton/ros2_ws/install/slam_toolbox/local/lib/python3.10/dist-packages/slam_toolbox/srv/_loop_closure_s.c
[135.019s] -- Installing: /home/holberton/ros2_ws/install/slam_toolbox/local/lib/python3.10/dist-packages/slam_toolbox/srv/_reset.py
[135.019s] -- Installing: /home/holberton/ros2_ws/install/slam_toolbox/local/lib/python3.10/dist-packages/slam_toolbox/srv/_serialize_pose_graph.py
[135.019s] -- Installing: /home/holberton/ros2_ws/install/slam_toolbox/local/lib/python3.10/dist-packages/slam_toolbox/srv/_toggle_interactive_s.c
[135.019s] -- Installing: /home/holberton/ros2_ws/install/slam_toolbox/local/lib/python3.10/dist-packages/slam_toolbox/srv/_clear_queue_s.c
[135.020s] -- Installing: /home/holberton/ros2_ws/install/slam_toolbox/local/lib/python3.10/dist-packages/slam_toolbox/srv/_deserialize_pose_graph_s.c
[135.020s] -- Installing: /home/holberton/ros2_ws/install/slam_toolbox/local/lib/python3.10/dist-packages/slam_toolbox/srv/_pause_s.c
[135.020s] -- Installing: /home/holberton/ros2_ws/install/slam_toolbox/local/lib/python3.10/dist-packages/slam_toolbox/srv/__init__.py
[135.020s] -- Installing: /home/holberton/ros2_ws/install/slam_toolbox/local/lib/python3.10/dist-packages/slam_toolbox/srv/_merge_maps.py
[135.020s] -- Installing: /home/holberton/ros2_ws/install/slam_toolbox/local/lib/python3.10/dist-packages/slam_toolbox/srv/_clear_s.c
[135.020s] -- Installing: /home/holberton/ros2_ws/install/slam_toolbox/local/lib/python3.10/dist-packages/slam_toolbox/srv/_clear_queue.py
[135.020s] -- Installing: /home/holberton/ros2_ws/install/slam_toolbox/local/lib/python3.10/dist-packages/slam_toolbox/srv/_add_submap_s.c
[135.020s] -- Installing: /home/holberton/ros2_ws/install/slam_toolbox/local/lib/python3.10/dist-packages/slam_toolbox/srv/_add_submap.py
[135.021s] -- Installing: /home/holberton/ros2_ws/install/slam_toolbox/local/lib/python3.10/dist-packages/slam_toolbox/srv/_loop_closure.py
[135.021s] -- Installing: /home/holberton/ros2_ws/install/slam_toolbox/local/lib/python3.10/dist-packages/slam_toolbox/srv/_pause.py
[135.021s] -- Installing: /home/holberton/ros2_ws/install/slam_toolbox/local/lib/python3.10/dist-packages/slam_toolbox/srv/_deserialize_pose_graph.py
[135.021s] -- Installing: /home/holberton/ros2_ws/install/slam_toolbox/local/lib/python3.10/dist-packages/slam_toolbox/srv/_toggle_interactive.py
[135.021s] -- Installing: /home/holberton/ros2_ws/install/slam_toolbox/local/lib/python3.10/dist-packages/slam_toolbox/srv/_save_map.py
[135.021s] -- Installing: /home/holberton/ros2_ws/install/slam_toolbox/local/lib/python3.10/dist-packages/slam_toolbox/srv/_clear.py
[135.021s] -- Installing: /home/holberton/ros2_ws/install/slam_toolbox/local/lib/python3.10/dist-packages/slam_toolbox/slam_toolbox_s__rosidl_typesupport_fastrtps_c.cpython-310-x86_64-linux-gnu.so
[135.021s] -- Installing: /home/holberton/ros2_ws/install/slam_toolbox/local/lib/python3.10/dist-packages/slam_toolbox/_slam_toolbox_s.ep.rosidl_typesupport_fastrtps_c.c
[135.022s] -- Installing: /home/holberton/ros2_ws/install/slam_toolbox/local/lib/python3.10/dist-packages/slam_toolbox/_slam_toolbox_s.ep.rosidl_typesupport_c.c
[135.022s] -- Installing: /home/holberton/ros2_ws/install/slam_toolbox/local/lib/python3.10/dist-packages/slam_toolbox/libslam_toolbox__rosidl_generator_py.so
[135.022s] -- Installing: /home/holberton/ros2_ws/install/slam_toolbox/local/lib/python3.10/dist-packages/slam_toolbox/__init__.py
[135.022s] -- Installing: /home/holberton/ros2_ws/install/slam_toolbox/local/lib/python3.10/dist-packages/slam_toolbox/slam_toolbox_s__rosidl_typesupport_introspection_c.cpython-310-x86_64-linux-gnu.so
[135.022s] -- Installing: /home/holberton/ros2_ws/install/slam_toolbox/local/lib/python3.10/dist-packages/slam_toolbox/_slam_toolbox_s.ep.rosidl_typesupport_introspection_c.c
[135.063s] Listing '/home/holberton/ros2_ws/install/slam_toolbox/local/lib/python3.10/dist-packages/slam_toolbox'...
[135.063s] Compiling '/home/holberton/ros2_ws/install/slam_toolbox/local/lib/python3.10/dist-packages/slam_toolbox/__init__.py'...
[135.063s] Listing '/home/holberton/ros2_ws/install/slam_toolbox/local/lib/python3.10/dist-packages/slam_toolbox/srv'...
[135.063s] Compiling '/home/holberton/ros2_ws/install/slam_toolbox/local/lib/python3.10/dist-packages/slam_toolbox/srv/__init__.py'...
[135.063s] Compiling '/home/holberton/ros2_ws/install/slam_toolbox/local/lib/python3.10/dist-packages/slam_toolbox/srv/_add_submap.py'...
[135.063s] Compiling '/home/holberton/ros2_ws/install/slam_toolbox/local/lib/python3.10/dist-packages/slam_toolbox/srv/_clear.py'...
[135.064s] Compiling '/home/holberton/ros2_ws/install/slam_toolbox/local/lib/python3.10/dist-packages/slam_toolbox/srv/_clear_queue.py'...
[135.064s] Compiling '/home/holberton/ros2_ws/install/slam_toolbox/local/lib/python3.10/dist-packages/slam_toolbox/srv/_deserialize_pose_graph.py'...
[135.064s] Compiling '/home/holberton/ros2_ws/install/slam_toolbox/local/lib/python3.10/dist-packages/slam_toolbox/srv/_loop_closure.py'...
[135.064s] Compiling '/home/holberton/ros2_ws/install/slam_toolbox/local/lib/python3.10/dist-packages/slam_toolbox/srv/_merge_maps.py'...
[135.064s] Compiling '/home/holberton/ros2_ws/install/slam_toolbox/local/lib/python3.10/dist-packages/slam_toolbox/srv/_pause.py'...
[135.064s] Compiling '/home/holberton/ros2_ws/install/slam_toolbox/local/lib/python3.10/dist-packages/slam_toolbox/srv/_reset.py'...
[135.064s] Compiling '/home/holberton/ros2_ws/install/slam_toolbox/local/lib/python3.10/dist-packages/slam_toolbox/srv/_save_map.py'...
[135.064s] Compiling '/home/holberton/ros2_ws/install/slam_toolbox/local/lib/python3.10/dist-packages/slam_toolbox/srv/_serialize_pose_graph.py'...
[135.064s] Compiling '/home/holberton/ros2_ws/install/slam_toolbox/local/lib/python3.10/dist-packages/slam_toolbox/srv/_toggle_interactive.py'...
[135.067s] -- Installing: /home/holberton/ros2_ws/install/slam_toolbox/local/lib/python3.10/dist-packages/slam_toolbox/slam_toolbox_s__rosidl_typesupport_fastrtps_c.cpython-310-x86_64-linux-gnu.so
[135.068s] -- Set runtime path of "/home/holberton/ros2_ws/install/slam_toolbox/local/lib/python3.10/dist-packages/slam_toolbox/slam_toolbox_s__rosidl_typesupport_fastrtps_c.cpython-310-x86_64-linux-gnu.so" to ""
[135.068s] -- Installing: /home/holberton/ros2_ws/install/slam_toolbox/local/lib/python3.10/dist-packages/slam_toolbox/slam_toolbox_s__rosidl_typesupport_introspection_c.cpython-310-x86_64-linux-gnu.so
[135.068s] -- Set runtime path of "/home/holberton/ros2_ws/install/slam_toolbox/local/lib/python3.10/dist-packages/slam_toolbox/slam_toolbox_s__rosidl_typesupport_introspection_c.cpython-310-x86_64-linux-gnu.so" to ""
[135.068s] -- Installing: /home/holberton/ros2_ws/install/slam_toolbox/local/lib/python3.10/dist-packages/slam_toolbox/slam_toolbox_s__rosidl_typesupport_c.cpython-310-x86_64-linux-gnu.so
[135.069s] -- Set runtime path of "/home/holberton/ros2_ws/install/slam_toolbox/local/lib/python3.10/dist-packages/slam_toolbox/slam_toolbox_s__rosidl_typesupport_c.cpython-310-x86_64-linux-gnu.so" to ""
[135.069s] -- Installing: /home/holberton/ros2_ws/install/slam_toolbox/lib/libslam_toolbox__rosidl_generator_py.so
[135.069s] -- Set runtime path of "/home/holberton/ros2_ws/install/slam_toolbox/lib/libslam_toolbox__rosidl_generator_py.so" to ""
[135.069s] -- Installing: /home/holberton/ros2_ws/install/slam_toolbox/share/slam_toolbox/srv/Pause.idl
[135.070s] -- Installing: /home/holberton/ros2_ws/install/slam_toolbox/share/slam_toolbox/srv/Reset.idl
[135.070s] -- Installing: /home/holberton/ros2_ws/install/slam_toolbox/share/slam_toolbox/srv/ClearQueue.idl
[135.070s] -- Installing: /home/holberton/ros2_ws/install/slam_toolbox/share/slam_toolbox/srv/ToggleInteractive.idl
[135.070s] -- Installing: /home/holberton/ros2_ws/install/slam_toolbox/share/slam_toolbox/srv/Clear.idl
[135.070s] -- Installing: /home/holberton/ros2_ws/install/slam_toolbox/share/slam_toolbox/srv/SaveMap.idl
[135.070s] -- Installing: /home/holberton/ros2_ws/install/slam_toolbox/share/slam_toolbox/srv/LoopClosure.idl
[135.070s] -- Installing: /home/holberton/ros2_ws/install/slam_toolbox/share/slam_toolbox/srv/MergeMaps.idl
[135.070s] -- Installing: /home/holberton/ros2_ws/install/slam_toolbox/share/slam_toolbox/srv/AddSubmap.idl
[135.071s] -- Installing: /home/holberton/ros2_ws/install/slam_toolbox/share/slam_toolbox/srv/DeserializePoseGraph.idl
[135.071s] -- Installing: /home/holberton/ros2_ws/install/slam_toolbox/share/slam_toolbox/srv/SerializePoseGraph.idl
[135.071s] -- Installing: /home/holberton/ros2_ws/install/slam_toolbox/share/slam_toolbox/srvs/Pause.srv
[135.071s] -- Installing: /home/holberton/ros2_ws/install/slam_toolbox/share/slam_toolbox/srvs/Pause_Request.msg
[135.071s] -- Installing: /home/holberton/ros2_ws/install/slam_toolbox/share/slam_toolbox/srvs/Pause_Response.msg
[135.071s] -- Installing: /home/holberton/ros2_ws/install/slam_toolbox/share/slam_toolbox/srvs/Reset.srv
[135.071s] -- Installing: /home/holberton/ros2_ws/install/slam_toolbox/share/slam_toolbox/srvs/Reset_Request.msg
[135.072s] -- Installing: /home/holberton/ros2_ws/install/slam_toolbox/share/slam_toolbox/srvs/Reset_Response.msg
[135.072s] -- Installing: /home/holberton/ros2_ws/install/slam_toolbox/share/slam_toolbox/srvs/ClearQueue.srv
[135.072s] -- Installing: /home/holberton/ros2_ws/install/slam_toolbox/share/slam_toolbox/srvs/ClearQueue_Request.msg
[135.072s] -- Installing: /home/holberton/ros2_ws/install/slam_toolbox/share/slam_toolbox/srvs/ClearQueue_Response.msg
[135.072s] -- Installing: /home/holberton/ros2_ws/install/slam_toolbox/share/slam_toolbox/srvs/ToggleInteractive.srv
[135.072s] -- Installing: /home/holberton/ros2_ws/install/slam_toolbox/share/slam_toolbox/srvs/ToggleInteractive_Request.msg
[135.072s] -- Installing: /home/holberton/ros2_ws/install/slam_toolbox/share/slam_toolbox/srvs/ToggleInteractive_Response.msg
[135.072s] -- Installing: /home/holberton/ros2_ws/install/slam_toolbox/share/slam_toolbox/srvs/Clear.srv
[135.073s] -- Installing: /home/holberton/ros2_ws/install/slam_toolbox/share/slam_toolbox/srvs/Clear_Request.msg
[135.073s] -- Installing: /home/holberton/ros2_ws/install/slam_toolbox/share/slam_toolbox/srvs/Clear_Response.msg
[135.073s] -- Installing: /home/holberton/ros2_ws/install/slam_toolbox/share/slam_toolbox/srvs/SaveMap.srv
[135.073s] -- Installing: /home/holberton/ros2_ws/install/slam_toolbox/share/slam_toolbox/srvs/SaveMap_Request.msg
[135.073s] -- Installing: /home/holberton/ros2_ws/install/slam_toolbox/share/slam_toolbox/srvs/SaveMap_Response.msg
[135.073s] -- Installing: /home/holberton/ros2_ws/install/slam_toolbox/share/slam_toolbox/srvs/LoopClosure.srv
[135.073s] -- Installing: /home/holberton/ros2_ws/install/slam_toolbox/share/slam_toolbox/srvs/LoopClosure_Request.msg
[135.073s] -- Installing: /home/holberton/ros2_ws/install/slam_toolbox/share/slam_toolbox/srvs/LoopClosure_Response.msg
[135.074s] -- Installing: /home/holberton/ros2_ws/install/slam_toolbox/share/slam_toolbox/srvs/MergeMaps.srv
[135.074s] -- Installing: /home/holberton/ros2_ws/install/slam_toolbox/share/slam_toolbox/srvs/MergeMaps_Request.msg
[135.074s] -- Installing: /home/holberton/ros2_ws/install/slam_toolbox/share/slam_toolbox/srvs/MergeMaps_Response.msg
[135.074s] -- Installing: /home/holberton/ros2_ws/install/slam_toolbox/share/slam_toolbox/srvs/AddSubmap.srv
[135.074s] -- Installing: /home/holberton/ros2_ws/install/slam_toolbox/share/slam_toolbox/srvs/AddSubmap_Request.msg
[135.074s] -- Installing: /home/holberton/ros2_ws/install/slam_toolbox/share/slam_toolbox/srvs/AddSubmap_Response.msg
[135.074s] -- Installing: /home/holberton/ros2_ws/install/slam_toolbox/share/slam_toolbox/srvs/DeserializePoseGraph.srv
[135.075s] -- Installing: /home/holberton/ros2_ws/install/slam_toolbox/share/slam_toolbox/srvs/DeserializePoseGraph_Request.msg
[135.075s] -- Installing: /home/holberton/ros2_ws/install/slam_toolbox/share/slam_toolbox/srvs/DeserializePoseGraph_Response.msg
[135.075s] -- Installing: /home/holberton/ros2_ws/install/slam_toolbox/share/slam_toolbox/srvs/SerializePoseGraph.srv
[135.075s] -- Installing: /home/holberton/ros2_ws/install/slam_toolbox/share/slam_toolbox/srvs/SerializePoseGraph_Request.msg
[135.075s] -- Installing: /home/holberton/ros2_ws/install/slam_toolbox/share/slam_toolbox/srvs/SerializePoseGraph_Response.msg
[135.075s] -- Installing: /home/holberton/ros2_ws/install/slam_toolbox/share/slam_toolbox/rviz_plugins.xml
[135.075s] -- Installing: /home/holberton/ros2_ws/install/slam_toolbox/share/slam_toolbox/solver_plugins.xml
[135.075s] -- Installing: /home/holberton/ros2_ws/install/slam_toolbox/lib/slam_toolbox/async_slam_toolbox_node
[135.077s] -- Set runtime path of "/home/holberton/ros2_ws/install/slam_toolbox/lib/slam_toolbox/async_slam_toolbox_node" to ""
[135.077s] -- Installing: /home/holberton/ros2_ws/install/slam_toolbox/lib/slam_toolbox/sync_slam_toolbox_node
[135.078s] -- Set runtime path of "/home/holberton/ros2_ws/install/slam_toolbox/lib/slam_toolbox/sync_slam_toolbox_node" to ""
[135.078s] -- Installing: /home/holberton/ros2_ws/install/slam_toolbox/lib/slam_toolbox/localization_slam_toolbox_node
[135.079s] -- Set runtime path of "/home/holberton/ros2_ws/install/slam_toolbox/lib/slam_toolbox/localization_slam_toolbox_node" to ""
[135.079s] -- Installing: /home/holberton/ros2_ws/install/slam_toolbox/lib/slam_toolbox/map_and_localization_slam_toolbox_node
[135.081s] -- Set runtime path of "/home/holberton/ros2_ws/install/slam_toolbox/lib/slam_toolbox/map_and_localization_slam_toolbox_node" to ""
[135.081s] -- Installing: /home/holberton/ros2_ws/install/slam_toolbox/lib/slam_toolbox/lifelong_slam_toolbox_node
[135.082s] -- Set runtime path of "/home/holberton/ros2_ws/install/slam_toolbox/lib/slam_toolbox/lifelong_slam_toolbox_node" to ""
[135.082s] -- Installing: /home/holberton/ros2_ws/install/slam_toolbox/lib/slam_toolbox/merge_maps_kinematic
[135.084s] -- Set runtime path of "/home/holberton/ros2_ws/install/slam_toolbox/lib/slam_toolbox/merge_maps_kinematic" to ""
[135.084s] -- Installing: /home/holberton/ros2_ws/install/slam_toolbox/lib/libtoolbox_common.so
[135.089s] -- Set runtime path of "/home/holberton/ros2_ws/install/slam_toolbox/lib/libtoolbox_common.so" to ""
[135.089s] -- Installing: /home/holberton/ros2_ws/install/slam_toolbox/lib/libSlamToolboxPlugin.so
[135.091s] -- Set runtime path of "/home/holberton/ros2_ws/install/slam_toolbox/lib/libSlamToolboxPlugin.so" to ""
[135.091s] -- Installing: /home/holberton/ros2_ws/install/slam_toolbox/lib/libceres_solver_plugin.so
[135.092s] -- Set runtime path of "/home/holberton/ros2_ws/install/slam_toolbox/lib/libceres_solver_plugin.so" to ""
[135.092s] -- Installing: /home/holberton/ros2_ws/install/slam_toolbox/lib/libasync_slam_toolbox.so
[135.093s] -- Set runtime path of "/home/holberton/ros2_ws/install/slam_toolbox/lib/libasync_slam_toolbox.so" to ""
[135.093s] -- Installing: /home/holberton/ros2_ws/install/slam_toolbox/lib/libsync_slam_toolbox.so
[135.095s] -- Set runtime path of "/home/holberton/ros2_ws/install/slam_toolbox/lib/libsync_slam_toolbox.so" to ""
[135.095s] -- Installing: /home/holberton/ros2_ws/install/slam_toolbox/lib/liblocalization_slam_toolbox.so
[135.097s] -- Set runtime path of "/home/holberton/ros2_ws/install/slam_toolbox/lib/liblocalization_slam_toolbox.so" to ""
[135.097s] -- Installing: /home/holberton/ros2_ws/install/slam_toolbox/lib/liblifelong_slam_toolbox.so
[135.098s] -- Set runtime path of "/home/holberton/ros2_ws/install/slam_toolbox/lib/liblifelong_slam_toolbox.so" to ""
[135.098s] -- Installing: /home/holberton/ros2_ws/install/slam_toolbox/lib/libmap_and_localization_slam_toolbox.so
[135.101s] -- Set runtime path of "/home/holberton/ros2_ws/install/slam_toolbox/lib/libmap_and_localization_slam_toolbox.so" to ""
[135.101s] -- Installing: /home/holberton/ros2_ws/install/slam_toolbox/lib/libkartoSlamToolbox.so
[135.105s] -- Set runtime path of "/home/holberton/ros2_ws/install/slam_toolbox/lib/libkartoSlamToolbox.so" to ""
[135.105s] -- Up-to-date: /home/holberton/ros2_ws/install/slam_toolbox/lib/libSlamToolboxPlugin.so
[135.105s] -- Up-to-date: /home/holberton/ros2_ws/install/slam_toolbox/include
[135.105s] -- Up-to-date: /home/holberton/ros2_ws/install/slam_toolbox/include/slam_toolbox
[135.105s] -- Installing: /home/holberton/ros2_ws/install/slam_toolbox/include/slam_toolbox/toolbox_msgs.hpp
[135.105s] -- Installing: /home/holberton/ros2_ws/install/slam_toolbox/include/slam_toolbox/slam_toolbox_async.hpp
[135.106s] -- Installing: /home/holberton/ros2_ws/install/slam_toolbox/include/slam_toolbox/slam_mapper.hpp
[135.106s] -- Installing: /home/holberton/ros2_ws/install/slam_toolbox/include/slam_toolbox/visualization_utils.hpp
[135.106s] -- Installing: /home/holberton/ros2_ws/install/slam_toolbox/include/slam_toolbox/merge_maps_kinematic.hpp
[135.106s] -- Installing: /home/holberton/ros2_ws/install/slam_toolbox/include/slam_toolbox/slam_toolbox_localization.hpp
[135.106s] -- Installing: /home/holberton/ros2_ws/install/slam_toolbox/include/slam_toolbox/toolbox_types.hpp
[135.106s] -- Installing: /home/holberton/ros2_ws/install/slam_toolbox/include/slam_toolbox/slam_toolbox_sync.hpp
[135.106s] -- Installing: /home/holberton/ros2_ws/install/slam_toolbox/include/slam_toolbox/laser_utils.hpp
[135.106s] -- Installing: /home/holberton/ros2_ws/install/slam_toolbox/include/slam_toolbox/loop_closure_assistant.hpp
[135.106s] -- Installing: /home/holberton/ros2_ws/install/slam_toolbox/include/slam_toolbox/map_saver.hpp
[135.106s] -- Installing: /home/holberton/ros2_ws/install/slam_toolbox/include/slam_toolbox/slam_toolbox_common.hpp
[135.106s] -- Installing: /home/holberton/ros2_ws/install/slam_toolbox/include/slam_toolbox/experimental
[135.106s] -- Installing: /home/holberton/ros2_ws/install/slam_toolbox/include/slam_toolbox/experimental/slam_toolbox_lifelong.hpp
[135.106s] -- Installing: /home/holberton/ros2_ws/install/slam_toolbox/include/slam_toolbox/experimental/slam_toolbox_map_and_localization.hpp
[135.107s] -- Installing: /home/holberton/ros2_ws/install/slam_toolbox/include/slam_toolbox/serialization.hpp
[135.107s] -- Installing: /home/holberton/ros2_ws/install/slam_toolbox/include/slam_toolbox/snap_utils.hpp
[135.107s] -- Installing: /home/holberton/ros2_ws/install/slam_toolbox/include/slam_toolbox/get_pose_helper.hpp
[135.107s] -- Installing: /home/holberton/ros2_ws/install/slam_toolbox/share/slam_toolbox/launch
[135.107s] -- Installing: /home/holberton/ros2_ws/install/slam_toolbox/share/slam_toolbox/launch/merge_maps_kinematic_launch.py
[135.107s] -- Installing: /home/holberton/ros2_ws/install/slam_toolbox/share/slam_toolbox/launch/online_async_launch.py
[135.107s] -- Installing: /home/holberton/ros2_ws/install/slam_toolbox/share/slam_toolbox/launch/online_sync_launch.py
[135.107s] -- Installing: /home/holberton/ros2_ws/install/slam_toolbox/share/slam_toolbox/launch/offline_launch.py
[135.107s] -- Installing: /home/holberton/ros2_ws/install/slam_toolbox/share/slam_toolbox/launch/localization_launch.py
[135.108s] -- Installing: /home/holberton/ros2_ws/install/slam_toolbox/share/slam_toolbox/config
[135.108s] -- Installing: /home/holberton/ros2_ws/install/slam_toolbox/share/slam_toolbox/config/mapper_params_localization.yaml
[135.108s] -- Installing: /home/holberton/ros2_ws/install/slam_toolbox/share/slam_toolbox/config/slam_toolbox_default.rviz
[135.108s] -- Installing: /home/holberton/ros2_ws/install/slam_toolbox/share/slam_toolbox/config/mapper_params_lifelong.yaml
[135.108s] -- Installing: /home/holberton/ros2_ws/install/slam_toolbox/share/slam_toolbox/config/mapper_params_online_sync.yaml
[135.108s] -- Installing: /home/holberton/ros2_ws/install/slam_toolbox/share/slam_toolbox/config/mapper_params_offline.yaml
[135.108s] -- Installing: /home/holberton/ros2_ws/install/slam_toolbox/share/slam_toolbox/config/mapper_params_online_async.yaml
[135.108s] -- Installing: /home/holberton/ros2_ws/install/slam_toolbox/share/solver_plugins.xml
[135.108s] -- Installing: /home/holberton/ros2_ws/install/slam_toolbox/share/rviz_plugins.xml
[135.109s] -- Installing: /home/holberton/ros2_ws/install/slam_toolbox/share/ament_index/resource_index/package_run_dependencies/slam_toolbox
[135.109s] -- Installing: /home/holberton/ros2_ws/install/slam_toolbox/share/ament_index/resource_index/parent_prefix_path/slam_toolbox
[135.109s] -- Installing: /home/holberton/ros2_ws/install/slam_toolbox/share/slam_toolbox/environment/ament_prefix_path.sh
[135.109s] -- Installing: /home/holberton/ros2_ws/install/slam_toolbox/share/slam_toolbox/environment/ament_prefix_path.dsv
[135.109s] -- Installing: /home/holberton/ros2_ws/install/slam_toolbox/share/slam_toolbox/environment/path.sh
[135.109s] -- Installing: /home/holberton/ros2_ws/install/slam_toolbox/share/slam_toolbox/environment/path.dsv
[135.109s] -- Installing: /home/holberton/ros2_ws/install/slam_toolbox/share/slam_toolbox/local_setup.bash
[135.110s] -- Installing: /home/holberton/ros2_ws/install/slam_toolbox/share/slam_toolbox/local_setup.sh
[135.110s] -- Installing: /home/holberton/ros2_ws/install/slam_toolbox/share/slam_toolbox/local_setup.zsh
[135.110s] -- Installing: /home/holberton/ros2_ws/install/slam_toolbox/share/slam_toolbox/local_setup.dsv
[135.110s] -- Installing: /home/holberton/ros2_ws/install/slam_toolbox/share/slam_toolbox/package.dsv
[135.110s] -- Installing: /home/holberton/ros2_ws/install/slam_toolbox/share/ament_index/resource_index/packages/slam_toolbox
[135.110s] -- Installing: /home/holberton/ros2_ws/install/slam_toolbox/share/ament_index/resource_index/rviz_common__pluginlib__plugin/slam_toolbox
[135.111s] -- Installing: /home/holberton/ros2_ws/install/slam_toolbox/share/ament_index/resource_index/slam_toolbox__pluginlib__plugin/slam_toolbox
[135.111s] -- Installing: /home/holberton/ros2_ws/install/slam_toolbox/share/slam_toolbox/cmake/export_slam_toolbox__rosidl_generator_cExport.cmake
[135.111s] -- Installing: /home/holberton/ros2_ws/install/slam_toolbox/share/slam_toolbox/cmake/export_slam_toolbox__rosidl_generator_cExport-release.cmake
[135.111s] -- Installing: /home/holberton/ros2_ws/install/slam_toolbox/share/slam_toolbox/cmake/export_slam_toolbox__rosidl_typesupport_fastrtps_cExport.cmake
[135.111s] -- Installing: /home/holberton/ros2_ws/install/slam_toolbox/share/slam_toolbox/cmake/export_slam_toolbox__rosidl_typesupport_fastrtps_cExport-release.cmake
[135.111s] -- Installing: /home/holberton/ros2_ws/install/slam_toolbox/share/slam_toolbox/cmake/export_slam_toolbox__rosidl_generator_cppExport.cmake
[135.111s] -- Installing: /home/holberton/ros2_ws/install/slam_toolbox/share/slam_toolbox/cmake/export_slam_toolbox__rosidl_typesupport_fastrtps_cppExport.cmake
[135.112s] -- Installing: /home/holberton/ros2_ws/install/slam_toolbox/share/slam_toolbox/cmake/export_slam_toolbox__rosidl_typesupport_fastrtps_cppExport-release.cmake
[135.112s] -- Installing: /home/holberton/ros2_ws/install/slam_toolbox/share/slam_toolbox/cmake/slam_toolbox__rosidl_typesupport_introspection_cExport.cmake
[135.112s] -- Installing: /home/holberton/ros2_ws/install/slam_toolbox/share/slam_toolbox/cmake/slam_toolbox__rosidl_typesupport_introspection_cExport-release.cmake
[135.112s] -- Installing: /home/holberton/ros2_ws/install/slam_toolbox/share/slam_toolbox/cmake/slam_toolbox__rosidl_typesupport_cExport.cmake
[135.112s] -- Installing: /home/holberton/ros2_ws/install/slam_toolbox/share/slam_toolbox/cmake/slam_toolbox__rosidl_typesupport_cExport-release.cmake
[135.113s] -- Installing: /home/holberton/ros2_ws/install/slam_toolbox/share/slam_toolbox/cmake/slam_toolbox__rosidl_typesupport_introspection_cppExport.cmake
[135.113s] -- Installing: /home/holberton/ros2_ws/install/slam_toolbox/share/slam_toolbox/cmake/slam_toolbox__rosidl_typesupport_introspection_cppExport-release.cmake
[135.113s] -- Installing: /home/holberton/ros2_ws/install/slam_toolbox/share/slam_toolbox/cmake/slam_toolbox__rosidl_typesupport_cppExport.cmake
[135.113s] -- Installing: /home/holberton/ros2_ws/install/slam_toolbox/share/slam_toolbox/cmake/slam_toolbox__rosidl_typesupport_cppExport-release.cmake
[135.113s] -- Installing: /home/holberton/ros2_ws/install/slam_toolbox/share/slam_toolbox/cmake/export_slam_toolbox__rosidl_generator_pyExport.cmake
[135.113s] -- Installing: /home/holberton/ros2_ws/install/slam_toolbox/share/slam_toolbox/cmake/export_slam_toolbox__rosidl_generator_pyExport-release.cmake
[135.113s] -- Installing: /home/holberton/ros2_ws/install/slam_toolbox/share/slam_toolbox/cmake/SlamToolboxPluginExport.cmake
[135.114s] -- Installing: /home/holberton/ros2_ws/install/slam_toolbox/share/slam_toolbox/cmake/SlamToolboxPluginExport-release.cmake
[135.114s] -- Installing: /home/holberton/ros2_ws/install/slam_toolbox/share/ament_index/resource_index/rclcpp_components/slam_toolbox
[135.114s] -- Installing: /home/holberton/ros2_ws/install/slam_toolbox/share/slam_toolbox/cmake/rosidl_cmake-extras.cmake
[135.114s] -- Installing: /home/holberton/ros2_ws/install/slam_toolbox/share/slam_toolbox/cmake/ament_cmake_export_dependencies-extras.cmake
[135.114s] -- Installing: /home/holberton/ros2_ws/install/slam_toolbox/share/slam_toolbox/cmake/ament_cmake_export_include_directories-extras.cmake
[135.114s] -- Installing: /home/holberton/ros2_ws/install/slam_toolbox/share/slam_toolbox/cmake/ament_cmake_export_libraries-extras.cmake
[135.114s] -- Installing: /home/holberton/ros2_ws/install/slam_toolbox/share/slam_toolbox/cmake/ament_cmake_export_targets-extras.cmake
[135.115s] -- Installing: /home/holberton/ros2_ws/install/slam_toolbox/share/slam_toolbox/cmake/rosidl_cmake_export_typesupport_targets-extras.cmake
[135.115s] -- Installing: /home/holberton/ros2_ws/install/slam_toolbox/share/slam_toolbox/cmake/rosidl_cmake_export_typesupport_libraries-extras.cmake
[135.115s] -- Installing: /home/holberton/ros2_ws/install/slam_toolbox/share/slam_toolbox/cmake/slam_toolboxConfig.cmake
[135.115s] -- Installing: /home/holberton/ros2_ws/install/slam_toolbox/share/slam_toolbox/cmake/slam_toolboxConfig-version.cmake
[135.115s] -- Installing: /home/holberton/ros2_ws/install/slam_toolbox/share/slam_toolbox/package.xml
[135.115s] -- Up-to-date: /home/holberton/ros2_ws/install/slam_toolbox/include/
[135.116s] -- Installing: /home/holberton/ros2_ws/install/slam_toolbox/include//karto_sdk
[135.116s] -- Installing: /home/holberton/ros2_ws/install/slam_toolbox/include//karto_sdk/Types.h
[135.116s] -- Installing: /home/holberton/ros2_ws/install/slam_toolbox/include//karto_sdk/Karto.h
[135.116s] -- Installing: /home/holberton/ros2_ws/install/slam_toolbox/include//karto_sdk/Mapper.h
[135.116s] -- Installing: /home/holberton/ros2_ws/install/slam_toolbox/include//karto_sdk/nanoflann_adaptors.h
[135.116s] -- Installing: /home/holberton/ros2_ws/install/slam_toolbox/include//karto_sdk/Math.h
[135.116s] -- Installing: /home/holberton/ros2_ws/install/slam_toolbox/include//karto_sdk/nanoflann.hpp
[135.117s] -- Installing: /home/holberton/ros2_ws/install/slam_toolbox/include//karto_sdk/Macros.h
[135.119s] Invoked command in '/home/holberton/ros2_ws/build/slam_toolbox' returned '0': CMAKE_PREFIX_PATH=${CMAKE_PREFIX_PATH}:/home/holberton/ros2_ws/install/test_publisher:/home/holberton/ros2_ws/install/auto_nav:/opt/ros/humble /usr/bin/cmake --install /home/holberton/ros2_ws/build/slam_toolbox
