[0.376s] Invoking command in '/home/holberton/ros2_ws/build/parc_robot_bringup': CMAKE_PREFIX_PATH=/home/holberton/ros2_ws/install/parc_robot_interfaces:/home/holberton/ros2_ws/install/parc_robot_description:/home/holberton/ros2_ws/install/parc_robot_bringup:/home/holberton/ros2_ws/install/parc_robot:/home/holberton/ros2_ws/install/test_publisher:/home/holberton/ros2_ws/install/auto_nav:/opt/ros/humble /usr/bin/cmake --build /home/holberton/ros2_ws/build/parc_robot_bringup -- -j8 -l8
[1.177s] Built target ament_cmake_python_copy_parc_robot_bringup
[1.513s] running egg_info
[1.513s] writing parc_robot_bringup.egg-info/PKG-INFO
[1.514s] writing dependency_links to parc_robot_bringup.egg-info/dependency_links.txt
[1.514s] writing top-level names to parc_robot_bringup.egg-info/top_level.txt
[1.518s] reading manifest file 'parc_robot_bringup.egg-info/SOURCES.txt'
[1.531s] writing manifest file 'parc_robot_bringup.egg-info/SOURCES.txt'
[1.561s] Built target ament_cmake_python_build_parc_robot_bringup_egg
[1.571s] Invoked command in '/home/holberton/ros2_ws/build/parc_robot_bringup' returned '0': CMAKE_PREFIX_PATH=/home/holberton/ros2_ws/install/parc_robot_interfaces:/home/holberton/ros2_ws/install/parc_robot_description:/home/holberton/ros2_ws/install/parc_robot_bringup:/home/holberton/ros2_ws/install/parc_robot:/home/holberton/ros2_ws/install/test_publisher:/home/holberton/ros2_ws/install/auto_nav:/opt/ros/humble /usr/bin/cmake --build /home/holberton/ros2_ws/build/parc_robot_bringup -- -j8 -l8
[1.594s] Invoking command in '/home/holberton/ros2_ws/build/parc_robot_bringup': CMAKE_PREFIX_PATH=/home/holberton/ros2_ws/install/parc_robot_interfaces:/home/holberton/ros2_ws/install/parc_robot_description:/home/holberton/ros2_ws/install/parc_robot_bringup:/home/holberton/ros2_ws/install/parc_robot:/home/holberton/ros2_ws/install/test_publisher:/home/holberton/ros2_ws/install/auto_nav:/opt/ros/humble /usr/bin/cmake --install /home/holberton/ros2_ws/build/parc_robot_bringup
[1.605s] -- Install configuration: ""
[1.606s] -- Up-to-date: /home/holberton/ros2_ws/install/parc_robot_bringup/share/parc_robot_bringup/config
[1.626s] -- Up-to-date: /home/holberton/ros2_ws/install/parc_robot_bringup/share/parc_robot_bringup/config/gazebo_ros2_ctl_use_sim.yaml
[1.626s] -- Up-to-date: /home/holberton/ros2_ws/install/parc_robot_bringup/share/parc_robot_bringup/config/task1_route1_params.yaml
[1.626s] -- Up-to-date: /home/holberton/ros2_ws/install/parc_robot_bringup/share/parc_robot_bringup/config/route3_world_coordinates.yaml
[1.626s] -- Up-to-date: /home/holberton/ros2_ws/install/parc_robot_bringup/share/parc_robot_bringup/config/route2_world_coordinates.yaml
[1.626s] -- Up-to-date: /home/holberton/ros2_ws/install/parc_robot_bringup/share/parc_robot_bringup/config/task1_route3_params.yaml
[1.626s] -- Up-to-date: /home/holberton/ros2_ws/install/parc_robot_bringup/share/parc_robot_bringup/config/task1_route2_params.yaml
[1.626s] -- Up-to-date: /home/holberton/ros2_ws/install/parc_robot_bringup/share/parc_robot_bringup/config/gazebo_params.yaml
[1.626s] -- Up-to-date: /home/holberton/ros2_ws/install/parc_robot_bringup/share/parc_robot_bringup/config/controllers.yaml
[1.627s] -- Up-to-date: /home/holberton/ros2_ws/install/parc_robot_bringup/share/parc_robot_bringup/config/route1_world_coordinates.yaml
[1.627s] -- Up-to-date: /home/holberton/ros2_ws/install/parc_robot_bringup/share/parc_robot_bringup/launch
[1.627s] -- Up-to-date: /home/holberton/ros2_ws/install/parc_robot_bringup/share/parc_robot_bringup/launch/task2_launch.py
[1.627s] -- Up-to-date: /home/holberton/ros2_ws/install/parc_robot_bringup/share/parc_robot_bringup/launch/task1_launch.py
[1.627s] -- Up-to-date: /home/holberton/ros2_ws/install/parc_robot_bringup/share/parc_robot_bringup/models
[1.627s] -- Up-to-date: /home/holberton/ros2_ws/install/parc_robot_bringup/share/parc_robot_bringup/models/my_grass_plane
[1.630s] -- Up-to-date: /home/holberton/ros2_ws/install/parc_robot_bringup/share/parc_robot_bringup/models/my_grass_plane/model.config
[1.630s] -- Up-to-date: /home/holberton/ros2_ws/install/parc_robot_bringup/share/parc_robot_bringup/models/my_grass_plane/materials
[1.630s] -- Up-to-date: /home/holberton/ros2_ws/install/parc_robot_bringup/share/parc_robot_bringup/models/my_grass_plane/materials/scripts
[1.637s] -- Up-to-date: /home/holberton/ros2_ws/install/parc_robot_bringup/share/parc_robot_bringup/models/my_grass_plane/materials/scripts/my_grass_plane.material
[1.638s] -- Up-to-date: /home/holberton/ros2_ws/install/parc_robot_bringup/share/parc_robot_bringup/models/my_grass_plane/materials/textures
[1.638s] -- Up-to-date: /home/holberton/ros2_ws/install/parc_robot_bringup/share/parc_robot_bringup/models/my_grass_plane/materials/textures/grass_grid.png
[1.639s] -- Up-to-date: /home/holberton/ros2_ws/install/parc_robot_bringup/share/parc_robot_bringup/models/my_grass_plane/materials/textures/grass_color.jpg
[1.639s] -- Up-to-date: /home/holberton/ros2_ws/install/parc_robot_bringup/share/parc_robot_bringup/models/my_grass_plane/model.sdf
[1.639s] -- Up-to-date: /home/holberton/ros2_ws/install/parc_robot_bringup/share/parc_robot_bringup/models/tomato_23
[1.640s] -- Up-to-date: /home/holberton/ros2_ws/install/parc_robot_bringup/share/parc_robot_bringup/models/tomato_23/model.config
[1.641s] -- Up-to-date: /home/holberton/ros2_ws/install/parc_robot_bringup/share/parc_robot_bringup/models/tomato_23/materials
[1.642s] -- Up-to-date: /home/holberton/ros2_ws/install/parc_robot_bringup/share/parc_robot_bringup/models/tomato_23/materials/scripts
[1.643s] -- Up-to-date: /home/holberton/ros2_ws/install/parc_robot_bringup/share/parc_robot_bringup/models/tomato_23/materials/scripts/fruit3.material
[1.644s] -- Up-to-date: /home/holberton/ros2_ws/install/parc_robot_bringup/share/parc_robot_bringup/models/tomato_23/materials/scripts/fruit2.material
[1.644s] -- Up-to-date: /home/holberton/ros2_ws/install/parc_robot_bringup/share/parc_robot_bringup/models/tomato_23/materials/scripts/blossom1.material
[1.645s] -- Up-to-date: /home/holberton/ros2_ws/install/parc_robot_bringup/share/parc_robot_bringup/models/tomato_23/materials/scripts/fruit1.material
[1.646s] -- Up-to-date: /home/holberton/ros2_ws/install/parc_robot_bringup/share/parc_robot_bringup/models/tomato_23/materials/scripts/branch.material
[1.646s] -- Up-to-date: /home/holberton/ros2_ws/install/parc_robot_bringup/share/parc_robot_bringup/models/tomato_23/materials/scripts/blossom3.material
[1.647s] -- Up-to-date: /home/holberton/ros2_ws/install/parc_robot_bringup/share/parc_robot_bringup/models/tomato_23/materials/scripts/blossom2.material
[1.648s] -- Up-to-date: /home/holberton/ros2_ws/install/parc_robot_bringup/share/parc_robot_bringup/models/tomato_23/materials/scripts/leaf2.material
[1.648s] -- Up-to-date: /home/holberton/ros2_ws/install/parc_robot_bringup/share/parc_robot_bringup/models/tomato_23/materials/scripts/fruit4.material
[1.649s] -- Up-to-date: /home/holberton/ros2_ws/install/parc_robot_bringup/share/parc_robot_bringup/models/tomato_23/materials/scripts/leaf1.material
[1.649s] -- Up-to-date: /home/holberton/ros2_ws/install/parc_robot_bringup/share/parc_robot_bringup/models/tomato_23/materials/textures
[1.649s] -- Up-to-date: /home/holberton/ros2_ws/install/parc_robot_bringup/share/parc_robot_bringup/models/tomato_23/materials/textures/AG15blo3.png
[1.650s] -- Up-to-date: /home/holberton/ros2_ws/install/parc_robot_bringup/share/parc_robot_bringup/models/tomato_23/materials/textures/AG15frt1.png
[1.650s] -- Up-to-date: /home/holberton/ros2_ws/install/parc_robot_bringup/share/parc_robot_bringup/models/tomato_23/materials/textures/AG15brn1(copy).png
[1.650s] -- Up-to-date: /home/holberton/ros2_ws/install/parc_robot_bringup/share/parc_robot_bringup/models/tomato_23/materials/textures/AG15blo1.png
[1.651s] -- Up-to-date: /home/holberton/ros2_ws/install/parc_robot_bringup/share/parc_robot_bringup/models/tomato_23/materials/textures/AG15lef2.png
[1.651s] -- Up-to-date: /home/holberton/ros2_ws/install/parc_robot_bringup/share/parc_robot_bringup/models/tomato_23/materials/textures/AG15frt3.png
[1.651s] -- Up-to-date: /home/holberton/ros2_ws/install/parc_robot_bringup/share/parc_robot_bringup/models/tomato_23/materials/textures/AG15brn1.png
[1.652s] -- Up-to-date: /home/holberton/ros2_ws/install/parc_robot_bringup/share/parc_robot_bringup/models/tomato_23/materials/textures/AG15lef1.png
[1.652s] -- Up-to-date: /home/holberton/ros2_ws/install/parc_robot_bringup/share/parc_robot_bringup/models/tomato_23/materials/textures/AG15frt4.png
[1.652s] -- Up-to-date: /home/holberton/ros2_ws/install/parc_robot_bringup/share/parc_robot_bringup/models/tomato_23/materials/textures/AG15blo2.png
[1.653s] -- Up-to-date: /home/holberton/ros2_ws/install/parc_robot_bringup/share/parc_robot_bringup/models/tomato_23/materials/textures/AG15frt2.png
[1.653s] -- Up-to-date: /home/holberton/ros2_ws/install/parc_robot_bringup/share/parc_robot_bringup/models/tomato_23/model.sdf
[1.654s] -- Up-to-date: /home/holberton/ros2_ws/install/parc_robot_bringup/share/parc_robot_bringup/models/tomato_23/markers.json
[1.655s] -- Up-to-date: /home/holberton/ros2_ws/install/parc_robot_bringup/share/parc_robot_bringup/models/tomato_23/meshes
[1.655s] -- Up-to-date: /home/holberton/ros2_ws/install/parc_robot_bringup/share/parc_robot_bringup/models/tomato_23/meshes/.gitignore
[1.656s] -- Up-to-date: /home/holberton/ros2_ws/install/parc_robot_bringup/share/parc_robot_bringup/models/tomato_23/meshes/tomato.dae
[1.656s] -- Up-to-date: /home/holberton/ros2_ws/install/parc_robot_bringup/share/parc_robot_bringup/models/tomato_28
[1.656s] -- Up-to-date: /home/holberton/ros2_ws/install/parc_robot_bringup/share/parc_robot_bringup/models/tomato_28/model.config
[1.657s] -- Up-to-date: /home/holberton/ros2_ws/install/parc_robot_bringup/share/parc_robot_bringup/models/tomato_28/materials
[1.657s] -- Up-to-date: /home/holberton/ros2_ws/install/parc_robot_bringup/share/parc_robot_bringup/models/tomato_28/materials/scripts
[1.657s] -- Up-to-date: /home/holberton/ros2_ws/install/parc_robot_bringup/share/parc_robot_bringup/models/tomato_28/materials/scripts/fruit3.material
[1.658s] -- Up-to-date: /home/holberton/ros2_ws/install/parc_robot_bringup/share/parc_robot_bringup/models/tomato_28/materials/scripts/fruit2.material
[1.658s] -- Up-to-date: /home/holberton/ros2_ws/install/parc_robot_bringup/share/parc_robot_bringup/models/tomato_28/materials/scripts/blossom1.material
[1.658s] -- Up-to-date: /home/holberton/ros2_ws/install/parc_robot_bringup/share/parc_robot_bringup/models/tomato_28/materials/scripts/fruit1.material
[1.658s] -- Up-to-date: /home/holberton/ros2_ws/install/parc_robot_bringup/share/parc_robot_bringup/models/tomato_28/materials/scripts/branch.material
[1.659s] -- Up-to-date: /home/holberton/ros2_ws/install/parc_robot_bringup/share/parc_robot_bringup/models/tomato_28/materials/scripts/blossom3.material
[1.659s] -- Up-to-date: /home/holberton/ros2_ws/install/parc_robot_bringup/share/parc_robot_bringup/models/tomato_28/materials/scripts/blossom2.material
[1.659s] -- Up-to-date: /home/holberton/ros2_ws/install/parc_robot_bringup/share/parc_robot_bringup/models/tomato_28/materials/scripts/leaf2.material
[1.659s] -- Up-to-date: /home/holberton/ros2_ws/install/parc_robot_bringup/share/parc_robot_bringup/models/tomato_28/materials/scripts/fruit4.material
[1.660s] -- Up-to-date: /home/holberton/ros2_ws/install/parc_robot_bringup/share/parc_robot_bringup/models/tomato_28/materials/scripts/leaf1.material
[1.660s] -- Up-to-date: /home/holberton/ros2_ws/install/parc_robot_bringup/share/parc_robot_bringup/models/tomato_28/materials/textures
[1.660s] -- Up-to-date: /home/holberton/ros2_ws/install/parc_robot_bringup/share/parc_robot_bringup/models/tomato_28/materials/textures/AG15blo3.png
[1.660s] -- Up-to-date: /home/holberton/ros2_ws/install/parc_robot_bringup/share/parc_robot_bringup/models/tomato_28/materials/textures/AG15frt1.png
[1.661s] -- Up-to-date: /home/holberton/ros2_ws/install/parc_robot_bringup/share/parc_robot_bringup/models/tomato_28/materials/textures/AG15brn1(copy).png
[1.661s] -- Up-to-date: /home/holberton/ros2_ws/install/parc_robot_bringup/share/parc_robot_bringup/models/tomato_28/materials/textures/AG15blo1.png
[1.661s] -- Up-to-date: /home/holberton/ros2_ws/install/parc_robot_bringup/share/parc_robot_bringup/models/tomato_28/materials/textures/AG15lef2.png
[1.661s] -- Up-to-date: /home/holberton/ros2_ws/install/parc_robot_bringup/share/parc_robot_bringup/models/tomato_28/materials/textures/AG15frt3.png
[1.662s] -- Up-to-date: /home/holberton/ros2_ws/install/parc_robot_bringup/share/parc_robot_bringup/models/tomato_28/materials/textures/AG15brn1.png
[1.662s] -- Up-to-date: /home/holberton/ros2_ws/install/parc_robot_bringup/share/parc_robot_bringup/models/tomato_28/materials/textures/AG15lef1.png
[1.662s] -- Up-to-date: /home/holberton/ros2_ws/install/parc_robot_bringup/share/parc_robot_bringup/models/tomato_28/materials/textures/AG15frt4.png
[1.662s] -- Up-to-date: /home/holberton/ros2_ws/install/parc_robot_bringup/share/parc_robot_bringup/models/tomato_28/materials/textures/AG15blo2.png
[1.662s] -- Up-to-date: /home/holberton/ros2_ws/install/parc_robot_bringup/share/parc_robot_bringup/models/tomato_28/materials/textures/AG15frt2.png
[1.663s] -- Up-to-date: /home/holberton/ros2_ws/install/parc_robot_bringup/share/parc_robot_bringup/models/tomato_28/model.sdf
[1.663s] -- Up-to-date: /home/holberton/ros2_ws/install/parc_robot_bringup/share/parc_robot_bringup/models/tomato_28/markers.json
[1.663s] -- Up-to-date: /home/holberton/ros2_ws/install/parc_robot_bringup/share/parc_robot_bringup/models/tomato_28/meshes
[1.665s] -- Up-to-date: /home/holberton/ros2_ws/install/parc_robot_bringup/share/parc_robot_bringup/models/tomato_28/meshes/.gitignore
[1.666s] -- Up-to-date: /home/holberton/ros2_ws/install/parc_robot_bringup/share/parc_robot_bringup/models/tomato_28/meshes/tomato.dae
[1.666s] -- Up-to-date: /home/holberton/ros2_ws/install/parc_robot_bringup/share/parc_robot_bringup/models/tomato_18
[1.688s] -- Up-to-date: /home/holberton/ros2_ws/install/parc_robot_bringup/share/parc_robot_bringup/models/tomato_18/model.config
[1.688s] -- Up-to-date: /home/holberton/ros2_ws/install/parc_robot_bringup/share/parc_robot_bringup/models/tomato_18/materials
[1.689s] -- Up-to-date: /home/holberton/ros2_ws/install/parc_robot_bringup/share/parc_robot_bringup/models/tomato_18/materials/scripts
[1.689s] -- Up-to-date: /home/holberton/ros2_ws/install/parc_robot_bringup/share/parc_robot_bringup/models/tomato_18/materials/scripts/fruit3.material
[1.690s] -- Up-to-date: /home/holberton/ros2_ws/install/parc_robot_bringup/share/parc_robot_bringup/models/tomato_18/materials/scripts/fruit2.material
[1.690s] -- Up-to-date: /home/holberton/ros2_ws/install/parc_robot_bringup/share/parc_robot_bringup/models/tomato_18/materials/scripts/blossom1.material
[1.690s] -- Up-to-date: /home/holberton/ros2_ws/install/parc_robot_bringup/share/parc_robot_bringup/models/tomato_18/materials/scripts/fruit1.material
[1.691s] -- Up-to-date: /home/holberton/ros2_ws/install/parc_robot_bringup/share/parc_robot_bringup/models/tomato_18/materials/scripts/branch.material
[1.691s] -- Up-to-date: /home/holberton/ros2_ws/install/parc_robot_bringup/share/parc_robot_bringup/models/tomato_18/materials/scripts/blossom3.material
[1.692s] -- Up-to-date: /home/holberton/ros2_ws/install/parc_robot_bringup/share/parc_robot_bringup/models/tomato_18/materials/scripts/blossom2.material
[1.692s] -- Up-to-date: /home/holberton/ros2_ws/install/parc_robot_bringup/share/parc_robot_bringup/models/tomato_18/materials/scripts/leaf2.material
[1.692s] -- Up-to-date: /home/holberton/ros2_ws/install/parc_robot_bringup/share/parc_robot_bringup/models/tomato_18/materials/scripts/fruit4.material
[1.693s] -- Up-to-date: /home/holberton/ros2_ws/install/parc_robot_bringup/share/parc_robot_bringup/models/tomato_18/materials/scripts/leaf1.material
[1.693s] -- Up-to-date: /home/holberton/ros2_ws/install/parc_robot_bringup/share/parc_robot_bringup/models/tomato_18/materials/textures
[1.693s] -- Up-to-date: /home/holberton/ros2_ws/install/parc_robot_bringup/share/parc_robot_bringup/models/tomato_18/materials/textures/AG15blo3.png
[1.693s] -- Up-to-date: /home/holberton/ros2_ws/install/parc_robot_bringup/share/parc_robot_bringup/models/tomato_18/materials/textures/AG15frt1.png
[1.694s] -- Up-to-date: /home/holberton/ros2_ws/install/parc_robot_bringup/share/parc_robot_bringup/models/tomato_18/materials/textures/AG15brn1(copy).png
[1.694s] -- Up-to-date: /home/holberton/ros2_ws/install/parc_robot_bringup/share/parc_robot_bringup/models/tomato_18/materials/textures/AG15blo1.png
[1.694s] -- Up-to-date: /home/holberton/ros2_ws/install/parc_robot_bringup/share/parc_robot_bringup/models/tomato_18/materials/textures/AG15lef2.png
[1.694s] -- Up-to-date: /home/holberton/ros2_ws/install/parc_robot_bringup/share/parc_robot_bringup/models/tomato_18/materials/textures/AG15frt3.png
[1.694s] -- Up-to-date: /home/holberton/ros2_ws/install/parc_robot_bringup/share/parc_robot_bringup/models/tomato_18/materials/textures/AG15brn1.png
[1.695s] -- Up-to-date: /home/holberton/ros2_ws/install/parc_robot_bringup/share/parc_robot_bringup/models/tomato_18/materials/textures/AG15lef1.png
[1.695s] -- Up-to-date: /home/holberton/ros2_ws/install/parc_robot_bringup/share/parc_robot_bringup/models/tomato_18/materials/textures/AG15frt4.png
[1.695s] -- Up-to-date: /home/holberton/ros2_ws/install/parc_robot_bringup/share/parc_robot_bringup/models/tomato_18/materials/textures/AG15blo2.png
[1.695s] -- Up-to-date: /home/holberton/ros2_ws/install/parc_robot_bringup/share/parc_robot_bringup/models/tomato_18/materials/textures/AG15frt2.png
[1.696s] -- Up-to-date: /home/holberton/ros2_ws/install/parc_robot_bringup/share/parc_robot_bringup/models/tomato_18/model.sdf
[1.696s] -- Up-to-date: /home/holberton/ros2_ws/install/parc_robot_bringup/share/parc_robot_bringup/models/tomato_18/markers.json
[1.696s] -- Up-to-date: /home/holberton/ros2_ws/install/parc_robot_bringup/share/parc_robot_bringup/models/tomato_18/meshes
[1.696s] -- Up-to-date: /home/holberton/ros2_ws/install/parc_robot_bringup/share/parc_robot_bringup/models/tomato_18/meshes/.gitignore
[1.697s] -- Up-to-date: /home/holberton/ros2_ws/install/parc_robot_bringup/share/parc_robot_bringup/models/tomato_18/meshes/tomato.dae
[1.697s] -- Up-to-date: /home/holberton/ros2_ws/install/parc_robot_bringup/share/parc_robot_bringup/models/tomato_33
[1.705s] -- Up-to-date: /home/holberton/ros2_ws/install/parc_robot_bringup/share/parc_robot_bringup/models/tomato_33/model.config
[1.706s] -- Up-to-date: /home/holberton/ros2_ws/install/parc_robot_bringup/share/parc_robot_bringup/models/tomato_33/materials
[1.706s] -- Up-to-date: /home/holberton/ros2_ws/install/parc_robot_bringup/share/parc_robot_bringup/models/tomato_33/materials/scripts
[1.707s] -- Up-to-date: /home/holberton/ros2_ws/install/parc_robot_bringup/share/parc_robot_bringup/models/tomato_33/materials/scripts/fruit3.material
[1.708s] -- Up-to-date: /home/holberton/ros2_ws/install/parc_robot_bringup/share/parc_robot_bringup/models/tomato_33/materials/scripts/fruit2.material
[1.708s] -- Up-to-date: /home/holberton/ros2_ws/install/parc_robot_bringup/share/parc_robot_bringup/models/tomato_33/materials/scripts/blossom1.material
[1.709s] -- Up-to-date: /home/holberton/ros2_ws/install/parc_robot_bringup/share/parc_robot_bringup/models/tomato_33/materials/scripts/fruit1.material
[1.709s] -- Up-to-date: /home/holberton/ros2_ws/install/parc_robot_bringup/share/parc_robot_bringup/models/tomato_33/materials/scripts/branch.material
[1.710s] -- Up-to-date: /home/holberton/ros2_ws/install/parc_robot_bringup/share/parc_robot_bringup/models/tomato_33/materials/scripts/blossom3.material
[1.710s] -- Up-to-date: /home/holberton/ros2_ws/install/parc_robot_bringup/share/parc_robot_bringup/models/tomato_33/materials/scripts/blossom2.material
[1.711s] -- Up-to-date: /home/holberton/ros2_ws/install/parc_robot_bringup/share/parc_robot_bringup/models/tomato_33/materials/scripts/leaf2.material
[1.711s] -- Up-to-date: /home/holberton/ros2_ws/install/parc_robot_bringup/share/parc_robot_bringup/models/tomato_33/materials/scripts/fruit4.material
[1.711s] -- Up-to-date: /home/holberton/ros2_ws/install/parc_robot_bringup/share/parc_robot_bringup/models/tomato_33/materials/scripts/leaf1.material
[1.712s] -- Up-to-date: /home/holberton/ros2_ws/install/parc_robot_bringup/share/parc_robot_bringup/models/tomato_33/materials/textures
[1.712s] -- Up-to-date: /home/holberton/ros2_ws/install/parc_robot_bringup/share/parc_robot_bringup/models/tomato_33/materials/textures/AG15blo3.png
[1.712s] -- Up-to-date: /home/holberton/ros2_ws/install/parc_robot_bringup/share/parc_robot_bringup/models/tomato_33/materials/textures/AG15frt1.png
[1.713s] -- Up-to-date: /home/holberton/ros2_ws/install/parc_robot_bringup/share/parc_robot_bringup/models/tomato_33/materials/textures/AG15brn1(copy).png
[1.714s] -- Up-to-date: /home/holberton/ros2_ws/install/parc_robot_bringup/share/parc_robot_bringup/models/tomato_33/materials/textures/AG15blo1.png
[1.715s] -- Up-to-date: /home/holberton/ros2_ws/install/parc_robot_bringup/share/parc_robot_bringup/models/tomato_33/materials/textures/AG15lef2.png
[1.715s] -- Up-to-date: /home/holberton/ros2_ws/install/parc_robot_bringup/share/parc_robot_bringup/models/tomato_33/materials/textures/AG15frt3.png
[1.716s] -- Up-to-date: /home/holberton/ros2_ws/install/parc_robot_bringup/share/parc_robot_bringup/models/tomato_33/materials/textures/AG15brn1.png
[1.717s] -- Up-to-date: /home/holberton/ros2_ws/install/parc_robot_bringup/share/parc_robot_bringup/models/tomato_33/materials/textures/AG15lef1.png
[1.718s] -- Up-to-date: /home/holberton/ros2_ws/install/parc_robot_bringup/share/parc_robot_bringup/models/tomato_33/materials/textures/AG15frt4.png
[1.719s] -- Up-to-date: /home/holberton/ros2_ws/install/parc_robot_bringup/share/parc_robot_bringup/models/tomato_33/materials/textures/AG15blo2.png
[1.719s] -- Up-to-date: /home/holberton/ros2_ws/install/parc_robot_bringup/share/parc_robot_bringup/models/tomato_33/materials/textures/AG15frt2.png
[1.720s] -- Up-to-date: /home/holberton/ros2_ws/install/parc_robot_bringup/share/parc_robot_bringup/models/tomato_33/model.sdf
[1.721s] -- Up-to-date: /home/holberton/ros2_ws/install/parc_robot_bringup/share/parc_robot_bringup/models/tomato_33/markers.json
[1.722s] -- Up-to-date: /home/holberton/ros2_ws/install/parc_robot_bringup/share/parc_robot_bringup/models/tomato_33/meshes
[1.723s] -- Up-to-date: /home/holberton/ros2_ws/install/parc_robot_bringup/share/parc_robot_bringup/models/tomato_33/meshes/.gitignore
[1.724s] -- Up-to-date: /home/holberton/ros2_ws/install/parc_robot_bringup/share/parc_robot_bringup/models/tomato_33/meshes/tomato.dae
[1.724s] -- Up-to-date: /home/holberton/ros2_ws/install/parc_robot_bringup/share/parc_robot_bringup/models/tomato_27
[1.725s] -- Up-to-date: /home/holberton/ros2_ws/install/parc_robot_bringup/share/parc_robot_bringup/models/tomato_27/model.config
[1.726s] -- Up-to-date: /home/holberton/ros2_ws/install/parc_robot_bringup/share/parc_robot_bringup/models/tomato_27/materials
[1.727s] -- Up-to-date: /home/holberton/ros2_ws/install/parc_robot_bringup/share/parc_robot_bringup/models/tomato_27/materials/scripts
[1.727s] -- Up-to-date: /home/holberton/ros2_ws/install/parc_robot_bringup/share/parc_robot_bringup/models/tomato_27/materials/scripts/fruit3.material
[1.728s] -- Up-to-date: /home/holberton/ros2_ws/install/parc_robot_bringup/share/parc_robot_bringup/models/tomato_27/materials/scripts/fruit2.material
[1.728s] -- Up-to-date: /home/holberton/ros2_ws/install/parc_robot_bringup/share/parc_robot_bringup/models/tomato_27/materials/scripts/blossom1.material
[1.728s] -- Up-to-date: /home/holberton/ros2_ws/install/parc_robot_bringup/share/parc_robot_bringup/models/tomato_27/materials/scripts/fruit1.material
[1.729s] -- Up-to-date: /home/holberton/ros2_ws/install/parc_robot_bringup/share/parc_robot_bringup/models/tomato_27/materials/scripts/branch.material
[1.729s] -- Up-to-date: /home/holberton/ros2_ws/install/parc_robot_bringup/share/parc_robot_bringup/models/tomato_27/materials/scripts/blossom3.material
[1.729s] -- Up-to-date: /home/holberton/ros2_ws/install/parc_robot_bringup/share/parc_robot_bringup/models/tomato_27/materials/scripts/blossom2.material
[1.730s] -- Up-to-date: /home/holberton/ros2_ws/install/parc_robot_bringup/share/parc_robot_bringup/models/tomato_27/materials/scripts/leaf2.material
[1.731s] -- Up-to-date: /home/holberton/ros2_ws/install/parc_robot_bringup/share/parc_robot_bringup/models/tomato_27/materials/scripts/fruit4.material
[1.732s] -- Up-to-date: /home/holberton/ros2_ws/install/parc_robot_bringup/share/parc_robot_bringup/models/tomato_27/materials/scripts/leaf1.material
[1.732s] -- Up-to-date: /home/holberton/ros2_ws/install/parc_robot_bringup/share/parc_robot_bringup/models/tomato_27/materials/textures
[1.733s] -- Up-to-date: /home/holberton/ros2_ws/install/parc_robot_bringup/share/parc_robot_bringup/models/tomato_27/materials/textures/AG15blo3.png
[1.733s] -- Up-to-date: /home/holberton/ros2_ws/install/parc_robot_bringup/share/parc_robot_bringup/models/tomato_27/materials/textures/AG15frt1.png
[1.733s] -- Up-to-date: /home/holberton/ros2_ws/install/parc_robot_bringup/share/parc_robot_bringup/models/tomato_27/materials/textures/AG15brn1(copy).png
[1.734s] -- Up-to-date: /home/holberton/ros2_ws/install/parc_robot_bringup/share/parc_robot_bringup/models/tomato_27/materials/textures/AG15blo1.png
[1.734s] -- Up-to-date: /home/holberton/ros2_ws/install/parc_robot_bringup/share/parc_robot_bringup/models/tomato_27/materials/textures/AG15lef2.png
[1.734s] -- Up-to-date: /home/holberton/ros2_ws/install/parc_robot_bringup/share/parc_robot_bringup/models/tomato_27/materials/textures/AG15frt3.png
[1.734s] -- Up-to-date: /home/holberton/ros2_ws/install/parc_robot_bringup/share/parc_robot_bringup/models/tomato_27/materials/textures/AG15brn1.png
[1.735s] -- Up-to-date: /home/holberton/ros2_ws/install/parc_robot_bringup/share/parc_robot_bringup/models/tomato_27/materials/textures/AG15lef1.png
[1.735s] -- Up-to-date: /home/holberton/ros2_ws/install/parc_robot_bringup/share/parc_robot_bringup/models/tomato_27/materials/textures/AG15frt4.png
[1.735s] -- Up-to-date: /home/holberton/ros2_ws/install/parc_robot_bringup/share/parc_robot_bringup/models/tomato_27/materials/textures/AG15blo2.png
[1.736s] -- Up-to-date: /home/holberton/ros2_ws/install/parc_robot_bringup/share/parc_robot_bringup/models/tomato_27/materials/textures/AG15frt2.png
[1.736s] -- Up-to-date: /home/holberton/ros2_ws/install/parc_robot_bringup/share/parc_robot_bringup/models/tomato_27/model.sdf
[1.736s] -- Up-to-date: /home/holberton/ros2_ws/install/parc_robot_bringup/share/parc_robot_bringup/models/tomato_27/markers.json
[1.737s] -- Up-to-date: /home/holberton/ros2_ws/install/parc_robot_bringup/share/parc_robot_bringup/models/tomato_27/meshes
[1.737s] -- Up-to-date: /home/holberton/ros2_ws/install/parc_robot_bringup/share/parc_robot_bringup/models/tomato_27/meshes/.gitignore
[1.737s] -- Up-to-date: /home/holberton/ros2_ws/install/parc_robot_bringup/share/parc_robot_bringup/models/tomato_27/meshes/tomato.dae
[1.738s] -- Up-to-date: /home/holberton/ros2_ws/install/parc_robot_bringup/share/parc_robot_bringup/models/materials
[1.738s] -- Up-to-date: /home/holberton/ros2_ws/install/parc_robot_bringup/share/parc_robot_bringup/models/materials/textures
[1.738s] -- Up-to-date: /home/holberton/ros2_ws/install/parc_robot_bringup/share/parc_robot_bringup/models/materials/textures/grass_roughness.jpg
[1.739s] -- Up-to-date: /home/holberton/ros2_ws/install/parc_robot_bringup/share/parc_robot_bringup/models/materials/textures/plowed_soil.jpg
[1.739s] -- Up-to-date: /home/holberton/ros2_ws/install/parc_robot_bringup/share/parc_robot_bringup/models/materials/textures/fungus_diffusespecular.png
[1.739s] -- Up-to-date: /home/holberton/ros2_ws/install/parc_robot_bringup/share/parc_robot_bringup/models/materials/textures/grass_normal.jpg
[1.740s] -- Up-to-date: /home/holberton/ros2_ws/install/parc_robot_bringup/share/parc_robot_bringup/models/materials/textures/flat_normal.png
[1.740s] -- Up-to-date: /home/holberton/ros2_ws/install/parc_robot_bringup/share/parc_robot_bringup/models/materials/textures/dirt_diffusespecular.png
[1.740s] -- Up-to-date: /home/holberton/ros2_ws/install/parc_robot_bringup/share/parc_robot_bringup/models/materials/textures/grass_displacement.jpg
[1.741s] -- Up-to-date: /home/holberton/ros2_ws/install/parc_robot_bringup/share/parc_robot_bringup/models/materials/textures/grass_color.jpg
[1.741s] -- Up-to-date: /home/holberton/ros2_ws/install/parc_robot_bringup/share/parc_robot_bringup/models/goal_location
[1.741s] -- Up-to-date: /home/holberton/ros2_ws/install/parc_robot_bringup/share/parc_robot_bringup/models/goal_location/model.config
[1.742s] -- Up-to-date: /home/holberton/ros2_ws/install/parc_robot_bringup/share/parc_robot_bringup/models/goal_location/model.sdf
[1.742s] -- Up-to-date: /home/holberton/ros2_ws/install/parc_robot_bringup/share/parc_robot_bringup/models/tomato_32
[1.742s] -- Up-to-date: /home/holberton/ros2_ws/install/parc_robot_bringup/share/parc_robot_bringup/models/tomato_32/model.config
[1.743s] -- Up-to-date: /home/holberton/ros2_ws/install/parc_robot_bringup/share/parc_robot_bringup/models/tomato_32/materials
[1.743s] -- Up-to-date: /home/holberton/ros2_ws/install/parc_robot_bringup/share/parc_robot_bringup/models/tomato_32/materials/scripts
[1.743s] -- Up-to-date: /home/holberton/ros2_ws/install/parc_robot_bringup/share/parc_robot_bringup/models/tomato_32/materials/scripts/fruit3.material
[1.744s] -- Up-to-date: /home/holberton/ros2_ws/install/parc_robot_bringup/share/parc_robot_bringup/models/tomato_32/materials/scripts/fruit2.material
[1.744s] -- Up-to-date: /home/holberton/ros2_ws/install/parc_robot_bringup/share/parc_robot_bringup/models/tomato_32/materials/scripts/blossom1.material
[1.744s] -- Up-to-date: /home/holberton/ros2_ws/install/parc_robot_bringup/share/parc_robot_bringup/models/tomato_32/materials/scripts/fruit1.material
[1.745s] -- Up-to-date: /home/holberton/ros2_ws/install/parc_robot_bringup/share/parc_robot_bringup/models/tomato_32/materials/scripts/branch.material
[1.745s] -- Up-to-date: /home/holberton/ros2_ws/install/parc_robot_bringup/share/parc_robot_bringup/models/tomato_32/materials/scripts/blossom3.material
[1.745s] -- Up-to-date: /home/holberton/ros2_ws/install/parc_robot_bringup/share/parc_robot_bringup/models/tomato_32/materials/scripts/blossom2.material
[1.746s] -- Up-to-date: /home/holberton/ros2_ws/install/parc_robot_bringup/share/parc_robot_bringup/models/tomato_32/materials/scripts/leaf2.material
[1.746s] -- Up-to-date: /home/holberton/ros2_ws/install/parc_robot_bringup/share/parc_robot_bringup/models/tomato_32/materials/scripts/fruit4.material
[1.746s] -- Up-to-date: /home/holberton/ros2_ws/install/parc_robot_bringup/share/parc_robot_bringup/models/tomato_32/materials/scripts/leaf1.material
[1.747s] -- Up-to-date: /home/holberton/ros2_ws/install/parc_robot_bringup/share/parc_robot_bringup/models/tomato_32/materials/textures
[1.747s] -- Up-to-date: /home/holberton/ros2_ws/install/parc_robot_bringup/share/parc_robot_bringup/models/tomato_32/materials/textures/AG15blo3.png
[1.747s] -- Up-to-date: /home/holberton/ros2_ws/install/parc_robot_bringup/share/parc_robot_bringup/models/tomato_32/materials/textures/AG15frt1.png
[1.748s] -- Up-to-date: /home/holberton/ros2_ws/install/parc_robot_bringup/share/parc_robot_bringup/models/tomato_32/materials/textures/AG15brn1(copy).png
[1.748s] -- Up-to-date: /home/holberton/ros2_ws/install/parc_robot_bringup/share/parc_robot_bringup/models/tomato_32/materials/textures/AG15blo1.png
[1.748s] -- Up-to-date: /home/holberton/ros2_ws/install/parc_robot_bringup/share/parc_robot_bringup/models/tomato_32/materials/textures/AG15lef2.png
[1.748s] -- Up-to-date: /home/holberton/ros2_ws/install/parc_robot_bringup/share/parc_robot_bringup/models/tomato_32/materials/textures/AG15frt3.png
[1.749s] -- Up-to-date: /home/holberton/ros2_ws/install/parc_robot_bringup/share/parc_robot_bringup/models/tomato_32/materials/textures/AG15brn1.png
[1.749s] -- Up-to-date: /home/holberton/ros2_ws/install/parc_robot_bringup/share/parc_robot_bringup/models/tomato_32/materials/textures/AG15lef1.png
[1.749s] -- Up-to-date: /home/holberton/ros2_ws/install/parc_robot_bringup/share/parc_robot_bringup/models/tomato_32/materials/textures/AG15frt4.png
[1.750s] -- Up-to-date: /home/holberton/ros2_ws/install/parc_robot_bringup/share/parc_robot_bringup/models/tomato_32/materials/textures/AG15blo2.png
[1.750s] -- Up-to-date: /home/holberton/ros2_ws/install/parc_robot_bringup/share/parc_robot_bringup/models/tomato_32/materials/textures/AG15frt2.png
[1.750s] -- Up-to-date: /home/holberton/ros2_ws/install/parc_robot_bringup/share/parc_robot_bringup/models/tomato_32/model.sdf
[1.751s] -- Up-to-date: /home/holberton/ros2_ws/install/parc_robot_bringup/share/parc_robot_bringup/models/tomato_32/markers.json
[1.751s] -- Up-to-date: /home/holberton/ros2_ws/install/parc_robot_bringup/share/parc_robot_bringup/models/tomato_32/meshes
[1.751s] -- Up-to-date: /home/holberton/ros2_ws/install/parc_robot_bringup/share/parc_robot_bringup/models/tomato_32/meshes/.gitignore
[1.751s] -- Up-to-date: /home/holberton/ros2_ws/install/parc_robot_bringup/share/parc_robot_bringup/models/tomato_32/meshes/tomato.dae
[1.752s] -- Up-to-date: /home/holberton/ros2_ws/install/parc_robot_bringup/share/parc_robot_bringup/models/tomato_26
[1.752s] -- Up-to-date: /home/holberton/ros2_ws/install/parc_robot_bringup/share/parc_robot_bringup/models/tomato_26/model.config
[1.752s] -- Up-to-date: /home/holberton/ros2_ws/install/parc_robot_bringup/share/parc_robot_bringup/models/tomato_26/materials
[1.753s] -- Up-to-date: /home/holberton/ros2_ws/install/parc_robot_bringup/share/parc_robot_bringup/models/tomato_26/materials/scripts
[1.753s] -- Up-to-date: /home/holberton/ros2_ws/install/parc_robot_bringup/share/parc_robot_bringup/models/tomato_26/materials/scripts/fruit3.material
[1.753s] -- Up-to-date: /home/holberton/ros2_ws/install/parc_robot_bringup/share/parc_robot_bringup/models/tomato_26/materials/scripts/fruit2.material
[1.754s] -- Up-to-date: /home/holberton/ros2_ws/install/parc_robot_bringup/share/parc_robot_bringup/models/tomato_26/materials/scripts/blossom1.material
[1.754s] -- Up-to-date: /home/holberton/ros2_ws/install/parc_robot_bringup/share/parc_robot_bringup/models/tomato_26/materials/scripts/fruit1.material
[1.754s] -- Up-to-date: /home/holberton/ros2_ws/install/parc_robot_bringup/share/parc_robot_bringup/models/tomato_26/materials/scripts/branch.material
[1.754s] -- Up-to-date: /home/holberton/ros2_ws/install/parc_robot_bringup/share/parc_robot_bringup/models/tomato_26/materials/scripts/blossom3.material
[1.755s] -- Up-to-date: /home/holberton/ros2_ws/install/parc_robot_bringup/share/parc_robot_bringup/models/tomato_26/materials/scripts/blossom2.material
[1.755s] -- Up-to-date: /home/holberton/ros2_ws/install/parc_robot_bringup/share/parc_robot_bringup/models/tomato_26/materials/scripts/leaf2.material
[1.755s] -- Up-to-date: /home/holberton/ros2_ws/install/parc_robot_bringup/share/parc_robot_bringup/models/tomato_26/materials/scripts/fruit4.material
[1.755s] -- Up-to-date: /home/holberton/ros2_ws/install/parc_robot_bringup/share/parc_robot_bringup/models/tomato_26/materials/scripts/leaf1.material
[1.756s] -- Up-to-date: /home/holberton/ros2_ws/install/parc_robot_bringup/share/parc_robot_bringup/models/tomato_26/materials/textures
[1.756s] -- Up-to-date: /home/holberton/ros2_ws/install/parc_robot_bringup/share/parc_robot_bringup/models/tomato_26/materials/textures/AG15blo3.png
[1.756s] -- Up-to-date: /home/holberton/ros2_ws/install/parc_robot_bringup/share/parc_robot_bringup/models/tomato_26/materials/textures/AG15frt1.png
[1.756s] -- Up-to-date: /home/holberton/ros2_ws/install/parc_robot_bringup/share/parc_robot_bringup/models/tomato_26/materials/textures/AG15brn1(copy).png
[1.756s] -- Up-to-date: /home/holberton/ros2_ws/install/parc_robot_bringup/share/parc_robot_bringup/models/tomato_26/materials/textures/AG15blo1.png
[1.757s] -- Up-to-date: /home/holberton/ros2_ws/install/parc_robot_bringup/share/parc_robot_bringup/models/tomato_26/materials/textures/AG15lef2.png
[1.757s] -- Up-to-date: /home/holberton/ros2_ws/install/parc_robot_bringup/share/parc_robot_bringup/models/tomato_26/materials/textures/AG15frt3.png
[1.757s] -- Up-to-date: /home/holberton/ros2_ws/install/parc_robot_bringup/share/parc_robot_bringup/models/tomato_26/materials/textures/AG15brn1.png
[1.757s] -- Up-to-date: /home/holberton/ros2_ws/install/parc_robot_bringup/share/parc_robot_bringup/models/tomato_26/materials/textures/AG15lef1.png
[1.758s] -- Up-to-date: /home/holberton/ros2_ws/install/parc_robot_bringup/share/parc_robot_bringup/models/tomato_26/materials/textures/AG15frt4.png
[1.758s] -- Up-to-date: /home/holberton/ros2_ws/install/parc_robot_bringup/share/parc_robot_bringup/models/tomato_26/materials/textures/AG15blo2.png
[1.758s] -- Up-to-date: /home/holberton/ros2_ws/install/parc_robot_bringup/share/parc_robot_bringup/models/tomato_26/materials/textures/AG15frt2.png
[1.758s] -- Up-to-date: /home/holberton/ros2_ws/install/parc_robot_bringup/share/parc_robot_bringup/models/tomato_26/model.sdf
[1.759s] -- Up-to-date: /home/holberton/ros2_ws/install/parc_robot_bringup/share/parc_robot_bringup/models/tomato_26/markers.json
[1.759s] -- Up-to-date: /home/holberton/ros2_ws/install/parc_robot_bringup/share/parc_robot_bringup/models/tomato_26/meshes
[1.759s] -- Up-to-date: /home/holberton/ros2_ws/install/parc_robot_bringup/share/parc_robot_bringup/models/tomato_26/meshes/.gitignore
[1.759s] -- Up-to-date: /home/holberton/ros2_ws/install/parc_robot_bringup/share/parc_robot_bringup/models/tomato_26/meshes/tomato.dae
[1.759s] -- Up-to-date: /home/holberton/ros2_ws/install/parc_robot_bringup/share/parc_robot_bringup/models/tomato_9
[1.762s] -- Up-to-date: /home/holberton/ros2_ws/install/parc_robot_bringup/share/parc_robot_bringup/models/tomato_9/model.config
[1.762s] -- Up-to-date: /home/holberton/ros2_ws/install/parc_robot_bringup/share/parc_robot_bringup/models/tomato_9/materials
[1.762s] -- Up-to-date: /home/holberton/ros2_ws/install/parc_robot_bringup/share/parc_robot_bringup/models/tomato_9/materials/scripts
[1.763s] -- Up-to-date: /home/holberton/ros2_ws/install/parc_robot_bringup/share/parc_robot_bringup/models/tomato_9/materials/scripts/fruit3.material
[1.763s] -- Up-to-date: /home/holberton/ros2_ws/install/parc_robot_bringup/share/parc_robot_bringup/models/tomato_9/materials/scripts/fruit2.material
[1.763s] -- Up-to-date: /home/holberton/ros2_ws/install/parc_robot_bringup/share/parc_robot_bringup/models/tomato_9/materials/scripts/blossom1.material
[1.763s] -- Up-to-date: /home/holberton/ros2_ws/install/parc_robot_bringup/share/parc_robot_bringup/models/tomato_9/materials/scripts/fruit1.material
[1.763s] -- Up-to-date: /home/holberton/ros2_ws/install/parc_robot_bringup/share/parc_robot_bringup/models/tomato_9/materials/scripts/branch.material
[1.764s] -- Up-to-date: /home/holberton/ros2_ws/install/parc_robot_bringup/share/parc_robot_bringup/models/tomato_9/materials/scripts/blossom3.material
[1.764s] -- Up-to-date: /home/holberton/ros2_ws/install/parc_robot_bringup/share/parc_robot_bringup/models/tomato_9/materials/scripts/blossom2.material
[1.764s] -- Up-to-date: /home/holberton/ros2_ws/install/parc_robot_bringup/share/parc_robot_bringup/models/tomato_9/materials/scripts/leaf2.material
[1.764s] -- Up-to-date: /home/holberton/ros2_ws/install/parc_robot_bringup/share/parc_robot_bringup/models/tomato_9/materials/scripts/fruit4.material
[1.764s] -- Up-to-date: /home/holberton/ros2_ws/install/parc_robot_bringup/share/parc_robot_bringup/models/tomato_9/materials/scripts/leaf1.material
[1.764s] -- Up-to-date: /home/holberton/ros2_ws/install/parc_robot_bringup/share/parc_robot_bringup/models/tomato_9/materials/textures
[1.764s] -- Up-to-date: /home/holberton/ros2_ws/install/parc_robot_bringup/share/parc_robot_bringup/models/tomato_9/materials/textures/AG15blo3.png
[1.765s] -- Up-to-date: /home/holberton/ros2_ws/install/parc_robot_bringup/share/parc_robot_bringup/models/tomato_9/materials/textures/AG15frt1.png
[1.765s] -- Up-to-date: /home/holberton/ros2_ws/install/parc_robot_bringup/share/parc_robot_bringup/models/tomato_9/materials/textures/AG15brn1(copy).png
[1.765s] -- Up-to-date: /home/holberton/ros2_ws/install/parc_robot_bringup/share/parc_robot_bringup/models/tomato_9/materials/textures/AG15blo1.png
[1.765s] -- Up-to-date: /home/holberton/ros2_ws/install/parc_robot_bringup/share/parc_robot_bringup/models/tomato_9/materials/textures/AG15lef2.png
[1.765s] -- Up-to-date: /home/holberton/ros2_ws/install/parc_robot_bringup/share/parc_robot_bringup/models/tomato_9/materials/textures/AG15frt3.png
[1.765s] -- Up-to-date: /home/holberton/ros2_ws/install/parc_robot_bringup/share/parc_robot_bringup/models/tomato_9/materials/textures/AG15brn1.png
[1.765s] -- Up-to-date: /home/holberton/ros2_ws/install/parc_robot_bringup/share/parc_robot_bringup/models/tomato_9/materials/textures/AG15lef1.png
[1.765s] -- Up-to-date: /home/holberton/ros2_ws/install/parc_robot_bringup/share/parc_robot_bringup/models/tomato_9/materials/textures/AG15frt4.png
[1.766s] -- Up-to-date: /home/holberton/ros2_ws/install/parc_robot_bringup/share/parc_robot_bringup/models/tomato_9/materials/textures/AG15blo2.png
[1.766s] -- Up-to-date: /home/holberton/ros2_ws/install/parc_robot_bringup/share/parc_robot_bringup/models/tomato_9/materials/textures/AG15frt2.png
[1.766s] -- Up-to-date: /home/holberton/ros2_ws/install/parc_robot_bringup/share/parc_robot_bringup/models/tomato_9/model.sdf
[1.766s] -- Up-to-date: /home/holberton/ros2_ws/install/parc_robot_bringup/share/parc_robot_bringup/models/tomato_9/markers.json
[1.767s] -- Up-to-date: /home/holberton/ros2_ws/install/parc_robot_bringup/share/parc_robot_bringup/models/tomato_9/meshes
[1.767s] -- Up-to-date: /home/holberton/ros2_ws/install/parc_robot_bringup/share/parc_robot_bringup/models/tomato_9/meshes/.gitignore
[1.767s] -- Up-to-date: /home/holberton/ros2_ws/install/parc_robot_bringup/share/parc_robot_bringup/models/tomato_9/meshes/tomato.dae
[1.767s] -- Up-to-date: /home/holberton/ros2_ws/install/parc_robot_bringup/share/parc_robot_bringup/models/tomato_13
[1.767s] -- Up-to-date: /home/holberton/ros2_ws/install/parc_robot_bringup/share/parc_robot_bringup/models/tomato_13/model.config
[1.767s] -- Up-to-date: /home/holberton/ros2_ws/install/parc_robot_bringup/share/parc_robot_bringup/models/tomato_13/materials
[1.767s] -- Up-to-date: /home/holberton/ros2_ws/install/parc_robot_bringup/share/parc_robot_bringup/models/tomato_13/materials/scripts
[1.768s] -- Up-to-date: /home/holberton/ros2_ws/install/parc_robot_bringup/share/parc_robot_bringup/models/tomato_13/materials/scripts/fruit3.material
[1.768s] -- Up-to-date: /home/holberton/ros2_ws/install/parc_robot_bringup/share/parc_robot_bringup/models/tomato_13/materials/scripts/fruit2.material
[1.768s] -- Up-to-date: /home/holberton/ros2_ws/install/parc_robot_bringup/share/parc_robot_bringup/models/tomato_13/materials/scripts/blossom1.material
[1.768s] -- Up-to-date: /home/holberton/ros2_ws/install/parc_robot_bringup/share/parc_robot_bringup/models/tomato_13/materials/scripts/fruit1.material
[1.768s] -- Up-to-date: /home/holberton/ros2_ws/install/parc_robot_bringup/share/parc_robot_bringup/models/tomato_13/materials/scripts/branch.material
[1.768s] -- Up-to-date: /home/holberton/ros2_ws/install/parc_robot_bringup/share/parc_robot_bringup/models/tomato_13/materials/scripts/blossom3.material
[1.768s] -- Up-to-date: /home/holberton/ros2_ws/install/parc_robot_bringup/share/parc_robot_bringup/models/tomato_13/materials/scripts/blossom2.material
[1.768s] -- Up-to-date: /home/holberton/ros2_ws/install/parc_robot_bringup/share/parc_robot_bringup/models/tomato_13/materials/scripts/leaf2.material
[1.768s] -- Up-to-date: /home/holberton/ros2_ws/install/parc_robot_bringup/share/parc_robot_bringup/models/tomato_13/materials/scripts/fruit4.material
[1.768s] -- Up-to-date: /home/holberton/ros2_ws/install/parc_robot_bringup/share/parc_robot_bringup/models/tomato_13/materials/scripts/leaf1.material
[1.768s] -- Up-to-date: /home/holberton/ros2_ws/install/parc_robot_bringup/share/parc_robot_bringup/models/tomato_13/materials/textures
[1.769s] -- Up-to-date: /home/holberton/ros2_ws/install/parc_robot_bringup/share/parc_robot_bringup/models/tomato_13/materials/textures/AG15blo3.png
[1.769s] -- Up-to-date: /home/holberton/ros2_ws/install/parc_robot_bringup/share/parc_robot_bringup/models/tomato_13/materials/textures/AG15frt1.png
[1.769s] -- Up-to-date: /home/holberton/ros2_ws/install/parc_robot_bringup/share/parc_robot_bringup/models/tomato_13/materials/textures/AG15brn1(copy).png
[1.769s] -- Up-to-date: /home/holberton/ros2_ws/install/parc_robot_bringup/share/parc_robot_bringup/models/tomato_13/materials/textures/AG15blo1.png
[1.769s] -- Up-to-date: /home/holberton/ros2_ws/install/parc_robot_bringup/share/parc_robot_bringup/models/tomato_13/materials/textures/AG15lef2.png
[1.769s] -- Up-to-date: /home/holberton/ros2_ws/install/parc_robot_bringup/share/parc_robot_bringup/models/tomato_13/materials/textures/AG15frt3.png
[1.769s] -- Up-to-date: /home/holberton/ros2_ws/install/parc_robot_bringup/share/parc_robot_bringup/models/tomato_13/materials/textures/AG15brn1.png
[1.769s] -- Up-to-date: /home/holberton/ros2_ws/install/parc_robot_bringup/share/parc_robot_bringup/models/tomato_13/materials/textures/AG15lef1.png
[1.769s] -- Up-to-date: /home/holberton/ros2_ws/install/parc_robot_bringup/share/parc_robot_bringup/models/tomato_13/materials/textures/AG15frt4.png
[1.769s] -- Up-to-date: /home/holberton/ros2_ws/install/parc_robot_bringup/share/parc_robot_bringup/models/tomato_13/materials/textures/AG15blo2.png
[1.769s] -- Up-to-date: /home/holberton/ros2_ws/install/parc_robot_bringup/share/parc_robot_bringup/models/tomato_13/materials/textures/AG15frt2.png
[1.770s] -- Up-to-date: /home/holberton/ros2_ws/install/parc_robot_bringup/share/parc_robot_bringup/models/tomato_13/model.sdf
[1.770s] -- Up-to-date: /home/holberton/ros2_ws/install/parc_robot_bringup/share/parc_robot_bringup/models/tomato_13/markers.json
[1.770s] -- Up-to-date: /home/holberton/ros2_ws/install/parc_robot_bringup/share/parc_robot_bringup/models/tomato_13/meshes
[1.772s] -- Up-to-date: /home/holberton/ros2_ws/install/parc_robot_bringup/share/parc_robot_bringup/models/tomato_13/meshes/.gitignore
[1.772s] -- Up-to-date: /home/holberton/ros2_ws/install/parc_robot_bringup/share/parc_robot_bringup/models/tomato_13/meshes/tomato.dae
[1.772s] -- Up-to-date: /home/holberton/ros2_ws/install/parc_robot_bringup/share/parc_robot_bringup/models/peg
[1.772s] -- Up-to-date: /home/holberton/ros2_ws/install/parc_robot_bringup/share/parc_robot_bringup/models/peg/model.config
[1.772s] -- Up-to-date: /home/holberton/ros2_ws/install/parc_robot_bringup/share/parc_robot_bringup/models/peg/model.sdf
[1.772s] -- Up-to-date: /home/holberton/ros2_ws/install/parc_robot_bringup/share/parc_robot_bringup/models/tomato_34
[1.780s] -- Up-to-date: /home/holberton/ros2_ws/install/parc_robot_bringup/share/parc_robot_bringup/models/tomato_34/model.config
[1.780s] -- Up-to-date: /home/holberton/ros2_ws/install/parc_robot_bringup/share/parc_robot_bringup/models/tomato_34/materials
[1.780s] -- Up-to-date: /home/holberton/ros2_ws/install/parc_robot_bringup/share/parc_robot_bringup/models/tomato_34/materials/scripts
[1.781s] -- Up-to-date: /home/holberton/ros2_ws/install/parc_robot_bringup/share/parc_robot_bringup/models/tomato_34/materials/scripts/fruit3.material
[1.781s] -- Up-to-date: /home/holberton/ros2_ws/install/parc_robot_bringup/share/parc_robot_bringup/models/tomato_34/materials/scripts/fruit2.material
[1.781s] -- Up-to-date: /home/holberton/ros2_ws/install/parc_robot_bringup/share/parc_robot_bringup/models/tomato_34/materials/scripts/blossom1.material
[1.781s] -- Up-to-date: /home/holberton/ros2_ws/install/parc_robot_bringup/share/parc_robot_bringup/models/tomato_34/materials/scripts/fruit1.material
[1.781s] -- Up-to-date: /home/holberton/ros2_ws/install/parc_robot_bringup/share/parc_robot_bringup/models/tomato_34/materials/scripts/branch.material
[1.781s] -- Up-to-date: /home/holberton/ros2_ws/install/parc_robot_bringup/share/parc_robot_bringup/models/tomato_34/materials/scripts/blossom3.material
[1.781s] -- Up-to-date: /home/holberton/ros2_ws/install/parc_robot_bringup/share/parc_robot_bringup/models/tomato_34/materials/scripts/blossom2.material
[1.782s] -- Up-to-date: /home/holberton/ros2_ws/install/parc_robot_bringup/share/parc_robot_bringup/models/tomato_34/materials/scripts/leaf2.material
[1.782s] -- Up-to-date: /home/holberton/ros2_ws/install/parc_robot_bringup/share/parc_robot_bringup/models/tomato_34/materials/scripts/fruit4.material
[1.782s] -- Up-to-date: /home/holberton/ros2_ws/install/parc_robot_bringup/share/parc_robot_bringup/models/tomato_34/materials/scripts/leaf1.material
[1.782s] -- Up-to-date: /home/holberton/ros2_ws/install/parc_robot_bringup/share/parc_robot_bringup/models/tomato_34/materials/textures
[1.782s] -- Up-to-date: /home/holberton/ros2_ws/install/parc_robot_bringup/share/parc_robot_bringup/models/tomato_34/materials/textures/AG15blo3.png
[1.782s] -- Up-to-date: /home/holberton/ros2_ws/install/parc_robot_bringup/share/parc_robot_bringup/models/tomato_34/materials/textures/AG15frt1.png
[1.782s] -- Up-to-date: /home/holberton/ros2_ws/install/parc_robot_bringup/share/parc_robot_bringup/models/tomato_34/materials/textures/AG15brn1(copy).png
[1.782s] -- Up-to-date: /home/holberton/ros2_ws/install/parc_robot_bringup/share/parc_robot_bringup/models/tomato_34/materials/textures/AG15blo1.png
[1.783s] -- Up-to-date: /home/holberton/ros2_ws/install/parc_robot_bringup/share/parc_robot_bringup/models/tomato_34/materials/textures/AG15lef2.png
[1.783s] -- Up-to-date: /home/holberton/ros2_ws/install/parc_robot_bringup/share/parc_robot_bringup/models/tomato_34/materials/textures/AG15frt3.png
[1.783s] -- Up-to-date: /home/holberton/ros2_ws/install/parc_robot_bringup/share/parc_robot_bringup/models/tomato_34/materials/textures/AG15brn1.png
[1.783s] -- Up-to-date: /home/holberton/ros2_ws/install/parc_robot_bringup/share/parc_robot_bringup/models/tomato_34/materials/textures/AG15lef1.png
[1.783s] -- Up-to-date: /home/holberton/ros2_ws/install/parc_robot_bringup/share/parc_robot_bringup/models/tomato_34/materials/textures/AG15frt4.png
[1.783s] -- Up-to-date: /home/holberton/ros2_ws/install/parc_robot_bringup/share/parc_robot_bringup/models/tomato_34/materials/textures/AG15blo2.png
[1.784s] -- Up-to-date: /home/holberton/ros2_ws/install/parc_robot_bringup/share/parc_robot_bringup/models/tomato_34/materials/textures/AG15frt2.png
[1.784s] -- Up-to-date: /home/holberton/ros2_ws/install/parc_robot_bringup/share/parc_robot_bringup/models/tomato_34/model.sdf
[1.784s] -- Up-to-date: /home/holberton/ros2_ws/install/parc_robot_bringup/share/parc_robot_bringup/models/tomato_34/markers.json
[1.784s] -- Up-to-date: /home/holberton/ros2_ws/install/parc_robot_bringup/share/parc_robot_bringup/models/tomato_34/meshes
[1.784s] -- Up-to-date: /home/holberton/ros2_ws/install/parc_robot_bringup/share/parc_robot_bringup/models/tomato_34/meshes/.gitignore
[1.784s] -- Up-to-date: /home/holberton/ros2_ws/install/parc_robot_bringup/share/parc_robot_bringup/models/tomato_34/meshes/tomato.dae
[1.784s] -- Up-to-date: /home/holberton/ros2_ws/install/parc_robot_bringup/share/parc_robot_bringup/models/small_peg
[1.785s] -- Up-to-date: /home/holberton/ros2_ws/install/parc_robot_bringup/share/parc_robot_bringup/models/small_peg/model.config
[1.785s] -- Up-to-date: /home/holberton/ros2_ws/install/parc_robot_bringup/share/parc_robot_bringup/models/small_peg/model.sdf
[1.785s] -- Up-to-date: /home/holberton/ros2_ws/install/parc_robot_bringup/share/parc_robot_bringup/models/tomato_16
[1.785s] -- Up-to-date: /home/holberton/ros2_ws/install/parc_robot_bringup/share/parc_robot_bringup/models/tomato_16/model.config
[1.785s] -- Up-to-date: /home/holberton/ros2_ws/install/parc_robot_bringup/share/parc_robot_bringup/models/tomato_16/materials
[1.785s] -- Up-to-date: /home/holberton/ros2_ws/install/parc_robot_bringup/share/parc_robot_bringup/models/tomato_16/materials/scripts
[1.785s] -- Up-to-date: /home/holberton/ros2_ws/install/parc_robot_bringup/share/parc_robot_bringup/models/tomato_16/materials/scripts/fruit3.material
[1.785s] -- Up-to-date: /home/holberton/ros2_ws/install/parc_robot_bringup/share/parc_robot_bringup/models/tomato_16/materials/scripts/fruit2.material
[1.786s] -- Up-to-date: /home/holberton/ros2_ws/install/parc_robot_bringup/share/parc_robot_bringup/models/tomato_16/materials/scripts/blossom1.material
[1.786s] -- Up-to-date: /home/holberton/ros2_ws/install/parc_robot_bringup/share/parc_robot_bringup/models/tomato_16/materials/scripts/fruit1.material
[1.786s] -- Up-to-date: /home/holberton/ros2_ws/install/parc_robot_bringup/share/parc_robot_bringup/models/tomato_16/materials/scripts/branch.material
[1.786s] -- Up-to-date: /home/holberton/ros2_ws/install/parc_robot_bringup/share/parc_robot_bringup/models/tomato_16/materials/scripts/blossom3.material
[1.786s] -- Up-to-date: /home/holberton/ros2_ws/install/parc_robot_bringup/share/parc_robot_bringup/models/tomato_16/materials/scripts/blossom2.material
[1.786s] -- Up-to-date: /home/holberton/ros2_ws/install/parc_robot_bringup/share/parc_robot_bringup/models/tomato_16/materials/scripts/leaf2.material
[1.786s] -- Up-to-date: /home/holberton/ros2_ws/install/parc_robot_bringup/share/parc_robot_bringup/models/tomato_16/materials/scripts/fruit4.material
[1.786s] -- Up-to-date: /home/holberton/ros2_ws/install/parc_robot_bringup/share/parc_robot_bringup/models/tomato_16/materials/scripts/leaf1.material
[1.786s] -- Up-to-date: /home/holberton/ros2_ws/install/parc_robot_bringup/share/parc_robot_bringup/models/tomato_16/materials/textures
[1.787s] -- Up-to-date: /home/holberton/ros2_ws/install/parc_robot_bringup/share/parc_robot_bringup/models/tomato_16/materials/textures/AG15blo3.png
[1.787s] -- Up-to-date: /home/holberton/ros2_ws/install/parc_robot_bringup/share/parc_robot_bringup/models/tomato_16/materials/textures/AG15frt1.png
[1.787s] -- Up-to-date: /home/holberton/ros2_ws/install/parc_robot_bringup/share/parc_robot_bringup/models/tomato_16/materials/textures/AG15brn1(copy).png
[1.787s] -- Up-to-date: /home/holberton/ros2_ws/install/parc_robot_bringup/share/parc_robot_bringup/models/tomato_16/materials/textures/AG15blo1.png
[1.787s] -- Up-to-date: /home/holberton/ros2_ws/install/parc_robot_bringup/share/parc_robot_bringup/models/tomato_16/materials/textures/AG15lef2.png
[1.787s] -- Up-to-date: /home/holberton/ros2_ws/install/parc_robot_bringup/share/parc_robot_bringup/models/tomato_16/materials/textures/AG15frt3.png
[1.787s] -- Up-to-date: /home/holberton/ros2_ws/install/parc_robot_bringup/share/parc_robot_bringup/models/tomato_16/materials/textures/AG15brn1.png
[1.787s] -- Up-to-date: /home/holberton/ros2_ws/install/parc_robot_bringup/share/parc_robot_bringup/models/tomato_16/materials/textures/AG15lef1.png
[1.787s] -- Up-to-date: /home/holberton/ros2_ws/install/parc_robot_bringup/share/parc_robot_bringup/models/tomato_16/materials/textures/AG15frt4.png
[1.787s] -- Up-to-date: /home/holberton/ros2_ws/install/parc_robot_bringup/share/parc_robot_bringup/models/tomato_16/materials/textures/AG15blo2.png
[1.788s] -- Up-to-date: /home/holberton/ros2_ws/install/parc_robot_bringup/share/parc_robot_bringup/models/tomato_16/materials/textures/AG15frt2.png
[1.788s] -- Up-to-date: /home/holberton/ros2_ws/install/parc_robot_bringup/share/parc_robot_bringup/models/tomato_16/model.sdf
[1.788s] -- Up-to-date: /home/holberton/ros2_ws/install/parc_robot_bringup/share/parc_robot_bringup/models/tomato_16/markers.json
[1.788s] -- Up-to-date: /home/holberton/ros2_ws/install/parc_robot_bringup/share/parc_robot_bringup/models/tomato_16/meshes
[1.788s] -- Up-to-date: /home/holberton/ros2_ws/install/parc_robot_bringup/share/parc_robot_bringup/models/tomato_16/meshes/.gitignore
[1.788s] -- Up-to-date: /home/holberton/ros2_ws/install/parc_robot_bringup/share/parc_robot_bringup/models/tomato_16/meshes/tomato.dae
[1.788s] -- Up-to-date: /home/holberton/ros2_ws/install/parc_robot_bringup/share/parc_robot_bringup/models/tomato_44
[1.788s] -- Up-to-date: /home/holberton/ros2_ws/install/parc_robot_bringup/share/parc_robot_bringup/models/tomato_44/model.config
[1.788s] -- Up-to-date: /home/holberton/ros2_ws/install/parc_robot_bringup/share/parc_robot_bringup/models/tomato_44/materials
[1.788s] -- Up-to-date: /home/holberton/ros2_ws/install/parc_robot_bringup/share/parc_robot_bringup/models/tomato_44/materials/scripts
[1.788s] -- Up-to-date: /home/holberton/ros2_ws/install/parc_robot_bringup/share/parc_robot_bringup/models/tomato_44/materials/scripts/fruit3.material
[1.789s] -- Up-to-date: /home/holberton/ros2_ws/install/parc_robot_bringup/share/parc_robot_bringup/models/tomato_44/materials/scripts/fruit2.material
[1.789s] -- Up-to-date: /home/holberton/ros2_ws/install/parc_robot_bringup/share/parc_robot_bringup/models/tomato_44/materials/scripts/blossom1.material
[1.789s] -- Up-to-date: /home/holberton/ros2_ws/install/parc_robot_bringup/share/parc_robot_bringup/models/tomato_44/materials/scripts/fruit1.material
[1.789s] -- Up-to-date: /home/holberton/ros2_ws/install/parc_robot_bringup/share/parc_robot_bringup/models/tomato_44/materials/scripts/branch.material
[1.789s] -- Up-to-date: /home/holberton/ros2_ws/install/parc_robot_bringup/share/parc_robot_bringup/models/tomato_44/materials/scripts/blossom3.material
[1.789s] -- Up-to-date: /home/holberton/ros2_ws/install/parc_robot_bringup/share/parc_robot_bringup/models/tomato_44/materials/scripts/blossom2.material
[1.789s] -- Up-to-date: /home/holberton/ros2_ws/install/parc_robot_bringup/share/parc_robot_bringup/models/tomato_44/materials/scripts/leaf2.material
[1.789s] -- Up-to-date: /home/holberton/ros2_ws/install/parc_robot_bringup/share/parc_robot_bringup/models/tomato_44/materials/scripts/fruit4.material
[1.789s] -- Up-to-date: /home/holberton/ros2_ws/install/parc_robot_bringup/share/parc_robot_bringup/models/tomato_44/materials/scripts/leaf1.material
[1.789s] -- Up-to-date: /home/holberton/ros2_ws/install/parc_robot_bringup/share/parc_robot_bringup/models/tomato_44/materials/textures
[1.789s] -- Up-to-date: /home/holberton/ros2_ws/install/parc_robot_bringup/share/parc_robot_bringup/models/tomato_44/materials/textures/AG15blo3.png
[1.789s] -- Up-to-date: /home/holberton/ros2_ws/install/parc_robot_bringup/share/parc_robot_bringup/models/tomato_44/materials/textures/AG15frt1.png
[1.789s] -- Up-to-date: /home/holberton/ros2_ws/install/parc_robot_bringup/share/parc_robot_bringup/models/tomato_44/materials/textures/AG15brn1(copy).png
[1.789s] -- Up-to-date: /home/holberton/ros2_ws/install/parc_robot_bringup/share/parc_robot_bringup/models/tomato_44/materials/textures/AG15blo1.png
[1.790s] -- Up-to-date: /home/holberton/ros2_ws/install/parc_robot_bringup/share/parc_robot_bringup/models/tomato_44/materials/textures/AG15lef2.png
[1.790s] -- Up-to-date: /home/holberton/ros2_ws/install/parc_robot_bringup/share/parc_robot_bringup/models/tomato_44/materials/textures/AG15frt3.png
[1.790s] -- Up-to-date: /home/holberton/ros2_ws/install/parc_robot_bringup/share/parc_robot_bringup/models/tomato_44/materials/textures/AG15brn1.png
[1.790s] -- Up-to-date: /home/holberton/ros2_ws/install/parc_robot_bringup/share/parc_robot_bringup/models/tomato_44/materials/textures/AG15lef1.png
[1.790s] -- Up-to-date: /home/holberton/ros2_ws/install/parc_robot_bringup/share/parc_robot_bringup/models/tomato_44/materials/textures/AG15frt4.png
[1.790s] -- Up-to-date: /home/holberton/ros2_ws/install/parc_robot_bringup/share/parc_robot_bringup/models/tomato_44/materials/textures/AG15blo2.png
[1.790s] -- Up-to-date: /home/holberton/ros2_ws/install/parc_robot_bringup/share/parc_robot_bringup/models/tomato_44/materials/textures/AG15frt2.png
[1.790s] -- Up-to-date: /home/holberton/ros2_ws/install/parc_robot_bringup/share/parc_robot_bringup/models/tomato_44/model.sdf
[1.790s] -- Up-to-date: /home/holberton/ros2_ws/install/parc_robot_bringup/share/parc_robot_bringup/models/tomato_44/markers.json
[1.790s] -- Up-to-date: /home/holberton/ros2_ws/install/parc_robot_bringup/share/parc_robot_bringup/models/tomato_44/meshes
[1.790s] -- Up-to-date: /home/holberton/ros2_ws/install/parc_robot_bringup/share/parc_robot_bringup/models/tomato_44/meshes/.gitignore
[1.790s] -- Up-to-date: /home/holberton/ros2_ws/install/parc_robot_bringup/share/parc_robot_bringup/models/tomato_44/meshes/tomato.dae
[1.790s] -- Up-to-date: /home/holberton/ros2_ws/install/parc_robot_bringup/share/parc_robot_bringup/models/mud_box
[1.790s] -- Up-to-date: /home/holberton/ros2_ws/install/parc_robot_bringup/share/parc_robot_bringup/models/mud_box/model.config
[1.790s] -- Up-to-date: /home/holberton/ros2_ws/install/parc_robot_bringup/share/parc_robot_bringup/models/mud_box/materials
[1.791s] -- Up-to-date: /home/holberton/ros2_ws/install/parc_robot_bringup/share/parc_robot_bringup/models/mud_box/materials/scripts
[1.791s] -- Up-to-date: /home/holberton/ros2_ws/install/parc_robot_bringup/share/parc_robot_bringup/models/mud_box/materials/scripts/mud.material
[1.791s] -- Up-to-date: /home/holberton/ros2_ws/install/parc_robot_bringup/share/parc_robot_bringup/models/mud_box/materials/textures
[1.791s] -- Up-to-date: /home/holberton/ros2_ws/install/parc_robot_bringup/share/parc_robot_bringup/models/mud_box/materials/textures/mud_soft_leaves.png
[1.791s] -- Up-to-date: /home/holberton/ros2_ws/install/parc_robot_bringup/share/parc_robot_bringup/models/mud_box/model-1_4.sdf
[1.791s] -- Up-to-date: /home/holberton/ros2_ws/install/parc_robot_bringup/share/parc_robot_bringup/models/mud_box/model (copy).sdf
[1.791s] -- Up-to-date: /home/holberton/ros2_ws/install/parc_robot_bringup/share/parc_robot_bringup/models/mud_box/model.sdf
[1.791s] -- Up-to-date: /home/holberton/ros2_ws/install/parc_robot_bringup/share/parc_robot_bringup/rviz
[1.791s] -- Up-to-date: /home/holberton/ros2_ws/install/parc_robot_bringup/share/parc_robot_bringup/rviz/task1.rviz
[1.791s] -- Up-to-date: /home/holberton/ros2_ws/install/parc_robot_bringup/share/parc_robot_bringup/rviz/task2.rviz
[1.791s] -- Up-to-date: /home/holberton/ros2_ws/install/parc_robot_bringup/share/parc_robot_bringup/rviz/parc_robot_bringup.rviz
[1.791s] -- Up-to-date: /home/holberton/ros2_ws/install/parc_robot_bringup/share/parc_robot_bringup/worlds
[1.791s] -- Up-to-date: /home/holberton/ros2_ws/install/parc_robot_bringup/share/parc_robot_bringup/worlds/world1.world
[1.791s] -- Up-to-date: /home/holberton/ros2_ws/install/parc_robot_bringup/share/parc_robot_bringup/worlds/parc_task1.world
[1.791s] -- Up-to-date: /home/holberton/ros2_ws/install/parc_robot_bringup/share/parc_robot_bringup/worlds/world3.world
[1.791s] -- Up-to-date: /home/holberton/ros2_ws/install/parc_robot_bringup/share/parc_robot_bringup/worlds/world2.world
[1.792s] -- Up-to-date: /home/holberton/ros2_ws/install/parc_robot_bringup/share/parc_robot_bringup/environment/pythonpath.sh
[1.792s] -- Up-to-date: /home/holberton/ros2_ws/install/parc_robot_bringup/share/parc_robot_bringup/environment/pythonpath.dsv
[1.792s] -- Up-to-date: /home/holberton/ros2_ws/install/parc_robot_bringup/local/lib/python3.10/dist-packages/parc_robot_bringup-0.0.0-py3.10.egg-info
[1.792s] -- Installing: /home/holberton/ros2_ws/install/parc_robot_bringup/local/lib/python3.10/dist-packages/parc_robot_bringup-0.0.0-py3.10.egg-info/dependency_links.txt
[1.792s] -- Installing: /home/holberton/ros2_ws/install/parc_robot_bringup/local/lib/python3.10/dist-packages/parc_robot_bringup-0.0.0-py3.10.egg-info/PKG-INFO
[1.792s] -- Installing: /home/holberton/ros2_ws/install/parc_robot_bringup/local/lib/python3.10/dist-packages/parc_robot_bringup-0.0.0-py3.10.egg-info/top_level.txt
[1.792s] -- Installing: /home/holberton/ros2_ws/install/parc_robot_bringup/local/lib/python3.10/dist-packages/parc_robot_bringup-0.0.0-py3.10.egg-info/SOURCES.txt
[1.792s] -- Up-to-date: /home/holberton/ros2_ws/install/parc_robot_bringup/local/lib/python3.10/dist-packages/parc_robot_bringup
[1.792s] -- Up-to-date: /home/holberton/ros2_ws/install/parc_robot_bringup/local/lib/python3.10/dist-packages/parc_robot_bringup/gps2cartesian.py
[1.792s] -- Up-to-date: /home/holberton/ros2_ws/install/parc_robot_bringup/local/lib/python3.10/dist-packages/parc_robot_bringup/__init__.py
[1.857s] Listing '/home/holberton/ros2_ws/install/parc_robot_bringup/local/lib/python3.10/dist-packages/parc_robot_bringup'...
[1.881s] -- Up-to-date: /home/holberton/ros2_ws/install/parc_robot_bringup/lib/parc_robot_bringup/load_task1_params.py
[1.881s] -- Up-to-date: /home/holberton/ros2_ws/install/parc_robot_bringup/lib/parc_robot_bringup/parc_robot_route.py
[1.881s] -- Up-to-date: /home/holberton/ros2_ws/install/parc_robot_bringup/lib/parc_robot_bringup/parc_robot_nav.py
[1.881s] -- Up-to-date: /home/holberton/ros2_ws/install/parc_robot_bringup/share/ament_index/resource_index/package_run_dependencies/parc_robot_bringup
[1.885s] -- Up-to-date: /home/holberton/ros2_ws/install/parc_robot_bringup/share/ament_index/resource_index/parent_prefix_path/parc_robot_bringup
[1.885s] -- Up-to-date: /home/holberton/ros2_ws/install/parc_robot_bringup/share/parc_robot_bringup/environment/ament_prefix_path.sh
[1.886s] -- Up-to-date: /home/holberton/ros2_ws/install/parc_robot_bringup/share/parc_robot_bringup/environment/ament_prefix_path.dsv
[1.886s] -- Up-to-date: /home/holberton/ros2_ws/install/parc_robot_bringup/share/parc_robot_bringup/environment/path.sh
[1.886s] -- Up-to-date: /home/holberton/ros2_ws/install/parc_robot_bringup/share/parc_robot_bringup/environment/path.dsv
[1.886s] -- Up-to-date: /home/holberton/ros2_ws/install/parc_robot_bringup/share/parc_robot_bringup/local_setup.bash
[1.886s] -- Up-to-date: /home/holberton/ros2_ws/install/parc_robot_bringup/share/parc_robot_bringup/local_setup.sh
[1.886s] -- Up-to-date: /home/holberton/ros2_ws/install/parc_robot_bringup/share/parc_robot_bringup/local_setup.zsh
[1.886s] -- Up-to-date: /home/holberton/ros2_ws/install/parc_robot_bringup/share/parc_robot_bringup/local_setup.dsv
[1.886s] -- Installing: /home/holberton/ros2_ws/install/parc_robot_bringup/share/parc_robot_bringup/package.dsv
[1.915s] -- Up-to-date: /home/holberton/ros2_ws/install/parc_robot_bringup/share/ament_index/resource_index/packages/parc_robot_bringup
[1.916s] -- Up-to-date: /home/holberton/ros2_ws/install/parc_robot_bringup/share/parc_robot_bringup/cmake/parc_robot_bringupConfig.cmake
[1.916s] -- Up-to-date: /home/holberton/ros2_ws/install/parc_robot_bringup/share/parc_robot_bringup/cmake/parc_robot_bringupConfig-version.cmake
[1.917s] -- Up-to-date: /home/holberton/ros2_ws/install/parc_robot_bringup/share/parc_robot_bringup/package.xml
[1.925s] Invoked command in '/home/holberton/ros2_ws/build/parc_robot_bringup' returned '0': CMAKE_PREFIX_PATH=/home/holberton/ros2_ws/install/parc_robot_interfaces:/home/holberton/ros2_ws/install/parc_robot_description:/home/holberton/ros2_ws/install/parc_robot_bringup:/home/holberton/ros2_ws/install/parc_robot:/home/holberton/ros2_ws/install/test_publisher:/home/holberton/ros2_ws/install/auto_nav:/opt/ros/humble /usr/bin/cmake --install /home/holberton/ros2_ws/build/parc_robot_bringup
