[1.713s] Invoking command in '/home/holberton/ros2_ws/src/auto_nav': PYTHONPATH=/home/holberton/ros2_ws/build/auto_nav/prefix_override:/home/holberton/ros2_ws/install/auto_nav/lib/python3.10/site-packages:${PYTHONPATH} /usr/bin/python3 -W ignore:setup.py install is deprecated setup.py egg_info --egg-base ../../build/auto_nav build --build-base /home/holberton/ros2_ws/build/auto_nav/build install --record /home/holberton/ros2_ws/build/auto_nav/install.log --single-version-externally-managed install_data
[1.978s] running egg_info
[1.978s] writing ../../build/auto_nav/auto_nav.egg-info/PKG-INFO
[1.979s] writing dependency_links to ../../build/auto_nav/auto_nav.egg-info/dependency_links.txt
[1.979s] writing entry points to ../../build/auto_nav/auto_nav.egg-info/entry_points.txt
[1.979s] writing requirements to ../../build/auto_nav/auto_nav.egg-info/requires.txt
[1.979s] writing top-level names to ../../build/auto_nav/auto_nav.egg-info/top_level.txt
[1.982s] reading manifest file '../../build/auto_nav/auto_nav.egg-info/SOURCES.txt'
[2.004s] writing manifest file '../../build/auto_nav/auto_nav.egg-info/SOURCES.txt'
[2.005s] running build
[2.005s] running build_py
[2.005s] running install
[2.005s] running install_lib
[2.006s] running install_data
[2.006s] running install_egg_info
[2.008s] removing '/home/holberton/ros2_ws/install/auto_nav/lib/python3.10/site-packages/auto_nav-0.0.0-py3.10.egg-info' (and everything under it)
[2.008s] Copying ../../build/auto_nav/auto_nav.egg-info to /home/holberton/ros2_ws/install/auto_nav/lib/python3.10/site-packages/auto_nav-0.0.0-py3.10.egg-info
[2.020s] running install_scripts
[2.040s] Installing auto_robot script to /home/holberton/ros2_ws/install/auto_nav/lib/auto_nav
[2.040s] writing list of installed files to '/home/holberton/ros2_ws/build/auto_nav/install.log'
[2.069s] Invoked command in '/home/holberton/ros2_ws/src/auto_nav' returned '0': PYTHONPATH=/home/holberton/ros2_ws/build/auto_nav/prefix_override:/home/holberton/ros2_ws/install/auto_nav/lib/python3.10/site-packages:${PYTHONPATH} /usr/bin/python3 -W ignore:setup.py install is deprecated setup.py egg_info --egg-base ../../build/auto_nav build --build-base /home/holberton/ros2_ws/build/auto_nav/build install --record /home/holberton/ros2_ws/build/auto_nav/install.log --single-version-externally-managed install_data
