[0.400s] Invoking command in '/home/holberton/ros2_ws/build/parc_robot': CMAKE_PREFIX_PATH=${CMAKE_PREFIX_PATH}:/home/holberton/ros2_ws/install/test_publisher:/opt/ros/humble /usr/bin/cmake --build /home/holberton/ros2_ws/build/parc_robot -- -j8 -l8
[0.727s] Invoked command in '/home/holberton/ros2_ws/build/parc_robot' returned '0': CMAKE_PREFIX_PATH=${CMAKE_PREFIX_PATH}:/home/holberton/ros2_ws/install/test_publisher:/opt/ros/humble /usr/bin/cmake --build /home/holberton/ros2_ws/build/parc_robot -- -j8 -l8
[0.757s] Invoking command in '/home/holberton/ros2_ws/build/parc_robot': CMAKE_PREFIX_PATH=${CMAKE_PREFIX_PATH}:/home/holberton/ros2_ws/install/test_publisher:/opt/ros/humble /usr/bin/cmake --install /home/holberton/ros2_ws/build/parc_robot
[0.777s] -- Install configuration: ""
[0.810s] -- Up-to-date: /home/holberton/ros2_ws/install/parc_robot/share/ament_index/resource_index/package_run_dependencies/parc_robot
[0.811s] -- Up-to-date: /home/holberton/ros2_ws/install/parc_robot/share/ament_index/resource_index/parent_prefix_path/parc_robot
[0.811s] -- Up-to-date: /home/holberton/ros2_ws/install/parc_robot/share/parc_robot/environment/ament_prefix_path.sh
[0.812s] -- Up-to-date: /home/holberton/ros2_ws/install/parc_robot/share/parc_robot/environment/ament_prefix_path.dsv
[0.812s] -- Up-to-date: /home/holberton/ros2_ws/install/parc_robot/share/parc_robot/environment/path.sh
[0.812s] -- Up-to-date: /home/holberton/ros2_ws/install/parc_robot/share/parc_robot/environment/path.dsv
[0.812s] -- Up-to-date: /home/holberton/ros2_ws/install/parc_robot/share/parc_robot/local_setup.bash
[0.813s] -- Up-to-date: /home/holberton/ros2_ws/install/parc_robot/share/parc_robot/local_setup.sh
[0.813s] -- Up-to-date: /home/holberton/ros2_ws/install/parc_robot/share/parc_robot/local_setup.zsh
[0.813s] -- Up-to-date: /home/holberton/ros2_ws/install/parc_robot/share/parc_robot/local_setup.dsv
[0.813s] -- Installing: /home/holberton/ros2_ws/install/parc_robot/share/parc_robot/package.dsv
[0.816s] -- Up-to-date: /home/holberton/ros2_ws/install/parc_robot/share/ament_index/resource_index/packages/parc_robot
[0.817s] -- Up-to-date: /home/holberton/ros2_ws/install/parc_robot/share/parc_robot/cmake/parc_robotConfig.cmake
[0.817s] -- Up-to-date: /home/holberton/ros2_ws/install/parc_robot/share/parc_robot/cmake/parc_robotConfig-version.cmake
[0.817s] -- Up-to-date: /home/holberton/ros2_ws/install/parc_robot/share/parc_robot/package.xml
[0.818s] Invoked command in '/home/holberton/ros2_ws/build/parc_robot' returned '0': CMAKE_PREFIX_PATH=${CMAKE_PREFIX_PATH}:/home/holberton/ros2_ws/install/test_publisher:/opt/ros/humble /usr/bin/cmake --install /home/holberton/ros2_ws/build/parc_robot
