[0.124s] Invoking command in '/home/holberton/ros2_ws/build/parc_robot_interfaces': CMAKE_PREFIX_PATH=${CMAKE_PREFIX_PATH}:/home/holberton/ros2_ws/install/test_publisher:/opt/ros/humble /usr/bin/cmake --build /home/holberton/ros2_ws/build/parc_robot_interfaces -- -j8 -l8
[0.464s] [  3%] Built target parc_robot_interfaces__cpp
[0.572s] [ 12%] Built target parc_robot_interfaces__rosidl_generator_c
[0.591s] [ 12%] Built target ament_cmake_python_copy_parc_robot_interfaces
[0.638s] [ 22%] Built target parc_robot_interfaces__rosidl_typesupport_introspection_c
[0.654s] [ 32%] Built target parc_robot_interfaces__rosidl_typesupport_c
[0.685s] [ 41%] Built target parc_robot_interfaces__rosidl_typesupport_cpp
[0.686s] [ 61%] Built target parc_robot_interfaces__rosidl_typesupport_introspection_cpp
[0.686s] [ 61%] Built target parc_robot_interfaces__rosidl_typesupport_fastrtps_cpp
[0.693s] [ 70%] Built target parc_robot_interfaces__rosidl_typesupport_fastrtps_c
[0.714s] [ 70%] Built target parc_robot_interfaces
[0.741s] [ 74%] Built target parc_robot_interfaces__py
[0.871s] [ 80%] Built target parc_robot_interfaces__rosidl_generator_py
[0.912s] [ 87%] Built target parc_robot_interfaces__rosidl_typesupport_c__pyext
[0.989s] running egg_info
[0.990s] writing parc_robot_interfaces.egg-info/PKG-INFO
[0.990s] writing dependency_links to parc_robot_interfaces.egg-info/dependency_links.txt
[0.990s] writing top-level names to parc_robot_interfaces.egg-info/top_level.txt
[1.023s] [100%] Built target parc_robot_interfaces__rosidl_typesupport_fastrtps_c__pyext
[1.023s] [100%] Built target parc_robot_interfaces__rosidl_typesupport_introspection_c__pyext
[1.124s] reading manifest file 'parc_robot_interfaces.egg-info/SOURCES.txt'
[1.129s] writing manifest file 'parc_robot_interfaces.egg-info/SOURCES.txt'
[1.221s] [100%] Built target ament_cmake_python_build_parc_robot_interfaces_egg
[1.247s] Invoked command in '/home/holberton/ros2_ws/build/parc_robot_interfaces' returned '0': CMAKE_PREFIX_PATH=${CMAKE_PREFIX_PATH}:/home/holberton/ros2_ws/install/test_publisher:/opt/ros/humble /usr/bin/cmake --build /home/holberton/ros2_ws/build/parc_robot_interfaces -- -j8 -l8
[1.377s] Invoking command in '/home/holberton/ros2_ws/build/parc_robot_interfaces': CMAKE_PREFIX_PATH=${CMAKE_PREFIX_PATH}:/home/holberton/ros2_ws/install/test_publisher:/opt/ros/humble /usr/bin/cmake --install /home/holberton/ros2_ws/build/parc_robot_interfaces
[1.407s] -- Install configuration: ""
[1.426s] -- Up-to-date: /home/holberton/ros2_ws/install/parc_robot_interfaces/share/ament_index/resource_index/rosidl_interfaces/parc_robot_interfaces
[1.427s] -- Up-to-date: /home/holberton/ros2_ws/install/parc_robot_interfaces/include/parc_robot_interfaces/parc_robot_interfaces
[1.428s] -- Up-to-date: /home/holberton/ros2_ws/install/parc_robot_interfaces/include/parc_robot_interfaces/parc_robot_interfaces/msg
[1.429s] -- Up-to-date: /home/holberton/ros2_ws/install/parc_robot_interfaces/include/parc_robot_interfaces/parc_robot_interfaces/msg/crop_yield.h
[1.429s] -- Up-to-date: /home/holberton/ros2_ws/install/parc_robot_interfaces/include/parc_robot_interfaces/parc_robot_interfaces/msg/detail
[1.429s] -- Up-to-date: /home/holberton/ros2_ws/install/parc_robot_interfaces/include/parc_robot_interfaces/parc_robot_interfaces/msg/detail/crop_yield__functions.c
[1.430s] -- Up-to-date: /home/holberton/ros2_ws/install/parc_robot_interfaces/include/parc_robot_interfaces/parc_robot_interfaces/msg/detail/crop_yield__type_support.h
[1.430s] -- Up-to-date: /home/holberton/ros2_ws/install/parc_robot_interfaces/include/parc_robot_interfaces/parc_robot_interfaces/msg/detail/crop_yield__struct.h
[1.431s] -- Up-to-date: /home/holberton/ros2_ws/install/parc_robot_interfaces/include/parc_robot_interfaces/parc_robot_interfaces/msg/detail/crop_yield__functions.h
[1.431s] -- Up-to-date: /home/holberton/ros2_ws/install/parc_robot_interfaces/include/parc_robot_interfaces/parc_robot_interfaces/msg/rosidl_generator_c__visibility_control.h
[1.431s] -- Up-to-date: /home/holberton/ros2_ws/install/parc_robot_interfaces/share/parc_robot_interfaces/environment/library_path.sh
[1.432s] -- Up-to-date: /home/holberton/ros2_ws/install/parc_robot_interfaces/share/parc_robot_interfaces/environment/library_path.dsv
[1.457s] -- Up-to-date: /home/holberton/ros2_ws/install/parc_robot_interfaces/lib/libparc_robot_interfaces__rosidl_generator_c.so
[1.458s] -- Up-to-date: /home/holberton/ros2_ws/install/parc_robot_interfaces/include/parc_robot_interfaces/parc_robot_interfaces
[1.459s] -- Up-to-date: /home/holberton/ros2_ws/install/parc_robot_interfaces/include/parc_robot_interfaces/parc_robot_interfaces/msg
[1.459s] -- Up-to-date: /home/holberton/ros2_ws/install/parc_robot_interfaces/include/parc_robot_interfaces/parc_robot_interfaces/msg/detail
[1.460s] -- Up-to-date: /home/holberton/ros2_ws/install/parc_robot_interfaces/include/parc_robot_interfaces/parc_robot_interfaces/msg/detail/crop_yield__rosidl_typesupport_fastrtps_c.h
[1.461s] -- Up-to-date: /home/holberton/ros2_ws/install/parc_robot_interfaces/include/parc_robot_interfaces/parc_robot_interfaces/msg/rosidl_typesupport_fastrtps_c__visibility_control.h
[1.462s] -- Up-to-date: /home/holberton/ros2_ws/install/parc_robot_interfaces/lib/libparc_robot_interfaces__rosidl_typesupport_fastrtps_c.so
[1.462s] -- Up-to-date: /home/holberton/ros2_ws/install/parc_robot_interfaces/include/parc_robot_interfaces/parc_robot_interfaces
[1.463s] -- Up-to-date: /home/holberton/ros2_ws/install/parc_robot_interfaces/include/parc_robot_interfaces/parc_robot_interfaces/msg
[1.463s] -- Up-to-date: /home/holberton/ros2_ws/install/parc_robot_interfaces/include/parc_robot_interfaces/parc_robot_interfaces/msg/rosidl_typesupport_introspection_c__visibility_control.h
[1.464s] -- Up-to-date: /home/holberton/ros2_ws/install/parc_robot_interfaces/include/parc_robot_interfaces/parc_robot_interfaces/msg/detail
[1.464s] -- Up-to-date: /home/holberton/ros2_ws/install/parc_robot_interfaces/include/parc_robot_interfaces/parc_robot_interfaces/msg/detail/crop_yield__type_support.c
[1.465s] -- Up-to-date: /home/holberton/ros2_ws/install/parc_robot_interfaces/include/parc_robot_interfaces/parc_robot_interfaces/msg/detail/crop_yield__rosidl_typesupport_introspection_c.h
[1.466s] -- Up-to-date: /home/holberton/ros2_ws/install/parc_robot_interfaces/lib/libparc_robot_interfaces__rosidl_typesupport_introspection_c.so
[1.466s] -- Up-to-date: /home/holberton/ros2_ws/install/parc_robot_interfaces/lib/libparc_robot_interfaces__rosidl_typesupport_c.so
[1.467s] -- Up-to-date: /home/holberton/ros2_ws/install/parc_robot_interfaces/include/parc_robot_interfaces/parc_robot_interfaces
[1.468s] -- Up-to-date: /home/holberton/ros2_ws/install/parc_robot_interfaces/include/parc_robot_interfaces/parc_robot_interfaces/msg
[1.469s] -- Up-to-date: /home/holberton/ros2_ws/install/parc_robot_interfaces/include/parc_robot_interfaces/parc_robot_interfaces/msg/crop_yield.hpp
[1.469s] -- Up-to-date: /home/holberton/ros2_ws/install/parc_robot_interfaces/include/parc_robot_interfaces/parc_robot_interfaces/msg/detail
[1.470s] -- Up-to-date: /home/holberton/ros2_ws/install/parc_robot_interfaces/include/parc_robot_interfaces/parc_robot_interfaces/msg/detail/crop_yield__struct.hpp
[1.470s] -- Up-to-date: /home/holberton/ros2_ws/install/parc_robot_interfaces/include/parc_robot_interfaces/parc_robot_interfaces/msg/detail/crop_yield__builder.hpp
[1.471s] -- Up-to-date: /home/holberton/ros2_ws/install/parc_robot_interfaces/include/parc_robot_interfaces/parc_robot_interfaces/msg/detail/crop_yield__traits.hpp
[1.472s] -- Up-to-date: /home/holberton/ros2_ws/install/parc_robot_interfaces/include/parc_robot_interfaces/parc_robot_interfaces
[1.472s] -- Up-to-date: /home/holberton/ros2_ws/install/parc_robot_interfaces/include/parc_robot_interfaces/parc_robot_interfaces/msg
[1.473s] -- Up-to-date: /home/holberton/ros2_ws/install/parc_robot_interfaces/include/parc_robot_interfaces/parc_robot_interfaces/msg/rosidl_typesupport_fastrtps_cpp__visibility_control.h
[1.473s] -- Up-to-date: /home/holberton/ros2_ws/install/parc_robot_interfaces/include/parc_robot_interfaces/parc_robot_interfaces/msg/detail
[1.474s] -- Up-to-date: /home/holberton/ros2_ws/install/parc_robot_interfaces/include/parc_robot_interfaces/parc_robot_interfaces/msg/detail/crop_yield__rosidl_typesupport_fastrtps_cpp.hpp
[1.474s] -- Up-to-date: /home/holberton/ros2_ws/install/parc_robot_interfaces/include/parc_robot_interfaces/parc_robot_interfaces/msg/detail/dds_fastrtps
[1.475s] -- Up-to-date: /home/holberton/ros2_ws/install/parc_robot_interfaces/lib/libparc_robot_interfaces__rosidl_typesupport_fastrtps_cpp.so
[1.475s] -- Up-to-date: /home/holberton/ros2_ws/install/parc_robot_interfaces/include/parc_robot_interfaces/parc_robot_interfaces
[1.476s] -- Up-to-date: /home/holberton/ros2_ws/install/parc_robot_interfaces/include/parc_robot_interfaces/parc_robot_interfaces/msg
[1.477s] -- Up-to-date: /home/holberton/ros2_ws/install/parc_robot_interfaces/include/parc_robot_interfaces/parc_robot_interfaces/msg/detail
[1.477s] -- Up-to-date: /home/holberton/ros2_ws/install/parc_robot_interfaces/include/parc_robot_interfaces/parc_robot_interfaces/msg/detail/crop_yield__type_support.cpp
[1.478s] -- Up-to-date: /home/holberton/ros2_ws/install/parc_robot_interfaces/include/parc_robot_interfaces/parc_robot_interfaces/msg/detail/crop_yield__rosidl_typesupport_introspection_cpp.hpp
[1.478s] -- Up-to-date: /home/holberton/ros2_ws/install/parc_robot_interfaces/lib/libparc_robot_interfaces__rosidl_typesupport_introspection_cpp.so
[1.479s] -- Up-to-date: /home/holberton/ros2_ws/install/parc_robot_interfaces/lib/libparc_robot_interfaces__rosidl_typesupport_cpp.so
[1.480s] -- Up-to-date: /home/holberton/ros2_ws/install/parc_robot_interfaces/share/parc_robot_interfaces/environment/pythonpath.sh
[1.481s] -- Up-to-date: /home/holberton/ros2_ws/install/parc_robot_interfaces/share/parc_robot_interfaces/environment/pythonpath.dsv
[1.481s] -- Up-to-date: /home/holberton/ros2_ws/install/parc_robot_interfaces/local/lib/python3.10/dist-packages/parc_robot_interfaces-0.0.0-py3.10.egg-info
[1.481s] -- Installing: /home/holberton/ros2_ws/install/parc_robot_interfaces/local/lib/python3.10/dist-packages/parc_robot_interfaces-0.0.0-py3.10.egg-info/dependency_links.txt
[1.482s] -- Installing: /home/holberton/ros2_ws/install/parc_robot_interfaces/local/lib/python3.10/dist-packages/parc_robot_interfaces-0.0.0-py3.10.egg-info/PKG-INFO
[1.482s] -- Installing: /home/holberton/ros2_ws/install/parc_robot_interfaces/local/lib/python3.10/dist-packages/parc_robot_interfaces-0.0.0-py3.10.egg-info/top_level.txt
[1.483s] -- Installing: /home/holberton/ros2_ws/install/parc_robot_interfaces/local/lib/python3.10/dist-packages/parc_robot_interfaces-0.0.0-py3.10.egg-info/SOURCES.txt
[1.483s] -- Up-to-date: /home/holberton/ros2_ws/install/parc_robot_interfaces/local/lib/python3.10/dist-packages/parc_robot_interfaces
[1.483s] -- Up-to-date: /home/holberton/ros2_ws/install/parc_robot_interfaces/local/lib/python3.10/dist-packages/parc_robot_interfaces/_parc_robot_interfaces_s.ep.rosidl_typesupport_introspection_c.c
[1.484s] -- Up-to-date: /home/holberton/ros2_ws/install/parc_robot_interfaces/local/lib/python3.10/dist-packages/parc_robot_interfaces/parc_robot_interfaces_s__rosidl_typesupport_c.cpython-310-x86_64-linux-gnu.so
[1.484s] -- Up-to-date: /home/holberton/ros2_ws/install/parc_robot_interfaces/local/lib/python3.10/dist-packages/parc_robot_interfaces/_parc_robot_interfaces_s.ep.rosidl_typesupport_fastrtps_c.c
[1.484s] -- Up-to-date: /home/holberton/ros2_ws/install/parc_robot_interfaces/local/lib/python3.10/dist-packages/parc_robot_interfaces/msg
[1.485s] -- Up-to-date: /home/holberton/ros2_ws/install/parc_robot_interfaces/local/lib/python3.10/dist-packages/parc_robot_interfaces/msg/_crop_yield_s.c
[1.485s] -- Up-to-date: /home/holberton/ros2_ws/install/parc_robot_interfaces/local/lib/python3.10/dist-packages/parc_robot_interfaces/msg/_crop_yield.py
[1.485s] -- Up-to-date: /home/holberton/ros2_ws/install/parc_robot_interfaces/local/lib/python3.10/dist-packages/parc_robot_interfaces/msg/__init__.py
[1.485s] -- Up-to-date: /home/holberton/ros2_ws/install/parc_robot_interfaces/local/lib/python3.10/dist-packages/parc_robot_interfaces/__init__.py
[1.486s] -- Up-to-date: /home/holberton/ros2_ws/install/parc_robot_interfaces/local/lib/python3.10/dist-packages/parc_robot_interfaces/parc_robot_interfaces_s__rosidl_typesupport_introspection_c.cpython-310-x86_64-linux-gnu.so
[1.486s] -- Up-to-date: /home/holberton/ros2_ws/install/parc_robot_interfaces/local/lib/python3.10/dist-packages/parc_robot_interfaces/_parc_robot_interfaces_s.ep.rosidl_typesupport_c.c
[1.486s] -- Up-to-date: /home/holberton/ros2_ws/install/parc_robot_interfaces/local/lib/python3.10/dist-packages/parc_robot_interfaces/parc_robot_interfaces_s__rosidl_typesupport_fastrtps_c.cpython-310-x86_64-linux-gnu.so
[1.486s] -- Up-to-date: /home/holberton/ros2_ws/install/parc_robot_interfaces/local/lib/python3.10/dist-packages/parc_robot_interfaces/libparc_robot_interfaces__rosidl_generator_py.so
[1.588s] Listing '/home/holberton/ros2_ws/install/parc_robot_interfaces/local/lib/python3.10/dist-packages/parc_robot_interfaces'...
[1.589s] Listing '/home/holberton/ros2_ws/install/parc_robot_interfaces/local/lib/python3.10/dist-packages/parc_robot_interfaces/msg'...
[1.600s] -- Up-to-date: /home/holberton/ros2_ws/install/parc_robot_interfaces/local/lib/python3.10/dist-packages/parc_robot_interfaces/parc_robot_interfaces_s__rosidl_typesupport_fastrtps_c.cpython-310-x86_64-linux-gnu.so
[1.602s] -- Up-to-date: /home/holberton/ros2_ws/install/parc_robot_interfaces/local/lib/python3.10/dist-packages/parc_robot_interfaces/parc_robot_interfaces_s__rosidl_typesupport_introspection_c.cpython-310-x86_64-linux-gnu.so
[1.604s] -- Up-to-date: /home/holberton/ros2_ws/install/parc_robot_interfaces/local/lib/python3.10/dist-packages/parc_robot_interfaces/parc_robot_interfaces_s__rosidl_typesupport_c.cpython-310-x86_64-linux-gnu.so
[1.605s] -- Up-to-date: /home/holberton/ros2_ws/install/parc_robot_interfaces/lib/libparc_robot_interfaces__rosidl_generator_py.so
[1.617s] -- Up-to-date: /home/holberton/ros2_ws/install/parc_robot_interfaces/share/parc_robot_interfaces/msg/CropYield.idl
[1.617s] -- Up-to-date: /home/holberton/ros2_ws/install/parc_robot_interfaces/share/parc_robot_interfaces/msg/CropYield.msg
[1.618s] -- Up-to-date: /home/holberton/ros2_ws/install/parc_robot_interfaces/share/ament_index/resource_index/package_run_dependencies/parc_robot_interfaces
[1.619s] -- Up-to-date: /home/holberton/ros2_ws/install/parc_robot_interfaces/share/ament_index/resource_index/parent_prefix_path/parc_robot_interfaces
[1.619s] -- Up-to-date: /home/holberton/ros2_ws/install/parc_robot_interfaces/share/parc_robot_interfaces/environment/ament_prefix_path.sh
[1.620s] -- Up-to-date: /home/holberton/ros2_ws/install/parc_robot_interfaces/share/parc_robot_interfaces/environment/ament_prefix_path.dsv
[1.620s] -- Up-to-date: /home/holberton/ros2_ws/install/parc_robot_interfaces/share/parc_robot_interfaces/environment/path.sh
[1.621s] -- Up-to-date: /home/holberton/ros2_ws/install/parc_robot_interfaces/share/parc_robot_interfaces/environment/path.dsv
[1.621s] -- Up-to-date: /home/holberton/ros2_ws/install/parc_robot_interfaces/share/parc_robot_interfaces/local_setup.bash
[1.622s] -- Up-to-date: /home/holberton/ros2_ws/install/parc_robot_interfaces/share/parc_robot_interfaces/local_setup.sh
[1.622s] -- Up-to-date: /home/holberton/ros2_ws/install/parc_robot_interfaces/share/parc_robot_interfaces/local_setup.zsh
[1.623s] -- Up-to-date: /home/holberton/ros2_ws/install/parc_robot_interfaces/share/parc_robot_interfaces/local_setup.dsv
[1.623s] -- Installing: /home/holberton/ros2_ws/install/parc_robot_interfaces/share/parc_robot_interfaces/package.dsv
[1.635s] -- Up-to-date: /home/holberton/ros2_ws/install/parc_robot_interfaces/share/ament_index/resource_index/packages/parc_robot_interfaces
[1.652s] -- Up-to-date: /home/holberton/ros2_ws/install/parc_robot_interfaces/share/parc_robot_interfaces/cmake/export_parc_robot_interfaces__rosidl_generator_cExport.cmake
[1.653s] -- Up-to-date: /home/holberton/ros2_ws/install/parc_robot_interfaces/share/parc_robot_interfaces/cmake/export_parc_robot_interfaces__rosidl_generator_cExport-noconfig.cmake
[1.654s] -- Up-to-date: /home/holberton/ros2_ws/install/parc_robot_interfaces/share/parc_robot_interfaces/cmake/export_parc_robot_interfaces__rosidl_typesupport_fastrtps_cExport.cmake
[1.654s] -- Up-to-date: /home/holberton/ros2_ws/install/parc_robot_interfaces/share/parc_robot_interfaces/cmake/export_parc_robot_interfaces__rosidl_typesupport_fastrtps_cExport-noconfig.cmake
[1.657s] -- Up-to-date: /home/holberton/ros2_ws/install/parc_robot_interfaces/share/parc_robot_interfaces/cmake/parc_robot_interfaces__rosidl_typesupport_introspection_cExport.cmake
[1.657s] -- Up-to-date: /home/holberton/ros2_ws/install/parc_robot_interfaces/share/parc_robot_interfaces/cmake/parc_robot_interfaces__rosidl_typesupport_introspection_cExport-noconfig.cmake
[1.658s] -- Up-to-date: /home/holberton/ros2_ws/install/parc_robot_interfaces/share/parc_robot_interfaces/cmake/parc_robot_interfaces__rosidl_typesupport_cExport.cmake
[1.659s] -- Up-to-date: /home/holberton/ros2_ws/install/parc_robot_interfaces/share/parc_robot_interfaces/cmake/parc_robot_interfaces__rosidl_typesupport_cExport-noconfig.cmake
[1.659s] -- Up-to-date: /home/holberton/ros2_ws/install/parc_robot_interfaces/share/parc_robot_interfaces/cmake/export_parc_robot_interfaces__rosidl_generator_cppExport.cmake
[1.660s] -- Up-to-date: /home/holberton/ros2_ws/install/parc_robot_interfaces/share/parc_robot_interfaces/cmake/export_parc_robot_interfaces__rosidl_typesupport_fastrtps_cppExport.cmake
[1.660s] -- Up-to-date: /home/holberton/ros2_ws/install/parc_robot_interfaces/share/parc_robot_interfaces/cmake/export_parc_robot_interfaces__rosidl_typesupport_fastrtps_cppExport-noconfig.cmake
[1.661s] -- Up-to-date: /home/holberton/ros2_ws/install/parc_robot_interfaces/share/parc_robot_interfaces/cmake/parc_robot_interfaces__rosidl_typesupport_introspection_cppExport.cmake
[1.661s] -- Up-to-date: /home/holberton/ros2_ws/install/parc_robot_interfaces/share/parc_robot_interfaces/cmake/parc_robot_interfaces__rosidl_typesupport_introspection_cppExport-noconfig.cmake
[1.681s] -- Up-to-date: /home/holberton/ros2_ws/install/parc_robot_interfaces/share/parc_robot_interfaces/cmake/parc_robot_interfaces__rosidl_typesupport_cppExport.cmake
[1.682s] -- Up-to-date: /home/holberton/ros2_ws/install/parc_robot_interfaces/share/parc_robot_interfaces/cmake/parc_robot_interfaces__rosidl_typesupport_cppExport-noconfig.cmake
[1.684s] -- Up-to-date: /home/holberton/ros2_ws/install/parc_robot_interfaces/share/parc_robot_interfaces/cmake/export_parc_robot_interfaces__rosidl_generator_pyExport.cmake
[1.685s] -- Up-to-date: /home/holberton/ros2_ws/install/parc_robot_interfaces/share/parc_robot_interfaces/cmake/export_parc_robot_interfaces__rosidl_generator_pyExport-noconfig.cmake
[1.686s] -- Up-to-date: /home/holberton/ros2_ws/install/parc_robot_interfaces/share/parc_robot_interfaces/cmake/rosidl_cmake-extras.cmake
[1.687s] -- Up-to-date: /home/holberton/ros2_ws/install/parc_robot_interfaces/share/parc_robot_interfaces/cmake/ament_cmake_export_include_directories-extras.cmake
[1.687s] -- Up-to-date: /home/holberton/ros2_ws/install/parc_robot_interfaces/share/parc_robot_interfaces/cmake/ament_cmake_export_libraries-extras.cmake
[1.688s] -- Up-to-date: /home/holberton/ros2_ws/install/parc_robot_interfaces/share/parc_robot_interfaces/cmake/ament_cmake_export_targets-extras.cmake
[1.688s] -- Up-to-date: /home/holberton/ros2_ws/install/parc_robot_interfaces/share/parc_robot_interfaces/cmake/rosidl_cmake_export_typesupport_targets-extras.cmake
[1.689s] -- Up-to-date: /home/holberton/ros2_ws/install/parc_robot_interfaces/share/parc_robot_interfaces/cmake/ament_cmake_export_dependencies-extras.cmake
[1.689s] -- Up-to-date: /home/holberton/ros2_ws/install/parc_robot_interfaces/share/parc_robot_interfaces/cmake/rosidl_cmake_export_typesupport_libraries-extras.cmake
[1.690s] -- Up-to-date: /home/holberton/ros2_ws/install/parc_robot_interfaces/share/parc_robot_interfaces/cmake/parc_robot_interfacesConfig.cmake
[1.690s] -- Up-to-date: /home/holberton/ros2_ws/install/parc_robot_interfaces/share/parc_robot_interfaces/cmake/parc_robot_interfacesConfig-version.cmake
[1.691s] -- Up-to-date: /home/holberton/ros2_ws/install/parc_robot_interfaces/share/parc_robot_interfaces/package.xml
[1.699s] Invoked command in '/home/holberton/ros2_ws/build/parc_robot_interfaces' returned '0': CMAKE_PREFIX_PATH=${CMAKE_PREFIX_PATH}:/home/holberton/ros2_ws/install/test_publisher:/opt/ros/humble /usr/bin/cmake --install /home/holberton/ros2_ws/build/parc_robot_interfaces
