[0.067s] Invoking command in '/home/holberton/ros2_ws/build/parc_robot': CMAKE_PREFIX_PATH=${CMAKE_PREFIX_PATH}:/opt/ros/humble /usr/bin/cmake --build /home/holberton/ros2_ws/build/parc_robot -- -j8 -l8
[0.327s] Invoked command in '/home/holberton/ros2_ws/build/parc_robot' returned '0': CMAKE_PREFIX_PATH=${CMAKE_PREFIX_PATH}:/opt/ros/humble /usr/bin/cmake --build /home/holberton/ros2_ws/build/parc_robot -- -j8 -l8
[0.356s] Invoking command in '/home/holberton/ros2_ws/build/parc_robot': CMAKE_PREFIX_PATH=${CMAKE_PREFIX_PATH}:/opt/ros/humble /usr/bin/cmake --install /home/holberton/ros2_ws/build/parc_robot
[0.369s] -- Install configuration: ""
[0.370s] -- Up-to-date: /home/holberton/ros2_ws/install/parc_robot/share/ament_index/resource_index/package_run_dependencies/parc_robot
[0.370s] -- Up-to-date: /home/holberton/ros2_ws/install/parc_robot/share/ament_index/resource_index/parent_prefix_path/parc_robot
[0.371s] -- Up-to-date: /home/holberton/ros2_ws/install/parc_robot/share/parc_robot/environment/ament_prefix_path.sh
[0.371s] -- Up-to-date: /home/holberton/ros2_ws/install/parc_robot/share/parc_robot/environment/ament_prefix_path.dsv
[0.372s] -- Up-to-date: /home/holberton/ros2_ws/install/parc_robot/share/parc_robot/environment/path.sh
[0.372s] -- Up-to-date: /home/holberton/ros2_ws/install/parc_robot/share/parc_robot/environment/path.dsv
[0.372s] -- Up-to-date: /home/holberton/ros2_ws/install/parc_robot/share/parc_robot/local_setup.bash
[0.372s] -- Up-to-date: /home/holberton/ros2_ws/install/parc_robot/share/parc_robot/local_setup.sh
[0.372s] -- Up-to-date: /home/holberton/ros2_ws/install/parc_robot/share/parc_robot/local_setup.zsh
[0.373s] -- Up-to-date: /home/holberton/ros2_ws/install/parc_robot/share/parc_robot/local_setup.dsv
[0.373s] -- Up-to-date: /home/holberton/ros2_ws/install/parc_robot/share/parc_robot/package.dsv
[0.373s] -- Up-to-date: /home/holberton/ros2_ws/install/parc_robot/share/ament_index/resource_index/packages/parc_robot
[0.373s] -- Up-to-date: /home/holberton/ros2_ws/install/parc_robot/share/parc_robot/cmake/parc_robotConfig.cmake
[0.373s] -- Up-to-date: /home/holberton/ros2_ws/install/parc_robot/share/parc_robot/cmake/parc_robotConfig-version.cmake
[0.373s] -- Up-to-date: /home/holberton/ros2_ws/install/parc_robot/share/parc_robot/package.xml
[0.380s] Invoked command in '/home/holberton/ros2_ws/build/parc_robot' returned '0': CMAKE_PREFIX_PATH=${CMAKE_PREFIX_PATH}:/opt/ros/humble /usr/bin/cmake --install /home/holberton/ros2_ws/build/parc_robot
