[0.089s] Invoking command in '/home/holberton/ros2_ws/build/parc_robot': CMAKE_PREFIX_PATH=${CMAKE_PREFIX_PATH}:/home/holberton/ros2_ws/install/test_publisher:/home/holberton/ros2_ws/install/auto_nav:/opt/ros/humble /usr/bin/cmake --build /home/holberton/ros2_ws/build/parc_robot -- -j8 -l8
[1.321s] Invoked command in '/home/holberton/ros2_ws/build/parc_robot' returned '0': CMAKE_PREFIX_PATH=${CMAKE_PREFIX_PATH}:/home/holberton/ros2_ws/install/test_publisher:/home/holberton/ros2_ws/install/auto_nav:/opt/ros/humble /usr/bin/cmake --build /home/holberton/ros2_ws/build/parc_robot -- -j8 -l8
[1.478s] Invoking command in '/home/holberton/ros2_ws/build/parc_robot': CMAKE_PREFIX_PATH=${CMAKE_PREFIX_PATH}:/home/holberton/ros2_ws/install/test_publisher:/home/holberton/ros2_ws/install/auto_nav:/opt/ros/humble /usr/bin/cmake --install /home/holberton/ros2_ws/build/parc_robot
[1.522s] -- Install configuration: ""
[1.525s] -- Execute custom install script
[1.529s] -- Up-to-date symlink: /home/holberton/ros2_ws/install/parc_robot/share/ament_index/resource_index/package_run_dependencies/parc_robot
[1.531s] -- Up-to-date symlink: /home/holberton/ros2_ws/install/parc_robot/share/ament_index/resource_index/parent_prefix_path/parc_robot
[1.533s] -- Up-to-date symlink: /home/holberton/ros2_ws/install/parc_robot/share/parc_robot/environment/ament_prefix_path.sh
[1.534s] -- Up-to-date symlink: /home/holberton/ros2_ws/install/parc_robot/share/parc_robot/environment/ament_prefix_path.dsv
[1.537s] -- Up-to-date symlink: /home/holberton/ros2_ws/install/parc_robot/share/parc_robot/environment/path.sh
[1.538s] -- Up-to-date symlink: /home/holberton/ros2_ws/install/parc_robot/share/parc_robot/environment/path.dsv
[1.543s] -- Up-to-date symlink: /home/holberton/ros2_ws/install/parc_robot/share/parc_robot/local_setup.bash
[1.545s] -- Up-to-date symlink: /home/holberton/ros2_ws/install/parc_robot/share/parc_robot/local_setup.sh
[1.549s] -- Up-to-date symlink: /home/holberton/ros2_ws/install/parc_robot/share/parc_robot/local_setup.zsh
[1.552s] -- Up-to-date symlink: /home/holberton/ros2_ws/install/parc_robot/share/parc_robot/local_setup.dsv
[1.556s] -- Symlinking: /home/holberton/ros2_ws/install/parc_robot/share/parc_robot/package.dsv
[1.758s] -- Up-to-date symlink: /home/holberton/ros2_ws/install/parc_robot/share/ament_index/resource_index/packages/parc_robot
[1.760s] -- Up-to-date symlink: /home/holberton/ros2_ws/install/parc_robot/share/parc_robot/cmake/parc_robotConfig.cmake
[1.763s] -- Up-to-date symlink: /home/holberton/ros2_ws/install/parc_robot/share/parc_robot/cmake/parc_robotConfig-version.cmake
[1.763s] -- Up-to-date symlink: /home/holberton/ros2_ws/install/parc_robot/share/parc_robot/package.xml
[1.769s] Invoked command in '/home/holberton/ros2_ws/build/parc_robot' returned '0': CMAKE_PREFIX_PATH=${CMAKE_PREFIX_PATH}:/home/holberton/ros2_ws/install/test_publisher:/home/holberton/ros2_ws/install/auto_nav:/opt/ros/humble /usr/bin/cmake --install /home/holberton/ros2_ws/build/parc_robot
