[0.051s] Invoking command in '/home/holberton/ros2_ws/build/parc_robot_interfaces': CMAKE_PREFIX_PATH=${CMAKE_PREFIX_PATH}:/opt/ros/humble /usr/bin/cmake --build /home/holberton/ros2_ws/build/parc_robot_interfaces -- -j8 -l8
[0.159s] [  3%] Built target parc_robot_interfaces__cpp
[0.170s] [35m[1mConsolidate compiler generated dependencies of target parc_robot_interfaces__rosidl_generator_c[0m
[0.182s] [35m[1mConsolidate compiler generated dependencies of target parc_robot_interfaces__rosidl_typesupport_cpp[0m
[0.182s] [35m[1mConsolidate compiler generated dependencies of target parc_robot_interfaces__rosidl_typesupport_fastrtps_cpp[0m
[0.183s] [ 12%] Built target parc_robot_interfaces__rosidl_generator_c
[0.183s] [35m[1mConsolidate compiler generated dependencies of target parc_robot_interfaces__rosidl_typesupport_introspection_cpp[0m
[0.188s] [ 12%] Built target ament_cmake_python_copy_parc_robot_interfaces
[0.198s] [35m[1mConsolidate compiler generated dependencies of target parc_robot_interfaces__rosidl_typesupport_introspection_c[0m
[0.198s] [35m[1mConsolidate compiler generated dependencies of target parc_robot_interfaces__rosidl_typesupport_fastrtps_c[0m
[0.198s] [35m[1mConsolidate compiler generated dependencies of target parc_robot_interfaces__rosidl_typesupport_c[0m
[0.199s] [ 32%] Built target parc_robot_interfaces__rosidl_typesupport_fastrtps_cpp
[0.199s] [ 32%] Built target parc_robot_interfaces__rosidl_typesupport_cpp
[0.200s] [ 41%] Built target parc_robot_interfaces__rosidl_typesupport_introspection_cpp
[0.211s] [ 51%] Built target parc_robot_interfaces__rosidl_typesupport_c
[0.212s] [ 61%] Built target parc_robot_interfaces__rosidl_typesupport_introspection_c
[0.214s] [ 70%] Built target parc_robot_interfaces__rosidl_typesupport_fastrtps_c
[0.234s] [ 70%] Built target parc_robot_interfaces
[0.253s] [ 74%] Built target parc_robot_interfaces__py
[0.264s] [35m[1mConsolidate compiler generated dependencies of target parc_robot_interfaces__rosidl_generator_py[0m
[0.276s] [ 80%] Built target parc_robot_interfaces__rosidl_generator_py
[0.287s] [35m[1mConsolidate compiler generated dependencies of target parc_robot_interfaces__rosidl_typesupport_introspection_c__pyext[0m
[0.290s] [35m[1mConsolidate compiler generated dependencies of target parc_robot_interfaces__rosidl_typesupport_fastrtps_c__pyext[0m
[0.291s] [35m[1mConsolidate compiler generated dependencies of target parc_robot_interfaces__rosidl_typesupport_c__pyext[0m
[0.303s] [ 87%] Built target parc_robot_interfaces__rosidl_typesupport_introspection_c__pyext
[0.304s] [ 93%] Built target parc_robot_interfaces__rosidl_typesupport_c__pyext
[0.305s] [100%] Built target parc_robot_interfaces__rosidl_typesupport_fastrtps_c__pyext
[0.426s] running egg_info
[0.427s] writing parc_robot_interfaces.egg-info/PKG-INFO
[0.427s] writing dependency_links to parc_robot_interfaces.egg-info/dependency_links.txt
[0.427s] writing top-level names to parc_robot_interfaces.egg-info/top_level.txt
[0.430s] reading manifest file 'parc_robot_interfaces.egg-info/SOURCES.txt'
[0.444s] writing manifest file 'parc_robot_interfaces.egg-info/SOURCES.txt'
[0.467s] [100%] Built target ament_cmake_python_build_parc_robot_interfaces_egg
[0.477s] Invoked command in '/home/holberton/ros2_ws/build/parc_robot_interfaces' returned '0': CMAKE_PREFIX_PATH=${CMAKE_PREFIX_PATH}:/opt/ros/humble /usr/bin/cmake --build /home/holberton/ros2_ws/build/parc_robot_interfaces -- -j8 -l8
[0.533s] Invoking command in '/home/holberton/ros2_ws/build/parc_robot_interfaces': CMAKE_PREFIX_PATH=${CMAKE_PREFIX_PATH}:/opt/ros/humble /usr/bin/cmake --install /home/holberton/ros2_ws/build/parc_robot_interfaces
[0.540s] -- Install configuration: ""
[0.548s] -- Up-to-date: /home/holberton/ros2_ws/install/parc_robot_interfaces/share/ament_index/resource_index/rosidl_interfaces/parc_robot_interfaces
[0.548s] -- Up-to-date: /home/holberton/ros2_ws/install/parc_robot_interfaces/include/parc_robot_interfaces/parc_robot_interfaces
[0.548s] -- Up-to-date: /home/holberton/ros2_ws/install/parc_robot_interfaces/include/parc_robot_interfaces/parc_robot_interfaces/msg
[0.549s] -- Up-to-date: /home/holberton/ros2_ws/install/parc_robot_interfaces/include/parc_robot_interfaces/parc_robot_interfaces/msg/crop_yield.h
[0.549s] -- Up-to-date: /home/holberton/ros2_ws/install/parc_robot_interfaces/include/parc_robot_interfaces/parc_robot_interfaces/msg/detail
[0.549s] -- Up-to-date: /home/holberton/ros2_ws/install/parc_robot_interfaces/include/parc_robot_interfaces/parc_robot_interfaces/msg/detail/crop_yield__functions.c
[0.549s] -- Up-to-date: /home/holberton/ros2_ws/install/parc_robot_interfaces/include/parc_robot_interfaces/parc_robot_interfaces/msg/detail/crop_yield__type_support.h
[0.549s] -- Up-to-date: /home/holberton/ros2_ws/install/parc_robot_interfaces/include/parc_robot_interfaces/parc_robot_interfaces/msg/detail/crop_yield__struct.h
[0.549s] -- Up-to-date: /home/holberton/ros2_ws/install/parc_robot_interfaces/include/parc_robot_interfaces/parc_robot_interfaces/msg/detail/crop_yield__functions.h
[0.549s] -- Up-to-date: /home/holberton/ros2_ws/install/parc_robot_interfaces/include/parc_robot_interfaces/parc_robot_interfaces/msg/rosidl_generator_c__visibility_control.h
[0.549s] -- Up-to-date: /home/holberton/ros2_ws/install/parc_robot_interfaces/share/parc_robot_interfaces/environment/library_path.sh
[0.549s] -- Up-to-date: /home/holberton/ros2_ws/install/parc_robot_interfaces/share/parc_robot_interfaces/environment/library_path.dsv
[0.549s] -- Up-to-date: /home/holberton/ros2_ws/install/parc_robot_interfaces/lib/libparc_robot_interfaces__rosidl_generator_c.so
[0.549s] -- Up-to-date: /home/holberton/ros2_ws/install/parc_robot_interfaces/include/parc_robot_interfaces/parc_robot_interfaces
[0.549s] -- Up-to-date: /home/holberton/ros2_ws/install/parc_robot_interfaces/include/parc_robot_interfaces/parc_robot_interfaces/msg
[0.549s] -- Up-to-date: /home/holberton/ros2_ws/install/parc_robot_interfaces/include/parc_robot_interfaces/parc_robot_interfaces/msg/detail
[0.549s] -- Up-to-date: /home/holberton/ros2_ws/install/parc_robot_interfaces/include/parc_robot_interfaces/parc_robot_interfaces/msg/detail/crop_yield__rosidl_typesupport_fastrtps_c.h
[0.549s] -- Up-to-date: /home/holberton/ros2_ws/install/parc_robot_interfaces/include/parc_robot_interfaces/parc_robot_interfaces/msg/rosidl_typesupport_fastrtps_c__visibility_control.h
[0.550s] -- Up-to-date: /home/holberton/ros2_ws/install/parc_robot_interfaces/lib/libparc_robot_interfaces__rosidl_typesupport_fastrtps_c.so
[0.550s] -- Up-to-date: /home/holberton/ros2_ws/install/parc_robot_interfaces/include/parc_robot_interfaces/parc_robot_interfaces
[0.550s] -- Up-to-date: /home/holberton/ros2_ws/install/parc_robot_interfaces/include/parc_robot_interfaces/parc_robot_interfaces/msg
[0.550s] -- Up-to-date: /home/holberton/ros2_ws/install/parc_robot_interfaces/include/parc_robot_interfaces/parc_robot_interfaces/msg/rosidl_typesupport_introspection_c__visibility_control.h
[0.550s] -- Up-to-date: /home/holberton/ros2_ws/install/parc_robot_interfaces/include/parc_robot_interfaces/parc_robot_interfaces/msg/detail
[0.550s] -- Up-to-date: /home/holberton/ros2_ws/install/parc_robot_interfaces/include/parc_robot_interfaces/parc_robot_interfaces/msg/detail/crop_yield__type_support.c
[0.550s] -- Up-to-date: /home/holberton/ros2_ws/install/parc_robot_interfaces/include/parc_robot_interfaces/parc_robot_interfaces/msg/detail/crop_yield__rosidl_typesupport_introspection_c.h
[0.550s] -- Up-to-date: /home/holberton/ros2_ws/install/parc_robot_interfaces/lib/libparc_robot_interfaces__rosidl_typesupport_introspection_c.so
[0.551s] -- Up-to-date: /home/holberton/ros2_ws/install/parc_robot_interfaces/lib/libparc_robot_interfaces__rosidl_typesupport_c.so
[0.551s] -- Up-to-date: /home/holberton/ros2_ws/install/parc_robot_interfaces/include/parc_robot_interfaces/parc_robot_interfaces
[0.551s] -- Up-to-date: /home/holberton/ros2_ws/install/parc_robot_interfaces/include/parc_robot_interfaces/parc_robot_interfaces/msg
[0.551s] -- Up-to-date: /home/holberton/ros2_ws/install/parc_robot_interfaces/include/parc_robot_interfaces/parc_robot_interfaces/msg/crop_yield.hpp
[0.551s] -- Up-to-date: /home/holberton/ros2_ws/install/parc_robot_interfaces/include/parc_robot_interfaces/parc_robot_interfaces/msg/detail
[0.551s] -- Up-to-date: /home/holberton/ros2_ws/install/parc_robot_interfaces/include/parc_robot_interfaces/parc_robot_interfaces/msg/detail/crop_yield__struct.hpp
[0.551s] -- Up-to-date: /home/holberton/ros2_ws/install/parc_robot_interfaces/include/parc_robot_interfaces/parc_robot_interfaces/msg/detail/crop_yield__builder.hpp
[0.551s] -- Up-to-date: /home/holberton/ros2_ws/install/parc_robot_interfaces/include/parc_robot_interfaces/parc_robot_interfaces/msg/detail/crop_yield__traits.hpp
[0.552s] -- Up-to-date: /home/holberton/ros2_ws/install/parc_robot_interfaces/include/parc_robot_interfaces/parc_robot_interfaces
[0.552s] -- Up-to-date: /home/holberton/ros2_ws/install/parc_robot_interfaces/include/parc_robot_interfaces/parc_robot_interfaces/msg
[0.552s] -- Up-to-date: /home/holberton/ros2_ws/install/parc_robot_interfaces/include/parc_robot_interfaces/parc_robot_interfaces/msg/rosidl_typesupport_fastrtps_cpp__visibility_control.h
[0.552s] -- Up-to-date: /home/holberton/ros2_ws/install/parc_robot_interfaces/include/parc_robot_interfaces/parc_robot_interfaces/msg/detail
[0.552s] -- Up-to-date: /home/holberton/ros2_ws/install/parc_robot_interfaces/include/parc_robot_interfaces/parc_robot_interfaces/msg/detail/crop_yield__rosidl_typesupport_fastrtps_cpp.hpp
[0.552s] -- Up-to-date: /home/holberton/ros2_ws/install/parc_robot_interfaces/include/parc_robot_interfaces/parc_robot_interfaces/msg/detail/dds_fastrtps
[0.552s] -- Up-to-date: /home/holberton/ros2_ws/install/parc_robot_interfaces/lib/libparc_robot_interfaces__rosidl_typesupport_fastrtps_cpp.so
[0.552s] -- Up-to-date: /home/holberton/ros2_ws/install/parc_robot_interfaces/include/parc_robot_interfaces/parc_robot_interfaces
[0.552s] -- Up-to-date: /home/holberton/ros2_ws/install/parc_robot_interfaces/include/parc_robot_interfaces/parc_robot_interfaces/msg
[0.552s] -- Up-to-date: /home/holberton/ros2_ws/install/parc_robot_interfaces/include/parc_robot_interfaces/parc_robot_interfaces/msg/detail
[0.552s] -- Up-to-date: /home/holberton/ros2_ws/install/parc_robot_interfaces/include/parc_robot_interfaces/parc_robot_interfaces/msg/detail/crop_yield__type_support.cpp
[0.552s] -- Up-to-date: /home/holberton/ros2_ws/install/parc_robot_interfaces/include/parc_robot_interfaces/parc_robot_interfaces/msg/detail/crop_yield__rosidl_typesupport_introspection_cpp.hpp
[0.552s] -- Up-to-date: /home/holberton/ros2_ws/install/parc_robot_interfaces/lib/libparc_robot_interfaces__rosidl_typesupport_introspection_cpp.so
[0.553s] -- Up-to-date: /home/holberton/ros2_ws/install/parc_robot_interfaces/lib/libparc_robot_interfaces__rosidl_typesupport_cpp.so
[0.553s] -- Up-to-date: /home/holberton/ros2_ws/install/parc_robot_interfaces/share/parc_robot_interfaces/environment/pythonpath.sh
[0.553s] -- Up-to-date: /home/holberton/ros2_ws/install/parc_robot_interfaces/share/parc_robot_interfaces/environment/pythonpath.dsv
[0.553s] -- Up-to-date: /home/holberton/ros2_ws/install/parc_robot_interfaces/local/lib/python3.10/dist-packages/parc_robot_interfaces-0.0.0-py3.10.egg-info
[0.553s] -- Installing: /home/holberton/ros2_ws/install/parc_robot_interfaces/local/lib/python3.10/dist-packages/parc_robot_interfaces-0.0.0-py3.10.egg-info/dependency_links.txt
[0.553s] -- Installing: /home/holberton/ros2_ws/install/parc_robot_interfaces/local/lib/python3.10/dist-packages/parc_robot_interfaces-0.0.0-py3.10.egg-info/PKG-INFO
[0.553s] -- Installing: /home/holberton/ros2_ws/install/parc_robot_interfaces/local/lib/python3.10/dist-packages/parc_robot_interfaces-0.0.0-py3.10.egg-info/top_level.txt
[0.554s] -- Installing: /home/holberton/ros2_ws/install/parc_robot_interfaces/local/lib/python3.10/dist-packages/parc_robot_interfaces-0.0.0-py3.10.egg-info/SOURCES.txt
[0.554s] -- Up-to-date: /home/holberton/ros2_ws/install/parc_robot_interfaces/local/lib/python3.10/dist-packages/parc_robot_interfaces
[0.554s] -- Up-to-date: /home/holberton/ros2_ws/install/parc_robot_interfaces/local/lib/python3.10/dist-packages/parc_robot_interfaces/_parc_robot_interfaces_s.ep.rosidl_typesupport_introspection_c.c
[0.554s] -- Up-to-date: /home/holberton/ros2_ws/install/parc_robot_interfaces/local/lib/python3.10/dist-packages/parc_robot_interfaces/parc_robot_interfaces_s__rosidl_typesupport_c.cpython-310-x86_64-linux-gnu.so
[0.554s] -- Up-to-date: /home/holberton/ros2_ws/install/parc_robot_interfaces/local/lib/python3.10/dist-packages/parc_robot_interfaces/_parc_robot_interfaces_s.ep.rosidl_typesupport_fastrtps_c.c
[0.554s] -- Up-to-date: /home/holberton/ros2_ws/install/parc_robot_interfaces/local/lib/python3.10/dist-packages/parc_robot_interfaces/msg
[0.554s] -- Up-to-date: /home/holberton/ros2_ws/install/parc_robot_interfaces/local/lib/python3.10/dist-packages/parc_robot_interfaces/msg/_crop_yield_s.c
[0.554s] -- Up-to-date: /home/holberton/ros2_ws/install/parc_robot_interfaces/local/lib/python3.10/dist-packages/parc_robot_interfaces/msg/_crop_yield.py
[0.554s] -- Up-to-date: /home/holberton/ros2_ws/install/parc_robot_interfaces/local/lib/python3.10/dist-packages/parc_robot_interfaces/msg/__init__.py
[0.554s] -- Up-to-date: /home/holberton/ros2_ws/install/parc_robot_interfaces/local/lib/python3.10/dist-packages/parc_robot_interfaces/__init__.py
[0.554s] -- Up-to-date: /home/holberton/ros2_ws/install/parc_robot_interfaces/local/lib/python3.10/dist-packages/parc_robot_interfaces/parc_robot_interfaces_s__rosidl_typesupport_introspection_c.cpython-310-x86_64-linux-gnu.so
[0.555s] -- Up-to-date: /home/holberton/ros2_ws/install/parc_robot_interfaces/local/lib/python3.10/dist-packages/parc_robot_interfaces/_parc_robot_interfaces_s.ep.rosidl_typesupport_c.c
[0.555s] -- Up-to-date: /home/holberton/ros2_ws/install/parc_robot_interfaces/local/lib/python3.10/dist-packages/parc_robot_interfaces/parc_robot_interfaces_s__rosidl_typesupport_fastrtps_c.cpython-310-x86_64-linux-gnu.so
[0.555s] -- Up-to-date: /home/holberton/ros2_ws/install/parc_robot_interfaces/local/lib/python3.10/dist-packages/parc_robot_interfaces/libparc_robot_interfaces__rosidl_generator_py.so
[0.581s] Listing '/home/holberton/ros2_ws/install/parc_robot_interfaces/local/lib/python3.10/dist-packages/parc_robot_interfaces'...
[0.581s] Listing '/home/holberton/ros2_ws/install/parc_robot_interfaces/local/lib/python3.10/dist-packages/parc_robot_interfaces/msg'...
[0.585s] -- Up-to-date: /home/holberton/ros2_ws/install/parc_robot_interfaces/local/lib/python3.10/dist-packages/parc_robot_interfaces/parc_robot_interfaces_s__rosidl_typesupport_fastrtps_c.cpython-310-x86_64-linux-gnu.so
[0.586s] -- Up-to-date: /home/holberton/ros2_ws/install/parc_robot_interfaces/local/lib/python3.10/dist-packages/parc_robot_interfaces/parc_robot_interfaces_s__rosidl_typesupport_introspection_c.cpython-310-x86_64-linux-gnu.so
[0.587s] -- Up-to-date: /home/holberton/ros2_ws/install/parc_robot_interfaces/local/lib/python3.10/dist-packages/parc_robot_interfaces/parc_robot_interfaces_s__rosidl_typesupport_c.cpython-310-x86_64-linux-gnu.so
[0.587s] -- Up-to-date: /home/holberton/ros2_ws/install/parc_robot_interfaces/lib/libparc_robot_interfaces__rosidl_generator_py.so
[0.588s] -- Up-to-date: /home/holberton/ros2_ws/install/parc_robot_interfaces/share/parc_robot_interfaces/msg/CropYield.idl
[0.588s] -- Up-to-date: /home/holberton/ros2_ws/install/parc_robot_interfaces/share/parc_robot_interfaces/msg/CropYield.msg
[0.588s] -- Up-to-date: /home/holberton/ros2_ws/install/parc_robot_interfaces/share/ament_index/resource_index/package_run_dependencies/parc_robot_interfaces
[0.588s] -- Up-to-date: /home/holberton/ros2_ws/install/parc_robot_interfaces/share/ament_index/resource_index/parent_prefix_path/parc_robot_interfaces
[0.588s] -- Up-to-date: /home/holberton/ros2_ws/install/parc_robot_interfaces/share/parc_robot_interfaces/environment/ament_prefix_path.sh
[0.588s] -- Up-to-date: /home/holberton/ros2_ws/install/parc_robot_interfaces/share/parc_robot_interfaces/environment/ament_prefix_path.dsv
[0.588s] -- Up-to-date: /home/holberton/ros2_ws/install/parc_robot_interfaces/share/parc_robot_interfaces/environment/path.sh
[0.588s] -- Up-to-date: /home/holberton/ros2_ws/install/parc_robot_interfaces/share/parc_robot_interfaces/environment/path.dsv
[0.589s] -- Up-to-date: /home/holberton/ros2_ws/install/parc_robot_interfaces/share/parc_robot_interfaces/local_setup.bash
[0.589s] -- Up-to-date: /home/holberton/ros2_ws/install/parc_robot_interfaces/share/parc_robot_interfaces/local_setup.sh
[0.589s] -- Up-to-date: /home/holberton/ros2_ws/install/parc_robot_interfaces/share/parc_robot_interfaces/local_setup.zsh
[0.589s] -- Up-to-date: /home/holberton/ros2_ws/install/parc_robot_interfaces/share/parc_robot_interfaces/local_setup.dsv
[0.589s] -- Installing: /home/holberton/ros2_ws/install/parc_robot_interfaces/share/parc_robot_interfaces/package.dsv
[0.589s] -- Up-to-date: /home/holberton/ros2_ws/install/parc_robot_interfaces/share/ament_index/resource_index/packages/parc_robot_interfaces
[0.589s] -- Up-to-date: /home/holberton/ros2_ws/install/parc_robot_interfaces/share/parc_robot_interfaces/cmake/export_parc_robot_interfaces__rosidl_generator_cExport.cmake
[0.589s] -- Up-to-date: /home/holberton/ros2_ws/install/parc_robot_interfaces/share/parc_robot_interfaces/cmake/export_parc_robot_interfaces__rosidl_generator_cExport-noconfig.cmake
[0.589s] -- Up-to-date: /home/holberton/ros2_ws/install/parc_robot_interfaces/share/parc_robot_interfaces/cmake/export_parc_robot_interfaces__rosidl_typesupport_fastrtps_cExport.cmake
[0.589s] -- Up-to-date: /home/holberton/ros2_ws/install/parc_robot_interfaces/share/parc_robot_interfaces/cmake/export_parc_robot_interfaces__rosidl_typesupport_fastrtps_cExport-noconfig.cmake
[0.590s] -- Up-to-date: /home/holberton/ros2_ws/install/parc_robot_interfaces/share/parc_robot_interfaces/cmake/parc_robot_interfaces__rosidl_typesupport_introspection_cExport.cmake
[0.590s] -- Up-to-date: /home/holberton/ros2_ws/install/parc_robot_interfaces/share/parc_robot_interfaces/cmake/parc_robot_interfaces__rosidl_typesupport_introspection_cExport-noconfig.cmake
[0.590s] -- Up-to-date: /home/holberton/ros2_ws/install/parc_robot_interfaces/share/parc_robot_interfaces/cmake/parc_robot_interfaces__rosidl_typesupport_cExport.cmake
[0.590s] -- Up-to-date: /home/holberton/ros2_ws/install/parc_robot_interfaces/share/parc_robot_interfaces/cmake/parc_robot_interfaces__rosidl_typesupport_cExport-noconfig.cmake
[0.590s] -- Up-to-date: /home/holberton/ros2_ws/install/parc_robot_interfaces/share/parc_robot_interfaces/cmake/export_parc_robot_interfaces__rosidl_generator_cppExport.cmake
[0.591s] -- Up-to-date: /home/holberton/ros2_ws/install/parc_robot_interfaces/share/parc_robot_interfaces/cmake/export_parc_robot_interfaces__rosidl_typesupport_fastrtps_cppExport.cmake
[0.591s] -- Up-to-date: /home/holberton/ros2_ws/install/parc_robot_interfaces/share/parc_robot_interfaces/cmake/export_parc_robot_interfaces__rosidl_typesupport_fastrtps_cppExport-noconfig.cmake
[0.591s] -- Up-to-date: /home/holberton/ros2_ws/install/parc_robot_interfaces/share/parc_robot_interfaces/cmake/parc_robot_interfaces__rosidl_typesupport_introspection_cppExport.cmake
[0.591s] -- Up-to-date: /home/holberton/ros2_ws/install/parc_robot_interfaces/share/parc_robot_interfaces/cmake/parc_robot_interfaces__rosidl_typesupport_introspection_cppExport-noconfig.cmake
[0.591s] -- Up-to-date: /home/holberton/ros2_ws/install/parc_robot_interfaces/share/parc_robot_interfaces/cmake/parc_robot_interfaces__rosidl_typesupport_cppExport.cmake
[0.591s] -- Up-to-date: /home/holberton/ros2_ws/install/parc_robot_interfaces/share/parc_robot_interfaces/cmake/parc_robot_interfaces__rosidl_typesupport_cppExport-noconfig.cmake
[0.591s] -- Up-to-date: /home/holberton/ros2_ws/install/parc_robot_interfaces/share/parc_robot_interfaces/cmake/export_parc_robot_interfaces__rosidl_generator_pyExport.cmake
[0.591s] -- Up-to-date: /home/holberton/ros2_ws/install/parc_robot_interfaces/share/parc_robot_interfaces/cmake/export_parc_robot_interfaces__rosidl_generator_pyExport-noconfig.cmake
[0.591s] -- Up-to-date: /home/holberton/ros2_ws/install/parc_robot_interfaces/share/parc_robot_interfaces/cmake/rosidl_cmake-extras.cmake
[0.592s] -- Up-to-date: /home/holberton/ros2_ws/install/parc_robot_interfaces/share/parc_robot_interfaces/cmake/ament_cmake_export_include_directories-extras.cmake
[0.592s] -- Up-to-date: /home/holberton/ros2_ws/install/parc_robot_interfaces/share/parc_robot_interfaces/cmake/ament_cmake_export_libraries-extras.cmake
[0.592s] -- Up-to-date: /home/holberton/ros2_ws/install/parc_robot_interfaces/share/parc_robot_interfaces/cmake/ament_cmake_export_targets-extras.cmake
[0.592s] -- Up-to-date: /home/holberton/ros2_ws/install/parc_robot_interfaces/share/parc_robot_interfaces/cmake/rosidl_cmake_export_typesupport_targets-extras.cmake
[0.592s] -- Up-to-date: /home/holberton/ros2_ws/install/parc_robot_interfaces/share/parc_robot_interfaces/cmake/ament_cmake_export_dependencies-extras.cmake
[0.592s] -- Up-to-date: /home/holberton/ros2_ws/install/parc_robot_interfaces/share/parc_robot_interfaces/cmake/rosidl_cmake_export_typesupport_libraries-extras.cmake
[0.592s] -- Up-to-date: /home/holberton/ros2_ws/install/parc_robot_interfaces/share/parc_robot_interfaces/cmake/parc_robot_interfacesConfig.cmake
[0.592s] -- Up-to-date: /home/holberton/ros2_ws/install/parc_robot_interfaces/share/parc_robot_interfaces/cmake/parc_robot_interfacesConfig-version.cmake
[0.592s] -- Up-to-date: /home/holberton/ros2_ws/install/parc_robot_interfaces/share/parc_robot_interfaces/package.xml
[0.594s] Invoked command in '/home/holberton/ros2_ws/build/parc_robot_interfaces' returned '0': CMAKE_PREFIX_PATH=${CMAKE_PREFIX_PATH}:/opt/ros/humble /usr/bin/cmake --install /home/holberton/ros2_ws/build/parc_robot_interfaces
