running egg_info
creating ../../build/auto_nav/auto_nav.egg-info
writing ../../build/auto_nav/auto_nav.egg-info/PKG-INFO
writing dependency_links to ../../build/auto_nav/auto_nav.egg-info/dependency_links.txt
writing entry points to ../../build/auto_nav/auto_nav.egg-info/entry_points.txt
writing requirements to ../../build/auto_nav/auto_nav.egg-info/requires.txt
writing top-level names to ../../build/auto_nav/auto_nav.egg-info/top_level.txt
writing manifest file '../../build/auto_nav/auto_nav.egg-info/SOURCES.txt'
reading manifest file '../../build/auto_nav/auto_nav.egg-info/SOURCES.txt'
writing manifest file '../../build/auto_nav/auto_nav.egg-info/SOURCES.txt'
running build
running build_py
creating /home/holberton/ros2_ws/build/auto_nav/build
creating /home/holberton/ros2_ws/build/auto_nav/build/lib
creating /home/holberton/ros2_ws/build/auto_nav/build/lib/auto_nav
copying auto_nav/__init__.py -> /home/holberton/ros2_ws/build/auto_nav/build/lib/auto_nav
running install
running install_lib
creating /home/holberton/ros2_ws/install/auto_nav/lib/python3.10/site-packages/auto_nav
copying /home/holberton/ros2_ws/build/auto_nav/build/lib/auto_nav/__init__.py -> /home/holberton/ros2_ws/install/auto_nav/lib/python3.10/site-packages/auto_nav
byte-compiling /home/holberton/ros2_ws/install/auto_nav/lib/python3.10/site-packages/auto_nav/__init__.py to __init__.cpython-310.pyc
running install_data
creating /home/holberton/ros2_ws/install/auto_nav/share/ament_index
creating /home/holberton/ros2_ws/install/auto_nav/share/ament_index/resource_index
creating /home/holberton/ros2_ws/install/auto_nav/share/ament_index/resource_index/packages
copying resource/auto_nav -> /home/holberton/ros2_ws/install/auto_nav/share/ament_index/resource_index/packages
copying package.xml -> /home/holberton/ros2_ws/install/auto_nav/share/auto_nav
running install_egg_info
Copying ../../build/auto_nav/auto_nav.egg-info to /home/holberton/ros2_ws/install/auto_nav/lib/python3.10/site-packages/auto_nav-0.0.0-py3.10.egg-info
running install_scripts
writing list of installed files to '/home/holberton/ros2_ws/build/auto_nav/install.log'
