[2.021s] Invoking command in '/home/holberton/ros2_ws/src/auto_nav': PYTHONPATH=/home/holberton/ros2_ws/build/auto_nav/prefix_override:/home/holberton/ros2_ws/install/auto_nav/lib/python3.10/site-packages:${PYTHONPATH} /usr/bin/python3 -W ignore:setup.py install is deprecated setup.py egg_info --egg-base ../../build/auto_nav build --build-base /home/holberton/ros2_ws/build/auto_nav/build install --record /home/holberton/ros2_ws/build/auto_nav/install.log --single-version-externally-managed install_data
[2.237s] running egg_info
[2.238s] creating ../../build/auto_nav/auto_nav.egg-info
[2.238s] writing ../../build/auto_nav/auto_nav.egg-info/PKG-INFO
[2.238s] writing dependency_links to ../../build/auto_nav/auto_nav.egg-info/dependency_links.txt
[2.238s] writing entry points to ../../build/auto_nav/auto_nav.egg-info/entry_points.txt
[2.238s] writing requirements to ../../build/auto_nav/auto_nav.egg-info/requires.txt
[2.239s] writing top-level names to ../../build/auto_nav/auto_nav.egg-info/top_level.txt
[2.240s] writing manifest file '../../build/auto_nav/auto_nav.egg-info/SOURCES.txt'
[2.241s] reading manifest file '../../build/auto_nav/auto_nav.egg-info/SOURCES.txt'
[2.242s] writing manifest file '../../build/auto_nav/auto_nav.egg-info/SOURCES.txt'
[2.242s] running build
[2.242s] running build_py
[2.242s] creating /home/holberton/ros2_ws/build/auto_nav/build
[2.242s] creating /home/holberton/ros2_ws/build/auto_nav/build/lib
[2.242s] creating /home/holberton/ros2_ws/build/auto_nav/build/lib/auto_nav
[2.243s] copying auto_nav/__init__.py -> /home/holberton/ros2_ws/build/auto_nav/build/lib/auto_nav
[2.243s] running install
[2.243s] running install_lib
[2.244s] creating /home/holberton/ros2_ws/install/auto_nav/lib/python3.10/site-packages/auto_nav
[2.244s] copying /home/holberton/ros2_ws/build/auto_nav/build/lib/auto_nav/__init__.py -> /home/holberton/ros2_ws/install/auto_nav/lib/python3.10/site-packages/auto_nav
[2.244s] byte-compiling /home/holberton/ros2_ws/install/auto_nav/lib/python3.10/site-packages/auto_nav/__init__.py to __init__.cpython-310.pyc
[2.244s] running install_data
[2.245s] creating /home/holberton/ros2_ws/install/auto_nav/share/ament_index
[2.245s] creating /home/holberton/ros2_ws/install/auto_nav/share/ament_index/resource_index
[2.245s] creating /home/holberton/ros2_ws/install/auto_nav/share/ament_index/resource_index/packages
[2.245s] copying resource/auto_nav -> /home/holberton/ros2_ws/install/auto_nav/share/ament_index/resource_index/packages
[2.245s] copying package.xml -> /home/holberton/ros2_ws/install/auto_nav/share/auto_nav
[2.245s] running install_egg_info
[2.247s] Copying ../../build/auto_nav/auto_nav.egg-info to /home/holberton/ros2_ws/install/auto_nav/lib/python3.10/site-packages/auto_nav-0.0.0-py3.10.egg-info
[2.248s] running install_scripts
[2.268s] writing list of installed files to '/home/holberton/ros2_ws/build/auto_nav/install.log'
[2.294s] Invoked command in '/home/holberton/ros2_ws/src/auto_nav' returned '0': PYTHONPATH=/home/holberton/ros2_ws/build/auto_nav/prefix_override:/home/holberton/ros2_ws/install/auto_nav/lib/python3.10/site-packages:${PYTHONPATH} /usr/bin/python3 -W ignore:setup.py install is deprecated setup.py egg_info --egg-base ../../build/auto_nav build --build-base /home/holberton/ros2_ws/build/auto_nav/build install --record /home/holberton/ros2_ws/build/auto_nav/install.log --single-version-externally-managed install_data
