[3.582s] Invoking command in '/home/holberton/ros2_ws/src/auto_nav': PYTHONPATH=/home/holberton/ros2_ws/build/auto_nav/prefix_override:/home/holberton/ros2_ws/install/auto_nav/lib/python3.10/site-packages:${PYTHONPATH} /usr/bin/python3 -W ignore:setup.py install is deprecated setup.py egg_info --egg-base ../../build/auto_nav build --build-base /home/holberton/ros2_ws/build/auto_nav/build install --record /home/holberton/ros2_ws/build/auto_nav/install.log --single-version-externally-managed install_data
[3.822s] running egg_info
[3.823s] writing ../../build/auto_nav/auto_nav.egg-info/PKG-INFO
[3.836s] writing dependency_links to ../../build/auto_nav/auto_nav.egg-info/dependency_links.txt
[3.837s] writing entry points to ../../build/auto_nav/auto_nav.egg-info/entry_points.txt
[3.837s] writing requirements to ../../build/auto_nav/auto_nav.egg-info/requires.txt
[3.837s] writing top-level names to ../../build/auto_nav/auto_nav.egg-info/top_level.txt
[3.844s] reading manifest file '../../build/auto_nav/auto_nav.egg-info/SOURCES.txt'
[3.864s] writing manifest file '../../build/auto_nav/auto_nav.egg-info/SOURCES.txt'
[3.864s] running build
[3.864s] running build_py
[3.877s] running install
[3.878s] running install_lib
[3.883s] running install_data
[3.883s] running install_egg_info
[3.886s] removing '/home/holberton/ros2_ws/install/auto_nav/lib/python3.10/site-packages/auto_nav-0.0.0-py3.10.egg-info' (and everything under it)
[3.886s] Copying ../../build/auto_nav/auto_nav.egg-info to /home/holberton/ros2_ws/install/auto_nav/lib/python3.10/site-packages/auto_nav-0.0.0-py3.10.egg-info
[3.905s] running install_scripts
[3.953s] Installing auto_robot script to /home/holberton/ros2_ws/install/auto_nav/lib/auto_nav
[3.964s] writing list of installed files to '/home/holberton/ros2_ws/build/auto_nav/install.log'
[4.003s] Invoked command in '/home/holberton/ros2_ws/src/auto_nav' returned '0': PYTHONPATH=/home/holberton/ros2_ws/build/auto_nav/prefix_override:/home/holberton/ros2_ws/install/auto_nav/lib/python3.10/site-packages:${PYTHONPATH} /usr/bin/python3 -W ignore:setup.py install is deprecated setup.py egg_info --egg-base ../../build/auto_nav build --build-base /home/holberton/ros2_ws/build/auto_nav/build install --record /home/holberton/ros2_ws/build/auto_nav/install.log --single-version-externally-managed install_data
