[6.383s] Invoking command in '/home/holberton/ros2_ws/src/auto_nav': PYTHONPATH=/home/holberton/ros2_ws/build/auto_nav/prefix_override:/home/holberton/ros2_ws/install/auto_nav/lib/python3.10/site-packages:${PYTHONPATH} /usr/bin/python3 -W ignore:setup.py install is deprecated setup.py egg_info --egg-base ../../build/auto_nav build --build-base /home/holberton/ros2_ws/build/auto_nav/build install --record /home/holberton/ros2_ws/build/auto_nav/install.log --single-version-externally-managed install_data
[6.633s] running egg_info
[6.634s] writing ../../build/auto_nav/auto_nav.egg-info/PKG-INFO
[6.653s] writing dependency_links to ../../build/auto_nav/auto_nav.egg-info/dependency_links.txt
[6.653s] writing entry points to ../../build/auto_nav/auto_nav.egg-info/entry_points.txt
[6.653s] writing requirements to ../../build/auto_nav/auto_nav.egg-info/requires.txt
[6.653s] writing top-level names to ../../build/auto_nav/auto_nav.egg-info/top_level.txt
[6.657s] reading manifest file '../../build/auto_nav/auto_nav.egg-info/SOURCES.txt'
[6.674s] writing manifest file '../../build/auto_nav/auto_nav.egg-info/SOURCES.txt'
[6.674s] running build
[6.674s] running build_py
[6.677s] copying auto_nav/task1_solution.py -> /home/holberton/ros2_ws/build/auto_nav/build/lib/auto_nav
[6.701s] running install
[6.702s] running install_lib
[6.710s] copying /home/holberton/ros2_ws/build/auto_nav/build/lib/auto_nav/task1_solution.py -> /home/holberton/ros2_ws/install/auto_nav/lib/python3.10/site-packages/auto_nav
[6.712s] byte-compiling /home/holberton/ros2_ws/install/auto_nav/lib/python3.10/site-packages/auto_nav/task1_solution.py to task1_solution.cpython-310.pyc
[6.713s] running install_data
[6.726s] running install_egg_info
[6.727s] removing '/home/holberton/ros2_ws/install/auto_nav/lib/python3.10/site-packages/auto_nav-0.0.0-py3.10.egg-info' (and everything under it)
[6.727s] Copying ../../build/auto_nav/auto_nav.egg-info to /home/holberton/ros2_ws/install/auto_nav/lib/python3.10/site-packages/auto_nav-0.0.0-py3.10.egg-info
[6.747s] running install_scripts
[6.765s] Installing auto_robot script to /home/holberton/ros2_ws/install/auto_nav/lib/auto_nav
[6.798s] writing list of installed files to '/home/holberton/ros2_ws/build/auto_nav/install.log'
[6.830s] Invoked command in '/home/holberton/ros2_ws/src/auto_nav' returned '0': PYTHONPATH=/home/holberton/ros2_ws/build/auto_nav/prefix_override:/home/holberton/ros2_ws/install/auto_nav/lib/python3.10/site-packages:${PYTHONPATH} /usr/bin/python3 -W ignore:setup.py install is deprecated setup.py egg_info --egg-base ../../build/auto_nav build --build-base /home/holberton/ros2_ws/build/auto_nav/build install --record /home/holberton/ros2_ws/build/auto_nav/install.log --single-version-externally-managed install_data
