[0.336s] DEBUG:colcon:Command line arguments: ['/usr/bin/colcon', 'build']
[0.337s] DEBUG:colcon:Parsed command line arguments: Namespace(log_base=None, log_level=None, verb_name='build', build_base='build', install_base='install', merge_install=False, symlink_install=False, test_result_base=None, continue_on_error=False, executor='parallel', parallel_workers=8, event_handlers=None, ignore_user_meta=False, metas=['./colcon.meta'], base_paths=['.'], packages_ignore=None, packages_ignore_regex=None, paths=None, packages_up_to=None, packages_up_to_regex=None, packages_above=None, packages_above_and_dependencies=None, packages_above_depth=None, packages_select_by_dep=None, packages_skip_by_dep=None, packages_skip_up_to=None, packages_select_build_failed=False, packages_skip_build_finished=False, packages_select_test_failures=False, packages_skip_test_passed=False, packages_select=None, packages_skip=None, packages_select_regex=None, packages_skip_regex=None, packages_start=None, packages_end=None, allow_overriding=[], cmake_args=None, cmake_target=None, cmake_target_skip_unavailable=False, cmake_clean_cache=False, cmake_clean_first=False, cmake_force_configure=False, ament_cmake_args=None, catkin_cmake_args=None, catkin_skip_building_tests=False, mixin_files=None, mixin=None, verb_parser=<colcon_mixin.mixin.mixin_argument.MixinArgumentDecorator object at 0x73c302642b30>, verb_extension=<colcon_core.verb.build.BuildVerb object at 0x73c30274b1f0>, main=<bound method BuildVerb.main of <colcon_core.verb.build.BuildVerb object at 0x73c30274b1f0>>, mixin_verb=('build',))
[3.719s] Level 1:colcon.colcon_core.package_discovery:discover_packages(colcon_meta) check parameters
[3.720s] Level 1:colcon.colcon_core.package_discovery:discover_packages(recursive) check parameters
[3.720s] Level 1:colcon.colcon_core.package_discovery:discover_packages(ignore) check parameters
[3.720s] Level 1:colcon.colcon_core.package_discovery:discover_packages(path) check parameters
[3.720s] Level 1:colcon.colcon_core.package_discovery:discover_packages(colcon_meta) discover
[3.720s] Level 1:colcon.colcon_core.package_discovery:discover_packages(recursive) discover
[3.720s] INFO:colcon.colcon_core.package_discovery:Crawling recursively for packages in '/home/holberton/ros2_ws'
[3.721s] Level 1:colcon.colcon_core.package_identification:_identify(.) by extensions ['ignore', 'ignore_ament_install']
[3.721s] Level 1:colcon.colcon_core.package_identification:_identify(.) by extension 'ignore'
[3.721s] Level 1:colcon.colcon_core.package_identification:_identify(.) by extension 'ignore_ament_install'
[3.722s] Level 1:colcon.colcon_core.package_identification:_identify(.) by extensions ['colcon_pkg']
[3.722s] Level 1:colcon.colcon_core.package_identification:_identify(.) by extension 'colcon_pkg'
[3.722s] Level 1:colcon.colcon_core.package_identification:_identify(.) by extensions ['colcon_meta']
[3.722s] Level 1:colcon.colcon_core.package_identification:_identify(.) by extension 'colcon_meta'
[3.722s] Level 1:colcon.colcon_core.package_identification:_identify(.) by extensions ['ros']
[3.723s] Level 1:colcon.colcon_core.package_identification:_identify(.) by extension 'ros'
[3.755s] Level 1:colcon.colcon_core.package_identification:_identify(.) by extensions ['cmake', 'python']
[3.755s] Level 1:colcon.colcon_core.package_identification:_identify(.) by extension 'cmake'
[3.755s] Level 1:colcon.colcon_core.package_identification:_identify(.) by extension 'python'
[3.755s] Level 1:colcon.colcon_core.package_identification:_identify(.) by extensions ['python_setup_py']
[3.755s] Level 1:colcon.colcon_core.package_identification:_identify(.) by extension 'python_setup_py'
[3.755s] Level 1:colcon.colcon_core.package_identification:_identify(build) by extensions ['ignore', 'ignore_ament_install']
[3.755s] Level 1:colcon.colcon_core.package_identification:_identify(build) by extension 'ignore'
[3.755s] Level 1:colcon.colcon_core.package_identification:_identify(build) ignored
[3.756s] Level 1:colcon.colcon_core.package_identification:_identify(install) by extensions ['ignore', 'ignore_ament_install']
[3.756s] Level 1:colcon.colcon_core.package_identification:_identify(install) by extension 'ignore'
[3.756s] Level 1:colcon.colcon_core.package_identification:_identify(install) ignored
[3.756s] Level 1:colcon.colcon_core.package_identification:_identify(log) by extensions ['ignore', 'ignore_ament_install']
[3.756s] Level 1:colcon.colcon_core.package_identification:_identify(log) by extension 'ignore'
[3.756s] Level 1:colcon.colcon_core.package_identification:_identify(log) ignored
[3.756s] Level 1:colcon.colcon_core.package_identification:_identify(src) by extensions ['ignore', 'ignore_ament_install']
[3.757s] Level 1:colcon.colcon_core.package_identification:_identify(src) by extension 'ignore'
[3.757s] Level 1:colcon.colcon_core.package_identification:_identify(src) by extension 'ignore_ament_install'
[3.757s] Level 1:colcon.colcon_core.package_identification:_identify(src) by extensions ['colcon_pkg']
[3.757s] Level 1:colcon.colcon_core.package_identification:_identify(src) by extension 'colcon_pkg'
[3.757s] Level 1:colcon.colcon_core.package_identification:_identify(src) by extensions ['colcon_meta']
[3.757s] Level 1:colcon.colcon_core.package_identification:_identify(src) by extension 'colcon_meta'
[3.757s] Level 1:colcon.colcon_core.package_identification:_identify(src) by extensions ['ros']
[3.757s] Level 1:colcon.colcon_core.package_identification:_identify(src) by extension 'ros'
[3.757s] Level 1:colcon.colcon_core.package_identification:_identify(src) by extensions ['cmake', 'python']
[3.757s] Level 1:colcon.colcon_core.package_identification:_identify(src) by extension 'cmake'
[3.757s] Level 1:colcon.colcon_core.package_identification:_identify(src) by extension 'python'
[3.757s] Level 1:colcon.colcon_core.package_identification:_identify(src) by extensions ['python_setup_py']
[3.757s] Level 1:colcon.colcon_core.package_identification:_identify(src) by extension 'python_setup_py'
[3.772s] Level 1:colcon.colcon_core.package_identification:_identify(src/auto_nav) by extensions ['ignore', 'ignore_ament_install']
[3.772s] Level 1:colcon.colcon_core.package_identification:_identify(src/auto_nav) by extension 'ignore'
[3.772s] Level 1:colcon.colcon_core.package_identification:_identify(src/auto_nav) by extension 'ignore_ament_install'
[3.772s] Level 1:colcon.colcon_core.package_identification:_identify(src/auto_nav) by extensions ['colcon_pkg']
[3.772s] Level 1:colcon.colcon_core.package_identification:_identify(src/auto_nav) by extension 'colcon_pkg'
[3.772s] Level 1:colcon.colcon_core.package_identification:_identify(src/auto_nav) by extensions ['colcon_meta']
[3.772s] Level 1:colcon.colcon_core.package_identification:_identify(src/auto_nav) by extension 'colcon_meta'
[3.772s] Level 1:colcon.colcon_core.package_identification:_identify(src/auto_nav) by extensions ['ros']
[3.772s] Level 1:colcon.colcon_core.package_identification:_identify(src/auto_nav) by extension 'ros'
[3.815s] DEBUG:colcon.colcon_core.package_identification:Package 'src/auto_nav' with type 'ros.ament_python' and name 'auto_nav'
[3.827s] Level 1:colcon.colcon_core.package_identification:_identify(src/parc_robot) by extensions ['ignore', 'ignore_ament_install']
[3.828s] Level 1:colcon.colcon_core.package_identification:_identify(src/parc_robot) by extension 'ignore'
[3.828s] Level 1:colcon.colcon_core.package_identification:_identify(src/parc_robot) by extension 'ignore_ament_install'
[3.828s] Level 1:colcon.colcon_core.package_identification:_identify(src/parc_robot) by extensions ['colcon_pkg']
[3.829s] Level 1:colcon.colcon_core.package_identification:_identify(src/parc_robot) by extension 'colcon_pkg'
[3.829s] Level 1:colcon.colcon_core.package_identification:_identify(src/parc_robot) by extensions ['colcon_meta']
[3.829s] Level 1:colcon.colcon_core.package_identification:_identify(src/parc_robot) by extension 'colcon_meta'
[3.829s] Level 1:colcon.colcon_core.package_identification:_identify(src/parc_robot) by extensions ['ros']
[3.829s] Level 1:colcon.colcon_core.package_identification:_identify(src/parc_robot) by extension 'ros'
[3.834s] DEBUG:colcon.colcon_core.package_identification:Package 'src/parc_robot' with type 'ros.ament_cmake' and name 'parc_robot'
[3.843s] Level 1:colcon.colcon_core.package_identification:_identify(src/parc_robot_bringup) by extensions ['ignore', 'ignore_ament_install']
[3.844s] Level 1:colcon.colcon_core.package_identification:_identify(src/parc_robot_bringup) by extension 'ignore'
[3.844s] Level 1:colcon.colcon_core.package_identification:_identify(src/parc_robot_bringup) by extension 'ignore_ament_install'
[3.844s] Level 1:colcon.colcon_core.package_identification:_identify(src/parc_robot_bringup) by extensions ['colcon_pkg']
[3.845s] Level 1:colcon.colcon_core.package_identification:_identify(src/parc_robot_bringup) by extension 'colcon_pkg'
[3.845s] Level 1:colcon.colcon_core.package_identification:_identify(src/parc_robot_bringup) by extensions ['colcon_meta']
[3.845s] Level 1:colcon.colcon_core.package_identification:_identify(src/parc_robot_bringup) by extension 'colcon_meta'
[3.845s] Level 1:colcon.colcon_core.package_identification:_identify(src/parc_robot_bringup) by extensions ['ros']
[3.845s] Level 1:colcon.colcon_core.package_identification:_identify(src/parc_robot_bringup) by extension 'ros'
[3.856s] DEBUG:colcon.colcon_core.package_identification:Package 'src/parc_robot_bringup' with type 'ros.ament_cmake' and name 'parc_robot_bringup'
[3.863s] Level 1:colcon.colcon_core.package_identification:_identify(src/parc_robot_description) by extensions ['ignore', 'ignore_ament_install']
[3.864s] Level 1:colcon.colcon_core.package_identification:_identify(src/parc_robot_description) by extension 'ignore'
[3.864s] Level 1:colcon.colcon_core.package_identification:_identify(src/parc_robot_description) by extension 'ignore_ament_install'
[3.864s] Level 1:colcon.colcon_core.package_identification:_identify(src/parc_robot_description) by extensions ['colcon_pkg']
[3.864s] Level 1:colcon.colcon_core.package_identification:_identify(src/parc_robot_description) by extension 'colcon_pkg'
[3.865s] Level 1:colcon.colcon_core.package_identification:_identify(src/parc_robot_description) by extensions ['colcon_meta']
[3.865s] Level 1:colcon.colcon_core.package_identification:_identify(src/parc_robot_description) by extension 'colcon_meta'
[3.865s] Level 1:colcon.colcon_core.package_identification:_identify(src/parc_robot_description) by extensions ['ros']
[3.865s] Level 1:colcon.colcon_core.package_identification:_identify(src/parc_robot_description) by extension 'ros'
[3.868s] DEBUG:colcon.colcon_core.package_identification:Package 'src/parc_robot_description' with type 'ros.ament_cmake' and name 'parc_robot_description'
[3.874s] Level 1:colcon.colcon_core.package_identification:_identify(src/parc_robot_interfaces) by extensions ['ignore', 'ignore_ament_install']
[3.875s] Level 1:colcon.colcon_core.package_identification:_identify(src/parc_robot_interfaces) by extension 'ignore'
[3.875s] Level 1:colcon.colcon_core.package_identification:_identify(src/parc_robot_interfaces) by extension 'ignore_ament_install'
[3.876s] Level 1:colcon.colcon_core.package_identification:_identify(src/parc_robot_interfaces) by extensions ['colcon_pkg']
[3.876s] Level 1:colcon.colcon_core.package_identification:_identify(src/parc_robot_interfaces) by extension 'colcon_pkg'
[3.876s] Level 1:colcon.colcon_core.package_identification:_identify(src/parc_robot_interfaces) by extensions ['colcon_meta']
[3.876s] Level 1:colcon.colcon_core.package_identification:_identify(src/parc_robot_interfaces) by extension 'colcon_meta'
[3.876s] Level 1:colcon.colcon_core.package_identification:_identify(src/parc_robot_interfaces) by extensions ['ros']
[3.876s] Level 1:colcon.colcon_core.package_identification:_identify(src/parc_robot_interfaces) by extension 'ros'
[3.879s] DEBUG:colcon.colcon_core.package_identification:Package 'src/parc_robot_interfaces' with type 'ros.ament_cmake' and name 'parc_robot_interfaces'
[3.880s] Level 1:colcon.colcon_core.package_identification:_identify(src/resources) by extensions ['ignore', 'ignore_ament_install']
[3.880s] Level 1:colcon.colcon_core.package_identification:_identify(src/resources) by extension 'ignore'
[3.880s] Level 1:colcon.colcon_core.package_identification:_identify(src/resources) by extension 'ignore_ament_install'
[3.881s] Level 1:colcon.colcon_core.package_identification:_identify(src/resources) by extensions ['colcon_pkg']
[3.881s] Level 1:colcon.colcon_core.package_identification:_identify(src/resources) by extension 'colcon_pkg'
[3.881s] Level 1:colcon.colcon_core.package_identification:_identify(src/resources) by extensions ['colcon_meta']
[3.881s] Level 1:colcon.colcon_core.package_identification:_identify(src/resources) by extension 'colcon_meta'
[3.881s] Level 1:colcon.colcon_core.package_identification:_identify(src/resources) by extensions ['ros']
[3.881s] Level 1:colcon.colcon_core.package_identification:_identify(src/resources) by extension 'ros'
[3.882s] Level 1:colcon.colcon_core.package_identification:_identify(src/resources) by extensions ['cmake', 'python']
[3.882s] Level 1:colcon.colcon_core.package_identification:_identify(src/resources) by extension 'cmake'
[3.882s] Level 1:colcon.colcon_core.package_identification:_identify(src/resources) by extension 'python'
[3.882s] Level 1:colcon.colcon_core.package_identification:_identify(src/resources) by extensions ['python_setup_py']
[3.882s] Level 1:colcon.colcon_core.package_identification:_identify(src/resources) by extension 'python_setup_py'
[3.888s] Level 1:colcon.colcon_core.package_identification:_identify(src/test_publisher) by extensions ['ignore', 'ignore_ament_install']
[3.888s] Level 1:colcon.colcon_core.package_identification:_identify(src/test_publisher) by extension 'ignore'
[3.888s] Level 1:colcon.colcon_core.package_identification:_identify(src/test_publisher) by extension 'ignore_ament_install'
[3.889s] Level 1:colcon.colcon_core.package_identification:_identify(src/test_publisher) by extensions ['colcon_pkg']
[3.889s] Level 1:colcon.colcon_core.package_identification:_identify(src/test_publisher) by extension 'colcon_pkg'
[3.889s] Level 1:colcon.colcon_core.package_identification:_identify(src/test_publisher) by extensions ['colcon_meta']
[3.889s] Level 1:colcon.colcon_core.package_identification:_identify(src/test_publisher) by extension 'colcon_meta'
[3.889s] Level 1:colcon.colcon_core.package_identification:_identify(src/test_publisher) by extensions ['ros']
[3.889s] Level 1:colcon.colcon_core.package_identification:_identify(src/test_publisher) by extension 'ros'
[3.900s] DEBUG:colcon.colcon_core.package_identification:Package 'src/test_publisher' with type 'ros.ament_python' and name 'test_publisher'
[3.900s] Level 1:colcon.colcon_core.package_discovery:discover_packages(recursive) using defaults
[3.900s] Level 1:colcon.colcon_core.package_discovery:discover_packages(ignore) discover
[3.900s] Level 1:colcon.colcon_core.package_discovery:discover_packages(ignore) using defaults
[3.900s] Level 1:colcon.colcon_core.package_discovery:discover_packages(path) discover
[3.901s] Level 1:colcon.colcon_core.package_discovery:discover_packages(path) using defaults
[4.056s] Level 1:colcon.colcon_core.package_discovery:discover_packages(prefix_path) check parameters
[4.056s] Level 1:colcon.colcon_core.package_discovery:discover_packages(prefix_path) discover
[4.075s] DEBUG:colcon.colcon_installed_package_information.package_discovery:Found 6 installed packages in /home/holberton/ros2_ws/install
[4.077s] DEBUG:colcon.colcon_installed_package_information.package_discovery:Found 244 installed packages in /opt/ros/humble
[4.078s] Level 1:colcon.colcon_core.package_discovery:discover_packages(prefix_path) using defaults
[4.196s] Level 5:colcon.colcon_core.verb:set package 'auto_nav' build argument 'cmake_args' from command line to 'None'
[4.196s] Level 5:colcon.colcon_core.verb:set package 'auto_nav' build argument 'cmake_target' from command line to 'None'
[4.196s] Level 5:colcon.colcon_core.verb:set package 'auto_nav' build argument 'cmake_target_skip_unavailable' from command line to 'False'
[4.196s] Level 5:colcon.colcon_core.verb:set package 'auto_nav' build argument 'cmake_clean_cache' from command line to 'False'
[4.196s] Level 5:colcon.colcon_core.verb:set package 'auto_nav' build argument 'cmake_clean_first' from command line to 'False'
[4.196s] Level 5:colcon.colcon_core.verb:set package 'auto_nav' build argument 'cmake_force_configure' from command line to 'False'
[4.196s] Level 5:colcon.colcon_core.verb:set package 'auto_nav' build argument 'ament_cmake_args' from command line to 'None'
[4.196s] Level 5:colcon.colcon_core.verb:set package 'auto_nav' build argument 'catkin_cmake_args' from command line to 'None'
[4.196s] Level 5:colcon.colcon_core.verb:set package 'auto_nav' build argument 'catkin_skip_building_tests' from command line to 'False'
[4.196s] DEBUG:colcon.colcon_core.verb:Building package 'auto_nav' with the following arguments: {'ament_cmake_args': None, 'build_base': '/home/holberton/ros2_ws/build/auto_nav', 'catkin_cmake_args': None, 'catkin_skip_building_tests': False, 'cmake_args': None, 'cmake_clean_cache': False, 'cmake_clean_first': False, 'cmake_force_configure': False, 'cmake_target': None, 'cmake_target_skip_unavailable': False, 'install_base': '/home/holberton/ros2_ws/install/auto_nav', 'merge_install': False, 'path': '/home/holberton/ros2_ws/src/auto_nav', 'symlink_install': False, 'test_result_base': None}
[4.196s] Level 5:colcon.colcon_core.verb:set package 'parc_robot' build argument 'cmake_args' from command line to 'None'
[4.196s] Level 5:colcon.colcon_core.verb:set package 'parc_robot' build argument 'cmake_target' from command line to 'None'
[4.197s] Level 5:colcon.colcon_core.verb:set package 'parc_robot' build argument 'cmake_target_skip_unavailable' from command line to 'False'
[4.197s] Level 5:colcon.colcon_core.verb:set package 'parc_robot' build argument 'cmake_clean_cache' from command line to 'False'
[4.197s] Level 5:colcon.colcon_core.verb:set package 'parc_robot' build argument 'cmake_clean_first' from command line to 'False'
[4.197s] Level 5:colcon.colcon_core.verb:set package 'parc_robot' build argument 'cmake_force_configure' from command line to 'False'
[4.197s] Level 5:colcon.colcon_core.verb:set package 'parc_robot' build argument 'ament_cmake_args' from command line to 'None'
[4.197s] Level 5:colcon.colcon_core.verb:set package 'parc_robot' build argument 'catkin_cmake_args' from command line to 'None'
[4.197s] Level 5:colcon.colcon_core.verb:set package 'parc_robot' build argument 'catkin_skip_building_tests' from command line to 'False'
[4.197s] DEBUG:colcon.colcon_core.verb:Building package 'parc_robot' with the following arguments: {'ament_cmake_args': None, 'build_base': '/home/holberton/ros2_ws/build/parc_robot', 'catkin_cmake_args': None, 'catkin_skip_building_tests': False, 'cmake_args': None, 'cmake_clean_cache': False, 'cmake_clean_first': False, 'cmake_force_configure': False, 'cmake_target': None, 'cmake_target_skip_unavailable': False, 'install_base': '/home/holberton/ros2_ws/install/parc_robot', 'merge_install': False, 'path': '/home/holberton/ros2_ws/src/parc_robot', 'symlink_install': False, 'test_result_base': None}
[4.197s] Level 5:colcon.colcon_core.verb:set package 'parc_robot_description' build argument 'cmake_args' from command line to 'None'
[4.197s] Level 5:colcon.colcon_core.verb:set package 'parc_robot_description' build argument 'cmake_target' from command line to 'None'
[4.197s] Level 5:colcon.colcon_core.verb:set package 'parc_robot_description' build argument 'cmake_target_skip_unavailable' from command line to 'False'
[4.197s] Level 5:colcon.colcon_core.verb:set package 'parc_robot_description' build argument 'cmake_clean_cache' from command line to 'False'
[4.197s] Level 5:colcon.colcon_core.verb:set package 'parc_robot_description' build argument 'cmake_clean_first' from command line to 'False'
[4.197s] Level 5:colcon.colcon_core.verb:set package 'parc_robot_description' build argument 'cmake_force_configure' from command line to 'False'
[4.197s] Level 5:colcon.colcon_core.verb:set package 'parc_robot_description' build argument 'ament_cmake_args' from command line to 'None'
[4.197s] Level 5:colcon.colcon_core.verb:set package 'parc_robot_description' build argument 'catkin_cmake_args' from command line to 'None'
[4.197s] Level 5:colcon.colcon_core.verb:set package 'parc_robot_description' build argument 'catkin_skip_building_tests' from command line to 'False'
[4.197s] DEBUG:colcon.colcon_core.verb:Building package 'parc_robot_description' with the following arguments: {'ament_cmake_args': None, 'build_base': '/home/holberton/ros2_ws/build/parc_robot_description', 'catkin_cmake_args': None, 'catkin_skip_building_tests': False, 'cmake_args': None, 'cmake_clean_cache': False, 'cmake_clean_first': False, 'cmake_force_configure': False, 'cmake_target': None, 'cmake_target_skip_unavailable': False, 'install_base': '/home/holberton/ros2_ws/install/parc_robot_description', 'merge_install': False, 'path': '/home/holberton/ros2_ws/src/parc_robot_description', 'symlink_install': False, 'test_result_base': None}
[4.198s] Level 5:colcon.colcon_core.verb:set package 'parc_robot_interfaces' build argument 'cmake_args' from command line to 'None'
[4.198s] Level 5:colcon.colcon_core.verb:set package 'parc_robot_interfaces' build argument 'cmake_target' from command line to 'None'
[4.198s] Level 5:colcon.colcon_core.verb:set package 'parc_robot_interfaces' build argument 'cmake_target_skip_unavailable' from command line to 'False'
[4.198s] Level 5:colcon.colcon_core.verb:set package 'parc_robot_interfaces' build argument 'cmake_clean_cache' from command line to 'False'
[4.198s] Level 5:colcon.colcon_core.verb:set package 'parc_robot_interfaces' build argument 'cmake_clean_first' from command line to 'False'
[4.198s] Level 5:colcon.colcon_core.verb:set package 'parc_robot_interfaces' build argument 'cmake_force_configure' from command line to 'False'
[4.198s] Level 5:colcon.colcon_core.verb:set package 'parc_robot_interfaces' build argument 'ament_cmake_args' from command line to 'None'
[4.198s] Level 5:colcon.colcon_core.verb:set package 'parc_robot_interfaces' build argument 'catkin_cmake_args' from command line to 'None'
[4.198s] Level 5:colcon.colcon_core.verb:set package 'parc_robot_interfaces' build argument 'catkin_skip_building_tests' from command line to 'False'
[4.198s] DEBUG:colcon.colcon_core.verb:Building package 'parc_robot_interfaces' with the following arguments: {'ament_cmake_args': None, 'build_base': '/home/holberton/ros2_ws/build/parc_robot_interfaces', 'catkin_cmake_args': None, 'catkin_skip_building_tests': False, 'cmake_args': None, 'cmake_clean_cache': False, 'cmake_clean_first': False, 'cmake_force_configure': False, 'cmake_target': None, 'cmake_target_skip_unavailable': False, 'install_base': '/home/holberton/ros2_ws/install/parc_robot_interfaces', 'merge_install': False, 'path': '/home/holberton/ros2_ws/src/parc_robot_interfaces', 'symlink_install': False, 'test_result_base': None}
[4.198s] Level 5:colcon.colcon_core.verb:set package 'test_publisher' build argument 'cmake_args' from command line to 'None'
[4.198s] Level 5:colcon.colcon_core.verb:set package 'test_publisher' build argument 'cmake_target' from command line to 'None'
[4.198s] Level 5:colcon.colcon_core.verb:set package 'test_publisher' build argument 'cmake_target_skip_unavailable' from command line to 'False'
[4.199s] Level 5:colcon.colcon_core.verb:set package 'test_publisher' build argument 'cmake_clean_cache' from command line to 'False'
[4.199s] Level 5:colcon.colcon_core.verb:set package 'test_publisher' build argument 'cmake_clean_first' from command line to 'False'
[4.199s] Level 5:colcon.colcon_core.verb:set package 'test_publisher' build argument 'cmake_force_configure' from command line to 'False'
[4.199s] Level 5:colcon.colcon_core.verb:set package 'test_publisher' build argument 'ament_cmake_args' from command line to 'None'
[4.199s] Level 5:colcon.colcon_core.verb:set package 'test_publisher' build argument 'catkin_cmake_args' from command line to 'None'
[4.199s] Level 5:colcon.colcon_core.verb:set package 'test_publisher' build argument 'catkin_skip_building_tests' from command line to 'False'
[4.199s] DEBUG:colcon.colcon_core.verb:Building package 'test_publisher' with the following arguments: {'ament_cmake_args': None, 'build_base': '/home/holberton/ros2_ws/build/test_publisher', 'catkin_cmake_args': None, 'catkin_skip_building_tests': False, 'cmake_args': None, 'cmake_clean_cache': False, 'cmake_clean_first': False, 'cmake_force_configure': False, 'cmake_target': None, 'cmake_target_skip_unavailable': False, 'install_base': '/home/holberton/ros2_ws/install/test_publisher', 'merge_install': False, 'path': '/home/holberton/ros2_ws/src/test_publisher', 'symlink_install': False, 'test_result_base': None}
[4.199s] Level 5:colcon.colcon_core.verb:set package 'parc_robot_bringup' build argument 'cmake_args' from command line to 'None'
[4.199s] Level 5:colcon.colcon_core.verb:set package 'parc_robot_bringup' build argument 'cmake_target' from command line to 'None'
[4.199s] Level 5:colcon.colcon_core.verb:set package 'parc_robot_bringup' build argument 'cmake_target_skip_unavailable' from command line to 'False'
[4.199s] Level 5:colcon.colcon_core.verb:set package 'parc_robot_bringup' build argument 'cmake_clean_cache' from command line to 'False'
[4.199s] Level 5:colcon.colcon_core.verb:set package 'parc_robot_bringup' build argument 'cmake_clean_first' from command line to 'False'
[4.199s] Level 5:colcon.colcon_core.verb:set package 'parc_robot_bringup' build argument 'cmake_force_configure' from command line to 'False'
[4.199s] Level 5:colcon.colcon_core.verb:set package 'parc_robot_bringup' build argument 'ament_cmake_args' from command line to 'None'
[4.199s] Level 5:colcon.colcon_core.verb:set package 'parc_robot_bringup' build argument 'catkin_cmake_args' from command line to 'None'
[4.199s] Level 5:colcon.colcon_core.verb:set package 'parc_robot_bringup' build argument 'catkin_skip_building_tests' from command line to 'False'
[4.199s] DEBUG:colcon.colcon_core.verb:Building package 'parc_robot_bringup' with the following arguments: {'ament_cmake_args': None, 'build_base': '/home/holberton/ros2_ws/build/parc_robot_bringup', 'catkin_cmake_args': None, 'catkin_skip_building_tests': False, 'cmake_args': None, 'cmake_clean_cache': False, 'cmake_clean_first': False, 'cmake_force_configure': False, 'cmake_target': None, 'cmake_target_skip_unavailable': False, 'install_base': '/home/holberton/ros2_ws/install/parc_robot_bringup', 'merge_install': False, 'path': '/home/holberton/ros2_ws/src/parc_robot_bringup', 'symlink_install': False, 'test_result_base': None}
[4.199s] INFO:colcon.colcon_core.executor:Executing jobs using 'parallel' executor
[4.200s] DEBUG:colcon.colcon_parallel_executor.executor.parallel:run_until_complete
[4.201s] INFO:colcon.colcon_ros.task.ament_cmake.build:Building ROS package in '/home/holberton/ros2_ws/src/parc_robot_description' with build type 'ament_cmake'
[4.201s] INFO:colcon.colcon_cmake.task.cmake.build:Building CMake package in '/home/holberton/ros2_ws/src/parc_robot_description'
[4.237s] INFO:colcon.colcon_core.plugin_system:Skipping extension 'colcon_core.shell.bat': Not used on non-Windows systems
[4.237s] INFO:colcon.colcon_core.shell:Skip shell extension 'powershell' for command environment: Not usable outside of PowerShell
[4.238s] DEBUG:colcon.colcon_core.shell:Skip shell extension 'dsv' for command environment
[4.254s] INFO:colcon.colcon_ros.task.ament_cmake.build:Building ROS package in '/home/holberton/ros2_ws/src/parc_robot_interfaces' with build type 'ament_cmake'
[4.255s] INFO:colcon.colcon_cmake.task.cmake.build:Building CMake package in '/home/holberton/ros2_ws/src/parc_robot_interfaces'
[4.256s] INFO:colcon.colcon_core.shell:Skip shell extension 'powershell' for command environment: Not usable outside of PowerShell
[4.256s] DEBUG:colcon.colcon_core.shell:Skip shell extension 'dsv' for command environment
[4.270s] INFO:colcon.colcon_ros.task.ament_python.build:Building ROS package in '/home/holberton/ros2_ws/src/auto_nav' with build type 'ament_python'
[4.271s] Level 1:colcon.colcon_core.shell:create_environment_hook('auto_nav', 'ament_prefix_path')
[4.271s] INFO:colcon.colcon_core.shell:Creating environment hook '/home/holberton/ros2_ws/install/auto_nav/share/auto_nav/hook/ament_prefix_path.ps1'
[4.321s] INFO:colcon.colcon_core.shell:Creating environment descriptor '/home/holberton/ros2_ws/install/auto_nav/share/auto_nav/hook/ament_prefix_path.dsv'
[4.324s] INFO:colcon.colcon_core.shell:Creating environment hook '/home/holberton/ros2_ws/install/auto_nav/share/auto_nav/hook/ament_prefix_path.sh'
[4.328s] INFO:colcon.colcon_core.shell:Skip shell extension 'powershell' for command environment: Not usable outside of PowerShell
[4.328s] DEBUG:colcon.colcon_core.shell:Skip shell extension 'dsv' for command environment
[4.359s] INFO:colcon.colcon_ros.task.ament_cmake.build:Building ROS package in '/home/holberton/ros2_ws/src/parc_robot' with build type 'ament_cmake'
[4.360s] INFO:colcon.colcon_cmake.task.cmake.build:Building CMake package in '/home/holberton/ros2_ws/src/parc_robot'
[4.361s] INFO:colcon.colcon_core.shell:Skip shell extension 'powershell' for command environment: Not usable outside of PowerShell
[4.361s] DEBUG:colcon.colcon_core.shell:Skip shell extension 'dsv' for command environment
[4.373s] INFO:colcon.colcon_ros.task.ament_python.build:Building ROS package in '/home/holberton/ros2_ws/src/test_publisher' with build type 'ament_python'
[4.373s] Level 1:colcon.colcon_core.shell:create_environment_hook('test_publisher', 'ament_prefix_path')
[4.374s] INFO:colcon.colcon_core.shell:Creating environment hook '/home/holberton/ros2_ws/install/test_publisher/share/test_publisher/hook/ament_prefix_path.ps1'
[4.376s] INFO:colcon.colcon_core.shell:Creating environment descriptor '/home/holberton/ros2_ws/install/test_publisher/share/test_publisher/hook/ament_prefix_path.dsv'
[4.377s] INFO:colcon.colcon_core.shell:Creating environment hook '/home/holberton/ros2_ws/install/test_publisher/share/test_publisher/hook/ament_prefix_path.sh'
[4.379s] INFO:colcon.colcon_core.shell:Skip shell extension 'powershell' for command environment: Not usable outside of PowerShell
[4.379s] DEBUG:colcon.colcon_core.shell:Skip shell extension 'dsv' for command environment
[4.435s] DEBUG:colcon.colcon_core.event_handler.log_command:Invoking command in '/home/holberton/ros2_ws/build/parc_robot_description': CMAKE_PREFIX_PATH=${CMAKE_PREFIX_PATH}:/home/holberton/ros2_ws/install/test_publisher:/home/holberton/ros2_ws/install/parc_robot_description:/home/holberton/ros2_ws/install/auto_nav:/opt/ros/humble /usr/bin/cmake --build /home/holberton/ros2_ws/build/parc_robot_description -- -j8 -l8
[4.482s] DEBUG:colcon.colcon_core.event_handler.log_command:Invoking command in '/home/holberton/ros2_ws/build/parc_robot_interfaces': CMAKE_PREFIX_PATH=${CMAKE_PREFIX_PATH}:/home/holberton/ros2_ws/install/test_publisher:/home/holberton/ros2_ws/install/parc_robot_description:/home/holberton/ros2_ws/install/auto_nav:/opt/ros/humble /usr/bin/cmake --build /home/holberton/ros2_ws/build/parc_robot_interfaces -- -j8 -l8
[4.916s] INFO:colcon.colcon_core.task.python.build:Building Python package in '/home/holberton/ros2_ws/src/auto_nav'
[4.917s] INFO:colcon.colcon_core.shell:Skip shell extension 'powershell' for command environment: Not usable outside of PowerShell
[4.917s] DEBUG:colcon.colcon_core.shell:Skip shell extension 'dsv' for command environment
[5.131s] DEBUG:colcon.colcon_core.event_handler.log_command:Invoking command in '/home/holberton/ros2_ws/build/parc_robot': CMAKE_PREFIX_PATH=${CMAKE_PREFIX_PATH}:/home/holberton/ros2_ws/install/test_publisher:/home/holberton/ros2_ws/install/parc_robot_description:/home/holberton/ros2_ws/install/auto_nav:/opt/ros/humble /usr/bin/cmake --build /home/holberton/ros2_ws/build/parc_robot -- -j8 -l8
[5.544s] INFO:colcon.colcon_core.task.python.build:Building Python package in '/home/holberton/ros2_ws/src/test_publisher'
[5.544s] INFO:colcon.colcon_core.shell:Skip shell extension 'powershell' for command environment: Not usable outside of PowerShell
[5.544s] DEBUG:colcon.colcon_core.shell:Skip shell extension 'dsv' for command environment
[5.571s] DEBUG:colcon.colcon_core.event_handler.log_command:Invoked command in '/home/holberton/ros2_ws/build/parc_robot_description' returned '0': CMAKE_PREFIX_PATH=${CMAKE_PREFIX_PATH}:/home/holberton/ros2_ws/install/test_publisher:/home/holberton/ros2_ws/install/parc_robot_description:/home/holberton/ros2_ws/install/auto_nav:/opt/ros/humble /usr/bin/cmake --build /home/holberton/ros2_ws/build/parc_robot_description -- -j8 -l8
[5.596s] DEBUG:colcon.colcon_core.event_handler.log_command:Invoked command in '/home/holberton/ros2_ws/build/parc_robot' returned '0': CMAKE_PREFIX_PATH=${CMAKE_PREFIX_PATH}:/home/holberton/ros2_ws/install/test_publisher:/home/holberton/ros2_ws/install/parc_robot_description:/home/holberton/ros2_ws/install/auto_nav:/opt/ros/humble /usr/bin/cmake --build /home/holberton/ros2_ws/build/parc_robot -- -j8 -l8
[5.606s] DEBUG:colcon.colcon_core.event_handler.log_command:Invoking command in '/home/holberton/ros2_ws/build/parc_robot_description': CMAKE_PREFIX_PATH=${CMAKE_PREFIX_PATH}:/home/holberton/ros2_ws/install/test_publisher:/home/holberton/ros2_ws/install/parc_robot_description:/home/holberton/ros2_ws/install/auto_nav:/opt/ros/humble /usr/bin/cmake --install /home/holberton/ros2_ws/build/parc_robot_description
[5.617s] DEBUG:colcon.colcon_core.event_handler.log_command:Invoking command in '/home/holberton/ros2_ws/build/parc_robot': CMAKE_PREFIX_PATH=${CMAKE_PREFIX_PATH}:/home/holberton/ros2_ws/install/test_publisher:/home/holberton/ros2_ws/install/parc_robot_description:/home/holberton/ros2_ws/install/auto_nav:/opt/ros/humble /usr/bin/cmake --install /home/holberton/ros2_ws/build/parc_robot
[5.794s] Level 1:colcon.colcon_core.environment:create_environment_scripts_only(parc_robot)
[5.795s] DEBUG:colcon.colcon_core.event_handler.log_command:Invoked command in '/home/holberton/ros2_ws/build/parc_robot' returned '0': CMAKE_PREFIX_PATH=${CMAKE_PREFIX_PATH}:/home/holberton/ros2_ws/install/test_publisher:/home/holberton/ros2_ws/install/parc_robot_description:/home/holberton/ros2_ws/install/auto_nav:/opt/ros/humble /usr/bin/cmake --install /home/holberton/ros2_ws/build/parc_robot
[6.077s] Level 1:colcon.colcon_core.environment:checking '/home/holberton/ros2_ws/install/parc_robot' for CMake module files
[6.080s] Level 1:colcon.colcon_core.environment:checking '/home/holberton/ros2_ws/install/parc_robot' for CMake config files
[6.081s] Level 1:colcon.colcon_core.shell:create_environment_hook('parc_robot', 'cmake_prefix_path')
[6.081s] INFO:colcon.colcon_core.shell:Creating environment hook '/home/holberton/ros2_ws/install/parc_robot/share/parc_robot/hook/cmake_prefix_path.ps1'
[6.083s] INFO:colcon.colcon_core.shell:Creating environment descriptor '/home/holberton/ros2_ws/install/parc_robot/share/parc_robot/hook/cmake_prefix_path.dsv'
[6.084s] INFO:colcon.colcon_core.shell:Creating environment hook '/home/holberton/ros2_ws/install/parc_robot/share/parc_robot/hook/cmake_prefix_path.sh'
[6.086s] Level 1:colcon.colcon_core.environment:checking '/home/holberton/ros2_ws/install/parc_robot/bin'
[6.087s] Level 1:colcon.colcon_core.environment:checking '/home/holberton/ros2_ws/install/parc_robot/lib/pkgconfig/parc_robot.pc'
[6.088s] Level 1:colcon.colcon_core.environment:checking '/home/holberton/ros2_ws/install/parc_robot/lib/python3.10/site-packages'
[6.088s] Level 1:colcon.colcon_core.environment:checking '/home/holberton/ros2_ws/install/parc_robot/bin'
[6.089s] INFO:colcon.colcon_core.shell:Creating package script '/home/holberton/ros2_ws/install/parc_robot/share/parc_robot/package.ps1'
[6.121s] INFO:colcon.colcon_core.shell:Creating package descriptor '/home/holberton/ros2_ws/install/parc_robot/share/parc_robot/package.dsv'
[6.124s] INFO:colcon.colcon_core.shell:Creating package script '/home/holberton/ros2_ws/install/parc_robot/share/parc_robot/package.sh'
[6.127s] INFO:colcon.colcon_core.shell:Creating package script '/home/holberton/ros2_ws/install/parc_robot/share/parc_robot/package.bash'
[6.173s] INFO:colcon.colcon_core.shell:Creating package script '/home/holberton/ros2_ws/install/parc_robot/share/parc_robot/package.zsh'
[6.185s] Level 1:colcon.colcon_core.environment:create_file_with_runtime_dependencies(/home/holberton/ros2_ws/install/parc_robot/share/colcon-core/packages/parc_robot)
[6.191s] Level 1:colcon.colcon_core.environment:create_environment_scripts_only(parc_robot_description)
[6.192s] Level 1:colcon.colcon_core.environment:checking '/home/holberton/ros2_ws/install/parc_robot_description' for CMake module files
[6.194s] DEBUG:colcon.colcon_core.event_handler.log_command:Invoked command in '/home/holberton/ros2_ws/build/parc_robot_description' returned '0': CMAKE_PREFIX_PATH=${CMAKE_PREFIX_PATH}:/home/holberton/ros2_ws/install/test_publisher:/home/holberton/ros2_ws/install/parc_robot_description:/home/holberton/ros2_ws/install/auto_nav:/opt/ros/humble /usr/bin/cmake --install /home/holberton/ros2_ws/build/parc_robot_description
[6.195s] Level 1:colcon.colcon_core.environment:checking '/home/holberton/ros2_ws/install/parc_robot_description' for CMake config files
[6.215s] Level 1:colcon.colcon_core.shell:create_environment_hook('parc_robot_description', 'cmake_prefix_path')
[6.216s] INFO:colcon.colcon_core.shell:Creating environment hook '/home/holberton/ros2_ws/install/parc_robot_description/share/parc_robot_description/hook/cmake_prefix_path.ps1'
[6.218s] INFO:colcon.colcon_core.shell:Creating environment descriptor '/home/holberton/ros2_ws/install/parc_robot_description/share/parc_robot_description/hook/cmake_prefix_path.dsv'
[6.219s] INFO:colcon.colcon_core.shell:Creating environment hook '/home/holberton/ros2_ws/install/parc_robot_description/share/parc_robot_description/hook/cmake_prefix_path.sh'
[6.221s] Level 1:colcon.colcon_core.environment:checking '/home/holberton/ros2_ws/install/parc_robot_description/bin'
[6.221s] Level 1:colcon.colcon_core.environment:checking '/home/holberton/ros2_ws/install/parc_robot_description/lib/pkgconfig/parc_robot_description.pc'
[6.222s] Level 1:colcon.colcon_core.environment:checking '/home/holberton/ros2_ws/install/parc_robot_description/lib/python3.10/site-packages'
[6.223s] Level 1:colcon.colcon_core.environment:checking '/home/holberton/ros2_ws/install/parc_robot_description/bin'
[6.224s] INFO:colcon.colcon_core.shell:Creating package script '/home/holberton/ros2_ws/install/parc_robot_description/share/parc_robot_description/package.ps1'
[6.225s] INFO:colcon.colcon_core.shell:Creating package descriptor '/home/holberton/ros2_ws/install/parc_robot_description/share/parc_robot_description/package.dsv'
[6.226s] INFO:colcon.colcon_core.shell:Creating package script '/home/holberton/ros2_ws/install/parc_robot_description/share/parc_robot_description/package.sh'
[6.228s] INFO:colcon.colcon_core.shell:Creating package script '/home/holberton/ros2_ws/install/parc_robot_description/share/parc_robot_description/package.bash'
[6.229s] INFO:colcon.colcon_core.shell:Creating package script '/home/holberton/ros2_ws/install/parc_robot_description/share/parc_robot_description/package.zsh'
[6.230s] Level 1:colcon.colcon_core.environment:create_file_with_runtime_dependencies(/home/holberton/ros2_ws/install/parc_robot_description/share/colcon-core/packages/parc_robot_description)
[6.234s] DEBUG:colcon.colcon_core.event_handler.log_command:Invoked command in '/home/holberton/ros2_ws/build/parc_robot_interfaces' returned '2': CMAKE_PREFIX_PATH=${CMAKE_PREFIX_PATH}:/home/holberton/ros2_ws/install/test_publisher:/home/holberton/ros2_ws/install/parc_robot_description:/home/holberton/ros2_ws/install/auto_nav:/opt/ros/humble /usr/bin/cmake --build /home/holberton/ros2_ws/build/parc_robot_interfaces -- -j8 -l8
[6.261s] Level 1:colcon.colcon_core.environment:create_environment_scripts_only(parc_robot)
[6.261s] Level 1:colcon.colcon_core.environment:checking '/home/holberton/ros2_ws/install/parc_robot' for CMake module files
[6.262s] Level 1:colcon.colcon_core.environment:checking '/home/holberton/ros2_ws/install/parc_robot' for CMake config files
[6.263s] Level 1:colcon.colcon_core.shell:create_environment_hook('parc_robot', 'cmake_prefix_path')
[6.263s] INFO:colcon.colcon_core.shell:Creating environment hook '/home/holberton/ros2_ws/install/parc_robot/share/parc_robot/hook/cmake_prefix_path.ps1'
[6.264s] INFO:colcon.colcon_core.shell:Creating environment descriptor '/home/holberton/ros2_ws/install/parc_robot/share/parc_robot/hook/cmake_prefix_path.dsv'
[6.264s] INFO:colcon.colcon_core.shell:Creating environment hook '/home/holberton/ros2_ws/install/parc_robot/share/parc_robot/hook/cmake_prefix_path.sh'
[6.265s] Level 1:colcon.colcon_core.environment:checking '/home/holberton/ros2_ws/install/parc_robot/bin'
[6.265s] Level 1:colcon.colcon_core.environment:checking '/home/holberton/ros2_ws/install/parc_robot/lib/pkgconfig/parc_robot.pc'
[6.265s] Level 1:colcon.colcon_core.environment:checking '/home/holberton/ros2_ws/install/parc_robot/lib/python3.10/site-packages'
[6.266s] Level 1:colcon.colcon_core.environment:checking '/home/holberton/ros2_ws/install/parc_robot/bin'
[6.266s] INFO:colcon.colcon_core.shell:Creating package script '/home/holberton/ros2_ws/install/parc_robot/share/parc_robot/package.ps1'
[6.267s] INFO:colcon.colcon_core.shell:Creating package descriptor '/home/holberton/ros2_ws/install/parc_robot/share/parc_robot/package.dsv'
[6.267s] INFO:colcon.colcon_core.shell:Creating package script '/home/holberton/ros2_ws/install/parc_robot/share/parc_robot/package.sh'
[6.268s] INFO:colcon.colcon_core.shell:Creating package script '/home/holberton/ros2_ws/install/parc_robot/share/parc_robot/package.bash'
[6.269s] INFO:colcon.colcon_core.shell:Creating package script '/home/holberton/ros2_ws/install/parc_robot/share/parc_robot/package.zsh'
[6.269s] Level 1:colcon.colcon_core.environment:create_file_with_runtime_dependencies(/home/holberton/ros2_ws/install/parc_robot/share/colcon-core/packages/parc_robot)
[6.279s] Level 1:colcon.colcon_core.environment:create_environment_scripts_only(parc_robot_description)
[6.279s] Level 1:colcon.colcon_core.environment:checking '/home/holberton/ros2_ws/install/parc_robot_description' for CMake module files
[6.280s] Level 1:colcon.colcon_core.environment:checking '/home/holberton/ros2_ws/install/parc_robot_description' for CMake config files
[6.280s] Level 1:colcon.colcon_core.shell:create_environment_hook('parc_robot_description', 'cmake_prefix_path')
[6.280s] INFO:colcon.colcon_core.shell:Creating environment hook '/home/holberton/ros2_ws/install/parc_robot_description/share/parc_robot_description/hook/cmake_prefix_path.ps1'
[6.281s] INFO:colcon.colcon_core.shell:Creating environment descriptor '/home/holberton/ros2_ws/install/parc_robot_description/share/parc_robot_description/hook/cmake_prefix_path.dsv'
[6.281s] INFO:colcon.colcon_core.shell:Creating environment hook '/home/holberton/ros2_ws/install/parc_robot_description/share/parc_robot_description/hook/cmake_prefix_path.sh'
[6.281s] Level 1:colcon.colcon_core.environment:checking '/home/holberton/ros2_ws/install/parc_robot_description/bin'
[6.282s] Level 1:colcon.colcon_core.environment:checking '/home/holberton/ros2_ws/install/parc_robot_description/lib/pkgconfig/parc_robot_description.pc'
[6.282s] Level 1:colcon.colcon_core.environment:checking '/home/holberton/ros2_ws/install/parc_robot_description/lib/python3.10/site-packages'
[6.282s] Level 1:colcon.colcon_core.environment:checking '/home/holberton/ros2_ws/install/parc_robot_description/bin'
[6.282s] INFO:colcon.colcon_core.shell:Creating package script '/home/holberton/ros2_ws/install/parc_robot_description/share/parc_robot_description/package.ps1'
[6.283s] INFO:colcon.colcon_core.shell:Creating package descriptor '/home/holberton/ros2_ws/install/parc_robot_description/share/parc_robot_description/package.dsv'
[6.283s] INFO:colcon.colcon_core.shell:Creating package script '/home/holberton/ros2_ws/install/parc_robot_description/share/parc_robot_description/package.sh'
[6.283s] INFO:colcon.colcon_core.shell:Creating package script '/home/holberton/ros2_ws/install/parc_robot_description/share/parc_robot_description/package.bash'
[6.284s] INFO:colcon.colcon_core.shell:Creating package script '/home/holberton/ros2_ws/install/parc_robot_description/share/parc_robot_description/package.zsh'
[6.284s] Level 1:colcon.colcon_core.environment:create_file_with_runtime_dependencies(/home/holberton/ros2_ws/install/parc_robot_description/share/colcon-core/packages/parc_robot_description)
[6.316s] Level 1:colcon.colcon_core.environment:create_environment_scripts_only(parc_robot_interfaces)
[6.316s] Level 1:colcon.colcon_core.environment:checking '/home/holberton/ros2_ws/install/parc_robot_interfaces' for CMake module files
[6.346s] Level 1:colcon.colcon_core.environment:checking '/home/holberton/ros2_ws/install/parc_robot_interfaces' for CMake config files
[6.370s] Level 1:colcon.colcon_core.shell:create_environment_hook('parc_robot_interfaces', 'cmake_prefix_path')
[6.371s] INFO:colcon.colcon_core.shell:Creating environment hook '/home/holberton/ros2_ws/install/parc_robot_interfaces/share/parc_robot_interfaces/hook/cmake_prefix_path.ps1'
[6.373s] INFO:colcon.colcon_core.shell:Creating environment descriptor '/home/holberton/ros2_ws/install/parc_robot_interfaces/share/parc_robot_interfaces/hook/cmake_prefix_path.dsv'
[6.374s] INFO:colcon.colcon_core.shell:Creating environment hook '/home/holberton/ros2_ws/install/parc_robot_interfaces/share/parc_robot_interfaces/hook/cmake_prefix_path.sh'
[6.375s] Level 1:colcon.colcon_core.environment:checking '/home/holberton/ros2_ws/install/parc_robot_interfaces/lib'
[6.376s] Level 1:colcon.colcon_core.shell:create_environment_hook('parc_robot_interfaces', 'ld_library_path_lib')
[6.377s] INFO:colcon.colcon_core.shell:Creating environment hook '/home/holberton/ros2_ws/install/parc_robot_interfaces/share/parc_robot_interfaces/hook/ld_library_path_lib.ps1'
[6.378s] INFO:colcon.colcon_core.shell:Creating environment descriptor '/home/holberton/ros2_ws/install/parc_robot_interfaces/share/parc_robot_interfaces/hook/ld_library_path_lib.dsv'
[6.379s] INFO:colcon.colcon_core.shell:Creating environment hook '/home/holberton/ros2_ws/install/parc_robot_interfaces/share/parc_robot_interfaces/hook/ld_library_path_lib.sh'
[6.380s] Level 1:colcon.colcon_core.environment:checking '/home/holberton/ros2_ws/install/parc_robot_interfaces/bin'
[6.381s] Level 1:colcon.colcon_core.environment:checking '/home/holberton/ros2_ws/install/parc_robot_interfaces/lib/pkgconfig/parc_robot_interfaces.pc'
[6.381s] Level 1:colcon.colcon_core.environment:checking '/home/holberton/ros2_ws/install/parc_robot_interfaces/lib/python3.10/site-packages'
[6.382s] Level 1:colcon.colcon_core.environment:checking '/home/holberton/ros2_ws/install/parc_robot_interfaces/bin'
[6.383s] INFO:colcon.colcon_core.shell:Creating package script '/home/holberton/ros2_ws/install/parc_robot_interfaces/share/parc_robot_interfaces/package.ps1'
[6.385s] INFO:colcon.colcon_core.shell:Creating package descriptor '/home/holberton/ros2_ws/install/parc_robot_interfaces/share/parc_robot_interfaces/package.dsv'
[6.387s] INFO:colcon.colcon_core.shell:Creating package script '/home/holberton/ros2_ws/install/parc_robot_interfaces/share/parc_robot_interfaces/package.sh'
[6.388s] INFO:colcon.colcon_core.shell:Creating package script '/home/holberton/ros2_ws/install/parc_robot_interfaces/share/parc_robot_interfaces/package.bash'
[6.390s] INFO:colcon.colcon_core.shell:Creating package script '/home/holberton/ros2_ws/install/parc_robot_interfaces/share/parc_robot_interfaces/package.zsh'
[6.391s] Level 1:colcon.colcon_core.environment:create_file_with_runtime_dependencies(/home/holberton/ros2_ws/install/parc_robot_interfaces/share/colcon-core/packages/parc_robot_interfaces)
[6.934s] DEBUG:colcon.colcon_parallel_executor.executor.parallel:closing loop
[6.934s] DEBUG:colcon.colcon_parallel_executor.executor.parallel:loop closed
[6.934s] DEBUG:colcon.colcon_parallel_executor.executor.parallel:run_until_complete finished with '2'
[6.934s] DEBUG:colcon.colcon_core.event_reactor:joining thread
[6.972s] INFO:colcon.colcon_core.plugin_system:Skipping extension 'colcon_notification.desktop_notification.terminal_notifier': Not used on non-Darwin systems
[6.972s] INFO:colcon.colcon_core.plugin_system:Skipping extension 'colcon_notification.desktop_notification.win32': Not used on non-Windows systems
[6.972s] INFO:colcon.colcon_notification.desktop_notification:Sending desktop notification using 'notify2'
[6.988s] DEBUG:colcon.colcon_core.event_reactor:joined thread
[6.988s] INFO:colcon.colcon_core.shell:Creating prefix script '/home/holberton/ros2_ws/install/local_setup.ps1'
[7.011s] INFO:colcon.colcon_core.shell:Creating prefix util module '/home/holberton/ros2_ws/install/_local_setup_util_ps1.py'
[7.039s] INFO:colcon.colcon_core.shell:Creating prefix chain script '/home/holberton/ros2_ws/install/setup.ps1'
[7.055s] INFO:colcon.colcon_core.shell:Creating prefix script '/home/holberton/ros2_ws/install/local_setup.sh'
[7.056s] INFO:colcon.colcon_core.shell:Creating prefix util module '/home/holberton/ros2_ws/install/_local_setup_util_sh.py'
[7.057s] INFO:colcon.colcon_core.shell:Creating prefix chain script '/home/holberton/ros2_ws/install/setup.sh'
[7.058s] INFO:colcon.colcon_core.shell:Creating prefix script '/home/holberton/ros2_ws/install/local_setup.bash'
[7.059s] INFO:colcon.colcon_core.shell:Creating prefix chain script '/home/holberton/ros2_ws/install/setup.bash'
[7.089s] INFO:colcon.colcon_core.shell:Creating prefix script '/home/holberton/ros2_ws/install/local_setup.zsh'
[7.091s] INFO:colcon.colcon_core.shell:Creating prefix chain script '/home/holberton/ros2_ws/install/setup.zsh'
