[1.309s] Invoking command in '/home/holberton/ros2_ws/src/auto_nav': PYTHONPATH=/home/holberton/ros2_ws/build/auto_nav/prefix_override:/home/holberton/ros2_ws/install/auto_nav/lib/python3.10/site-packages:${PYTHONPATH} /usr/bin/python3 -W ignore:setup.py install is deprecated setup.py egg_info --egg-base ../../build/auto_nav build --build-base /home/holberton/ros2_ws/build/auto_nav/build install --record /home/holberton/ros2_ws/build/auto_nav/install.log --single-version-externally-managed install_data
[1.545s] running egg_info
[1.546s] writing ../../build/auto_nav/auto_nav.egg-info/PKG-INFO
[1.546s] writing dependency_links to ../../build/auto_nav/auto_nav.egg-info/dependency_links.txt
[1.546s] writing entry points to ../../build/auto_nav/auto_nav.egg-info/entry_points.txt
[1.547s] writing requirements to ../../build/auto_nav/auto_nav.egg-info/requires.txt
[1.547s] writing top-level names to ../../build/auto_nav/auto_nav.egg-info/top_level.txt
[1.550s] reading manifest file '../../build/auto_nav/auto_nav.egg-info/SOURCES.txt'
[1.578s] writing manifest file '../../build/auto_nav/auto_nav.egg-info/SOURCES.txt'
[1.579s] running build
[1.579s] running build_py
[1.597s] copying auto_nav/task1_solution.py -> /home/holberton/ros2_ws/build/auto_nav/build/lib/auto_nav
[1.615s] copying auto_nav/__init__.py -> /home/holberton/ros2_ws/build/auto_nav/build/lib/auto_nav
[1.615s] running install
[1.616s] running install_lib
[1.617s] copying /home/holberton/ros2_ws/build/auto_nav/build/lib/auto_nav/task1_solution.py -> /home/holberton/ros2_ws/install/auto_nav/lib/python3.10/site-packages/auto_nav
[1.617s] copying /home/holberton/ros2_ws/build/auto_nav/build/lib/auto_nav/__init__.py -> /home/holberton/ros2_ws/install/auto_nav/lib/python3.10/site-packages/auto_nav
[1.618s] byte-compiling /home/holberton/ros2_ws/install/auto_nav/lib/python3.10/site-packages/auto_nav/task1_solution.py to task1_solution.cpython-310.pyc
[1.618s] byte-compiling /home/holberton/ros2_ws/install/auto_nav/lib/python3.10/site-packages/auto_nav/__init__.py to __init__.cpython-310.pyc
[1.618s] running install_data
[1.619s] copying resource/auto_nav -> /home/holberton/ros2_ws/install/auto_nav/share/ament_index/resource_index/packages
[1.619s] copying package.xml -> /home/holberton/ros2_ws/install/auto_nav/share/auto_nav
[1.619s] running install_egg_info
[1.622s] removing '/home/holberton/ros2_ws/install/auto_nav/lib/python3.10/site-packages/auto_nav-0.0.0-py3.10.egg-info' (and everything under it)
[1.622s] Copying ../../build/auto_nav/auto_nav.egg-info to /home/holberton/ros2_ws/install/auto_nav/lib/python3.10/site-packages/auto_nav-0.0.0-py3.10.egg-info
[1.635s] running install_scripts
[1.653s] Installing auto_robot script to /home/holberton/ros2_ws/install/auto_nav/lib/auto_nav
[1.653s] writing list of installed files to '/home/holberton/ros2_ws/build/auto_nav/install.log'
[1.678s] Invoked command in '/home/holberton/ros2_ws/src/auto_nav' returned '0': PYTHONPATH=/home/holberton/ros2_ws/build/auto_nav/prefix_override:/home/holberton/ros2_ws/install/auto_nav/lib/python3.10/site-packages:${PYTHONPATH} /usr/bin/python3 -W ignore:setup.py install is deprecated setup.py egg_info --egg-base ../../build/auto_nav build --build-base /home/holberton/ros2_ws/build/auto_nav/build install --record /home/holberton/ros2_ws/build/auto_nav/install.log --single-version-externally-managed install_data
